[0.049s] Invoking command in '/reconfigurable_quadruped/robotis_ws/build/dynamixel_sdk_examples': CMAKE_PREFIX_PATH=/reconfigurable_quadruped/robotis_ws/install/dynamixel_sdk_custom_interfaces:/reconfigurable_quadruped/robotis_ws/install/dynamixel_sdk:/reconfigurable_quadruped/robotis_ws/install/dynamixel_sdk_examples:/robotis_ws2/install/dynamixel_sdk_examples:/robotis_ws2/install/dynamixel_sdk_custom_interfaces:/robotis_ws2/install/dynamixel_sdk:/robotis_ws/install/dynamixel_sdk_examples:/robotis_ws/install/dynamixel_sdk_custom_interfaces:/robotis_ws/install/dynamixel_sdk:/opt/ros/humble /usr/bin/cmake /reconfigurable_quadruped/robotis_ws/src/DynamixelSDK/dynamixel_sdk_examples -DCMAKE_INSTALL_PREFIX=/reconfigurable_quadruped/robotis_ws/install/dynamixel_sdk_examples
[0.202s] -- The C compiler identification is GNU 11.4.0
[0.314s] -- The CXX compiler identification is GNU 11.4.0
[0.325s] -- Detecting C compiler ABI info
[0.484s] -- Detecting C compiler ABI info - done
[0.494s] -- Check for working C compiler: /usr/bin/cc - skipped
[0.494s] -- Detecting C compile features
[0.495s] -- Detecting C compile features - done
[0.499s] -- Detecting CXX compiler ABI info
[0.674s] -- Detecting CXX compiler ABI info - done
[0.685s] -- Check for working CXX compiler: /usr/bin/c++ - skipped
[0.686s] -- Detecting CXX compile features
[0.687s] -- Detecting CXX compile features - done
[0.691s] -- Found ament_cmake: 1.3.11 (/opt/ros/humble/share/ament_cmake/cmake)
[0.931s] -- Found Python3: /usr/bin/python3 (found version "3.10.12") found components: Interpreter 
[1.110s] -- Found dynamixel_sdk: 3.7.60 (/reconfigurable_quadruped/robotis_ws/install/dynamixel_sdk/share/dynamixel_sdk/cmake)
[1.112s] -- Found dynamixel_sdk_custom_interfaces: 3.7.60 (/reconfigurable_quadruped/robotis_ws/install/dynamixel_sdk_custom_interfaces/share/dynamixel_sdk_custom_interfaces/cmake)
[1.176s] -- Found rosidl_generator_c: 3.1.6 (/opt/ros/humble/share/rosidl_generator_c/cmake)
[1.185s] -- Found rosidl_adapter: 3.1.6 (/opt/ros/humble/share/rosidl_adapter/cmake)
[1.199s] -- Found rosidl_generator_cpp: 3.1.6 (/opt/ros/humble/share/rosidl_generator_cpp/cmake)
[1.219s] -- Using all available rosidl_typesupport_c: rosidl_typesupport_fastrtps_c;rosidl_typesupport_introspection_c
[1.253s] -- Using all available rosidl_typesupport_cpp: rosidl_typesupport_fastrtps_cpp;rosidl_typesupport_introspection_cpp
[1.297s] -- Found rclcpp: 16.0.11 (/opt/ros/humble/share/rclcpp/cmake)
[1.374s] -- Found rmw_implementation_cmake: 6.1.2 (/opt/ros/humble/share/rmw_implementation_cmake/cmake)
[1.379s] -- Found rmw_fastrtps_cpp: 6.2.7 (/opt/ros/humble/share/rmw_fastrtps_cpp/cmake)
[1.433s] -- Found OpenSSL: /usr/lib/aarch64-linux-gnu/libcrypto.so (found version "3.0.2")  
[1.463s] -- Found FastRTPS: /opt/ros/humble/include  
[1.497s] -- Using RMW implementation 'rmw_fastrtps_cpp' as default
[1.512s] -- Looking for pthread.h
[1.682s] -- Looking for pthread.h - found
[1.682s] -- Performing Test CMAKE_HAVE_LIBC_PTHREAD
[1.832s] -- Performing Test CMAKE_HAVE_LIBC_PTHREAD - Success
[1.833s] -- Found Threads: TRUE  
[1.928s] -- Found ament_lint_auto: 0.12.11 (/opt/ros/humble/share/ament_lint_auto/cmake)
[2.090s] -- Added test 'copyright' to check source files copyright and LICENSE
[2.093s] -- Added test 'cppcheck' to perform static code analysis on C / C++ code
[2.093s] -- Configured cppcheck include dirs: /reconfigurable_quadruped/robotis_ws/src/DynamixelSDK/dynamixel_sdk_examples/include
[2.093s] -- Configured cppcheck exclude dirs and/or files: 
[2.095s] -- Added test 'cpplint' to check C / C++ code against the Google style
[2.095s] -- Configured cpplint exclude dirs and/or files: 
[2.096s] -- Added test 'lint_cmake' to check CMake code style
[2.097s] -- Added test 'uncrustify' to check C / C++ code style
[2.097s] -- Configured uncrustify additional arguments: 
[2.098s] -- Added test 'xmllint' to check XML markup files
[2.100s] -- Configuring done
[2.115s] -- Generating done
[2.121s] -- Build files have been written to: /reconfigurable_quadruped/robotis_ws/build/dynamixel_sdk_examples
[2.137s] Invoked command in '/reconfigurable_quadruped/robotis_ws/build/dynamixel_sdk_examples' returned '0': CMAKE_PREFIX_PATH=/reconfigurable_quadruped/robotis_ws/install/dynamixel_sdk_custom_interfaces:/reconfigurable_quadruped/robotis_ws/install/dynamixel_sdk:/reconfigurable_quadruped/robotis_ws/install/dynamixel_sdk_examples:/robotis_ws2/install/dynamixel_sdk_examples:/robotis_ws2/install/dynamixel_sdk_custom_interfaces:/robotis_ws2/install/dynamixel_sdk:/robotis_ws/install/dynamixel_sdk_examples:/robotis_ws/install/dynamixel_sdk_custom_interfaces:/robotis_ws/install/dynamixel_sdk:/opt/ros/humble /usr/bin/cmake /reconfigurable_quadruped/robotis_ws/src/DynamixelSDK/dynamixel_sdk_examples -DCMAKE_INSTALL_PREFIX=/reconfigurable_quadruped/robotis_ws/install/dynamixel_sdk_examples
[2.140s] Invoking command in '/reconfigurable_quadruped/robotis_ws/build/dynamixel_sdk_examples': CMAKE_PREFIX_PATH=/reconfigurable_quadruped/robotis_ws/install/dynamixel_sdk_custom_interfaces:/reconfigurable_quadruped/robotis_ws/install/dynamixel_sdk:/reconfigurable_quadruped/robotis_ws/install/dynamixel_sdk_examples:/robotis_ws2/install/dynamixel_sdk_examples:/robotis_ws2/install/dynamixel_sdk_custom_interfaces:/robotis_ws2/install/dynamixel_sdk:/robotis_ws/install/dynamixel_sdk_examples:/robotis_ws/install/dynamixel_sdk_custom_interfaces:/robotis_ws/install/dynamixel_sdk:/opt/ros/humble /usr/bin/cmake --build /reconfigurable_quadruped/robotis_ws/build/dynamixel_sdk_examples -- -j4 -l4
[2.263s] [ 50%] [32mBuilding CXX object CMakeFiles/read_write_node.dir/src/read_write_node.cpp.o[0m
[22.921s] [100%] [32m[1mLinking CXX executable read_write_node[0m
[24.359s] [100%] Built target read_write_node
[24.383s] Invoked command in '/reconfigurable_quadruped/robotis_ws/build/dynamixel_sdk_examples' returned '0': CMAKE_PREFIX_PATH=/reconfigurable_quadruped/robotis_ws/install/dynamixel_sdk_custom_interfaces:/reconfigurable_quadruped/robotis_ws/install/dynamixel_sdk:/reconfigurable_quadruped/robotis_ws/install/dynamixel_sdk_examples:/robotis_ws2/install/dynamixel_sdk_examples:/robotis_ws2/install/dynamixel_sdk_custom_interfaces:/robotis_ws2/install/dynamixel_sdk:/robotis_ws/install/dynamixel_sdk_examples:/robotis_ws/install/dynamixel_sdk_custom_interfaces:/robotis_ws/install/dynamixel_sdk:/opt/ros/humble /usr/bin/cmake --build /reconfigurable_quadruped/robotis_ws/build/dynamixel_sdk_examples -- -j4 -l4
[24.385s] Invoking command in '/reconfigurable_quadruped/robotis_ws/build/dynamixel_sdk_examples': CMAKE_PREFIX_PATH=/reconfigurable_quadruped/robotis_ws/install/dynamixel_sdk_custom_interfaces:/reconfigurable_quadruped/robotis_ws/install/dynamixel_sdk:/reconfigurable_quadruped/robotis_ws/install/dynamixel_sdk_examples:/robotis_ws2/install/dynamixel_sdk_examples:/robotis_ws2/install/dynamixel_sdk_custom_interfaces:/robotis_ws2/install/dynamixel_sdk:/robotis_ws/install/dynamixel_sdk_examples:/robotis_ws/install/dynamixel_sdk_custom_interfaces:/robotis_ws/install/dynamixel_sdk:/opt/ros/humble /usr/bin/cmake --install /reconfigurable_quadruped/robotis_ws/build/dynamixel_sdk_examples
[24.400s] -- Install configuration: ""
[24.400s] -- Installing: /reconfigurable_quadruped/robotis_ws/install/dynamixel_sdk_examples/lib/dynamixel_sdk_examples/read_write_node
[24.413s] -- Set runtime path of "/reconfigurable_quadruped/robotis_ws/install/dynamixel_sdk_examples/lib/dynamixel_sdk_examples/read_write_node" to ""
[24.413s] -- Installing: /reconfigurable_quadruped/robotis_ws/install/dynamixel_sdk_examples/share/ament_index/resource_index/package_run_dependencies/dynamixel_sdk_examples
[24.413s] -- Installing: /reconfigurable_quadruped/robotis_ws/install/dynamixel_sdk_examples/share/ament_index/resource_index/parent_prefix_path/dynamixel_sdk_examples
[24.414s] -- Installing: /reconfigurable_quadruped/robotis_ws/install/dynamixel_sdk_examples/share/dynamixel_sdk_examples/environment/ament_prefix_path.sh
[24.414s] -- Installing: /reconfigurable_quadruped/robotis_ws/install/dynamixel_sdk_examples/share/dynamixel_sdk_examples/environment/ament_prefix_path.dsv
[24.414s] -- Installing: /reconfigurable_quadruped/robotis_ws/install/dynamixel_sdk_examples/share/dynamixel_sdk_examples/environment/path.sh
[24.414s] -- Installing: /reconfigurable_quadruped/robotis_ws/install/dynamixel_sdk_examples/share/dynamixel_sdk_examples/environment/path.dsv
[24.414s] -- Installing: /reconfigurable_quadruped/robotis_ws/install/dynamixel_sdk_examples/share/dynamixel_sdk_examples/local_setup.bash
[24.415s] -- Installing: /reconfigurable_quadruped/robotis_ws/install/dynamixel_sdk_examples/share/dynamixel_sdk_examples/local_setup.sh
[24.415s] -- Installing: /reconfigurable_quadruped/robotis_ws/install/dynamixel_sdk_examples/share/dynamixel_sdk_examples/local_setup.zsh
[24.415s] -- Installing: /reconfigurable_quadruped/robotis_ws/install/dynamixel_sdk_examples/share/dynamixel_sdk_examples/local_setup.dsv
[24.415s] -- Installing: /reconfigurable_quadruped/robotis_ws/install/dynamixel_sdk_examples/share/dynamixel_sdk_examples/package.dsv
[24.416s] -- Installing: /reconfigurable_quadruped/robotis_ws/install/dynamixel_sdk_examples/share/ament_index/resource_index/packages/dynamixel_sdk_examples
[24.416s] -- Installing: /reconfigurable_quadruped/robotis_ws/install/dynamixel_sdk_examples/share/dynamixel_sdk_examples/cmake/dynamixel_sdk_examplesConfig.cmake
[24.416s] -- Installing: /reconfigurable_quadruped/robotis_ws/install/dynamixel_sdk_examples/share/dynamixel_sdk_examples/cmake/dynamixel_sdk_examplesConfig-version.cmake
[24.416s] -- Installing: /reconfigurable_quadruped/robotis_ws/install/dynamixel_sdk_examples/share/dynamixel_sdk_examples/package.xml
[24.420s] Invoked command in '/reconfigurable_quadruped/robotis_ws/build/dynamixel_sdk_examples' returned '0': CMAKE_PREFIX_PATH=/reconfigurable_quadruped/robotis_ws/install/dynamixel_sdk_custom_interfaces:/reconfigurable_quadruped/robotis_ws/install/dynamixel_sdk:/reconfigurable_quadruped/robotis_ws/install/dynamixel_sdk_examples:/robotis_ws2/install/dynamixel_sdk_examples:/robotis_ws2/install/dynamixel_sdk_custom_interfaces:/robotis_ws2/install/dynamixel_sdk:/robotis_ws/install/dynamixel_sdk_examples:/robotis_ws/install/dynamixel_sdk_custom_interfaces:/robotis_ws/install/dynamixel_sdk:/opt/ros/humble /usr/bin/cmake --install /reconfigurable_quadruped/robotis_ws/build/dynamixel_sdk_examples
