[0.183s] DEBUG:colcon:Command line arguments: ['/usr/local/bin/colcon', 'build', '--symlink-install']
[0.183s] DEBUG:colcon:Parsed command line arguments: Namespace(log_base=None, log_level=None, verb_name='build', build_base='build', install_base='install', merge_install=False, symlink_install=True, test_result_base=None, continue_on_error=False, executor='parallel', parallel_workers=4, event_handlers=None, ignore_user_meta=False, metas=['./colcon.meta'], base_paths=['.'], packages_ignore=None, packages_ignore_regex=None, paths=None, packages_up_to=None, packages_up_to_regex=None, packages_above=None, packages_above_and_dependencies=None, packages_above_depth=None, packages_select_by_dep=None, packages_skip_by_dep=None, packages_skip_up_to=None, packages_select_build_failed=False, packages_skip_build_finished=False, packages_select_test_failures=False, packages_skip_test_passed=False, packages_select=None, packages_skip=None, packages_select_regex=None, packages_skip_regex=None, packages_start=None, packages_end=None, cmake_args=None, cmake_target=None, cmake_target_skip_unavailable=False, cmake_clean_cache=False, cmake_clean_first=False, cmake_force_configure=False, ament_cmake_args=None, catkin_cmake_args=None, catkin_skip_building_tests=False, verb_parser=<colcon_defaults.argument_parser.defaults.DefaultArgumentsDecorator object at 0xffffa62df6d0>, verb_extension=<colcon_core.verb.build.BuildVerb object at 0xffffa62de620>, main=<bound method BuildVerb.main of <colcon_core.verb.build.BuildVerb object at 0xffffa62de620>>)
[0.312s] Level 1:colcon.colcon_core.package_discovery:discover_packages(colcon_meta) check parameters
[0.312s] Level 1:colcon.colcon_core.package_discovery:discover_packages(recursive) check parameters
[0.312s] Level 1:colcon.colcon_core.package_discovery:discover_packages(ignore) check parameters
[0.312s] Level 1:colcon.colcon_core.package_discovery:discover_packages(path) check parameters
[0.312s] Level 1:colcon.colcon_core.package_discovery:discover_packages(colcon_meta) discover
[0.312s] Level 1:colcon.colcon_core.package_discovery:discover_packages(recursive) discover
[0.312s] INFO:colcon.colcon_core.package_discovery:Crawling recursively for packages in '/reconfigurable_quadruped/robotis_ws'
[0.312s] Level 1:colcon.colcon_core.package_identification:_identify(.) by extensions ['ignore', 'ignore_ament_install']
[0.312s] Level 1:colcon.colcon_core.package_identification:_identify(.) by extension 'ignore'
[0.313s] Level 1:colcon.colcon_core.package_identification:_identify(.) by extension 'ignore_ament_install'
[0.313s] Level 1:colcon.colcon_core.package_identification:_identify(.) by extensions ['colcon_pkg']
[0.313s] Level 1:colcon.colcon_core.package_identification:_identify(.) by extension 'colcon_pkg'
[0.313s] Level 1:colcon.colcon_core.package_identification:_identify(.) by extensions ['colcon_meta']
[0.313s] Level 1:colcon.colcon_core.package_identification:_identify(.) by extension 'colcon_meta'
[0.313s] Level 1:colcon.colcon_core.package_identification:_identify(.) by extensions ['ros']
[0.313s] Level 1:colcon.colcon_core.package_identification:_identify(.) by extension 'ros'
[0.329s] Level 1:colcon.colcon_core.package_identification:_identify(.) by extensions ['cmake', 'python']
[0.329s] Level 1:colcon.colcon_core.package_identification:_identify(.) by extension 'cmake'
[0.329s] Level 1:colcon.colcon_core.package_identification:_identify(.) by extension 'python'
[0.329s] Level 1:colcon.colcon_core.package_identification:_identify(.) by extensions ['python_setup_py']
[0.329s] Level 1:colcon.colcon_core.package_identification:_identify(.) by extension 'python_setup_py'
[0.329s] Level 1:colcon.colcon_core.package_identification:_identify(build) by extensions ['ignore', 'ignore_ament_install']
[0.329s] Level 1:colcon.colcon_core.package_identification:_identify(build) by extension 'ignore'
[0.329s] Level 1:colcon.colcon_core.package_identification:_identify(build) ignored
[0.330s] Level 1:colcon.colcon_core.package_identification:_identify(install) by extensions ['ignore', 'ignore_ament_install']
[0.330s] Level 1:colcon.colcon_core.package_identification:_identify(install) by extension 'ignore'
[0.330s] Level 1:colcon.colcon_core.package_identification:_identify(install) ignored
[0.330s] Level 1:colcon.colcon_core.package_identification:_identify(log) by extensions ['ignore', 'ignore_ament_install']
[0.330s] Level 1:colcon.colcon_core.package_identification:_identify(log) by extension 'ignore'
[0.330s] Level 1:colcon.colcon_core.package_identification:_identify(log) ignored
[0.330s] Level 1:colcon.colcon_core.package_identification:_identify(src) by extensions ['ignore', 'ignore_ament_install']
[0.330s] Level 1:colcon.colcon_core.package_identification:_identify(src) by extension 'ignore'
[0.330s] Level 1:colcon.colcon_core.package_identification:_identify(src) by extension 'ignore_ament_install'
[0.330s] Level 1:colcon.colcon_core.package_identification:_identify(src) by extensions ['colcon_pkg']
[0.330s] Level 1:colcon.colcon_core.package_identification:_identify(src) by extension 'colcon_pkg'
[0.330s] Level 1:colcon.colcon_core.package_identification:_identify(src) by extensions ['colcon_meta']
[0.330s] Level 1:colcon.colcon_core.package_identification:_identify(src) by extension 'colcon_meta'
[0.330s] Level 1:colcon.colcon_core.package_identification:_identify(src) by extensions ['ros']
[0.330s] Level 1:colcon.colcon_core.package_identification:_identify(src) by extension 'ros'
[0.331s] Level 1:colcon.colcon_core.package_identification:_identify(src) by extensions ['cmake', 'python']
[0.331s] Level 1:colcon.colcon_core.package_identification:_identify(src) by extension 'cmake'
[0.331s] Level 1:colcon.colcon_core.package_identification:_identify(src) by extension 'python'
[0.331s] Level 1:colcon.colcon_core.package_identification:_identify(src) by extensions ['python_setup_py']
[0.331s] Level 1:colcon.colcon_core.package_identification:_identify(src) by extension 'python_setup_py'
[0.331s] Level 1:colcon.colcon_core.package_identification:_identify(src/DynamixelSDK) by extensions ['ignore', 'ignore_ament_install']
[0.331s] Level 1:colcon.colcon_core.package_identification:_identify(src/DynamixelSDK) by extension 'ignore'
[0.331s] Level 1:colcon.colcon_core.package_identification:_identify(src/DynamixelSDK) by extension 'ignore_ament_install'
[0.331s] Level 1:colcon.colcon_core.package_identification:_identify(src/DynamixelSDK) by extensions ['colcon_pkg']
[0.331s] Level 1:colcon.colcon_core.package_identification:_identify(src/DynamixelSDK) by extension 'colcon_pkg'
[0.331s] Level 1:colcon.colcon_core.package_identification:_identify(src/DynamixelSDK) by extensions ['colcon_meta']
[0.331s] Level 1:colcon.colcon_core.package_identification:_identify(src/DynamixelSDK) by extension 'colcon_meta'
[0.331s] Level 1:colcon.colcon_core.package_identification:_identify(src/DynamixelSDK) by extensions ['ros']
[0.331s] Level 1:colcon.colcon_core.package_identification:_identify(src/DynamixelSDK) by extension 'ros'
[0.331s] Level 1:colcon.colcon_core.package_identification:_identify(src/DynamixelSDK) by extensions ['cmake', 'python']
[0.331s] Level 1:colcon.colcon_core.package_identification:_identify(src/DynamixelSDK) by extension 'cmake'
[0.331s] Level 1:colcon.colcon_core.package_identification:_identify(src/DynamixelSDK) by extension 'python'
[0.331s] Level 1:colcon.colcon_core.package_identification:_identify(src/DynamixelSDK) by extensions ['python_setup_py']
[0.331s] Level 1:colcon.colcon_core.package_identification:_identify(src/DynamixelSDK) by extension 'python_setup_py'
[0.331s] Level 1:colcon.colcon_core.package_identification:_identify(src/DynamixelSDK/dynamixel_sdk) by extensions ['ignore', 'ignore_ament_install']
[0.332s] Level 1:colcon.colcon_core.package_identification:_identify(src/DynamixelSDK/dynamixel_sdk) by extension 'ignore'
[0.332s] Level 1:colcon.colcon_core.package_identification:_identify(src/DynamixelSDK/dynamixel_sdk) by extension 'ignore_ament_install'
[0.332s] Level 1:colcon.colcon_core.package_identification:_identify(src/DynamixelSDK/dynamixel_sdk) by extensions ['colcon_pkg']
[0.332s] Level 1:colcon.colcon_core.package_identification:_identify(src/DynamixelSDK/dynamixel_sdk) by extension 'colcon_pkg'
[0.332s] Level 1:colcon.colcon_core.package_identification:_identify(src/DynamixelSDK/dynamixel_sdk) by extensions ['colcon_meta']
[0.332s] Level 1:colcon.colcon_core.package_identification:_identify(src/DynamixelSDK/dynamixel_sdk) by extension 'colcon_meta'
[0.332s] Level 1:colcon.colcon_core.package_identification:_identify(src/DynamixelSDK/dynamixel_sdk) by extensions ['ros']
[0.332s] Level 1:colcon.colcon_core.package_identification:_identify(src/DynamixelSDK/dynamixel_sdk) by extension 'ros'
[0.338s] DEBUG:colcon.colcon_core.package_identification:Package 'src/DynamixelSDK/dynamixel_sdk' with type 'ros.ament_cmake' and name 'dynamixel_sdk'
[0.338s] Level 1:colcon.colcon_core.package_identification:_identify(src/DynamixelSDK/dynamixel_sdk_custom_interfaces) by extensions ['ignore', 'ignore_ament_install']
[0.338s] Level 1:colcon.colcon_core.package_identification:_identify(src/DynamixelSDK/dynamixel_sdk_custom_interfaces) by extension 'ignore'
[0.338s] Level 1:colcon.colcon_core.package_identification:_identify(src/DynamixelSDK/dynamixel_sdk_custom_interfaces) by extension 'ignore_ament_install'
[0.339s] Level 1:colcon.colcon_core.package_identification:_identify(src/DynamixelSDK/dynamixel_sdk_custom_interfaces) by extensions ['colcon_pkg']
[0.339s] Level 1:colcon.colcon_core.package_identification:_identify(src/DynamixelSDK/dynamixel_sdk_custom_interfaces) by extension 'colcon_pkg'
[0.339s] Level 1:colcon.colcon_core.package_identification:_identify(src/DynamixelSDK/dynamixel_sdk_custom_interfaces) by extensions ['colcon_meta']
[0.339s] Level 1:colcon.colcon_core.package_identification:_identify(src/DynamixelSDK/dynamixel_sdk_custom_interfaces) by extension 'colcon_meta'
[0.339s] Level 1:colcon.colcon_core.package_identification:_identify(src/DynamixelSDK/dynamixel_sdk_custom_interfaces) by extensions ['ros']
[0.339s] Level 1:colcon.colcon_core.package_identification:_identify(src/DynamixelSDK/dynamixel_sdk_custom_interfaces) by extension 'ros'
[0.340s] DEBUG:colcon.colcon_core.package_identification:Package 'src/DynamixelSDK/dynamixel_sdk_custom_interfaces' with type 'ros.ament_cmake' and name 'dynamixel_sdk_custom_interfaces'
[0.340s] Level 1:colcon.colcon_core.package_identification:_identify(src/DynamixelSDK/dynamixel_sdk_examples) by extensions ['ignore', 'ignore_ament_install']
[0.340s] Level 1:colcon.colcon_core.package_identification:_identify(src/DynamixelSDK/dynamixel_sdk_examples) by extension 'ignore'
[0.340s] Level 1:colcon.colcon_core.package_identification:_identify(src/DynamixelSDK/dynamixel_sdk_examples) by extension 'ignore_ament_install'
[0.340s] Level 1:colcon.colcon_core.package_identification:_identify(src/DynamixelSDK/dynamixel_sdk_examples) by extensions ['colcon_pkg']
[0.340s] Level 1:colcon.colcon_core.package_identification:_identify(src/DynamixelSDK/dynamixel_sdk_examples) by extension 'colcon_pkg'
[0.340s] Level 1:colcon.colcon_core.package_identification:_identify(src/DynamixelSDK/dynamixel_sdk_examples) by extensions ['colcon_meta']
[0.340s] Level 1:colcon.colcon_core.package_identification:_identify(src/DynamixelSDK/dynamixel_sdk_examples) by extension 'colcon_meta'
[0.340s] Level 1:colcon.colcon_core.package_identification:_identify(src/DynamixelSDK/dynamixel_sdk_examples) by extensions ['ros']
[0.340s] Level 1:colcon.colcon_core.package_identification:_identify(src/DynamixelSDK/dynamixel_sdk_examples) by extension 'ros'
[0.341s] DEBUG:colcon.colcon_core.package_identification:Package 'src/DynamixelSDK/dynamixel_sdk_examples' with type 'ros.ament_cmake' and name 'dynamixel_sdk_examples'
[0.341s] Level 1:colcon.colcon_core.package_discovery:discover_packages(recursive) using defaults
[0.341s] Level 1:colcon.colcon_core.package_discovery:discover_packages(ignore) discover
[0.341s] Level 1:colcon.colcon_core.package_discovery:discover_packages(ignore) using defaults
[0.341s] Level 1:colcon.colcon_core.package_discovery:discover_packages(path) discover
[0.341s] Level 1:colcon.colcon_core.package_discovery:discover_packages(path) using defaults
[0.369s] Level 5:colcon.colcon_core.verb:set package 'dynamixel_sdk' build argument 'cmake_args' from command line to 'None'
[0.369s] Level 5:colcon.colcon_core.verb:set package 'dynamixel_sdk' build argument 'cmake_target' from command line to 'None'
[0.369s] Level 5:colcon.colcon_core.verb:set package 'dynamixel_sdk' build argument 'cmake_target_skip_unavailable' from command line to 'False'
[0.369s] Level 5:colcon.colcon_core.verb:set package 'dynamixel_sdk' build argument 'cmake_clean_cache' from command line to 'False'
[0.369s] Level 5:colcon.colcon_core.verb:set package 'dynamixel_sdk' build argument 'cmake_clean_first' from command line to 'False'
[0.369s] Level 5:colcon.colcon_core.verb:set package 'dynamixel_sdk' build argument 'cmake_force_configure' from command line to 'False'
[0.369s] Level 5:colcon.colcon_core.verb:set package 'dynamixel_sdk' build argument 'ament_cmake_args' from command line to 'None'
[0.369s] Level 5:colcon.colcon_core.verb:set package 'dynamixel_sdk' build argument 'catkin_cmake_args' from command line to 'None'
[0.369s] Level 5:colcon.colcon_core.verb:set package 'dynamixel_sdk' build argument 'catkin_skip_building_tests' from command line to 'False'
[0.369s] DEBUG:colcon.colcon_core.verb:Building package 'dynamixel_sdk' with the following arguments: {'ament_cmake_args': None, 'build_base': '/reconfigurable_quadruped/robotis_ws/build/dynamixel_sdk', 'catkin_cmake_args': None, 'catkin_skip_building_tests': False, 'cmake_args': None, 'cmake_clean_cache': False, 'cmake_clean_first': False, 'cmake_force_configure': False, 'cmake_target': None, 'cmake_target_skip_unavailable': False, 'install_base': '/reconfigurable_quadruped/robotis_ws/install/dynamixel_sdk', 'merge_install': False, 'path': '/reconfigurable_quadruped/robotis_ws/src/DynamixelSDK/dynamixel_sdk', 'symlink_install': True, 'test_result_base': None}
[0.370s] Level 5:colcon.colcon_core.verb:set package 'dynamixel_sdk_custom_interfaces' build argument 'cmake_args' from command line to 'None'
[0.370s] Level 5:colcon.colcon_core.verb:set package 'dynamixel_sdk_custom_interfaces' build argument 'cmake_target' from command line to 'None'
[0.370s] Level 5:colcon.colcon_core.verb:set package 'dynamixel_sdk_custom_interfaces' build argument 'cmake_target_skip_unavailable' from command line to 'False'
[0.370s] Level 5:colcon.colcon_core.verb:set package 'dynamixel_sdk_custom_interfaces' build argument 'cmake_clean_cache' from command line to 'False'
[0.370s] Level 5:colcon.colcon_core.verb:set package 'dynamixel_sdk_custom_interfaces' build argument 'cmake_clean_first' from command line to 'False'
[0.370s] Level 5:colcon.colcon_core.verb:set package 'dynamixel_sdk_custom_interfaces' build argument 'cmake_force_configure' from command line to 'False'
[0.370s] Level 5:colcon.colcon_core.verb:set package 'dynamixel_sdk_custom_interfaces' build argument 'ament_cmake_args' from command line to 'None'
[0.370s] Level 5:colcon.colcon_core.verb:set package 'dynamixel_sdk_custom_interfaces' build argument 'catkin_cmake_args' from command line to 'None'
[0.370s] Level 5:colcon.colcon_core.verb:set package 'dynamixel_sdk_custom_interfaces' build argument 'catkin_skip_building_tests' from command line to 'False'
[0.370s] DEBUG:colcon.colcon_core.verb:Building package 'dynamixel_sdk_custom_interfaces' with the following arguments: {'ament_cmake_args': None, 'build_base': '/reconfigurable_quadruped/robotis_ws/build/dynamixel_sdk_custom_interfaces', 'catkin_cmake_args': None, 'catkin_skip_building_tests': False, 'cmake_args': None, 'cmake_clean_cache': False, 'cmake_clean_first': False, 'cmake_force_configure': False, 'cmake_target': None, 'cmake_target_skip_unavailable': False, 'install_base': '/reconfigurable_quadruped/robotis_ws/install/dynamixel_sdk_custom_interfaces', 'merge_install': False, 'path': '/reconfigurable_quadruped/robotis_ws/src/DynamixelSDK/dynamixel_sdk_custom_interfaces', 'symlink_install': True, 'test_result_base': None}
[0.370s] Level 5:colcon.colcon_core.verb:set package 'dynamixel_sdk_examples' build argument 'cmake_args' from command line to 'None'
[0.370s] Level 5:colcon.colcon_core.verb:set package 'dynamixel_sdk_examples' build argument 'cmake_target' from command line to 'None'
[0.370s] Level 5:colcon.colcon_core.verb:set package 'dynamixel_sdk_examples' build argument 'cmake_target_skip_unavailable' from command line to 'False'
[0.370s] Level 5:colcon.colcon_core.verb:set package 'dynamixel_sdk_examples' build argument 'cmake_clean_cache' from command line to 'False'
[0.370s] Level 5:colcon.colcon_core.verb:set package 'dynamixel_sdk_examples' build argument 'cmake_clean_first' from command line to 'False'
[0.370s] Level 5:colcon.colcon_core.verb:set package 'dynamixel_sdk_examples' build argument 'cmake_force_configure' from command line to 'False'
[0.370s] Level 5:colcon.colcon_core.verb:set package 'dynamixel_sdk_examples' build argument 'ament_cmake_args' from command line to 'None'
[0.370s] Level 5:colcon.colcon_core.verb:set package 'dynamixel_sdk_examples' build argument 'catkin_cmake_args' from command line to 'None'
[0.370s] Level 5:colcon.colcon_core.verb:set package 'dynamixel_sdk_examples' build argument 'catkin_skip_building_tests' from command line to 'False'
[0.371s] DEBUG:colcon.colcon_core.verb:Building package 'dynamixel_sdk_examples' with the following arguments: {'ament_cmake_args': None, 'build_base': '/reconfigurable_quadruped/robotis_ws/build/dynamixel_sdk_examples', 'catkin_cmake_args': None, 'catkin_skip_building_tests': False, 'cmake_args': None, 'cmake_clean_cache': False, 'cmake_clean_first': False, 'cmake_force_configure': False, 'cmake_target': None, 'cmake_target_skip_unavailable': False, 'install_base': '/reconfigurable_quadruped/robotis_ws/install/dynamixel_sdk_examples', 'merge_install': False, 'path': '/reconfigurable_quadruped/robotis_ws/src/DynamixelSDK/dynamixel_sdk_examples', 'symlink_install': True, 'test_result_base': None}
[0.371s] INFO:colcon.colcon_core.executor:Executing jobs using 'parallel' executor
[0.372s] DEBUG:colcon.colcon_parallel_executor.executor.parallel:run_until_complete
[0.373s] INFO:colcon.colcon_ros.task.ament_cmake.build:Building ROS package in '/reconfigurable_quadruped/robotis_ws/src/DynamixelSDK/dynamixel_sdk' with build type 'ament_cmake'
[0.373s] INFO:colcon.colcon_cmake.task.cmake.build:Building CMake package in '/reconfigurable_quadruped/robotis_ws/src/DynamixelSDK/dynamixel_sdk'
[0.383s] INFO:colcon.colcon_core.plugin_system:Skipping extension 'colcon_core.shell.bat': Not used on non-Windows systems
[0.383s] INFO:colcon.colcon_core.shell:Skip shell extension 'powershell' for command environment: Not usable outside of PowerShell
[0.383s] DEBUG:colcon.colcon_core.shell:Skip shell extension 'dsv' for command environment
[0.388s] WARNING:colcon.colcon_ros.prefix_path.ament:The path '/reconfigurable_quadruped/robotis_ws/install/dynamixel_sdk_examples' in the environment variable AMENT_PREFIX_PATH doesn't exist
[0.389s] WARNING:colcon.colcon_ros.prefix_path.ament:The path '/reconfigurable_quadruped/robotis_ws/install/dynamixel_sdk_custom_interfaces' in the environment variable AMENT_PREFIX_PATH doesn't exist
[0.389s] WARNING:colcon.colcon_ros.prefix_path.ament:The path '/reconfigurable_quadruped/robotis_ws/install/dynamixel_sdk' in the environment variable AMENT_PREFIX_PATH doesn't exist
[0.390s] WARNING:colcon.colcon_ros.prefix_path.catkin:The path '/reconfigurable_quadruped/robotis_ws/install/dynamixel_sdk_examples' in the environment variable CMAKE_PREFIX_PATH doesn't exist
[0.390s] WARNING:colcon.colcon_ros.prefix_path.catkin:The path '/reconfigurable_quadruped/robotis_ws/install/dynamixel_sdk_custom_interfaces' in the environment variable CMAKE_PREFIX_PATH doesn't exist
[0.390s] WARNING:colcon.colcon_ros.prefix_path.catkin:The path '/reconfigurable_quadruped/robotis_ws/install/dynamixel_sdk' in the environment variable CMAKE_PREFIX_PATH doesn't exist
[0.403s] INFO:colcon.colcon_ros.task.ament_cmake.build:Building ROS package in '/reconfigurable_quadruped/robotis_ws/src/DynamixelSDK/dynamixel_sdk_custom_interfaces' with build type 'ament_cmake'
[0.404s] INFO:colcon.colcon_cmake.task.cmake.build:Building CMake package in '/reconfigurable_quadruped/robotis_ws/src/DynamixelSDK/dynamixel_sdk_custom_interfaces'
[0.405s] INFO:colcon.colcon_core.shell:Skip shell extension 'powershell' for command environment: Not usable outside of PowerShell
[0.405s] DEBUG:colcon.colcon_core.shell:Skip shell extension 'dsv' for command environment
[0.424s] DEBUG:colcon.colcon_core.event_handler.log_command:Invoking command in '/reconfigurable_quadruped/robotis_ws/build/dynamixel_sdk': CMAKE_PREFIX_PATH=${CMAKE_PREFIX_PATH}:/opt/ros/humble /usr/bin/cmake /reconfigurable_quadruped/robotis_ws/src/DynamixelSDK/dynamixel_sdk -DAMENT_CMAKE_SYMLINK_INSTALL=1 -DCMAKE_INSTALL_PREFIX=/reconfigurable_quadruped/robotis_ws/install/dynamixel_sdk
[0.438s] DEBUG:colcon.colcon_core.event_handler.log_command:Invoking command in '/reconfigurable_quadruped/robotis_ws/build/dynamixel_sdk_custom_interfaces': CMAKE_PREFIX_PATH=${CMAKE_PREFIX_PATH}:/opt/ros/humble /usr/bin/cmake /reconfigurable_quadruped/robotis_ws/src/DynamixelSDK/dynamixel_sdk_custom_interfaces -DAMENT_CMAKE_SYMLINK_INSTALL=1 -DCMAKE_INSTALL_PREFIX=/reconfigurable_quadruped/robotis_ws/install/dynamixel_sdk_custom_interfaces
[1.882s] DEBUG:colcon.colcon_core.event_handler.log_command:Invoked command in '/reconfigurable_quadruped/robotis_ws/build/dynamixel_sdk' returned '0': CMAKE_PREFIX_PATH=${CMAKE_PREFIX_PATH}:/opt/ros/humble /usr/bin/cmake /reconfigurable_quadruped/robotis_ws/src/DynamixelSDK/dynamixel_sdk -DAMENT_CMAKE_SYMLINK_INSTALL=1 -DCMAKE_INSTALL_PREFIX=/reconfigurable_quadruped/robotis_ws/install/dynamixel_sdk
[1.890s] DEBUG:colcon.colcon_core.event_handler.log_command:Invoking command in '/reconfigurable_quadruped/robotis_ws/build/dynamixel_sdk': CMAKE_PREFIX_PATH=${CMAKE_PREFIX_PATH}:/opt/ros/humble /usr/bin/cmake --build /reconfigurable_quadruped/robotis_ws/build/dynamixel_sdk -- -j4 -l4
[4.506s] DEBUG:colcon.colcon_core.event_handler.log_command:Invoked command in '/reconfigurable_quadruped/robotis_ws/build/dynamixel_sdk' returned '0': CMAKE_PREFIX_PATH=${CMAKE_PREFIX_PATH}:/opt/ros/humble /usr/bin/cmake --build /reconfigurable_quadruped/robotis_ws/build/dynamixel_sdk -- -j4 -l4
[4.538s] DEBUG:colcon.colcon_core.event_handler.log_command:Invoking command in '/reconfigurable_quadruped/robotis_ws/build/dynamixel_sdk': CMAKE_PREFIX_PATH=${CMAKE_PREFIX_PATH}:/opt/ros/humble /usr/bin/cmake --install /reconfigurable_quadruped/robotis_ws/build/dynamixel_sdk
[4.592s] DEBUG:colcon.colcon_core.event_handler.log_command:Invoked command in '/reconfigurable_quadruped/robotis_ws/build/dynamixel_sdk_custom_interfaces' returned '0': CMAKE_PREFIX_PATH=${CMAKE_PREFIX_PATH}:/opt/ros/humble /usr/bin/cmake /reconfigurable_quadruped/robotis_ws/src/DynamixelSDK/dynamixel_sdk_custom_interfaces -DAMENT_CMAKE_SYMLINK_INSTALL=1 -DCMAKE_INSTALL_PREFIX=/reconfigurable_quadruped/robotis_ws/install/dynamixel_sdk_custom_interfaces
[4.595s] DEBUG:colcon.colcon_core.event_handler.log_command:Invoking command in '/reconfigurable_quadruped/robotis_ws/build/dynamixel_sdk_custom_interfaces': CMAKE_PREFIX_PATH=${CMAKE_PREFIX_PATH}:/opt/ros/humble /usr/bin/cmake --build /reconfigurable_quadruped/robotis_ws/build/dynamixel_sdk_custom_interfaces -- -j4 -l4
[5.461s] Level 1:colcon.colcon_core.environment:create_environment_scripts_only(dynamixel_sdk)
[5.462s] DEBUG:colcon.colcon_core.event_handler.log_command:Invoked command in '/reconfigurable_quadruped/robotis_ws/build/dynamixel_sdk' returned '0': CMAKE_PREFIX_PATH=${CMAKE_PREFIX_PATH}:/opt/ros/humble /usr/bin/cmake --install /reconfigurable_quadruped/robotis_ws/build/dynamixel_sdk
[5.469s] Level 1:colcon.colcon_core.environment:checking '/reconfigurable_quadruped/robotis_ws/install/dynamixel_sdk' for CMake module files
[5.470s] Level 1:colcon.colcon_core.environment:checking '/reconfigurable_quadruped/robotis_ws/install/dynamixel_sdk' for CMake config files
[5.471s] Level 1:colcon.colcon_core.shell:create_environment_hook('dynamixel_sdk', 'cmake_prefix_path')
[5.472s] INFO:colcon.colcon_core.shell:Creating environment hook '/reconfigurable_quadruped/robotis_ws/install/dynamixel_sdk/share/dynamixel_sdk/hook/cmake_prefix_path.ps1'
[5.474s] INFO:colcon.colcon_core.shell:Creating environment descriptor '/reconfigurable_quadruped/robotis_ws/install/dynamixel_sdk/share/dynamixel_sdk/hook/cmake_prefix_path.dsv'
[5.475s] INFO:colcon.colcon_core.shell:Creating environment hook '/reconfigurable_quadruped/robotis_ws/install/dynamixel_sdk/share/dynamixel_sdk/hook/cmake_prefix_path.sh'
[5.477s] Level 1:colcon.colcon_core.environment:checking '/reconfigurable_quadruped/robotis_ws/install/dynamixel_sdk/lib'
[5.478s] Level 1:colcon.colcon_core.shell:create_environment_hook('dynamixel_sdk', 'ld_library_path_lib')
[5.479s] INFO:colcon.colcon_core.shell:Creating environment hook '/reconfigurable_quadruped/robotis_ws/install/dynamixel_sdk/share/dynamixel_sdk/hook/ld_library_path_lib.ps1'
[5.480s] INFO:colcon.colcon_core.shell:Creating environment descriptor '/reconfigurable_quadruped/robotis_ws/install/dynamixel_sdk/share/dynamixel_sdk/hook/ld_library_path_lib.dsv'
[5.481s] INFO:colcon.colcon_core.shell:Creating environment hook '/reconfigurable_quadruped/robotis_ws/install/dynamixel_sdk/share/dynamixel_sdk/hook/ld_library_path_lib.sh'
[5.485s] Level 1:colcon.colcon_core.environment:checking '/reconfigurable_quadruped/robotis_ws/install/dynamixel_sdk/bin'
[5.486s] Level 1:colcon.colcon_core.environment:checking '/reconfigurable_quadruped/robotis_ws/install/dynamixel_sdk/lib/pkgconfig/dynamixel_sdk.pc'
[5.493s] Level 1:colcon.colcon_core.environment:checking '/reconfigurable_quadruped/robotis_ws/install/dynamixel_sdk/lib/python3.10/site-packages'
[5.494s] Level 1:colcon.colcon_core.environment:checking '/reconfigurable_quadruped/robotis_ws/install/dynamixel_sdk/bin'
[5.495s] INFO:colcon.colcon_core.shell:Creating package script '/reconfigurable_quadruped/robotis_ws/install/dynamixel_sdk/share/dynamixel_sdk/package.ps1'
[5.497s] INFO:colcon.colcon_core.shell:Creating package descriptor '/reconfigurable_quadruped/robotis_ws/install/dynamixel_sdk/share/dynamixel_sdk/package.dsv'
[5.499s] INFO:colcon.colcon_core.shell:Creating package script '/reconfigurable_quadruped/robotis_ws/install/dynamixel_sdk/share/dynamixel_sdk/package.sh'
[5.501s] INFO:colcon.colcon_core.shell:Creating package script '/reconfigurable_quadruped/robotis_ws/install/dynamixel_sdk/share/dynamixel_sdk/package.bash'
[5.503s] INFO:colcon.colcon_core.shell:Creating package script '/reconfigurable_quadruped/robotis_ws/install/dynamixel_sdk/share/dynamixel_sdk/package.zsh'
[5.504s] Level 1:colcon.colcon_core.environment:create_file_with_runtime_dependencies(/reconfigurable_quadruped/robotis_ws/install/dynamixel_sdk/share/colcon-core/packages/dynamixel_sdk)
[5.506s] Level 1:colcon.colcon_core.environment:create_environment_scripts_only(dynamixel_sdk)
[5.507s] Level 1:colcon.colcon_core.environment:checking '/reconfigurable_quadruped/robotis_ws/install/dynamixel_sdk' for CMake module files
[5.508s] Level 1:colcon.colcon_core.environment:checking '/reconfigurable_quadruped/robotis_ws/install/dynamixel_sdk' for CMake config files
[5.509s] Level 1:colcon.colcon_core.shell:create_environment_hook('dynamixel_sdk', 'cmake_prefix_path')
[5.510s] INFO:colcon.colcon_core.shell:Creating environment hook '/reconfigurable_quadruped/robotis_ws/install/dynamixel_sdk/share/dynamixel_sdk/hook/cmake_prefix_path.ps1'
[5.511s] INFO:colcon.colcon_core.shell:Creating environment descriptor '/reconfigurable_quadruped/robotis_ws/install/dynamixel_sdk/share/dynamixel_sdk/hook/cmake_prefix_path.dsv'
[5.513s] INFO:colcon.colcon_core.shell:Creating environment hook '/reconfigurable_quadruped/robotis_ws/install/dynamixel_sdk/share/dynamixel_sdk/hook/cmake_prefix_path.sh'
[5.521s] Level 1:colcon.colcon_core.environment:checking '/reconfigurable_quadruped/robotis_ws/install/dynamixel_sdk/lib'
[5.525s] Level 1:colcon.colcon_core.shell:create_environment_hook('dynamixel_sdk', 'ld_library_path_lib')
[5.525s] INFO:colcon.colcon_core.shell:Creating environment hook '/reconfigurable_quadruped/robotis_ws/install/dynamixel_sdk/share/dynamixel_sdk/hook/ld_library_path_lib.ps1'
[5.540s] INFO:colcon.colcon_core.shell:Creating environment descriptor '/reconfigurable_quadruped/robotis_ws/install/dynamixel_sdk/share/dynamixel_sdk/hook/ld_library_path_lib.dsv'
[5.541s] INFO:colcon.colcon_core.shell:Creating environment hook '/reconfigurable_quadruped/robotis_ws/install/dynamixel_sdk/share/dynamixel_sdk/hook/ld_library_path_lib.sh'
[5.543s] Level 1:colcon.colcon_core.environment:checking '/reconfigurable_quadruped/robotis_ws/install/dynamixel_sdk/bin'
[5.543s] Level 1:colcon.colcon_core.environment:checking '/reconfigurable_quadruped/robotis_ws/install/dynamixel_sdk/lib/pkgconfig/dynamixel_sdk.pc'
[5.544s] Level 1:colcon.colcon_core.environment:checking '/reconfigurable_quadruped/robotis_ws/install/dynamixel_sdk/lib/python3.10/site-packages'
[5.544s] Level 1:colcon.colcon_core.environment:checking '/reconfigurable_quadruped/robotis_ws/install/dynamixel_sdk/bin'
[5.545s] INFO:colcon.colcon_core.shell:Creating package script '/reconfigurable_quadruped/robotis_ws/install/dynamixel_sdk/share/dynamixel_sdk/package.ps1'
[5.547s] INFO:colcon.colcon_core.shell:Creating package descriptor '/reconfigurable_quadruped/robotis_ws/install/dynamixel_sdk/share/dynamixel_sdk/package.dsv'
[5.549s] INFO:colcon.colcon_core.shell:Creating package script '/reconfigurable_quadruped/robotis_ws/install/dynamixel_sdk/share/dynamixel_sdk/package.sh'
[5.553s] INFO:colcon.colcon_core.shell:Creating package script '/reconfigurable_quadruped/robotis_ws/install/dynamixel_sdk/share/dynamixel_sdk/package.bash'
[5.554s] INFO:colcon.colcon_core.shell:Creating package script '/reconfigurable_quadruped/robotis_ws/install/dynamixel_sdk/share/dynamixel_sdk/package.zsh'
[5.559s] Level 1:colcon.colcon_core.environment:create_file_with_runtime_dependencies(/reconfigurable_quadruped/robotis_ws/install/dynamixel_sdk/share/colcon-core/packages/dynamixel_sdk)
[11.480s] DEBUG:colcon.colcon_core.event_handler.log_command:Invoked command in '/reconfigurable_quadruped/robotis_ws/build/dynamixel_sdk_custom_interfaces' returned '0': CMAKE_PREFIX_PATH=${CMAKE_PREFIX_PATH}:/opt/ros/humble /usr/bin/cmake --build /reconfigurable_quadruped/robotis_ws/build/dynamixel_sdk_custom_interfaces -- -j4 -l4
[11.490s] DEBUG:colcon.colcon_core.event_handler.log_command:Invoking command in '/reconfigurable_quadruped/robotis_ws/build/dynamixel_sdk_custom_interfaces': CMAKE_PREFIX_PATH=${CMAKE_PREFIX_PATH}:/opt/ros/humble /usr/bin/cmake --install /reconfigurable_quadruped/robotis_ws/build/dynamixel_sdk_custom_interfaces
[13.227s] Level 1:colcon.colcon_core.environment:create_environment_scripts_only(dynamixel_sdk_custom_interfaces)
[13.228s] Level 1:colcon.colcon_core.environment:checking '/reconfigurable_quadruped/robotis_ws/install/dynamixel_sdk_custom_interfaces' for CMake module files
[13.228s] DEBUG:colcon.colcon_core.event_handler.log_command:Invoked command in '/reconfigurable_quadruped/robotis_ws/build/dynamixel_sdk_custom_interfaces' returned '0': CMAKE_PREFIX_PATH=${CMAKE_PREFIX_PATH}:/opt/ros/humble /usr/bin/cmake --install /reconfigurable_quadruped/robotis_ws/build/dynamixel_sdk_custom_interfaces
[13.229s] Level 1:colcon.colcon_core.environment:checking '/reconfigurable_quadruped/robotis_ws/install/dynamixel_sdk_custom_interfaces' for CMake config files
[13.230s] Level 1:colcon.colcon_core.shell:create_environment_hook('dynamixel_sdk_custom_interfaces', 'cmake_prefix_path')
[13.230s] INFO:colcon.colcon_core.shell:Creating environment hook '/reconfigurable_quadruped/robotis_ws/install/dynamixel_sdk_custom_interfaces/share/dynamixel_sdk_custom_interfaces/hook/cmake_prefix_path.ps1'
[13.231s] INFO:colcon.colcon_core.shell:Creating environment descriptor '/reconfigurable_quadruped/robotis_ws/install/dynamixel_sdk_custom_interfaces/share/dynamixel_sdk_custom_interfaces/hook/cmake_prefix_path.dsv'
[13.231s] INFO:colcon.colcon_core.shell:Creating environment hook '/reconfigurable_quadruped/robotis_ws/install/dynamixel_sdk_custom_interfaces/share/dynamixel_sdk_custom_interfaces/hook/cmake_prefix_path.sh'
[13.232s] Level 1:colcon.colcon_core.environment:checking '/reconfigurable_quadruped/robotis_ws/install/dynamixel_sdk_custom_interfaces/lib'
[13.232s] Level 1:colcon.colcon_core.shell:create_environment_hook('dynamixel_sdk_custom_interfaces', 'ld_library_path_lib')
[13.233s] INFO:colcon.colcon_core.shell:Creating environment hook '/reconfigurable_quadruped/robotis_ws/install/dynamixel_sdk_custom_interfaces/share/dynamixel_sdk_custom_interfaces/hook/ld_library_path_lib.ps1'
[13.233s] INFO:colcon.colcon_core.shell:Creating environment descriptor '/reconfigurable_quadruped/robotis_ws/install/dynamixel_sdk_custom_interfaces/share/dynamixel_sdk_custom_interfaces/hook/ld_library_path_lib.dsv'
[13.234s] INFO:colcon.colcon_core.shell:Creating environment hook '/reconfigurable_quadruped/robotis_ws/install/dynamixel_sdk_custom_interfaces/share/dynamixel_sdk_custom_interfaces/hook/ld_library_path_lib.sh'
[13.234s] Level 1:colcon.colcon_core.environment:checking '/reconfigurable_quadruped/robotis_ws/install/dynamixel_sdk_custom_interfaces/bin'
[13.234s] Level 1:colcon.colcon_core.environment:checking '/reconfigurable_quadruped/robotis_ws/install/dynamixel_sdk_custom_interfaces/lib/pkgconfig/dynamixel_sdk_custom_interfaces.pc'
[13.235s] Level 1:colcon.colcon_core.environment:checking '/reconfigurable_quadruped/robotis_ws/install/dynamixel_sdk_custom_interfaces/lib/python3.10/site-packages'
[13.235s] Level 1:colcon.colcon_core.environment:checking '/reconfigurable_quadruped/robotis_ws/install/dynamixel_sdk_custom_interfaces/bin'
[13.235s] INFO:colcon.colcon_core.shell:Creating package script '/reconfigurable_quadruped/robotis_ws/install/dynamixel_sdk_custom_interfaces/share/dynamixel_sdk_custom_interfaces/package.ps1'
[13.236s] INFO:colcon.colcon_core.shell:Creating package descriptor '/reconfigurable_quadruped/robotis_ws/install/dynamixel_sdk_custom_interfaces/share/dynamixel_sdk_custom_interfaces/package.dsv'
[13.237s] INFO:colcon.colcon_core.shell:Creating package script '/reconfigurable_quadruped/robotis_ws/install/dynamixel_sdk_custom_interfaces/share/dynamixel_sdk_custom_interfaces/package.sh'
[13.237s] INFO:colcon.colcon_core.shell:Creating package script '/reconfigurable_quadruped/robotis_ws/install/dynamixel_sdk_custom_interfaces/share/dynamixel_sdk_custom_interfaces/package.bash'
[13.238s] INFO:colcon.colcon_core.shell:Creating package script '/reconfigurable_quadruped/robotis_ws/install/dynamixel_sdk_custom_interfaces/share/dynamixel_sdk_custom_interfaces/package.zsh'
[13.238s] Level 1:colcon.colcon_core.environment:create_file_with_runtime_dependencies(/reconfigurable_quadruped/robotis_ws/install/dynamixel_sdk_custom_interfaces/share/colcon-core/packages/dynamixel_sdk_custom_interfaces)
[13.239s] Level 1:colcon.colcon_core.environment:create_environment_scripts_only(dynamixel_sdk_custom_interfaces)
[13.240s] Level 1:colcon.colcon_core.environment:checking '/reconfigurable_quadruped/robotis_ws/install/dynamixel_sdk_custom_interfaces' for CMake module files
[13.241s] Level 1:colcon.colcon_core.environment:checking '/reconfigurable_quadruped/robotis_ws/install/dynamixel_sdk_custom_interfaces' for CMake config files
[13.242s] Level 1:colcon.colcon_core.shell:create_environment_hook('dynamixel_sdk_custom_interfaces', 'cmake_prefix_path')
[13.242s] INFO:colcon.colcon_core.shell:Creating environment hook '/reconfigurable_quadruped/robotis_ws/install/dynamixel_sdk_custom_interfaces/share/dynamixel_sdk_custom_interfaces/hook/cmake_prefix_path.ps1'
[13.243s] INFO:colcon.colcon_core.shell:Creating environment descriptor '/reconfigurable_quadruped/robotis_ws/install/dynamixel_sdk_custom_interfaces/share/dynamixel_sdk_custom_interfaces/hook/cmake_prefix_path.dsv'
[13.243s] INFO:colcon.colcon_core.shell:Creating environment hook '/reconfigurable_quadruped/robotis_ws/install/dynamixel_sdk_custom_interfaces/share/dynamixel_sdk_custom_interfaces/hook/cmake_prefix_path.sh'
[13.244s] Level 1:colcon.colcon_core.environment:checking '/reconfigurable_quadruped/robotis_ws/install/dynamixel_sdk_custom_interfaces/lib'
[13.244s] Level 1:colcon.colcon_core.shell:create_environment_hook('dynamixel_sdk_custom_interfaces', 'ld_library_path_lib')
[13.245s] INFO:colcon.colcon_core.shell:Creating environment hook '/reconfigurable_quadruped/robotis_ws/install/dynamixel_sdk_custom_interfaces/share/dynamixel_sdk_custom_interfaces/hook/ld_library_path_lib.ps1'
[13.245s] INFO:colcon.colcon_core.shell:Creating environment descriptor '/reconfigurable_quadruped/robotis_ws/install/dynamixel_sdk_custom_interfaces/share/dynamixel_sdk_custom_interfaces/hook/ld_library_path_lib.dsv'
[13.246s] INFO:colcon.colcon_core.shell:Creating environment hook '/reconfigurable_quadruped/robotis_ws/install/dynamixel_sdk_custom_interfaces/share/dynamixel_sdk_custom_interfaces/hook/ld_library_path_lib.sh'
[13.247s] Level 1:colcon.colcon_core.environment:checking '/reconfigurable_quadruped/robotis_ws/install/dynamixel_sdk_custom_interfaces/bin'
[13.247s] Level 1:colcon.colcon_core.environment:checking '/reconfigurable_quadruped/robotis_ws/install/dynamixel_sdk_custom_interfaces/lib/pkgconfig/dynamixel_sdk_custom_interfaces.pc'
[13.247s] Level 1:colcon.colcon_core.environment:checking '/reconfigurable_quadruped/robotis_ws/install/dynamixel_sdk_custom_interfaces/lib/python3.10/site-packages'
[13.248s] Level 1:colcon.colcon_core.environment:checking '/reconfigurable_quadruped/robotis_ws/install/dynamixel_sdk_custom_interfaces/bin'
[13.248s] INFO:colcon.colcon_core.shell:Creating package script '/reconfigurable_quadruped/robotis_ws/install/dynamixel_sdk_custom_interfaces/share/dynamixel_sdk_custom_interfaces/package.ps1'
[13.249s] INFO:colcon.colcon_core.shell:Creating package descriptor '/reconfigurable_quadruped/robotis_ws/install/dynamixel_sdk_custom_interfaces/share/dynamixel_sdk_custom_interfaces/package.dsv'
[13.250s] INFO:colcon.colcon_core.shell:Creating package script '/reconfigurable_quadruped/robotis_ws/install/dynamixel_sdk_custom_interfaces/share/dynamixel_sdk_custom_interfaces/package.sh'
[13.250s] INFO:colcon.colcon_core.shell:Creating package script '/reconfigurable_quadruped/robotis_ws/install/dynamixel_sdk_custom_interfaces/share/dynamixel_sdk_custom_interfaces/package.bash'
[13.251s] INFO:colcon.colcon_core.shell:Creating package script '/reconfigurable_quadruped/robotis_ws/install/dynamixel_sdk_custom_interfaces/share/dynamixel_sdk_custom_interfaces/package.zsh'
[13.253s] Level 1:colcon.colcon_core.environment:create_file_with_runtime_dependencies(/reconfigurable_quadruped/robotis_ws/install/dynamixel_sdk_custom_interfaces/share/colcon-core/packages/dynamixel_sdk_custom_interfaces)
[13.254s] INFO:colcon.colcon_ros.task.ament_cmake.build:Building ROS package in '/reconfigurable_quadruped/robotis_ws/src/DynamixelSDK/dynamixel_sdk_examples' with build type 'ament_cmake'
[13.254s] INFO:colcon.colcon_cmake.task.cmake.build:Building CMake package in '/reconfigurable_quadruped/robotis_ws/src/DynamixelSDK/dynamixel_sdk_examples'
[13.255s] INFO:colcon.colcon_core.shell:Skip shell extension 'powershell' for command environment: Not usable outside of PowerShell
[13.255s] DEBUG:colcon.colcon_core.shell:Skip shell extension 'dsv' for command environment
[13.305s] DEBUG:colcon.colcon_core.event_handler.log_command:Invoking command in '/reconfigurable_quadruped/robotis_ws/build/dynamixel_sdk_examples': CMAKE_PREFIX_PATH=/reconfigurable_quadruped/robotis_ws/install/dynamixel_sdk_custom_interfaces:/reconfigurable_quadruped/robotis_ws/install/dynamixel_sdk:/reconfigurable_quadruped/robotis_ws/install/dynamixel_sdk_examples:/robotis_ws2/install/dynamixel_sdk_examples:/robotis_ws2/install/dynamixel_sdk_custom_interfaces:/robotis_ws2/install/dynamixel_sdk:/robotis_ws/install/dynamixel_sdk_examples:/robotis_ws/install/dynamixel_sdk_custom_interfaces:/robotis_ws/install/dynamixel_sdk:/opt/ros/humble /usr/bin/cmake /reconfigurable_quadruped/robotis_ws/src/DynamixelSDK/dynamixel_sdk_examples -DAMENT_CMAKE_SYMLINK_INSTALL=1 -DCMAKE_INSTALL_PREFIX=/reconfigurable_quadruped/robotis_ws/install/dynamixel_sdk_examples
[15.430s] DEBUG:colcon.colcon_core.event_handler.log_command:Invoked command in '/reconfigurable_quadruped/robotis_ws/build/dynamixel_sdk_examples' returned '0': CMAKE_PREFIX_PATH=/reconfigurable_quadruped/robotis_ws/install/dynamixel_sdk_custom_interfaces:/reconfigurable_quadruped/robotis_ws/install/dynamixel_sdk:/reconfigurable_quadruped/robotis_ws/install/dynamixel_sdk_examples:/robotis_ws2/install/dynamixel_sdk_examples:/robotis_ws2/install/dynamixel_sdk_custom_interfaces:/robotis_ws2/install/dynamixel_sdk:/robotis_ws/install/dynamixel_sdk_examples:/robotis_ws/install/dynamixel_sdk_custom_interfaces:/robotis_ws/install/dynamixel_sdk:/opt/ros/humble /usr/bin/cmake /reconfigurable_quadruped/robotis_ws/src/DynamixelSDK/dynamixel_sdk_examples -DAMENT_CMAKE_SYMLINK_INSTALL=1 -DCMAKE_INSTALL_PREFIX=/reconfigurable_quadruped/robotis_ws/install/dynamixel_sdk_examples
[15.433s] DEBUG:colcon.colcon_core.event_handler.log_command:Invoking command in '/reconfigurable_quadruped/robotis_ws/build/dynamixel_sdk_examples': CMAKE_PREFIX_PATH=/reconfigurable_quadruped/robotis_ws/install/dynamixel_sdk_custom_interfaces:/reconfigurable_quadruped/robotis_ws/install/dynamixel_sdk:/reconfigurable_quadruped/robotis_ws/install/dynamixel_sdk_examples:/robotis_ws2/install/dynamixel_sdk_examples:/robotis_ws2/install/dynamixel_sdk_custom_interfaces:/robotis_ws2/install/dynamixel_sdk:/robotis_ws/install/dynamixel_sdk_examples:/robotis_ws/install/dynamixel_sdk_custom_interfaces:/robotis_ws/install/dynamixel_sdk:/opt/ros/humble /usr/bin/cmake --build /reconfigurable_quadruped/robotis_ws/build/dynamixel_sdk_examples -- -j4 -l4
[31.934s] DEBUG:colcon.colcon_core.event_handler.log_command:Invoked command in '/reconfigurable_quadruped/robotis_ws/build/dynamixel_sdk_examples' returned '0': CMAKE_PREFIX_PATH=/reconfigurable_quadruped/robotis_ws/install/dynamixel_sdk_custom_interfaces:/reconfigurable_quadruped/robotis_ws/install/dynamixel_sdk:/reconfigurable_quadruped/robotis_ws/install/dynamixel_sdk_examples:/robotis_ws2/install/dynamixel_sdk_examples:/robotis_ws2/install/dynamixel_sdk_custom_interfaces:/robotis_ws2/install/dynamixel_sdk:/robotis_ws/install/dynamixel_sdk_examples:/robotis_ws/install/dynamixel_sdk_custom_interfaces:/robotis_ws/install/dynamixel_sdk:/opt/ros/humble /usr/bin/cmake --build /reconfigurable_quadruped/robotis_ws/build/dynamixel_sdk_examples -- -j4 -l4
[31.937s] DEBUG:colcon.colcon_core.event_handler.log_command:Invoking command in '/reconfigurable_quadruped/robotis_ws/build/dynamixel_sdk_examples': CMAKE_PREFIX_PATH=/reconfigurable_quadruped/robotis_ws/install/dynamixel_sdk_custom_interfaces:/reconfigurable_quadruped/robotis_ws/install/dynamixel_sdk:/reconfigurable_quadruped/robotis_ws/install/dynamixel_sdk_examples:/robotis_ws2/install/dynamixel_sdk_examples:/robotis_ws2/install/dynamixel_sdk_custom_interfaces:/robotis_ws2/install/dynamixel_sdk:/robotis_ws/install/dynamixel_sdk_examples:/robotis_ws/install/dynamixel_sdk_custom_interfaces:/robotis_ws/install/dynamixel_sdk:/opt/ros/humble /usr/bin/cmake --install /reconfigurable_quadruped/robotis_ws/build/dynamixel_sdk_examples
[32.285s] Level 1:colcon.colcon_core.environment:create_environment_scripts_only(dynamixel_sdk_examples)
[32.286s] Level 1:colcon.colcon_core.environment:checking '/reconfigurable_quadruped/robotis_ws/install/dynamixel_sdk_examples' for CMake module files
[32.286s] DEBUG:colcon.colcon_core.event_handler.log_command:Invoked command in '/reconfigurable_quadruped/robotis_ws/build/dynamixel_sdk_examples' returned '0': CMAKE_PREFIX_PATH=/reconfigurable_quadruped/robotis_ws/install/dynamixel_sdk_custom_interfaces:/reconfigurable_quadruped/robotis_ws/install/dynamixel_sdk:/reconfigurable_quadruped/robotis_ws/install/dynamixel_sdk_examples:/robotis_ws2/install/dynamixel_sdk_examples:/robotis_ws2/install/dynamixel_sdk_custom_interfaces:/robotis_ws2/install/dynamixel_sdk:/robotis_ws/install/dynamixel_sdk_examples:/robotis_ws/install/dynamixel_sdk_custom_interfaces:/robotis_ws/install/dynamixel_sdk:/opt/ros/humble /usr/bin/cmake --install /reconfigurable_quadruped/robotis_ws/build/dynamixel_sdk_examples
[32.287s] Level 1:colcon.colcon_core.environment:checking '/reconfigurable_quadruped/robotis_ws/install/dynamixel_sdk_examples' for CMake config files
[32.287s] Level 1:colcon.colcon_core.shell:create_environment_hook('dynamixel_sdk_examples', 'cmake_prefix_path')
[32.288s] INFO:colcon.colcon_core.shell:Creating environment hook '/reconfigurable_quadruped/robotis_ws/install/dynamixel_sdk_examples/share/dynamixel_sdk_examples/hook/cmake_prefix_path.ps1'
[32.288s] INFO:colcon.colcon_core.shell:Creating environment descriptor '/reconfigurable_quadruped/robotis_ws/install/dynamixel_sdk_examples/share/dynamixel_sdk_examples/hook/cmake_prefix_path.dsv'
[32.289s] INFO:colcon.colcon_core.shell:Creating environment hook '/reconfigurable_quadruped/robotis_ws/install/dynamixel_sdk_examples/share/dynamixel_sdk_examples/hook/cmake_prefix_path.sh'
[32.290s] Level 1:colcon.colcon_core.environment:checking '/reconfigurable_quadruped/robotis_ws/install/dynamixel_sdk_examples/lib'
[32.290s] Level 1:colcon.colcon_core.environment:checking '/reconfigurable_quadruped/robotis_ws/install/dynamixel_sdk_examples/bin'
[32.290s] Level 1:colcon.colcon_core.environment:checking '/reconfigurable_quadruped/robotis_ws/install/dynamixel_sdk_examples/lib/pkgconfig/dynamixel_sdk_examples.pc'
[32.290s] Level 1:colcon.colcon_core.environment:checking '/reconfigurable_quadruped/robotis_ws/install/dynamixel_sdk_examples/lib/python3.10/site-packages'
[32.291s] Level 1:colcon.colcon_core.environment:checking '/reconfigurable_quadruped/robotis_ws/install/dynamixel_sdk_examples/bin'
[32.291s] INFO:colcon.colcon_core.shell:Creating package script '/reconfigurable_quadruped/robotis_ws/install/dynamixel_sdk_examples/share/dynamixel_sdk_examples/package.ps1'
[32.292s] INFO:colcon.colcon_core.shell:Creating package descriptor '/reconfigurable_quadruped/robotis_ws/install/dynamixel_sdk_examples/share/dynamixel_sdk_examples/package.dsv'
[32.292s] INFO:colcon.colcon_core.shell:Creating package script '/reconfigurable_quadruped/robotis_ws/install/dynamixel_sdk_examples/share/dynamixel_sdk_examples/package.sh'
[32.293s] INFO:colcon.colcon_core.shell:Creating package script '/reconfigurable_quadruped/robotis_ws/install/dynamixel_sdk_examples/share/dynamixel_sdk_examples/package.bash'
[32.293s] INFO:colcon.colcon_core.shell:Creating package script '/reconfigurable_quadruped/robotis_ws/install/dynamixel_sdk_examples/share/dynamixel_sdk_examples/package.zsh'
[32.294s] Level 1:colcon.colcon_core.environment:create_file_with_runtime_dependencies(/reconfigurable_quadruped/robotis_ws/install/dynamixel_sdk_examples/share/colcon-core/packages/dynamixel_sdk_examples)
[32.295s] Level 1:colcon.colcon_core.environment:create_environment_scripts_only(dynamixel_sdk_examples)
[32.295s] Level 1:colcon.colcon_core.environment:checking '/reconfigurable_quadruped/robotis_ws/install/dynamixel_sdk_examples' for CMake module files
[32.296s] Level 1:colcon.colcon_core.environment:checking '/reconfigurable_quadruped/robotis_ws/install/dynamixel_sdk_examples' for CMake config files
[32.296s] Level 1:colcon.colcon_core.shell:create_environment_hook('dynamixel_sdk_examples', 'cmake_prefix_path')
[32.296s] INFO:colcon.colcon_core.shell:Creating environment hook '/reconfigurable_quadruped/robotis_ws/install/dynamixel_sdk_examples/share/dynamixel_sdk_examples/hook/cmake_prefix_path.ps1'
[32.297s] INFO:colcon.colcon_core.shell:Creating environment descriptor '/reconfigurable_quadruped/robotis_ws/install/dynamixel_sdk_examples/share/dynamixel_sdk_examples/hook/cmake_prefix_path.dsv'
[32.298s] INFO:colcon.colcon_core.shell:Creating environment hook '/reconfigurable_quadruped/robotis_ws/install/dynamixel_sdk_examples/share/dynamixel_sdk_examples/hook/cmake_prefix_path.sh'
[32.300s] Level 1:colcon.colcon_core.environment:checking '/reconfigurable_quadruped/robotis_ws/install/dynamixel_sdk_examples/lib'
[32.300s] Level 1:colcon.colcon_core.environment:checking '/reconfigurable_quadruped/robotis_ws/install/dynamixel_sdk_examples/bin'
[32.301s] Level 1:colcon.colcon_core.environment:checking '/reconfigurable_quadruped/robotis_ws/install/dynamixel_sdk_examples/lib/pkgconfig/dynamixel_sdk_examples.pc'
[32.301s] Level 1:colcon.colcon_core.environment:checking '/reconfigurable_quadruped/robotis_ws/install/dynamixel_sdk_examples/lib/python3.10/site-packages'
[32.301s] Level 1:colcon.colcon_core.environment:checking '/reconfigurable_quadruped/robotis_ws/install/dynamixel_sdk_examples/bin'
[32.301s] INFO:colcon.colcon_core.shell:Creating package script '/reconfigurable_quadruped/robotis_ws/install/dynamixel_sdk_examples/share/dynamixel_sdk_examples/package.ps1'
[32.302s] INFO:colcon.colcon_core.shell:Creating package descriptor '/reconfigurable_quadruped/robotis_ws/install/dynamixel_sdk_examples/share/dynamixel_sdk_examples/package.dsv'
[32.304s] INFO:colcon.colcon_core.shell:Creating package script '/reconfigurable_quadruped/robotis_ws/install/dynamixel_sdk_examples/share/dynamixel_sdk_examples/package.sh'
[32.308s] INFO:colcon.colcon_core.shell:Creating package script '/reconfigurable_quadruped/robotis_ws/install/dynamixel_sdk_examples/share/dynamixel_sdk_examples/package.bash'
[32.308s] INFO:colcon.colcon_core.shell:Creating package script '/reconfigurable_quadruped/robotis_ws/install/dynamixel_sdk_examples/share/dynamixel_sdk_examples/package.zsh'
[32.309s] Level 1:colcon.colcon_core.environment:create_file_with_runtime_dependencies(/reconfigurable_quadruped/robotis_ws/install/dynamixel_sdk_examples/share/colcon-core/packages/dynamixel_sdk_examples)
[32.310s] DEBUG:colcon.colcon_parallel_executor.executor.parallel:closing loop
[32.311s] DEBUG:colcon.colcon_parallel_executor.executor.parallel:loop closed
[32.311s] DEBUG:colcon.colcon_parallel_executor.executor.parallel:run_until_complete finished with '0'
[32.311s] DEBUG:colcon.colcon_core.event_reactor:joining thread
[32.322s] INFO:colcon.colcon_core.plugin_system:Skipping extension 'colcon_notification.desktop_notification.notify2': 'notify2' not found
[32.323s] INFO:colcon.colcon_core.plugin_system:Skipping extension 'colcon_notification.desktop_notification.notify_send': Could not find 'notify-send'
[32.323s] INFO:colcon.colcon_core.plugin_system:Skipping extension 'colcon_notification.desktop_notification.terminal_notifier': Not used on non-Darwin systems
[32.323s] INFO:colcon.colcon_core.plugin_system:Skipping extension 'colcon_notification.desktop_notification.win32': Not used on non-Windows systems
[32.323s] DEBUG:colcon.colcon_core.event_reactor:joined thread
[32.324s] INFO:colcon.colcon_core.shell:Creating prefix script '/reconfigurable_quadruped/robotis_ws/install/local_setup.ps1'
[32.329s] INFO:colcon.colcon_core.shell:Creating prefix util module '/reconfigurable_quadruped/robotis_ws/install/_local_setup_util_ps1.py'
[32.331s] INFO:colcon.colcon_core.shell:Creating prefix chain script '/reconfigurable_quadruped/robotis_ws/install/setup.ps1'
[32.335s] INFO:colcon.colcon_core.shell:Creating prefix script '/reconfigurable_quadruped/robotis_ws/install/local_setup.sh'
[32.341s] INFO:colcon.colcon_core.shell:Creating prefix util module '/reconfigurable_quadruped/robotis_ws/install/_local_setup_util_sh.py'
[32.345s] INFO:colcon.colcon_core.shell:Creating prefix chain script '/reconfigurable_quadruped/robotis_ws/install/setup.sh'
[32.349s] INFO:colcon.colcon_core.shell:Creating prefix script '/reconfigurable_quadruped/robotis_ws/install/local_setup.bash'
[32.350s] INFO:colcon.colcon_core.shell:Creating prefix chain script '/reconfigurable_quadruped/robotis_ws/install/setup.bash'
[32.356s] INFO:colcon.colcon_core.shell:Creating prefix script '/reconfigurable_quadruped/robotis_ws/install/local_setup.zsh'
[32.357s] INFO:colcon.colcon_core.shell:Creating prefix chain script '/reconfigurable_quadruped/robotis_ws/install/setup.zsh'
