[0.058s] Invoking command in '/robotis_ws/build/dynamixel_sdk': CMAKE_PREFIX_PATH=/opt/ros/humble /usr/bin/cmake /robotis_ws/src/dynamixel_sdk -DCMAKE_INSTALL_PREFIX=/robotis_ws/install/dynamixel_sdk
[0.247s] -- The C compiler identification is GNU 11.4.0
[0.400s] -- The CXX compiler identification is GNU 11.4.0
[0.425s] -- Detecting C compiler ABI info
[0.588s] -- Detecting C compiler ABI info - done
[0.599s] -- Check for working C compiler: /usr/bin/cc - skipped
[0.600s] -- Detecting C compile features
[0.604s] -- Detecting C compile features - done
[0.616s] -- Detecting CXX compiler ABI info
[0.798s] -- Detecting CXX compiler ABI info - done
[0.814s] -- Check for working CXX compiler: /usr/bin/c++ - skipped
[0.815s] -- Detecting CXX compile features
[0.816s] -- Detecting CXX compile features - done
[0.823s] -- Found ament_cmake: 1.3.11 (/opt/ros/humble/share/ament_cmake/cmake)
[1.087s] -- Found Python3: /usr/bin/python3 (found version "3.10.12") found components: Interpreter 
[1.406s] -- Configuring done
[1.426s] -- Generating done
[1.429s] -- Build files have been written to: /robotis_ws/build/dynamixel_sdk
[1.438s] Invoked command in '/robotis_ws/build/dynamixel_sdk' returned '0': CMAKE_PREFIX_PATH=/opt/ros/humble /usr/bin/cmake /robotis_ws/src/dynamixel_sdk -DCMAKE_INSTALL_PREFIX=/robotis_ws/install/dynamixel_sdk
[1.441s] Invoking command in '/robotis_ws/build/dynamixel_sdk': CMAKE_PREFIX_PATH=/opt/ros/humble /usr/bin/cmake --build /robotis_ws/build/dynamixel_sdk -- -j4 -l4
[1.547s] [ 20%] [32mBuilding CXX object CMakeFiles/dynamixel_sdk.dir/src/dynamixel_sdk/group_sync_read.cpp.o[0m
[1.548s] [ 20%] [32mBuilding CXX object CMakeFiles/dynamixel_sdk.dir/src/dynamixel_sdk/protocol1_packet_handler.cpp.o[0m
[1.554s] [ 30%] [32mBuilding CXX object CMakeFiles/dynamixel_sdk.dir/src/dynamixel_sdk/packet_handler.cpp.o[0m
[1.564s] [ 40%] [32mBuilding CXX object CMakeFiles/dynamixel_sdk.dir/src/dynamixel_sdk/protocol2_packet_handler.cpp.o[0m
[2.065s] [ 50%] [32mBuilding CXX object CMakeFiles/dynamixel_sdk.dir/src/dynamixel_sdk/group_sync_write.cpp.o[0m
[2.184s] [ 60%] [32mBuilding CXX object CMakeFiles/dynamixel_sdk.dir/src/dynamixel_sdk/group_bulk_read.cpp.o[0m
[2.268s] [ 70%] [32mBuilding CXX object CMakeFiles/dynamixel_sdk.dir/src/dynamixel_sdk/group_bulk_write.cpp.o[0m
[2.843s] [ 80%] [32mBuilding CXX object CMakeFiles/dynamixel_sdk.dir/src/dynamixel_sdk/port_handler.cpp.o[0m
[2.979s] [ 90%] [32mBuilding CXX object CMakeFiles/dynamixel_sdk.dir/src/dynamixel_sdk/port_handler_linux.cpp.o[0m
[3.880s] [100%] [32m[1mLinking CXX shared library libdynamixel_sdk.so[0m
[4.107s] [100%] Built target dynamixel_sdk
[4.150s] Invoked command in '/robotis_ws/build/dynamixel_sdk' returned '0': CMAKE_PREFIX_PATH=/opt/ros/humble /usr/bin/cmake --build /robotis_ws/build/dynamixel_sdk -- -j4 -l4
[4.191s] Invoking command in '/robotis_ws/build/dynamixel_sdk': CMAKE_PREFIX_PATH=/opt/ros/humble /usr/bin/cmake --install /robotis_ws/build/dynamixel_sdk
[4.213s] -- Install configuration: ""
[4.213s] -- Installing: /robotis_ws/install/dynamixel_sdk/include/
[4.214s] -- Installing: /robotis_ws/install/dynamixel_sdk/include//dynamixel_sdk
[4.214s] -- Installing: /robotis_ws/install/dynamixel_sdk/include//dynamixel_sdk/port_handler_linux.h
[4.215s] -- Installing: /robotis_ws/install/dynamixel_sdk/include//dynamixel_sdk/port_handler_mac.h
[4.215s] -- Installing: /robotis_ws/install/dynamixel_sdk/include//dynamixel_sdk/port_handler.h
[4.215s] -- Installing: /robotis_ws/install/dynamixel_sdk/include//dynamixel_sdk/port_handler_windows.h
[4.216s] -- Installing: /robotis_ws/install/dynamixel_sdk/include//dynamixel_sdk/group_bulk_write.h
[4.216s] -- Installing: /robotis_ws/install/dynamixel_sdk/include//dynamixel_sdk/protocol2_packet_handler.h
[4.216s] -- Installing: /robotis_ws/install/dynamixel_sdk/include//dynamixel_sdk/protocol1_packet_handler.h
[4.216s] -- Installing: /robotis_ws/install/dynamixel_sdk/include//dynamixel_sdk/port_handler_arduino.h
[4.217s] -- Installing: /robotis_ws/install/dynamixel_sdk/include//dynamixel_sdk/dynamixel_sdk.h
[4.217s] -- Installing: /robotis_ws/install/dynamixel_sdk/include//dynamixel_sdk/packet_handler.h
[4.218s] -- Installing: /robotis_ws/install/dynamixel_sdk/include//dynamixel_sdk/group_sync_read.h
[4.218s] -- Installing: /robotis_ws/install/dynamixel_sdk/include//dynamixel_sdk/group_bulk_read.h
[4.218s] -- Installing: /robotis_ws/install/dynamixel_sdk/include//dynamixel_sdk/group_sync_write.h
[4.218s] -- Installing: /robotis_ws/install/dynamixel_sdk/lib/libdynamixel_sdk.so
[4.219s] -- Installing: /robotis_ws/install/dynamixel_sdk/share/dynamixel_sdk/environment/library_path.sh
[4.220s] -- Installing: /robotis_ws/install/dynamixel_sdk/share/dynamixel_sdk/environment/library_path.dsv
[4.220s] -- Installing: /robotis_ws/install/dynamixel_sdk/share/ament_index/resource_index/package_run_dependencies/dynamixel_sdk
[4.221s] -- Installing: /robotis_ws/install/dynamixel_sdk/share/ament_index/resource_index/parent_prefix_path/dynamixel_sdk
[4.221s] -- Installing: /robotis_ws/install/dynamixel_sdk/share/dynamixel_sdk/environment/ament_prefix_path.sh
[4.222s] -- Installing: /robotis_ws/install/dynamixel_sdk/share/dynamixel_sdk/environment/ament_prefix_path.dsv
[4.222s] -- Installing: /robotis_ws/install/dynamixel_sdk/share/dynamixel_sdk/environment/path.sh
[4.222s] -- Installing: /robotis_ws/install/dynamixel_sdk/share/dynamixel_sdk/environment/path.dsv
[4.223s] -- Installing: /robotis_ws/install/dynamixel_sdk/share/dynamixel_sdk/local_setup.bash
[4.224s] -- Installing: /robotis_ws/install/dynamixel_sdk/share/dynamixel_sdk/local_setup.sh
[4.224s] -- Installing: /robotis_ws/install/dynamixel_sdk/share/dynamixel_sdk/local_setup.zsh
[4.225s] -- Installing: /robotis_ws/install/dynamixel_sdk/share/dynamixel_sdk/local_setup.dsv
[4.226s] -- Installing: /robotis_ws/install/dynamixel_sdk/share/dynamixel_sdk/package.dsv
[4.226s] -- Installing: /robotis_ws/install/dynamixel_sdk/share/ament_index/resource_index/packages/dynamixel_sdk
[4.226s] -- Installing: /robotis_ws/install/dynamixel_sdk/share/dynamixel_sdk/cmake/ament_cmake_export_include_directories-extras.cmake
[4.227s] -- Installing: /robotis_ws/install/dynamixel_sdk/share/dynamixel_sdk/cmake/ament_cmake_export_libraries-extras.cmake
[4.227s] -- Installing: /robotis_ws/install/dynamixel_sdk/share/dynamixel_sdk/cmake/dynamixel_sdkConfig.cmake
[4.227s] -- Installing: /robotis_ws/install/dynamixel_sdk/share/dynamixel_sdk/cmake/dynamixel_sdkConfig-version.cmake
[4.227s] -- Installing: /robotis_ws/install/dynamixel_sdk/share/dynamixel_sdk/package.xml
[4.233s] Invoked command in '/robotis_ws/build/dynamixel_sdk' returned '0': CMAKE_PREFIX_PATH=/opt/ros/humble /usr/bin/cmake --install /robotis_ws/build/dynamixel_sdk
