[0.048s] Invoking command in '/robotis_ws/build/dynamixel_sdk': CMAKE_PREFIX_PATH=/opt/ros/humble /usr/bin/cmake /robotis_ws/src/DynamixelSDK/dynamixel_sdk -DAMENT_CMAKE_SYMLINK_INSTALL=1 -DCMAKE_INSTALL_PREFIX=/robotis_ws/install/dynamixel_sdk
[0.341s] -- The C compiler identification is GNU 11.4.0
[0.486s] -- The CXX compiler identification is GNU 11.4.0
[0.511s] -- Detecting C compiler ABI info
[0.686s] -- Detecting C compiler ABI info - done
[0.696s] -- Check for working C compiler: /usr/bin/cc - skipped
[0.697s] -- Detecting C compile features
[0.699s] -- Detecting C compile features - done
[0.715s] -- Detecting CXX compiler ABI info
[0.905s] -- Detecting CXX compiler ABI info - done
[0.924s] -- Check for working CXX compiler: /usr/bin/c++ - skipped
[0.928s] -- Detecting CXX compile features
[0.928s] -- Detecting CXX compile features - done
[0.932s] -- Found ament_cmake: 1.3.11 (/opt/ros/humble/share/ament_cmake/cmake)
[1.244s] -- Found Python3: /usr/bin/python3 (found version "3.10.12") found components: Interpreter 
[1.395s] -- Override CMake install command with custom implementation using symlinks instead of copying resources
[1.593s] -- Configuring done
[1.601s] -- Generating done
[1.606s] -- Build files have been written to: /robotis_ws/build/dynamixel_sdk
[1.628s] Invoked command in '/robotis_ws/build/dynamixel_sdk' returned '0': CMAKE_PREFIX_PATH=/opt/ros/humble /usr/bin/cmake /robotis_ws/src/DynamixelSDK/dynamixel_sdk -DAMENT_CMAKE_SYMLINK_INSTALL=1 -DCMAKE_INSTALL_PREFIX=/robotis_ws/install/dynamixel_sdk
[1.633s] Invoking command in '/robotis_ws/build/dynamixel_sdk': CMAKE_PREFIX_PATH=/opt/ros/humble /usr/bin/cmake --build /robotis_ws/build/dynamixel_sdk -- -j4 -l4
[1.752s] [ 10%] [32mBuilding CXX object CMakeFiles/dynamixel_sdk.dir/src/dynamixel_sdk/protocol1_packet_handler.cpp.o[0m
[1.753s] [ 20%] [32mBuilding CXX object CMakeFiles/dynamixel_sdk.dir/src/dynamixel_sdk/protocol2_packet_handler.cpp.o[0m
[1.755s] [ 30%] [32mBuilding CXX object CMakeFiles/dynamixel_sdk.dir/src/dynamixel_sdk/packet_handler.cpp.o[0m
[1.757s] [ 40%] [32mBuilding CXX object CMakeFiles/dynamixel_sdk.dir/src/dynamixel_sdk/group_sync_read.cpp.o[0m
[2.081s] [ 50%] [32mBuilding CXX object CMakeFiles/dynamixel_sdk.dir/src/dynamixel_sdk/group_sync_write.cpp.o[0m
[2.215s] [ 60%] [32mBuilding CXX object CMakeFiles/dynamixel_sdk.dir/src/dynamixel_sdk/group_bulk_read.cpp.o[0m
[2.447s] [ 70%] [32mBuilding CXX object CMakeFiles/dynamixel_sdk.dir/src/dynamixel_sdk/group_bulk_write.cpp.o[0m
[3.415s] [ 80%] [32mBuilding CXX object CMakeFiles/dynamixel_sdk.dir/src/dynamixel_sdk/port_handler.cpp.o[0m
[3.522s] [ 90%] [32mBuilding CXX object CMakeFiles/dynamixel_sdk.dir/src/dynamixel_sdk/port_handler_linux.cpp.o[0m
[4.126s] [100%] [32m[1mLinking CXX shared library libdynamixel_sdk.so[0m
[4.365s] [100%] Built target dynamixel_sdk
[4.390s] Invoked command in '/robotis_ws/build/dynamixel_sdk' returned '0': CMAKE_PREFIX_PATH=/opt/ros/humble /usr/bin/cmake --build /robotis_ws/build/dynamixel_sdk -- -j4 -l4
[4.409s] Invoking command in '/robotis_ws/build/dynamixel_sdk': CMAKE_PREFIX_PATH=/opt/ros/humble /usr/bin/cmake --install /robotis_ws/build/dynamixel_sdk
[4.422s] -- Install configuration: ""
[4.423s] -- Execute custom install script
[4.424s] -- Symlinking: /robotis_ws/install/dynamixel_sdk/include//dynamixel_sdk/dynamixel_sdk.h
[4.453s] -- Symlinking: /robotis_ws/install/dynamixel_sdk/include//dynamixel_sdk/group_bulk_read.h
[4.480s] -- Symlinking: /robotis_ws/install/dynamixel_sdk/include//dynamixel_sdk/group_bulk_write.h
[4.497s] -- Symlinking: /robotis_ws/install/dynamixel_sdk/include//dynamixel_sdk/group_sync_read.h
[4.514s] -- Symlinking: /robotis_ws/install/dynamixel_sdk/include//dynamixel_sdk/group_sync_write.h
[4.530s] -- Symlinking: /robotis_ws/install/dynamixel_sdk/include//dynamixel_sdk/packet_handler.h
[4.571s] -- Symlinking: /robotis_ws/install/dynamixel_sdk/include//dynamixel_sdk/port_handler.h
[4.595s] -- Symlinking: /robotis_ws/install/dynamixel_sdk/include//dynamixel_sdk/port_handler_arduino.h
[4.617s] -- Symlinking: /robotis_ws/install/dynamixel_sdk/include//dynamixel_sdk/port_handler_linux.h
[4.648s] -- Symlinking: /robotis_ws/install/dynamixel_sdk/include//dynamixel_sdk/port_handler_mac.h
[4.688s] -- Symlinking: /robotis_ws/install/dynamixel_sdk/include//dynamixel_sdk/port_handler_windows.h
[4.712s] -- Symlinking: /robotis_ws/install/dynamixel_sdk/include//dynamixel_sdk/protocol1_packet_handler.h
[4.733s] -- Symlinking: /robotis_ws/install/dynamixel_sdk/include//dynamixel_sdk/protocol2_packet_handler.h
[4.780s] -- Symlinking: /robotis_ws/install/dynamixel_sdk/lib/libdynamixel_sdk.so
[4.803s] -- Symlinking: /robotis_ws/install/dynamixel_sdk/share/dynamixel_sdk/environment/library_path.sh
[4.824s] -- Symlinking: /robotis_ws/install/dynamixel_sdk/share/dynamixel_sdk/environment/library_path.dsv
[4.851s] -- Symlinking: /robotis_ws/install/dynamixel_sdk/share/ament_index/resource_index/package_run_dependencies/dynamixel_sdk
[4.885s] -- Symlinking: /robotis_ws/install/dynamixel_sdk/share/ament_index/resource_index/parent_prefix_path/dynamixel_sdk
[4.903s] -- Symlinking: /robotis_ws/install/dynamixel_sdk/share/dynamixel_sdk/environment/ament_prefix_path.sh
[4.924s] -- Symlinking: /robotis_ws/install/dynamixel_sdk/share/dynamixel_sdk/environment/ament_prefix_path.dsv
[4.949s] -- Symlinking: /robotis_ws/install/dynamixel_sdk/share/dynamixel_sdk/environment/path.sh
[4.989s] -- Symlinking: /robotis_ws/install/dynamixel_sdk/share/dynamixel_sdk/environment/path.dsv
[5.008s] -- Symlinking: /robotis_ws/install/dynamixel_sdk/share/dynamixel_sdk/local_setup.bash
[5.029s] -- Symlinking: /robotis_ws/install/dynamixel_sdk/share/dynamixel_sdk/local_setup.sh
[5.072s] -- Symlinking: /robotis_ws/install/dynamixel_sdk/share/dynamixel_sdk/local_setup.zsh
[5.093s] -- Symlinking: /robotis_ws/install/dynamixel_sdk/share/dynamixel_sdk/local_setup.dsv
[5.117s] -- Symlinking: /robotis_ws/install/dynamixel_sdk/share/dynamixel_sdk/package.dsv
[5.144s] -- Symlinking: /robotis_ws/install/dynamixel_sdk/share/ament_index/resource_index/packages/dynamixel_sdk
[5.190s] -- Symlinking: /robotis_ws/install/dynamixel_sdk/share/dynamixel_sdk/cmake/ament_cmake_export_include_directories-extras.cmake
[5.222s] -- Symlinking: /robotis_ws/install/dynamixel_sdk/share/dynamixel_sdk/cmake/ament_cmake_export_libraries-extras.cmake
[5.241s] -- Symlinking: /robotis_ws/install/dynamixel_sdk/share/dynamixel_sdk/cmake/dynamixel_sdkConfig.cmake
[5.292s] -- Symlinking: /robotis_ws/install/dynamixel_sdk/share/dynamixel_sdk/cmake/dynamixel_sdkConfig-version.cmake
[5.322s] -- Symlinking: /robotis_ws/install/dynamixel_sdk/share/dynamixel_sdk/package.xml
[5.369s] Invoked command in '/robotis_ws/build/dynamixel_sdk' returned '0': CMAKE_PREFIX_PATH=/opt/ros/humble /usr/bin/cmake --install /robotis_ws/build/dynamixel_sdk
