[0.177s] DEBUG:colcon:Command line arguments: ['/usr/local/bin/colcon', 'build', '--packages-select', 'dynamixel_sdk_custom_interfaces']
[0.177s] DEBUG:colcon:Parsed command line arguments: Namespace(log_base=None, log_level=None, verb_name='build', build_base='build', install_base='install', merge_install=False, symlink_install=False, test_result_base=None, continue_on_error=False, executor='parallel', parallel_workers=4, event_handlers=None, ignore_user_meta=False, metas=['./colcon.meta'], base_paths=['.'], packages_ignore=None, packages_ignore_regex=None, paths=None, packages_up_to=None, packages_up_to_regex=None, packages_above=None, packages_above_and_dependencies=None, packages_above_depth=None, packages_select_by_dep=None, packages_skip_by_dep=None, packages_skip_up_to=None, packages_select_build_failed=False, packages_skip_build_finished=False, packages_select_test_failures=False, packages_skip_test_passed=False, packages_select=['dynamixel_sdk_custom_interfaces'], packages_skip=None, packages_select_regex=None, packages_skip_regex=None, packages_start=None, packages_end=None, cmake_args=None, cmake_target=None, cmake_target_skip_unavailable=False, cmake_clean_cache=False, cmake_clean_first=False, cmake_force_configure=False, ament_cmake_args=None, catkin_cmake_args=None, catkin_skip_building_tests=False, verb_parser=<colcon_defaults.argument_parser.defaults.DefaultArgumentsDecorator object at 0xffffbdddf730>, verb_extension=<colcon_core.verb.build.BuildVerb object at 0xffffbddde680>, main=<bound method BuildVerb.main of <colcon_core.verb.build.BuildVerb object at 0xffffbddde680>>)
[0.303s] Level 1:colcon.colcon_core.package_discovery:discover_packages(colcon_meta) check parameters
[0.303s] Level 1:colcon.colcon_core.package_discovery:discover_packages(recursive) check parameters
[0.303s] Level 1:colcon.colcon_core.package_discovery:discover_packages(ignore) check parameters
[0.303s] Level 1:colcon.colcon_core.package_discovery:discover_packages(path) check parameters
[0.303s] Level 1:colcon.colcon_core.package_discovery:discover_packages(colcon_meta) discover
[0.303s] Level 1:colcon.colcon_core.package_discovery:discover_packages(recursive) discover
[0.303s] INFO:colcon.colcon_core.package_discovery:Crawling recursively for packages in '/reconfigurable_quadruped/robotis_ws'
[0.303s] Level 1:colcon.colcon_core.package_identification:_identify(.) by extensions ['ignore', 'ignore_ament_install']
[0.303s] Level 1:colcon.colcon_core.package_identification:_identify(.) by extension 'ignore'
[0.303s] Level 1:colcon.colcon_core.package_identification:_identify(.) by extension 'ignore_ament_install'
[0.303s] Level 1:colcon.colcon_core.package_identification:_identify(.) by extensions ['colcon_pkg']
[0.303s] Level 1:colcon.colcon_core.package_identification:_identify(.) by extension 'colcon_pkg'
[0.304s] Level 1:colcon.colcon_core.package_identification:_identify(.) by extensions ['colcon_meta']
[0.304s] Level 1:colcon.colcon_core.package_identification:_identify(.) by extension 'colcon_meta'
[0.304s] Level 1:colcon.colcon_core.package_identification:_identify(.) by extensions ['ros']
[0.304s] Level 1:colcon.colcon_core.package_identification:_identify(.) by extension 'ros'
[0.319s] Level 1:colcon.colcon_core.package_identification:_identify(.) by extensions ['cmake', 'python']
[0.319s] Level 1:colcon.colcon_core.package_identification:_identify(.) by extension 'cmake'
[0.320s] Level 1:colcon.colcon_core.package_identification:_identify(.) by extension 'python'
[0.320s] Level 1:colcon.colcon_core.package_identification:_identify(.) by extensions ['python_setup_py']
[0.320s] Level 1:colcon.colcon_core.package_identification:_identify(.) by extension 'python_setup_py'
[0.320s] Level 1:colcon.colcon_core.package_identification:_identify(build) by extensions ['ignore', 'ignore_ament_install']
[0.320s] Level 1:colcon.colcon_core.package_identification:_identify(build) by extension 'ignore'
[0.320s] Level 1:colcon.colcon_core.package_identification:_identify(build) ignored
[0.320s] Level 1:colcon.colcon_core.package_identification:_identify(install) by extensions ['ignore', 'ignore_ament_install']
[0.320s] Level 1:colcon.colcon_core.package_identification:_identify(install) by extension 'ignore'
[0.320s] Level 1:colcon.colcon_core.package_identification:_identify(install) ignored
[0.320s] Level 1:colcon.colcon_core.package_identification:_identify(log) by extensions ['ignore', 'ignore_ament_install']
[0.321s] Level 1:colcon.colcon_core.package_identification:_identify(log) by extension 'ignore'
[0.321s] Level 1:colcon.colcon_core.package_identification:_identify(log) ignored
[0.321s] Level 1:colcon.colcon_core.package_identification:_identify(src) by extensions ['ignore', 'ignore_ament_install']
[0.321s] Level 1:colcon.colcon_core.package_identification:_identify(src) by extension 'ignore'
[0.321s] Level 1:colcon.colcon_core.package_identification:_identify(src) by extension 'ignore_ament_install'
[0.321s] Level 1:colcon.colcon_core.package_identification:_identify(src) by extensions ['colcon_pkg']
[0.321s] Level 1:colcon.colcon_core.package_identification:_identify(src) by extension 'colcon_pkg'
[0.321s] Level 1:colcon.colcon_core.package_identification:_identify(src) by extensions ['colcon_meta']
[0.321s] Level 1:colcon.colcon_core.package_identification:_identify(src) by extension 'colcon_meta'
[0.321s] Level 1:colcon.colcon_core.package_identification:_identify(src) by extensions ['ros']
[0.321s] Level 1:colcon.colcon_core.package_identification:_identify(src) by extension 'ros'
[0.321s] Level 1:colcon.colcon_core.package_identification:_identify(src) by extensions ['cmake', 'python']
[0.321s] Level 1:colcon.colcon_core.package_identification:_identify(src) by extension 'cmake'
[0.321s] Level 1:colcon.colcon_core.package_identification:_identify(src) by extension 'python'
[0.321s] Level 1:colcon.colcon_core.package_identification:_identify(src) by extensions ['python_setup_py']
[0.321s] Level 1:colcon.colcon_core.package_identification:_identify(src) by extension 'python_setup_py'
[0.321s] Level 1:colcon.colcon_core.package_identification:_identify(src/DynamixelSDK) by extensions ['ignore', 'ignore_ament_install']
[0.322s] Level 1:colcon.colcon_core.package_identification:_identify(src/DynamixelSDK) by extension 'ignore'
[0.322s] Level 1:colcon.colcon_core.package_identification:_identify(src/DynamixelSDK) by extension 'ignore_ament_install'
[0.322s] Level 1:colcon.colcon_core.package_identification:_identify(src/DynamixelSDK) by extensions ['colcon_pkg']
[0.322s] Level 1:colcon.colcon_core.package_identification:_identify(src/DynamixelSDK) by extension 'colcon_pkg'
[0.322s] Level 1:colcon.colcon_core.package_identification:_identify(src/DynamixelSDK) by extensions ['colcon_meta']
[0.322s] Level 1:colcon.colcon_core.package_identification:_identify(src/DynamixelSDK) by extension 'colcon_meta'
[0.322s] Level 1:colcon.colcon_core.package_identification:_identify(src/DynamixelSDK) by extensions ['ros']
[0.322s] Level 1:colcon.colcon_core.package_identification:_identify(src/DynamixelSDK) by extension 'ros'
[0.322s] Level 1:colcon.colcon_core.package_identification:_identify(src/DynamixelSDK) by extensions ['cmake', 'python']
[0.322s] Level 1:colcon.colcon_core.package_identification:_identify(src/DynamixelSDK) by extension 'cmake'
[0.322s] Level 1:colcon.colcon_core.package_identification:_identify(src/DynamixelSDK) by extension 'python'
[0.322s] Level 1:colcon.colcon_core.package_identification:_identify(src/DynamixelSDK) by extensions ['python_setup_py']
[0.322s] Level 1:colcon.colcon_core.package_identification:_identify(src/DynamixelSDK) by extension 'python_setup_py'
[0.322s] Level 1:colcon.colcon_core.package_identification:_identify(src/DynamixelSDK/dynamixel_sdk) by extensions ['ignore', 'ignore_ament_install']
[0.322s] Level 1:colcon.colcon_core.package_identification:_identify(src/DynamixelSDK/dynamixel_sdk) by extension 'ignore'
[0.322s] Level 1:colcon.colcon_core.package_identification:_identify(src/DynamixelSDK/dynamixel_sdk) by extension 'ignore_ament_install'
[0.322s] Level 1:colcon.colcon_core.package_identification:_identify(src/DynamixelSDK/dynamixel_sdk) by extensions ['colcon_pkg']
[0.322s] Level 1:colcon.colcon_core.package_identification:_identify(src/DynamixelSDK/dynamixel_sdk) by extension 'colcon_pkg'
[0.322s] Level 1:colcon.colcon_core.package_identification:_identify(src/DynamixelSDK/dynamixel_sdk) by extensions ['colcon_meta']
[0.322s] Level 1:colcon.colcon_core.package_identification:_identify(src/DynamixelSDK/dynamixel_sdk) by extension 'colcon_meta'
[0.322s] Level 1:colcon.colcon_core.package_identification:_identify(src/DynamixelSDK/dynamixel_sdk) by extensions ['ros']
[0.323s] Level 1:colcon.colcon_core.package_identification:_identify(src/DynamixelSDK/dynamixel_sdk) by extension 'ros'
[0.329s] DEBUG:colcon.colcon_core.package_identification:Package 'src/DynamixelSDK/dynamixel_sdk' with type 'ros.ament_cmake' and name 'dynamixel_sdk'
[0.329s] Level 1:colcon.colcon_core.package_identification:_identify(src/DynamixelSDK/dynamixel_sdk_custom_interfaces) by extensions ['ignore', 'ignore_ament_install']
[0.329s] Level 1:colcon.colcon_core.package_identification:_identify(src/DynamixelSDK/dynamixel_sdk_custom_interfaces) by extension 'ignore'
[0.329s] Level 1:colcon.colcon_core.package_identification:_identify(src/DynamixelSDK/dynamixel_sdk_custom_interfaces) by extension 'ignore_ament_install'
[0.329s] Level 1:colcon.colcon_core.package_identification:_identify(src/DynamixelSDK/dynamixel_sdk_custom_interfaces) by extensions ['colcon_pkg']
[0.329s] Level 1:colcon.colcon_core.package_identification:_identify(src/DynamixelSDK/dynamixel_sdk_custom_interfaces) by extension 'colcon_pkg'
[0.329s] Level 1:colcon.colcon_core.package_identification:_identify(src/DynamixelSDK/dynamixel_sdk_custom_interfaces) by extensions ['colcon_meta']
[0.329s] Level 1:colcon.colcon_core.package_identification:_identify(src/DynamixelSDK/dynamixel_sdk_custom_interfaces) by extension 'colcon_meta'
[0.329s] Level 1:colcon.colcon_core.package_identification:_identify(src/DynamixelSDK/dynamixel_sdk_custom_interfaces) by extensions ['ros']
[0.330s] Level 1:colcon.colcon_core.package_identification:_identify(src/DynamixelSDK/dynamixel_sdk_custom_interfaces) by extension 'ros'
[0.330s] DEBUG:colcon.colcon_core.package_identification:Package 'src/DynamixelSDK/dynamixel_sdk_custom_interfaces' with type 'ros.ament_cmake' and name 'dynamixel_sdk_custom_interfaces'
[0.331s] Level 1:colcon.colcon_core.package_identification:_identify(src/DynamixelSDK/dynamixel_sdk_examples) by extensions ['ignore', 'ignore_ament_install']
[0.331s] Level 1:colcon.colcon_core.package_identification:_identify(src/DynamixelSDK/dynamixel_sdk_examples) by extension 'ignore'
[0.331s] Level 1:colcon.colcon_core.package_identification:_identify(src/DynamixelSDK/dynamixel_sdk_examples) by extension 'ignore_ament_install'
[0.331s] Level 1:colcon.colcon_core.package_identification:_identify(src/DynamixelSDK/dynamixel_sdk_examples) by extensions ['colcon_pkg']
[0.331s] Level 1:colcon.colcon_core.package_identification:_identify(src/DynamixelSDK/dynamixel_sdk_examples) by extension 'colcon_pkg'
[0.331s] Level 1:colcon.colcon_core.package_identification:_identify(src/DynamixelSDK/dynamixel_sdk_examples) by extensions ['colcon_meta']
[0.331s] Level 1:colcon.colcon_core.package_identification:_identify(src/DynamixelSDK/dynamixel_sdk_examples) by extension 'colcon_meta'
[0.331s] Level 1:colcon.colcon_core.package_identification:_identify(src/DynamixelSDK/dynamixel_sdk_examples) by extensions ['ros']
[0.331s] Level 1:colcon.colcon_core.package_identification:_identify(src/DynamixelSDK/dynamixel_sdk_examples) by extension 'ros'
[0.332s] DEBUG:colcon.colcon_core.package_identification:Package 'src/DynamixelSDK/dynamixel_sdk_examples' with type 'ros.ament_cmake' and name 'dynamixel_sdk_examples'
[0.332s] Level 1:colcon.colcon_core.package_discovery:discover_packages(recursive) using defaults
[0.332s] Level 1:colcon.colcon_core.package_discovery:discover_packages(ignore) discover
[0.332s] Level 1:colcon.colcon_core.package_discovery:discover_packages(ignore) using defaults
[0.332s] Level 1:colcon.colcon_core.package_discovery:discover_packages(path) discover
[0.332s] Level 1:colcon.colcon_core.package_discovery:discover_packages(path) using defaults
[0.359s] INFO:colcon.colcon_core.package_selection:Skipping not selected package 'dynamixel_sdk' in 'src/DynamixelSDK/dynamixel_sdk'
[0.359s] INFO:colcon.colcon_core.package_selection:Skipping not selected package 'dynamixel_sdk_examples' in 'src/DynamixelSDK/dynamixel_sdk_examples'
[0.360s] Level 5:colcon.colcon_core.verb:set package 'dynamixel_sdk_custom_interfaces' build argument 'cmake_args' from command line to 'None'
[0.360s] Level 5:colcon.colcon_core.verb:set package 'dynamixel_sdk_custom_interfaces' build argument 'cmake_target' from command line to 'None'
[0.360s] Level 5:colcon.colcon_core.verb:set package 'dynamixel_sdk_custom_interfaces' build argument 'cmake_target_skip_unavailable' from command line to 'False'
[0.360s] Level 5:colcon.colcon_core.verb:set package 'dynamixel_sdk_custom_interfaces' build argument 'cmake_clean_cache' from command line to 'False'
[0.360s] Level 5:colcon.colcon_core.verb:set package 'dynamixel_sdk_custom_interfaces' build argument 'cmake_clean_first' from command line to 'False'
[0.360s] Level 5:colcon.colcon_core.verb:set package 'dynamixel_sdk_custom_interfaces' build argument 'cmake_force_configure' from command line to 'False'
[0.360s] Level 5:colcon.colcon_core.verb:set package 'dynamixel_sdk_custom_interfaces' build argument 'ament_cmake_args' from command line to 'None'
[0.360s] Level 5:colcon.colcon_core.verb:set package 'dynamixel_sdk_custom_interfaces' build argument 'catkin_cmake_args' from command line to 'None'
[0.360s] Level 5:colcon.colcon_core.verb:set package 'dynamixel_sdk_custom_interfaces' build argument 'catkin_skip_building_tests' from command line to 'False'
[0.360s] DEBUG:colcon.colcon_core.verb:Building package 'dynamixel_sdk_custom_interfaces' with the following arguments: {'ament_cmake_args': None, 'build_base': '/reconfigurable_quadruped/robotis_ws/build/dynamixel_sdk_custom_interfaces', 'catkin_cmake_args': None, 'catkin_skip_building_tests': False, 'cmake_args': None, 'cmake_clean_cache': False, 'cmake_clean_first': False, 'cmake_force_configure': False, 'cmake_target': None, 'cmake_target_skip_unavailable': False, 'install_base': '/reconfigurable_quadruped/robotis_ws/install/dynamixel_sdk_custom_interfaces', 'merge_install': False, 'path': '/reconfigurable_quadruped/robotis_ws/src/DynamixelSDK/dynamixel_sdk_custom_interfaces', 'symlink_install': False, 'test_result_base': None}
[0.360s] INFO:colcon.colcon_core.executor:Executing jobs using 'parallel' executor
[0.362s] DEBUG:colcon.colcon_parallel_executor.executor.parallel:run_until_complete
[0.362s] INFO:colcon.colcon_ros.task.ament_cmake.build:Building ROS package in '/reconfigurable_quadruped/robotis_ws/src/DynamixelSDK/dynamixel_sdk_custom_interfaces' with build type 'ament_cmake'
[0.362s] INFO:colcon.colcon_cmake.task.cmake.build:Building CMake package in '/reconfigurable_quadruped/robotis_ws/src/DynamixelSDK/dynamixel_sdk_custom_interfaces'
[0.371s] INFO:colcon.colcon_core.plugin_system:Skipping extension 'colcon_core.shell.bat': Not used on non-Windows systems
[0.372s] INFO:colcon.colcon_core.shell:Skip shell extension 'powershell' for command environment: Not usable outside of PowerShell
[0.372s] DEBUG:colcon.colcon_core.shell:Skip shell extension 'dsv' for command environment
[0.392s] DEBUG:colcon.colcon_core.event_handler.log_command:Invoking command in '/reconfigurable_quadruped/robotis_ws/build/dynamixel_sdk_custom_interfaces': CMAKE_PREFIX_PATH=${CMAKE_PREFIX_PATH}:/opt/ros/humble /usr/bin/cmake /reconfigurable_quadruped/robotis_ws/src/DynamixelSDK/dynamixel_sdk_custom_interfaces -DCMAKE_INSTALL_PREFIX=/reconfigurable_quadruped/robotis_ws/install/dynamixel_sdk_custom_interfaces
[2.541s] DEBUG:colcon.colcon_core.event_handler.log_command:Invoked command in '/reconfigurable_quadruped/robotis_ws/build/dynamixel_sdk_custom_interfaces' returned '0': CMAKE_PREFIX_PATH=${CMAKE_PREFIX_PATH}:/opt/ros/humble /usr/bin/cmake /reconfigurable_quadruped/robotis_ws/src/DynamixelSDK/dynamixel_sdk_custom_interfaces -DCMAKE_INSTALL_PREFIX=/reconfigurable_quadruped/robotis_ws/install/dynamixel_sdk_custom_interfaces
[2.546s] DEBUG:colcon.colcon_core.event_handler.log_command:Invoking command in '/reconfigurable_quadruped/robotis_ws/build/dynamixel_sdk_custom_interfaces': CMAKE_PREFIX_PATH=${CMAKE_PREFIX_PATH}:/opt/ros/humble /usr/bin/cmake --build /reconfigurable_quadruped/robotis_ws/build/dynamixel_sdk_custom_interfaces -- -j4 -l4
[3.624s] DEBUG:colcon.colcon_core.event_handler.log_command:Invoked command in '/reconfigurable_quadruped/robotis_ws/build/dynamixel_sdk_custom_interfaces' returned '0': CMAKE_PREFIX_PATH=${CMAKE_PREFIX_PATH}:/opt/ros/humble /usr/bin/cmake --build /reconfigurable_quadruped/robotis_ws/build/dynamixel_sdk_custom_interfaces -- -j4 -l4
[3.648s] DEBUG:colcon.colcon_core.event_handler.log_command:Invoking command in '/reconfigurable_quadruped/robotis_ws/build/dynamixel_sdk_custom_interfaces': CMAKE_PREFIX_PATH=${CMAKE_PREFIX_PATH}:/opt/ros/humble /usr/bin/cmake --install /reconfigurable_quadruped/robotis_ws/build/dynamixel_sdk_custom_interfaces
[3.884s] Level 1:colcon.colcon_core.environment:create_environment_scripts_only(dynamixel_sdk_custom_interfaces)
[3.887s] DEBUG:colcon.colcon_core.event_handler.log_command:Invoked command in '/reconfigurable_quadruped/robotis_ws/build/dynamixel_sdk_custom_interfaces' returned '0': CMAKE_PREFIX_PATH=${CMAKE_PREFIX_PATH}:/opt/ros/humble /usr/bin/cmake --install /reconfigurable_quadruped/robotis_ws/build/dynamixel_sdk_custom_interfaces
[3.899s] Level 1:colcon.colcon_core.environment:checking '/reconfigurable_quadruped/robotis_ws/install/dynamixel_sdk_custom_interfaces' for CMake module files
[3.904s] Level 1:colcon.colcon_core.environment:checking '/reconfigurable_quadruped/robotis_ws/install/dynamixel_sdk_custom_interfaces' for CMake config files
[3.907s] Level 1:colcon.colcon_core.shell:create_environment_hook('dynamixel_sdk_custom_interfaces', 'cmake_prefix_path')
[3.908s] INFO:colcon.colcon_core.shell:Creating environment hook '/reconfigurable_quadruped/robotis_ws/install/dynamixel_sdk_custom_interfaces/share/dynamixel_sdk_custom_interfaces/hook/cmake_prefix_path.ps1'
[3.910s] INFO:colcon.colcon_core.shell:Creating environment descriptor '/reconfigurable_quadruped/robotis_ws/install/dynamixel_sdk_custom_interfaces/share/dynamixel_sdk_custom_interfaces/hook/cmake_prefix_path.dsv'
[3.912s] INFO:colcon.colcon_core.shell:Creating environment hook '/reconfigurable_quadruped/robotis_ws/install/dynamixel_sdk_custom_interfaces/share/dynamixel_sdk_custom_interfaces/hook/cmake_prefix_path.sh'
[3.916s] Level 1:colcon.colcon_core.environment:checking '/reconfigurable_quadruped/robotis_ws/install/dynamixel_sdk_custom_interfaces/lib'
[3.917s] Level 1:colcon.colcon_core.shell:create_environment_hook('dynamixel_sdk_custom_interfaces', 'ld_library_path_lib')
[3.918s] INFO:colcon.colcon_core.shell:Creating environment hook '/reconfigurable_quadruped/robotis_ws/install/dynamixel_sdk_custom_interfaces/share/dynamixel_sdk_custom_interfaces/hook/ld_library_path_lib.ps1'
[3.919s] INFO:colcon.colcon_core.shell:Creating environment descriptor '/reconfigurable_quadruped/robotis_ws/install/dynamixel_sdk_custom_interfaces/share/dynamixel_sdk_custom_interfaces/hook/ld_library_path_lib.dsv'
[3.920s] INFO:colcon.colcon_core.shell:Creating environment hook '/reconfigurable_quadruped/robotis_ws/install/dynamixel_sdk_custom_interfaces/share/dynamixel_sdk_custom_interfaces/hook/ld_library_path_lib.sh'
[3.922s] Level 1:colcon.colcon_core.environment:checking '/reconfigurable_quadruped/robotis_ws/install/dynamixel_sdk_custom_interfaces/bin'
[3.922s] Level 1:colcon.colcon_core.environment:checking '/reconfigurable_quadruped/robotis_ws/install/dynamixel_sdk_custom_interfaces/lib/pkgconfig/dynamixel_sdk_custom_interfaces.pc'
[3.927s] Level 1:colcon.colcon_core.environment:checking '/reconfigurable_quadruped/robotis_ws/install/dynamixel_sdk_custom_interfaces/lib/python3.10/site-packages'
[3.928s] Level 1:colcon.colcon_core.environment:checking '/reconfigurable_quadruped/robotis_ws/install/dynamixel_sdk_custom_interfaces/bin'
[3.929s] INFO:colcon.colcon_core.shell:Creating package script '/reconfigurable_quadruped/robotis_ws/install/dynamixel_sdk_custom_interfaces/share/dynamixel_sdk_custom_interfaces/package.ps1'
[3.931s] INFO:colcon.colcon_core.shell:Creating package descriptor '/reconfigurable_quadruped/robotis_ws/install/dynamixel_sdk_custom_interfaces/share/dynamixel_sdk_custom_interfaces/package.dsv'
[3.933s] INFO:colcon.colcon_core.shell:Creating package script '/reconfigurable_quadruped/robotis_ws/install/dynamixel_sdk_custom_interfaces/share/dynamixel_sdk_custom_interfaces/package.sh'
[3.935s] INFO:colcon.colcon_core.shell:Creating package script '/reconfigurable_quadruped/robotis_ws/install/dynamixel_sdk_custom_interfaces/share/dynamixel_sdk_custom_interfaces/package.bash'
[3.936s] INFO:colcon.colcon_core.shell:Creating package script '/reconfigurable_quadruped/robotis_ws/install/dynamixel_sdk_custom_interfaces/share/dynamixel_sdk_custom_interfaces/package.zsh'
[3.937s] Level 1:colcon.colcon_core.environment:create_file_with_runtime_dependencies(/reconfigurable_quadruped/robotis_ws/install/dynamixel_sdk_custom_interfaces/share/colcon-core/packages/dynamixel_sdk_custom_interfaces)
[3.939s] Level 1:colcon.colcon_core.environment:create_environment_scripts_only(dynamixel_sdk_custom_interfaces)
[3.940s] Level 1:colcon.colcon_core.environment:checking '/reconfigurable_quadruped/robotis_ws/install/dynamixel_sdk_custom_interfaces' for CMake module files
[3.941s] Level 1:colcon.colcon_core.environment:checking '/reconfigurable_quadruped/robotis_ws/install/dynamixel_sdk_custom_interfaces' for CMake config files
[3.942s] Level 1:colcon.colcon_core.shell:create_environment_hook('dynamixel_sdk_custom_interfaces', 'cmake_prefix_path')
[3.943s] INFO:colcon.colcon_core.shell:Creating environment hook '/reconfigurable_quadruped/robotis_ws/install/dynamixel_sdk_custom_interfaces/share/dynamixel_sdk_custom_interfaces/hook/cmake_prefix_path.ps1'
[3.944s] INFO:colcon.colcon_core.shell:Creating environment descriptor '/reconfigurable_quadruped/robotis_ws/install/dynamixel_sdk_custom_interfaces/share/dynamixel_sdk_custom_interfaces/hook/cmake_prefix_path.dsv'
[3.945s] INFO:colcon.colcon_core.shell:Creating environment hook '/reconfigurable_quadruped/robotis_ws/install/dynamixel_sdk_custom_interfaces/share/dynamixel_sdk_custom_interfaces/hook/cmake_prefix_path.sh'
[3.946s] Level 1:colcon.colcon_core.environment:checking '/reconfigurable_quadruped/robotis_ws/install/dynamixel_sdk_custom_interfaces/lib'
[3.947s] Level 1:colcon.colcon_core.shell:create_environment_hook('dynamixel_sdk_custom_interfaces', 'ld_library_path_lib')
[3.948s] INFO:colcon.colcon_core.shell:Creating environment hook '/reconfigurable_quadruped/robotis_ws/install/dynamixel_sdk_custom_interfaces/share/dynamixel_sdk_custom_interfaces/hook/ld_library_path_lib.ps1'
[3.954s] INFO:colcon.colcon_core.shell:Creating environment descriptor '/reconfigurable_quadruped/robotis_ws/install/dynamixel_sdk_custom_interfaces/share/dynamixel_sdk_custom_interfaces/hook/ld_library_path_lib.dsv'
[3.957s] INFO:colcon.colcon_core.shell:Creating environment hook '/reconfigurable_quadruped/robotis_ws/install/dynamixel_sdk_custom_interfaces/share/dynamixel_sdk_custom_interfaces/hook/ld_library_path_lib.sh'
[3.959s] Level 1:colcon.colcon_core.environment:checking '/reconfigurable_quadruped/robotis_ws/install/dynamixel_sdk_custom_interfaces/bin'
[3.959s] Level 1:colcon.colcon_core.environment:checking '/reconfigurable_quadruped/robotis_ws/install/dynamixel_sdk_custom_interfaces/lib/pkgconfig/dynamixel_sdk_custom_interfaces.pc'
[3.959s] Level 1:colcon.colcon_core.environment:checking '/reconfigurable_quadruped/robotis_ws/install/dynamixel_sdk_custom_interfaces/lib/python3.10/site-packages'
[3.960s] Level 1:colcon.colcon_core.environment:checking '/reconfigurable_quadruped/robotis_ws/install/dynamixel_sdk_custom_interfaces/bin'
[3.960s] INFO:colcon.colcon_core.shell:Creating package script '/reconfigurable_quadruped/robotis_ws/install/dynamixel_sdk_custom_interfaces/share/dynamixel_sdk_custom_interfaces/package.ps1'
[3.965s] INFO:colcon.colcon_core.shell:Creating package descriptor '/reconfigurable_quadruped/robotis_ws/install/dynamixel_sdk_custom_interfaces/share/dynamixel_sdk_custom_interfaces/package.dsv'
[3.969s] INFO:colcon.colcon_core.shell:Creating package script '/reconfigurable_quadruped/robotis_ws/install/dynamixel_sdk_custom_interfaces/share/dynamixel_sdk_custom_interfaces/package.sh'
[3.971s] INFO:colcon.colcon_core.shell:Creating package script '/reconfigurable_quadruped/robotis_ws/install/dynamixel_sdk_custom_interfaces/share/dynamixel_sdk_custom_interfaces/package.bash'
[3.972s] INFO:colcon.colcon_core.shell:Creating package script '/reconfigurable_quadruped/robotis_ws/install/dynamixel_sdk_custom_interfaces/share/dynamixel_sdk_custom_interfaces/package.zsh'
[3.974s] Level 1:colcon.colcon_core.environment:create_file_with_runtime_dependencies(/reconfigurable_quadruped/robotis_ws/install/dynamixel_sdk_custom_interfaces/share/colcon-core/packages/dynamixel_sdk_custom_interfaces)
[3.976s] DEBUG:colcon.colcon_parallel_executor.executor.parallel:closing loop
[3.976s] DEBUG:colcon.colcon_parallel_executor.executor.parallel:loop closed
[3.976s] DEBUG:colcon.colcon_parallel_executor.executor.parallel:run_until_complete finished with '0'
[3.977s] DEBUG:colcon.colcon_core.event_reactor:joining thread
[3.981s] INFO:colcon.colcon_core.plugin_system:Skipping extension 'colcon_notification.desktop_notification.notify2': 'notify2' not found
[3.981s] INFO:colcon.colcon_core.plugin_system:Skipping extension 'colcon_notification.desktop_notification.notify_send': Could not find 'notify-send'
[3.981s] INFO:colcon.colcon_core.plugin_system:Skipping extension 'colcon_notification.desktop_notification.terminal_notifier': Not used on non-Darwin systems
[3.981s] INFO:colcon.colcon_core.plugin_system:Skipping extension 'colcon_notification.desktop_notification.win32': Not used on non-Windows systems
[3.981s] DEBUG:colcon.colcon_core.event_reactor:joined thread
[3.982s] INFO:colcon.colcon_core.shell:Creating prefix script '/reconfigurable_quadruped/robotis_ws/install/local_setup.ps1'
[3.984s] INFO:colcon.colcon_core.shell:Creating prefix util module '/reconfigurable_quadruped/robotis_ws/install/_local_setup_util_ps1.py'
[3.986s] INFO:colcon.colcon_core.shell:Creating prefix chain script '/reconfigurable_quadruped/robotis_ws/install/setup.ps1'
[3.989s] INFO:colcon.colcon_core.shell:Creating prefix script '/reconfigurable_quadruped/robotis_ws/install/local_setup.sh'
[3.990s] INFO:colcon.colcon_core.shell:Creating prefix util module '/reconfigurable_quadruped/robotis_ws/install/_local_setup_util_sh.py'
[3.991s] INFO:colcon.colcon_core.shell:Creating prefix chain script '/reconfigurable_quadruped/robotis_ws/install/setup.sh'
[3.997s] INFO:colcon.colcon_core.shell:Creating prefix script '/reconfigurable_quadruped/robotis_ws/install/local_setup.bash'
[3.998s] INFO:colcon.colcon_core.shell:Creating prefix chain script '/reconfigurable_quadruped/robotis_ws/install/setup.bash'
[4.001s] INFO:colcon.colcon_core.shell:Creating prefix script '/reconfigurable_quadruped/robotis_ws/install/local_setup.zsh'
[4.002s] INFO:colcon.colcon_core.shell:Creating prefix chain script '/reconfigurable_quadruped/robotis_ws/install/setup.zsh'
