[0.174s] DEBUG:colcon:Command line arguments: ['/usr/local/bin/colcon', 'build']
[0.174s] DEBUG:colcon:Parsed command line arguments: Namespace(log_base=None, log_level=None, verb_name='build', build_base='build', install_base='install', merge_install=False, symlink_install=False, test_result_base=None, continue_on_error=False, executor='parallel', parallel_workers=4, event_handlers=None, ignore_user_meta=False, metas=['./colcon.meta'], base_paths=['.'], packages_ignore=None, packages_ignore_regex=None, paths=None, packages_up_to=None, packages_up_to_regex=None, packages_above=None, packages_above_and_dependencies=None, packages_above_depth=None, packages_select_by_dep=None, packages_skip_by_dep=None, packages_skip_up_to=None, packages_select_build_failed=False, packages_skip_build_finished=False, packages_select_test_failures=False, packages_skip_test_passed=False, packages_select=None, packages_skip=None, packages_select_regex=None, packages_skip_regex=None, packages_start=None, packages_end=None, cmake_args=None, cmake_target=None, cmake_target_skip_unavailable=False, cmake_clean_cache=False, cmake_clean_first=False, cmake_force_configure=False, ament_cmake_args=None, catkin_cmake_args=None, catkin_skip_building_tests=False, verb_parser=<colcon_defaults.argument_parser.defaults.DefaultArgumentsDecorator object at 0xffff94ce7430>, verb_extension=<colcon_core.verb.build.BuildVerb object at 0xffff94ce6380>, main=<bound method BuildVerb.main of <colcon_core.verb.build.BuildVerb object at 0xffff94ce6380>>)
[0.299s] Level 1:colcon.colcon_core.package_discovery:discover_packages(colcon_meta) check parameters
[0.299s] Level 1:colcon.colcon_core.package_discovery:discover_packages(recursive) check parameters
[0.299s] Level 1:colcon.colcon_core.package_discovery:discover_packages(ignore) check parameters
[0.299s] Level 1:colcon.colcon_core.package_discovery:discover_packages(path) check parameters
[0.299s] Level 1:colcon.colcon_core.package_discovery:discover_packages(colcon_meta) discover
[0.299s] Level 1:colcon.colcon_core.package_discovery:discover_packages(recursive) discover
[0.299s] INFO:colcon.colcon_core.package_discovery:Crawling recursively for packages in '/reconfigurable_quadruped/robotis_ws'
[0.299s] Level 1:colcon.colcon_core.package_identification:_identify(.) by extensions ['ignore', 'ignore_ament_install']
[0.299s] Level 1:colcon.colcon_core.package_identification:_identify(.) by extension 'ignore'
[0.300s] Level 1:colcon.colcon_core.package_identification:_identify(.) by extension 'ignore_ament_install'
[0.300s] Level 1:colcon.colcon_core.package_identification:_identify(.) by extensions ['colcon_pkg']
[0.300s] Level 1:colcon.colcon_core.package_identification:_identify(.) by extension 'colcon_pkg'
[0.300s] Level 1:colcon.colcon_core.package_identification:_identify(.) by extensions ['colcon_meta']
[0.300s] Level 1:colcon.colcon_core.package_identification:_identify(.) by extension 'colcon_meta'
[0.300s] Level 1:colcon.colcon_core.package_identification:_identify(.) by extensions ['ros']
[0.300s] Level 1:colcon.colcon_core.package_identification:_identify(.) by extension 'ros'
[0.315s] Level 1:colcon.colcon_core.package_identification:_identify(.) by extensions ['cmake', 'python']
[0.316s] Level 1:colcon.colcon_core.package_identification:_identify(.) by extension 'cmake'
[0.316s] Level 1:colcon.colcon_core.package_identification:_identify(.) by extension 'python'
[0.316s] Level 1:colcon.colcon_core.package_identification:_identify(.) by extensions ['python_setup_py']
[0.316s] Level 1:colcon.colcon_core.package_identification:_identify(.) by extension 'python_setup_py'
[0.316s] Level 1:colcon.colcon_core.package_identification:_identify(build) by extensions ['ignore', 'ignore_ament_install']
[0.316s] Level 1:colcon.colcon_core.package_identification:_identify(build) by extension 'ignore'
[0.316s] Level 1:colcon.colcon_core.package_identification:_identify(build) ignored
[0.316s] Level 1:colcon.colcon_core.package_identification:_identify(install) by extensions ['ignore', 'ignore_ament_install']
[0.316s] Level 1:colcon.colcon_core.package_identification:_identify(install) by extension 'ignore'
[0.316s] Level 1:colcon.colcon_core.package_identification:_identify(install) ignored
[0.317s] Level 1:colcon.colcon_core.package_identification:_identify(log) by extensions ['ignore', 'ignore_ament_install']
[0.317s] Level 1:colcon.colcon_core.package_identification:_identify(log) by extension 'ignore'
[0.317s] Level 1:colcon.colcon_core.package_identification:_identify(log) ignored
[0.317s] Level 1:colcon.colcon_core.package_identification:_identify(src) by extensions ['ignore', 'ignore_ament_install']
[0.317s] Level 1:colcon.colcon_core.package_identification:_identify(src) by extension 'ignore'
[0.317s] Level 1:colcon.colcon_core.package_identification:_identify(src) by extension 'ignore_ament_install'
[0.317s] Level 1:colcon.colcon_core.package_identification:_identify(src) by extensions ['colcon_pkg']
[0.317s] Level 1:colcon.colcon_core.package_identification:_identify(src) by extension 'colcon_pkg'
[0.317s] Level 1:colcon.colcon_core.package_identification:_identify(src) by extensions ['colcon_meta']
[0.317s] Level 1:colcon.colcon_core.package_identification:_identify(src) by extension 'colcon_meta'
[0.317s] Level 1:colcon.colcon_core.package_identification:_identify(src) by extensions ['ros']
[0.317s] Level 1:colcon.colcon_core.package_identification:_identify(src) by extension 'ros'
[0.317s] Level 1:colcon.colcon_core.package_identification:_identify(src) by extensions ['cmake', 'python']
[0.317s] Level 1:colcon.colcon_core.package_identification:_identify(src) by extension 'cmake'
[0.317s] Level 1:colcon.colcon_core.package_identification:_identify(src) by extension 'python'
[0.317s] Level 1:colcon.colcon_core.package_identification:_identify(src) by extensions ['python_setup_py']
[0.317s] Level 1:colcon.colcon_core.package_identification:_identify(src) by extension 'python_setup_py'
[0.317s] Level 1:colcon.colcon_core.package_identification:_identify(src/DynamixelSDK) by extensions ['ignore', 'ignore_ament_install']
[0.318s] Level 1:colcon.colcon_core.package_identification:_identify(src/DynamixelSDK) by extension 'ignore'
[0.318s] Level 1:colcon.colcon_core.package_identification:_identify(src/DynamixelSDK) by extension 'ignore_ament_install'
[0.318s] Level 1:colcon.colcon_core.package_identification:_identify(src/DynamixelSDK) by extensions ['colcon_pkg']
[0.318s] Level 1:colcon.colcon_core.package_identification:_identify(src/DynamixelSDK) by extension 'colcon_pkg'
[0.318s] Level 1:colcon.colcon_core.package_identification:_identify(src/DynamixelSDK) by extensions ['colcon_meta']
[0.318s] Level 1:colcon.colcon_core.package_identification:_identify(src/DynamixelSDK) by extension 'colcon_meta'
[0.318s] Level 1:colcon.colcon_core.package_identification:_identify(src/DynamixelSDK) by extensions ['ros']
[0.318s] Level 1:colcon.colcon_core.package_identification:_identify(src/DynamixelSDK) by extension 'ros'
[0.318s] Level 1:colcon.colcon_core.package_identification:_identify(src/DynamixelSDK) by extensions ['cmake', 'python']
[0.318s] Level 1:colcon.colcon_core.package_identification:_identify(src/DynamixelSDK) by extension 'cmake'
[0.318s] Level 1:colcon.colcon_core.package_identification:_identify(src/DynamixelSDK) by extension 'python'
[0.318s] Level 1:colcon.colcon_core.package_identification:_identify(src/DynamixelSDK) by extensions ['python_setup_py']
[0.318s] Level 1:colcon.colcon_core.package_identification:_identify(src/DynamixelSDK) by extension 'python_setup_py'
[0.318s] Level 1:colcon.colcon_core.package_identification:_identify(src/DynamixelSDK/dynamixel_sdk) by extensions ['ignore', 'ignore_ament_install']
[0.318s] Level 1:colcon.colcon_core.package_identification:_identify(src/DynamixelSDK/dynamixel_sdk) by extension 'ignore'
[0.318s] Level 1:colcon.colcon_core.package_identification:_identify(src/DynamixelSDK/dynamixel_sdk) by extension 'ignore_ament_install'
[0.318s] Level 1:colcon.colcon_core.package_identification:_identify(src/DynamixelSDK/dynamixel_sdk) by extensions ['colcon_pkg']
[0.318s] Level 1:colcon.colcon_core.package_identification:_identify(src/DynamixelSDK/dynamixel_sdk) by extension 'colcon_pkg'
[0.318s] Level 1:colcon.colcon_core.package_identification:_identify(src/DynamixelSDK/dynamixel_sdk) by extensions ['colcon_meta']
[0.318s] Level 1:colcon.colcon_core.package_identification:_identify(src/DynamixelSDK/dynamixel_sdk) by extension 'colcon_meta'
[0.319s] Level 1:colcon.colcon_core.package_identification:_identify(src/DynamixelSDK/dynamixel_sdk) by extensions ['ros']
[0.319s] Level 1:colcon.colcon_core.package_identification:_identify(src/DynamixelSDK/dynamixel_sdk) by extension 'ros'
[0.325s] DEBUG:colcon.colcon_core.package_identification:Package 'src/DynamixelSDK/dynamixel_sdk' with type 'ros.ament_cmake' and name 'dynamixel_sdk'
[0.325s] Level 1:colcon.colcon_core.package_identification:_identify(src/DynamixelSDK/dynamixel_sdk_custom_interfaces) by extensions ['ignore', 'ignore_ament_install']
[0.325s] Level 1:colcon.colcon_core.package_identification:_identify(src/DynamixelSDK/dynamixel_sdk_custom_interfaces) by extension 'ignore'
[0.325s] Level 1:colcon.colcon_core.package_identification:_identify(src/DynamixelSDK/dynamixel_sdk_custom_interfaces) by extension 'ignore_ament_install'
[0.325s] Level 1:colcon.colcon_core.package_identification:_identify(src/DynamixelSDK/dynamixel_sdk_custom_interfaces) by extensions ['colcon_pkg']
[0.325s] Level 1:colcon.colcon_core.package_identification:_identify(src/DynamixelSDK/dynamixel_sdk_custom_interfaces) by extension 'colcon_pkg'
[0.325s] Level 1:colcon.colcon_core.package_identification:_identify(src/DynamixelSDK/dynamixel_sdk_custom_interfaces) by extensions ['colcon_meta']
[0.325s] Level 1:colcon.colcon_core.package_identification:_identify(src/DynamixelSDK/dynamixel_sdk_custom_interfaces) by extension 'colcon_meta'
[0.326s] Level 1:colcon.colcon_core.package_identification:_identify(src/DynamixelSDK/dynamixel_sdk_custom_interfaces) by extensions ['ros']
[0.326s] Level 1:colcon.colcon_core.package_identification:_identify(src/DynamixelSDK/dynamixel_sdk_custom_interfaces) by extension 'ros'
[0.326s] DEBUG:colcon.colcon_core.package_identification:Package 'src/DynamixelSDK/dynamixel_sdk_custom_interfaces' with type 'ros.ament_cmake' and name 'dynamixel_sdk_custom_interfaces'
[0.327s] Level 1:colcon.colcon_core.package_identification:_identify(src/DynamixelSDK/dynamixel_sdk_examples) by extensions ['ignore', 'ignore_ament_install']
[0.327s] Level 1:colcon.colcon_core.package_identification:_identify(src/DynamixelSDK/dynamixel_sdk_examples) by extension 'ignore'
[0.327s] Level 1:colcon.colcon_core.package_identification:_identify(src/DynamixelSDK/dynamixel_sdk_examples) by extension 'ignore_ament_install'
[0.327s] Level 1:colcon.colcon_core.package_identification:_identify(src/DynamixelSDK/dynamixel_sdk_examples) by extensions ['colcon_pkg']
[0.327s] Level 1:colcon.colcon_core.package_identification:_identify(src/DynamixelSDK/dynamixel_sdk_examples) by extension 'colcon_pkg'
[0.327s] Level 1:colcon.colcon_core.package_identification:_identify(src/DynamixelSDK/dynamixel_sdk_examples) by extensions ['colcon_meta']
[0.327s] Level 1:colcon.colcon_core.package_identification:_identify(src/DynamixelSDK/dynamixel_sdk_examples) by extension 'colcon_meta'
[0.327s] Level 1:colcon.colcon_core.package_identification:_identify(src/DynamixelSDK/dynamixel_sdk_examples) by extensions ['ros']
[0.327s] Level 1:colcon.colcon_core.package_identification:_identify(src/DynamixelSDK/dynamixel_sdk_examples) by extension 'ros'
[0.328s] DEBUG:colcon.colcon_core.package_identification:Package 'src/DynamixelSDK/dynamixel_sdk_examples' with type 'ros.ament_cmake' and name 'dynamixel_sdk_examples'
[0.328s] Level 1:colcon.colcon_core.package_discovery:discover_packages(recursive) using defaults
[0.328s] Level 1:colcon.colcon_core.package_discovery:discover_packages(ignore) discover
[0.328s] Level 1:colcon.colcon_core.package_discovery:discover_packages(ignore) using defaults
[0.328s] Level 1:colcon.colcon_core.package_discovery:discover_packages(path) discover
[0.328s] Level 1:colcon.colcon_core.package_discovery:discover_packages(path) using defaults
[0.355s] Level 5:colcon.colcon_core.verb:set package 'dynamixel_sdk' build argument 'cmake_args' from command line to 'None'
[0.355s] Level 5:colcon.colcon_core.verb:set package 'dynamixel_sdk' build argument 'cmake_target' from command line to 'None'
[0.355s] Level 5:colcon.colcon_core.verb:set package 'dynamixel_sdk' build argument 'cmake_target_skip_unavailable' from command line to 'False'
[0.355s] Level 5:colcon.colcon_core.verb:set package 'dynamixel_sdk' build argument 'cmake_clean_cache' from command line to 'False'
[0.355s] Level 5:colcon.colcon_core.verb:set package 'dynamixel_sdk' build argument 'cmake_clean_first' from command line to 'False'
[0.355s] Level 5:colcon.colcon_core.verb:set package 'dynamixel_sdk' build argument 'cmake_force_configure' from command line to 'False'
[0.355s] Level 5:colcon.colcon_core.verb:set package 'dynamixel_sdk' build argument 'ament_cmake_args' from command line to 'None'
[0.355s] Level 5:colcon.colcon_core.verb:set package 'dynamixel_sdk' build argument 'catkin_cmake_args' from command line to 'None'
[0.355s] Level 5:colcon.colcon_core.verb:set package 'dynamixel_sdk' build argument 'catkin_skip_building_tests' from command line to 'False'
[0.355s] DEBUG:colcon.colcon_core.verb:Building package 'dynamixel_sdk' with the following arguments: {'ament_cmake_args': None, 'build_base': '/reconfigurable_quadruped/robotis_ws/build/dynamixel_sdk', 'catkin_cmake_args': None, 'catkin_skip_building_tests': False, 'cmake_args': None, 'cmake_clean_cache': False, 'cmake_clean_first': False, 'cmake_force_configure': False, 'cmake_target': None, 'cmake_target_skip_unavailable': False, 'install_base': '/reconfigurable_quadruped/robotis_ws/install/dynamixel_sdk', 'merge_install': False, 'path': '/reconfigurable_quadruped/robotis_ws/src/DynamixelSDK/dynamixel_sdk', 'symlink_install': False, 'test_result_base': None}
[0.356s] Level 5:colcon.colcon_core.verb:set package 'dynamixel_sdk_custom_interfaces' build argument 'cmake_args' from command line to 'None'
[0.356s] Level 5:colcon.colcon_core.verb:set package 'dynamixel_sdk_custom_interfaces' build argument 'cmake_target' from command line to 'None'
[0.356s] Level 5:colcon.colcon_core.verb:set package 'dynamixel_sdk_custom_interfaces' build argument 'cmake_target_skip_unavailable' from command line to 'False'
[0.356s] Level 5:colcon.colcon_core.verb:set package 'dynamixel_sdk_custom_interfaces' build argument 'cmake_clean_cache' from command line to 'False'
[0.356s] Level 5:colcon.colcon_core.verb:set package 'dynamixel_sdk_custom_interfaces' build argument 'cmake_clean_first' from command line to 'False'
[0.356s] Level 5:colcon.colcon_core.verb:set package 'dynamixel_sdk_custom_interfaces' build argument 'cmake_force_configure' from command line to 'False'
[0.356s] Level 5:colcon.colcon_core.verb:set package 'dynamixel_sdk_custom_interfaces' build argument 'ament_cmake_args' from command line to 'None'
[0.356s] Level 5:colcon.colcon_core.verb:set package 'dynamixel_sdk_custom_interfaces' build argument 'catkin_cmake_args' from command line to 'None'
[0.356s] Level 5:colcon.colcon_core.verb:set package 'dynamixel_sdk_custom_interfaces' build argument 'catkin_skip_building_tests' from command line to 'False'
[0.356s] DEBUG:colcon.colcon_core.verb:Building package 'dynamixel_sdk_custom_interfaces' with the following arguments: {'ament_cmake_args': None, 'build_base': '/reconfigurable_quadruped/robotis_ws/build/dynamixel_sdk_custom_interfaces', 'catkin_cmake_args': None, 'catkin_skip_building_tests': False, 'cmake_args': None, 'cmake_clean_cache': False, 'cmake_clean_first': False, 'cmake_force_configure': False, 'cmake_target': None, 'cmake_target_skip_unavailable': False, 'install_base': '/reconfigurable_quadruped/robotis_ws/install/dynamixel_sdk_custom_interfaces', 'merge_install': False, 'path': '/reconfigurable_quadruped/robotis_ws/src/DynamixelSDK/dynamixel_sdk_custom_interfaces', 'symlink_install': False, 'test_result_base': None}
[0.356s] Level 5:colcon.colcon_core.verb:set package 'dynamixel_sdk_examples' build argument 'cmake_args' from command line to 'None'
[0.356s] Level 5:colcon.colcon_core.verb:set package 'dynamixel_sdk_examples' build argument 'cmake_target' from command line to 'None'
[0.356s] Level 5:colcon.colcon_core.verb:set package 'dynamixel_sdk_examples' build argument 'cmake_target_skip_unavailable' from command line to 'False'
[0.356s] Level 5:colcon.colcon_core.verb:set package 'dynamixel_sdk_examples' build argument 'cmake_clean_cache' from command line to 'False'
[0.356s] Level 5:colcon.colcon_core.verb:set package 'dynamixel_sdk_examples' build argument 'cmake_clean_first' from command line to 'False'
[0.356s] Level 5:colcon.colcon_core.verb:set package 'dynamixel_sdk_examples' build argument 'cmake_force_configure' from command line to 'False'
[0.356s] Level 5:colcon.colcon_core.verb:set package 'dynamixel_sdk_examples' build argument 'ament_cmake_args' from command line to 'None'
[0.356s] Level 5:colcon.colcon_core.verb:set package 'dynamixel_sdk_examples' build argument 'catkin_cmake_args' from command line to 'None'
[0.356s] Level 5:colcon.colcon_core.verb:set package 'dynamixel_sdk_examples' build argument 'catkin_skip_building_tests' from command line to 'False'
[0.357s] DEBUG:colcon.colcon_core.verb:Building package 'dynamixel_sdk_examples' with the following arguments: {'ament_cmake_args': None, 'build_base': '/reconfigurable_quadruped/robotis_ws/build/dynamixel_sdk_examples', 'catkin_cmake_args': None, 'catkin_skip_building_tests': False, 'cmake_args': None, 'cmake_clean_cache': False, 'cmake_clean_first': False, 'cmake_force_configure': False, 'cmake_target': None, 'cmake_target_skip_unavailable': False, 'install_base': '/reconfigurable_quadruped/robotis_ws/install/dynamixel_sdk_examples', 'merge_install': False, 'path': '/reconfigurable_quadruped/robotis_ws/src/DynamixelSDK/dynamixel_sdk_examples', 'symlink_install': False, 'test_result_base': None}
[0.357s] INFO:colcon.colcon_core.executor:Executing jobs using 'parallel' executor
[0.358s] DEBUG:colcon.colcon_parallel_executor.executor.parallel:run_until_complete
[0.359s] INFO:colcon.colcon_ros.task.ament_cmake.build:Building ROS package in '/reconfigurable_quadruped/robotis_ws/src/DynamixelSDK/dynamixel_sdk' with build type 'ament_cmake'
[0.359s] INFO:colcon.colcon_cmake.task.cmake.build:Building CMake package in '/reconfigurable_quadruped/robotis_ws/src/DynamixelSDK/dynamixel_sdk'
[0.371s] INFO:colcon.colcon_core.plugin_system:Skipping extension 'colcon_core.shell.bat': Not used on non-Windows systems
[0.371s] INFO:colcon.colcon_core.shell:Skip shell extension 'powershell' for command environment: Not usable outside of PowerShell
[0.371s] DEBUG:colcon.colcon_core.shell:Skip shell extension 'dsv' for command environment
[0.375s] WARNING:colcon.colcon_ros.prefix_path.ament:The path '/reconfigurable_quadruped/robotis_ws/install/dynamixel_sdk_examples' in the environment variable AMENT_PREFIX_PATH doesn't exist
[0.376s] WARNING:colcon.colcon_ros.prefix_path.ament:The path '/reconfigurable_quadruped/robotis_ws/install/dynamixel_sdk_custom_interfaces' in the environment variable AMENT_PREFIX_PATH doesn't exist
[0.376s] WARNING:colcon.colcon_ros.prefix_path.ament:The path '/reconfigurable_quadruped/robotis_ws/install/dynamixel_sdk' in the environment variable AMENT_PREFIX_PATH doesn't exist
[0.376s] WARNING:colcon.colcon_ros.prefix_path.catkin:The path '/reconfigurable_quadruped/robotis_ws/install/dynamixel_sdk_examples' in the environment variable CMAKE_PREFIX_PATH doesn't exist
[0.377s] WARNING:colcon.colcon_ros.prefix_path.catkin:The path '/reconfigurable_quadruped/robotis_ws/install/dynamixel_sdk_custom_interfaces' in the environment variable CMAKE_PREFIX_PATH doesn't exist
[0.377s] WARNING:colcon.colcon_ros.prefix_path.catkin:The path '/reconfigurable_quadruped/robotis_ws/install/dynamixel_sdk' in the environment variable CMAKE_PREFIX_PATH doesn't exist
[0.392s] INFO:colcon.colcon_ros.task.ament_cmake.build:Building ROS package in '/reconfigurable_quadruped/robotis_ws/src/DynamixelSDK/dynamixel_sdk_custom_interfaces' with build type 'ament_cmake'
[0.392s] INFO:colcon.colcon_cmake.task.cmake.build:Building CMake package in '/reconfigurable_quadruped/robotis_ws/src/DynamixelSDK/dynamixel_sdk_custom_interfaces'
[0.393s] INFO:colcon.colcon_core.shell:Skip shell extension 'powershell' for command environment: Not usable outside of PowerShell
[0.393s] DEBUG:colcon.colcon_core.shell:Skip shell extension 'dsv' for command environment
[0.421s] DEBUG:colcon.colcon_core.event_handler.log_command:Invoking command in '/reconfigurable_quadruped/robotis_ws/build/dynamixel_sdk': CMAKE_PREFIX_PATH=${CMAKE_PREFIX_PATH}:/opt/ros/humble /usr/bin/cmake /reconfigurable_quadruped/robotis_ws/src/DynamixelSDK/dynamixel_sdk -DCMAKE_INSTALL_PREFIX=/reconfigurable_quadruped/robotis_ws/install/dynamixel_sdk
[0.440s] DEBUG:colcon.colcon_core.event_handler.log_command:Invoking command in '/reconfigurable_quadruped/robotis_ws/build/dynamixel_sdk_custom_interfaces': CMAKE_PREFIX_PATH=${CMAKE_PREFIX_PATH}:/opt/ros/humble /usr/bin/cmake /reconfigurable_quadruped/robotis_ws/src/DynamixelSDK/dynamixel_sdk_custom_interfaces -DCMAKE_INSTALL_PREFIX=/reconfigurable_quadruped/robotis_ws/install/dynamixel_sdk_custom_interfaces
[1.836s] DEBUG:colcon.colcon_core.event_handler.log_command:Invoked command in '/reconfigurable_quadruped/robotis_ws/build/dynamixel_sdk' returned '0': CMAKE_PREFIX_PATH=${CMAKE_PREFIX_PATH}:/opt/ros/humble /usr/bin/cmake /reconfigurable_quadruped/robotis_ws/src/DynamixelSDK/dynamixel_sdk -DCMAKE_INSTALL_PREFIX=/reconfigurable_quadruped/robotis_ws/install/dynamixel_sdk
[1.839s] DEBUG:colcon.colcon_core.event_handler.log_command:Invoking command in '/reconfigurable_quadruped/robotis_ws/build/dynamixel_sdk': CMAKE_PREFIX_PATH=${CMAKE_PREFIX_PATH}:/opt/ros/humble /usr/bin/cmake --build /reconfigurable_quadruped/robotis_ws/build/dynamixel_sdk -- -j4 -l4
[4.381s] DEBUG:colcon.colcon_core.event_handler.log_command:Invoked command in '/reconfigurable_quadruped/robotis_ws/build/dynamixel_sdk' returned '0': CMAKE_PREFIX_PATH=${CMAKE_PREFIX_PATH}:/opt/ros/humble /usr/bin/cmake --build /reconfigurable_quadruped/robotis_ws/build/dynamixel_sdk -- -j4 -l4
[4.413s] DEBUG:colcon.colcon_core.event_handler.log_command:Invoking command in '/reconfigurable_quadruped/robotis_ws/build/dynamixel_sdk': CMAKE_PREFIX_PATH=${CMAKE_PREFIX_PATH}:/opt/ros/humble /usr/bin/cmake --install /reconfigurable_quadruped/robotis_ws/build/dynamixel_sdk
[4.439s] Level 1:colcon.colcon_core.environment:create_environment_scripts_only(dynamixel_sdk)
[4.440s] DEBUG:colcon.colcon_core.event_handler.log_command:Invoked command in '/reconfigurable_quadruped/robotis_ws/build/dynamixel_sdk' returned '0': CMAKE_PREFIX_PATH=${CMAKE_PREFIX_PATH}:/opt/ros/humble /usr/bin/cmake --install /reconfigurable_quadruped/robotis_ws/build/dynamixel_sdk
[4.444s] Level 1:colcon.colcon_core.environment:checking '/reconfigurable_quadruped/robotis_ws/install/dynamixel_sdk' for CMake module files
[4.444s] Level 1:colcon.colcon_core.environment:checking '/reconfigurable_quadruped/robotis_ws/install/dynamixel_sdk' for CMake config files
[4.445s] Level 1:colcon.colcon_core.shell:create_environment_hook('dynamixel_sdk', 'cmake_prefix_path')
[4.445s] INFO:colcon.colcon_core.shell:Creating environment hook '/reconfigurable_quadruped/robotis_ws/install/dynamixel_sdk/share/dynamixel_sdk/hook/cmake_prefix_path.ps1'
[4.446s] INFO:colcon.colcon_core.shell:Creating environment descriptor '/reconfigurable_quadruped/robotis_ws/install/dynamixel_sdk/share/dynamixel_sdk/hook/cmake_prefix_path.dsv'
[4.447s] INFO:colcon.colcon_core.shell:Creating environment hook '/reconfigurable_quadruped/robotis_ws/install/dynamixel_sdk/share/dynamixel_sdk/hook/cmake_prefix_path.sh'
[4.448s] Level 1:colcon.colcon_core.environment:checking '/reconfigurable_quadruped/robotis_ws/install/dynamixel_sdk/lib'
[4.448s] Level 1:colcon.colcon_core.shell:create_environment_hook('dynamixel_sdk', 'ld_library_path_lib')
[4.449s] INFO:colcon.colcon_core.shell:Creating environment hook '/reconfigurable_quadruped/robotis_ws/install/dynamixel_sdk/share/dynamixel_sdk/hook/ld_library_path_lib.ps1'
[4.449s] INFO:colcon.colcon_core.shell:Creating environment descriptor '/reconfigurable_quadruped/robotis_ws/install/dynamixel_sdk/share/dynamixel_sdk/hook/ld_library_path_lib.dsv'
[4.450s] INFO:colcon.colcon_core.shell:Creating environment hook '/reconfigurable_quadruped/robotis_ws/install/dynamixel_sdk/share/dynamixel_sdk/hook/ld_library_path_lib.sh'
[4.451s] Level 1:colcon.colcon_core.environment:checking '/reconfigurable_quadruped/robotis_ws/install/dynamixel_sdk/bin'
[4.451s] Level 1:colcon.colcon_core.environment:checking '/reconfigurable_quadruped/robotis_ws/install/dynamixel_sdk/lib/pkgconfig/dynamixel_sdk.pc'
[4.454s] Level 1:colcon.colcon_core.environment:checking '/reconfigurable_quadruped/robotis_ws/install/dynamixel_sdk/lib/python3.10/site-packages'
[4.455s] Level 1:colcon.colcon_core.environment:checking '/reconfigurable_quadruped/robotis_ws/install/dynamixel_sdk/bin'
[4.455s] INFO:colcon.colcon_core.shell:Creating package script '/reconfigurable_quadruped/robotis_ws/install/dynamixel_sdk/share/dynamixel_sdk/package.ps1'
[4.457s] INFO:colcon.colcon_core.shell:Creating package descriptor '/reconfigurable_quadruped/robotis_ws/install/dynamixel_sdk/share/dynamixel_sdk/package.dsv'
[4.458s] INFO:colcon.colcon_core.shell:Creating package script '/reconfigurable_quadruped/robotis_ws/install/dynamixel_sdk/share/dynamixel_sdk/package.sh'
[4.459s] INFO:colcon.colcon_core.shell:Creating package script '/reconfigurable_quadruped/robotis_ws/install/dynamixel_sdk/share/dynamixel_sdk/package.bash'
[4.460s] INFO:colcon.colcon_core.shell:Creating package script '/reconfigurable_quadruped/robotis_ws/install/dynamixel_sdk/share/dynamixel_sdk/package.zsh'
[4.461s] Level 1:colcon.colcon_core.environment:create_file_with_runtime_dependencies(/reconfigurable_quadruped/robotis_ws/install/dynamixel_sdk/share/colcon-core/packages/dynamixel_sdk)
[4.462s] Level 1:colcon.colcon_core.environment:create_environment_scripts_only(dynamixel_sdk)
[4.462s] Level 1:colcon.colcon_core.environment:checking '/reconfigurable_quadruped/robotis_ws/install/dynamixel_sdk' for CMake module files
[4.463s] Level 1:colcon.colcon_core.environment:checking '/reconfigurable_quadruped/robotis_ws/install/dynamixel_sdk' for CMake config files
[4.463s] Level 1:colcon.colcon_core.shell:create_environment_hook('dynamixel_sdk', 'cmake_prefix_path')
[4.464s] INFO:colcon.colcon_core.shell:Creating environment hook '/reconfigurable_quadruped/robotis_ws/install/dynamixel_sdk/share/dynamixel_sdk/hook/cmake_prefix_path.ps1'
[4.464s] INFO:colcon.colcon_core.shell:Creating environment descriptor '/reconfigurable_quadruped/robotis_ws/install/dynamixel_sdk/share/dynamixel_sdk/hook/cmake_prefix_path.dsv'
[4.466s] INFO:colcon.colcon_core.shell:Creating environment hook '/reconfigurable_quadruped/robotis_ws/install/dynamixel_sdk/share/dynamixel_sdk/hook/cmake_prefix_path.sh'
[4.467s] Level 1:colcon.colcon_core.environment:checking '/reconfigurable_quadruped/robotis_ws/install/dynamixel_sdk/lib'
[4.467s] Level 1:colcon.colcon_core.shell:create_environment_hook('dynamixel_sdk', 'ld_library_path_lib')
[4.468s] INFO:colcon.colcon_core.shell:Creating environment hook '/reconfigurable_quadruped/robotis_ws/install/dynamixel_sdk/share/dynamixel_sdk/hook/ld_library_path_lib.ps1'
[4.468s] INFO:colcon.colcon_core.shell:Creating environment descriptor '/reconfigurable_quadruped/robotis_ws/install/dynamixel_sdk/share/dynamixel_sdk/hook/ld_library_path_lib.dsv'
[4.471s] INFO:colcon.colcon_core.shell:Creating environment hook '/reconfigurable_quadruped/robotis_ws/install/dynamixel_sdk/share/dynamixel_sdk/hook/ld_library_path_lib.sh'
[4.472s] Level 1:colcon.colcon_core.environment:checking '/reconfigurable_quadruped/robotis_ws/install/dynamixel_sdk/bin'
[4.473s] Level 1:colcon.colcon_core.environment:checking '/reconfigurable_quadruped/robotis_ws/install/dynamixel_sdk/lib/pkgconfig/dynamixel_sdk.pc'
[4.473s] Level 1:colcon.colcon_core.environment:checking '/reconfigurable_quadruped/robotis_ws/install/dynamixel_sdk/lib/python3.10/site-packages'
[4.473s] Level 1:colcon.colcon_core.environment:checking '/reconfigurable_quadruped/robotis_ws/install/dynamixel_sdk/bin'
[4.474s] INFO:colcon.colcon_core.shell:Creating package script '/reconfigurable_quadruped/robotis_ws/install/dynamixel_sdk/share/dynamixel_sdk/package.ps1'
[4.475s] INFO:colcon.colcon_core.shell:Creating package descriptor '/reconfigurable_quadruped/robotis_ws/install/dynamixel_sdk/share/dynamixel_sdk/package.dsv'
[4.476s] INFO:colcon.colcon_core.shell:Creating package script '/reconfigurable_quadruped/robotis_ws/install/dynamixel_sdk/share/dynamixel_sdk/package.sh'
[4.477s] INFO:colcon.colcon_core.shell:Creating package script '/reconfigurable_quadruped/robotis_ws/install/dynamixel_sdk/share/dynamixel_sdk/package.bash'
[4.478s] INFO:colcon.colcon_core.shell:Creating package script '/reconfigurable_quadruped/robotis_ws/install/dynamixel_sdk/share/dynamixel_sdk/package.zsh'
[4.480s] Level 1:colcon.colcon_core.environment:create_file_with_runtime_dependencies(/reconfigurable_quadruped/robotis_ws/install/dynamixel_sdk/share/colcon-core/packages/dynamixel_sdk)
[4.548s] DEBUG:colcon.colcon_core.event_handler.log_command:Invoked command in '/reconfigurable_quadruped/robotis_ws/build/dynamixel_sdk_custom_interfaces' returned '0': CMAKE_PREFIX_PATH=${CMAKE_PREFIX_PATH}:/opt/ros/humble /usr/bin/cmake /reconfigurable_quadruped/robotis_ws/src/DynamixelSDK/dynamixel_sdk_custom_interfaces -DCMAKE_INSTALL_PREFIX=/reconfigurable_quadruped/robotis_ws/install/dynamixel_sdk_custom_interfaces
[4.552s] DEBUG:colcon.colcon_core.event_handler.log_command:Invoking command in '/reconfigurable_quadruped/robotis_ws/build/dynamixel_sdk_custom_interfaces': CMAKE_PREFIX_PATH=${CMAKE_PREFIX_PATH}:/opt/ros/humble /usr/bin/cmake --build /reconfigurable_quadruped/robotis_ws/build/dynamixel_sdk_custom_interfaces -- -j4 -l4
[12.540s] DEBUG:colcon.colcon_core.event_handler.log_command:Invoked command in '/reconfigurable_quadruped/robotis_ws/build/dynamixel_sdk_custom_interfaces' returned '0': CMAKE_PREFIX_PATH=${CMAKE_PREFIX_PATH}:/opt/ros/humble /usr/bin/cmake --build /reconfigurable_quadruped/robotis_ws/build/dynamixel_sdk_custom_interfaces -- -j4 -l4
[12.543s] DEBUG:colcon.colcon_core.event_handler.log_command:Invoking command in '/reconfigurable_quadruped/robotis_ws/build/dynamixel_sdk_custom_interfaces': CMAKE_PREFIX_PATH=${CMAKE_PREFIX_PATH}:/opt/ros/humble /usr/bin/cmake --install /reconfigurable_quadruped/robotis_ws/build/dynamixel_sdk_custom_interfaces
[12.697s] Level 1:colcon.colcon_core.environment:create_environment_scripts_only(dynamixel_sdk_custom_interfaces)
[12.697s] Level 1:colcon.colcon_core.environment:checking '/reconfigurable_quadruped/robotis_ws/install/dynamixel_sdk_custom_interfaces' for CMake module files
[12.698s] DEBUG:colcon.colcon_core.event_handler.log_command:Invoked command in '/reconfigurable_quadruped/robotis_ws/build/dynamixel_sdk_custom_interfaces' returned '0': CMAKE_PREFIX_PATH=${CMAKE_PREFIX_PATH}:/opt/ros/humble /usr/bin/cmake --install /reconfigurable_quadruped/robotis_ws/build/dynamixel_sdk_custom_interfaces
[12.698s] Level 1:colcon.colcon_core.environment:checking '/reconfigurable_quadruped/robotis_ws/install/dynamixel_sdk_custom_interfaces' for CMake config files
[12.699s] Level 1:colcon.colcon_core.shell:create_environment_hook('dynamixel_sdk_custom_interfaces', 'cmake_prefix_path')
[12.699s] INFO:colcon.colcon_core.shell:Creating environment hook '/reconfigurable_quadruped/robotis_ws/install/dynamixel_sdk_custom_interfaces/share/dynamixel_sdk_custom_interfaces/hook/cmake_prefix_path.ps1'
[12.700s] INFO:colcon.colcon_core.shell:Creating environment descriptor '/reconfigurable_quadruped/robotis_ws/install/dynamixel_sdk_custom_interfaces/share/dynamixel_sdk_custom_interfaces/hook/cmake_prefix_path.dsv'
[12.701s] INFO:colcon.colcon_core.shell:Creating environment hook '/reconfigurable_quadruped/robotis_ws/install/dynamixel_sdk_custom_interfaces/share/dynamixel_sdk_custom_interfaces/hook/cmake_prefix_path.sh'
[12.702s] Level 1:colcon.colcon_core.environment:checking '/reconfigurable_quadruped/robotis_ws/install/dynamixel_sdk_custom_interfaces/lib'
[12.702s] Level 1:colcon.colcon_core.shell:create_environment_hook('dynamixel_sdk_custom_interfaces', 'ld_library_path_lib')
[12.702s] INFO:colcon.colcon_core.shell:Creating environment hook '/reconfigurable_quadruped/robotis_ws/install/dynamixel_sdk_custom_interfaces/share/dynamixel_sdk_custom_interfaces/hook/ld_library_path_lib.ps1'
[12.703s] INFO:colcon.colcon_core.shell:Creating environment descriptor '/reconfigurable_quadruped/robotis_ws/install/dynamixel_sdk_custom_interfaces/share/dynamixel_sdk_custom_interfaces/hook/ld_library_path_lib.dsv'
[12.703s] INFO:colcon.colcon_core.shell:Creating environment hook '/reconfigurable_quadruped/robotis_ws/install/dynamixel_sdk_custom_interfaces/share/dynamixel_sdk_custom_interfaces/hook/ld_library_path_lib.sh'
[12.704s] Level 1:colcon.colcon_core.environment:checking '/reconfigurable_quadruped/robotis_ws/install/dynamixel_sdk_custom_interfaces/bin'
[12.704s] Level 1:colcon.colcon_core.environment:checking '/reconfigurable_quadruped/robotis_ws/install/dynamixel_sdk_custom_interfaces/lib/pkgconfig/dynamixel_sdk_custom_interfaces.pc'
[12.704s] Level 1:colcon.colcon_core.environment:checking '/reconfigurable_quadruped/robotis_ws/install/dynamixel_sdk_custom_interfaces/lib/python3.10/site-packages'
[12.704s] Level 1:colcon.colcon_core.environment:checking '/reconfigurable_quadruped/robotis_ws/install/dynamixel_sdk_custom_interfaces/bin'
[12.705s] INFO:colcon.colcon_core.shell:Creating package script '/reconfigurable_quadruped/robotis_ws/install/dynamixel_sdk_custom_interfaces/share/dynamixel_sdk_custom_interfaces/package.ps1'
[12.705s] INFO:colcon.colcon_core.shell:Creating package descriptor '/reconfigurable_quadruped/robotis_ws/install/dynamixel_sdk_custom_interfaces/share/dynamixel_sdk_custom_interfaces/package.dsv'
[12.706s] INFO:colcon.colcon_core.shell:Creating package script '/reconfigurable_quadruped/robotis_ws/install/dynamixel_sdk_custom_interfaces/share/dynamixel_sdk_custom_interfaces/package.sh'
[12.707s] INFO:colcon.colcon_core.shell:Creating package script '/reconfigurable_quadruped/robotis_ws/install/dynamixel_sdk_custom_interfaces/share/dynamixel_sdk_custom_interfaces/package.bash'
[12.707s] INFO:colcon.colcon_core.shell:Creating package script '/reconfigurable_quadruped/robotis_ws/install/dynamixel_sdk_custom_interfaces/share/dynamixel_sdk_custom_interfaces/package.zsh'
[12.708s] Level 1:colcon.colcon_core.environment:create_file_with_runtime_dependencies(/reconfigurable_quadruped/robotis_ws/install/dynamixel_sdk_custom_interfaces/share/colcon-core/packages/dynamixel_sdk_custom_interfaces)
[12.709s] Level 1:colcon.colcon_core.environment:create_environment_scripts_only(dynamixel_sdk_custom_interfaces)
[12.709s] Level 1:colcon.colcon_core.environment:checking '/reconfigurable_quadruped/robotis_ws/install/dynamixel_sdk_custom_interfaces' for CMake module files
[12.710s] Level 1:colcon.colcon_core.environment:checking '/reconfigurable_quadruped/robotis_ws/install/dynamixel_sdk_custom_interfaces' for CMake config files
[12.711s] Level 1:colcon.colcon_core.shell:create_environment_hook('dynamixel_sdk_custom_interfaces', 'cmake_prefix_path')
[12.711s] INFO:colcon.colcon_core.shell:Creating environment hook '/reconfigurable_quadruped/robotis_ws/install/dynamixel_sdk_custom_interfaces/share/dynamixel_sdk_custom_interfaces/hook/cmake_prefix_path.ps1'
[12.712s] INFO:colcon.colcon_core.shell:Creating environment descriptor '/reconfigurable_quadruped/robotis_ws/install/dynamixel_sdk_custom_interfaces/share/dynamixel_sdk_custom_interfaces/hook/cmake_prefix_path.dsv'
[12.712s] INFO:colcon.colcon_core.shell:Creating environment hook '/reconfigurable_quadruped/robotis_ws/install/dynamixel_sdk_custom_interfaces/share/dynamixel_sdk_custom_interfaces/hook/cmake_prefix_path.sh'
[12.713s] Level 1:colcon.colcon_core.environment:checking '/reconfigurable_quadruped/robotis_ws/install/dynamixel_sdk_custom_interfaces/lib'
[12.714s] Level 1:colcon.colcon_core.shell:create_environment_hook('dynamixel_sdk_custom_interfaces', 'ld_library_path_lib')
[12.714s] INFO:colcon.colcon_core.shell:Creating environment hook '/reconfigurable_quadruped/robotis_ws/install/dynamixel_sdk_custom_interfaces/share/dynamixel_sdk_custom_interfaces/hook/ld_library_path_lib.ps1'
[12.714s] INFO:colcon.colcon_core.shell:Creating environment descriptor '/reconfigurable_quadruped/robotis_ws/install/dynamixel_sdk_custom_interfaces/share/dynamixel_sdk_custom_interfaces/hook/ld_library_path_lib.dsv'
[12.715s] INFO:colcon.colcon_core.shell:Creating environment hook '/reconfigurable_quadruped/robotis_ws/install/dynamixel_sdk_custom_interfaces/share/dynamixel_sdk_custom_interfaces/hook/ld_library_path_lib.sh'
[12.716s] Level 1:colcon.colcon_core.environment:checking '/reconfigurable_quadruped/robotis_ws/install/dynamixel_sdk_custom_interfaces/bin'
[12.716s] Level 1:colcon.colcon_core.environment:checking '/reconfigurable_quadruped/robotis_ws/install/dynamixel_sdk_custom_interfaces/lib/pkgconfig/dynamixel_sdk_custom_interfaces.pc'
[12.717s] Level 1:colcon.colcon_core.environment:checking '/reconfigurable_quadruped/robotis_ws/install/dynamixel_sdk_custom_interfaces/lib/python3.10/site-packages'
[12.717s] Level 1:colcon.colcon_core.environment:checking '/reconfigurable_quadruped/robotis_ws/install/dynamixel_sdk_custom_interfaces/bin'
[12.717s] INFO:colcon.colcon_core.shell:Creating package script '/reconfigurable_quadruped/robotis_ws/install/dynamixel_sdk_custom_interfaces/share/dynamixel_sdk_custom_interfaces/package.ps1'
[12.718s] INFO:colcon.colcon_core.shell:Creating package descriptor '/reconfigurable_quadruped/robotis_ws/install/dynamixel_sdk_custom_interfaces/share/dynamixel_sdk_custom_interfaces/package.dsv'
[12.719s] INFO:colcon.colcon_core.shell:Creating package script '/reconfigurable_quadruped/robotis_ws/install/dynamixel_sdk_custom_interfaces/share/dynamixel_sdk_custom_interfaces/package.sh'
[12.721s] INFO:colcon.colcon_core.shell:Creating package script '/reconfigurable_quadruped/robotis_ws/install/dynamixel_sdk_custom_interfaces/share/dynamixel_sdk_custom_interfaces/package.bash'
[12.722s] INFO:colcon.colcon_core.shell:Creating package script '/reconfigurable_quadruped/robotis_ws/install/dynamixel_sdk_custom_interfaces/share/dynamixel_sdk_custom_interfaces/package.zsh'
[12.723s] Level 1:colcon.colcon_core.environment:create_file_with_runtime_dependencies(/reconfigurable_quadruped/robotis_ws/install/dynamixel_sdk_custom_interfaces/share/colcon-core/packages/dynamixel_sdk_custom_interfaces)
[12.725s] INFO:colcon.colcon_ros.task.ament_cmake.build:Building ROS package in '/reconfigurable_quadruped/robotis_ws/src/DynamixelSDK/dynamixel_sdk_examples' with build type 'ament_cmake'
[12.725s] INFO:colcon.colcon_cmake.task.cmake.build:Building CMake package in '/reconfigurable_quadruped/robotis_ws/src/DynamixelSDK/dynamixel_sdk_examples'
[12.725s] INFO:colcon.colcon_core.shell:Skip shell extension 'powershell' for command environment: Not usable outside of PowerShell
[12.725s] DEBUG:colcon.colcon_core.shell:Skip shell extension 'dsv' for command environment
[12.776s] DEBUG:colcon.colcon_core.event_handler.log_command:Invoking command in '/reconfigurable_quadruped/robotis_ws/build/dynamixel_sdk_examples': CMAKE_PREFIX_PATH=/reconfigurable_quadruped/robotis_ws/install/dynamixel_sdk_custom_interfaces:/reconfigurable_quadruped/robotis_ws/install/dynamixel_sdk:/reconfigurable_quadruped/robotis_ws/install/dynamixel_sdk_examples:/robotis_ws2/install/dynamixel_sdk_examples:/robotis_ws2/install/dynamixel_sdk_custom_interfaces:/robotis_ws2/install/dynamixel_sdk:/robotis_ws/install/dynamixel_sdk_examples:/robotis_ws/install/dynamixel_sdk_custom_interfaces:/robotis_ws/install/dynamixel_sdk:/opt/ros/humble /usr/bin/cmake /reconfigurable_quadruped/robotis_ws/src/DynamixelSDK/dynamixel_sdk_examples -DCMAKE_INSTALL_PREFIX=/reconfigurable_quadruped/robotis_ws/install/dynamixel_sdk_examples
[14.863s] DEBUG:colcon.colcon_core.event_handler.log_command:Invoked command in '/reconfigurable_quadruped/robotis_ws/build/dynamixel_sdk_examples' returned '0': CMAKE_PREFIX_PATH=/reconfigurable_quadruped/robotis_ws/install/dynamixel_sdk_custom_interfaces:/reconfigurable_quadruped/robotis_ws/install/dynamixel_sdk:/reconfigurable_quadruped/robotis_ws/install/dynamixel_sdk_examples:/robotis_ws2/install/dynamixel_sdk_examples:/robotis_ws2/install/dynamixel_sdk_custom_interfaces:/robotis_ws2/install/dynamixel_sdk:/robotis_ws/install/dynamixel_sdk_examples:/robotis_ws/install/dynamixel_sdk_custom_interfaces:/robotis_ws/install/dynamixel_sdk:/opt/ros/humble /usr/bin/cmake /reconfigurable_quadruped/robotis_ws/src/DynamixelSDK/dynamixel_sdk_examples -DCMAKE_INSTALL_PREFIX=/reconfigurable_quadruped/robotis_ws/install/dynamixel_sdk_examples
[14.866s] DEBUG:colcon.colcon_core.event_handler.log_command:Invoking command in '/reconfigurable_quadruped/robotis_ws/build/dynamixel_sdk_examples': CMAKE_PREFIX_PATH=/reconfigurable_quadruped/robotis_ws/install/dynamixel_sdk_custom_interfaces:/reconfigurable_quadruped/robotis_ws/install/dynamixel_sdk:/reconfigurable_quadruped/robotis_ws/install/dynamixel_sdk_examples:/robotis_ws2/install/dynamixel_sdk_examples:/robotis_ws2/install/dynamixel_sdk_custom_interfaces:/robotis_ws2/install/dynamixel_sdk:/robotis_ws/install/dynamixel_sdk_examples:/robotis_ws/install/dynamixel_sdk_custom_interfaces:/robotis_ws/install/dynamixel_sdk:/opt/ros/humble /usr/bin/cmake --build /reconfigurable_quadruped/robotis_ws/build/dynamixel_sdk_examples -- -j4 -l4
[37.109s] DEBUG:colcon.colcon_core.event_handler.log_command:Invoked command in '/reconfigurable_quadruped/robotis_ws/build/dynamixel_sdk_examples' returned '0': CMAKE_PREFIX_PATH=/reconfigurable_quadruped/robotis_ws/install/dynamixel_sdk_custom_interfaces:/reconfigurable_quadruped/robotis_ws/install/dynamixel_sdk:/reconfigurable_quadruped/robotis_ws/install/dynamixel_sdk_examples:/robotis_ws2/install/dynamixel_sdk_examples:/robotis_ws2/install/dynamixel_sdk_custom_interfaces:/robotis_ws2/install/dynamixel_sdk:/robotis_ws/install/dynamixel_sdk_examples:/robotis_ws/install/dynamixel_sdk_custom_interfaces:/robotis_ws/install/dynamixel_sdk:/opt/ros/humble /usr/bin/cmake --build /reconfigurable_quadruped/robotis_ws/build/dynamixel_sdk_examples -- -j4 -l4
[37.112s] DEBUG:colcon.colcon_core.event_handler.log_command:Invoking command in '/reconfigurable_quadruped/robotis_ws/build/dynamixel_sdk_examples': CMAKE_PREFIX_PATH=/reconfigurable_quadruped/robotis_ws/install/dynamixel_sdk_custom_interfaces:/reconfigurable_quadruped/robotis_ws/install/dynamixel_sdk:/reconfigurable_quadruped/robotis_ws/install/dynamixel_sdk_examples:/robotis_ws2/install/dynamixel_sdk_examples:/robotis_ws2/install/dynamixel_sdk_custom_interfaces:/robotis_ws2/install/dynamixel_sdk:/robotis_ws/install/dynamixel_sdk_examples:/robotis_ws/install/dynamixel_sdk_custom_interfaces:/robotis_ws/install/dynamixel_sdk:/opt/ros/humble /usr/bin/cmake --install /reconfigurable_quadruped/robotis_ws/build/dynamixel_sdk_examples
[37.146s] Level 1:colcon.colcon_core.environment:create_environment_scripts_only(dynamixel_sdk_examples)
[37.146s] Level 1:colcon.colcon_core.environment:checking '/reconfigurable_quadruped/robotis_ws/install/dynamixel_sdk_examples' for CMake module files
[37.146s] DEBUG:colcon.colcon_core.event_handler.log_command:Invoked command in '/reconfigurable_quadruped/robotis_ws/build/dynamixel_sdk_examples' returned '0': CMAKE_PREFIX_PATH=/reconfigurable_quadruped/robotis_ws/install/dynamixel_sdk_custom_interfaces:/reconfigurable_quadruped/robotis_ws/install/dynamixel_sdk:/reconfigurable_quadruped/robotis_ws/install/dynamixel_sdk_examples:/robotis_ws2/install/dynamixel_sdk_examples:/robotis_ws2/install/dynamixel_sdk_custom_interfaces:/robotis_ws2/install/dynamixel_sdk:/robotis_ws/install/dynamixel_sdk_examples:/robotis_ws/install/dynamixel_sdk_custom_interfaces:/robotis_ws/install/dynamixel_sdk:/opt/ros/humble /usr/bin/cmake --install /reconfigurable_quadruped/robotis_ws/build/dynamixel_sdk_examples
[37.147s] Level 1:colcon.colcon_core.environment:checking '/reconfigurable_quadruped/robotis_ws/install/dynamixel_sdk_examples' for CMake config files
[37.147s] Level 1:colcon.colcon_core.shell:create_environment_hook('dynamixel_sdk_examples', 'cmake_prefix_path')
[37.147s] INFO:colcon.colcon_core.shell:Creating environment hook '/reconfigurable_quadruped/robotis_ws/install/dynamixel_sdk_examples/share/dynamixel_sdk_examples/hook/cmake_prefix_path.ps1'
[37.148s] INFO:colcon.colcon_core.shell:Creating environment descriptor '/reconfigurable_quadruped/robotis_ws/install/dynamixel_sdk_examples/share/dynamixel_sdk_examples/hook/cmake_prefix_path.dsv'
[37.149s] INFO:colcon.colcon_core.shell:Creating environment hook '/reconfigurable_quadruped/robotis_ws/install/dynamixel_sdk_examples/share/dynamixel_sdk_examples/hook/cmake_prefix_path.sh'
[37.149s] Level 1:colcon.colcon_core.environment:checking '/reconfigurable_quadruped/robotis_ws/install/dynamixel_sdk_examples/lib'
[37.150s] Level 1:colcon.colcon_core.environment:checking '/reconfigurable_quadruped/robotis_ws/install/dynamixel_sdk_examples/bin'
[37.150s] Level 1:colcon.colcon_core.environment:checking '/reconfigurable_quadruped/robotis_ws/install/dynamixel_sdk_examples/lib/pkgconfig/dynamixel_sdk_examples.pc'
[37.150s] Level 1:colcon.colcon_core.environment:checking '/reconfigurable_quadruped/robotis_ws/install/dynamixel_sdk_examples/lib/python3.10/site-packages'
[37.150s] Level 1:colcon.colcon_core.environment:checking '/reconfigurable_quadruped/robotis_ws/install/dynamixel_sdk_examples/bin'
[37.151s] INFO:colcon.colcon_core.shell:Creating package script '/reconfigurable_quadruped/robotis_ws/install/dynamixel_sdk_examples/share/dynamixel_sdk_examples/package.ps1'
[37.151s] INFO:colcon.colcon_core.shell:Creating package descriptor '/reconfigurable_quadruped/robotis_ws/install/dynamixel_sdk_examples/share/dynamixel_sdk_examples/package.dsv'
[37.152s] INFO:colcon.colcon_core.shell:Creating package script '/reconfigurable_quadruped/robotis_ws/install/dynamixel_sdk_examples/share/dynamixel_sdk_examples/package.sh'
[37.152s] INFO:colcon.colcon_core.shell:Creating package script '/reconfigurable_quadruped/robotis_ws/install/dynamixel_sdk_examples/share/dynamixel_sdk_examples/package.bash'
[37.153s] INFO:colcon.colcon_core.shell:Creating package script '/reconfigurable_quadruped/robotis_ws/install/dynamixel_sdk_examples/share/dynamixel_sdk_examples/package.zsh'
[37.153s] Level 1:colcon.colcon_core.environment:create_file_with_runtime_dependencies(/reconfigurable_quadruped/robotis_ws/install/dynamixel_sdk_examples/share/colcon-core/packages/dynamixel_sdk_examples)
[37.154s] Level 1:colcon.colcon_core.environment:create_environment_scripts_only(dynamixel_sdk_examples)
[37.155s] Level 1:colcon.colcon_core.environment:checking '/reconfigurable_quadruped/robotis_ws/install/dynamixel_sdk_examples' for CMake module files
[37.155s] Level 1:colcon.colcon_core.environment:checking '/reconfigurable_quadruped/robotis_ws/install/dynamixel_sdk_examples' for CMake config files
[37.156s] Level 1:colcon.colcon_core.shell:create_environment_hook('dynamixel_sdk_examples', 'cmake_prefix_path')
[37.156s] INFO:colcon.colcon_core.shell:Creating environment hook '/reconfigurable_quadruped/robotis_ws/install/dynamixel_sdk_examples/share/dynamixel_sdk_examples/hook/cmake_prefix_path.ps1'
[37.157s] INFO:colcon.colcon_core.shell:Creating environment descriptor '/reconfigurable_quadruped/robotis_ws/install/dynamixel_sdk_examples/share/dynamixel_sdk_examples/hook/cmake_prefix_path.dsv'
[37.158s] INFO:colcon.colcon_core.shell:Creating environment hook '/reconfigurable_quadruped/robotis_ws/install/dynamixel_sdk_examples/share/dynamixel_sdk_examples/hook/cmake_prefix_path.sh'
[37.160s] Level 1:colcon.colcon_core.environment:checking '/reconfigurable_quadruped/robotis_ws/install/dynamixel_sdk_examples/lib'
[37.160s] Level 1:colcon.colcon_core.environment:checking '/reconfigurable_quadruped/robotis_ws/install/dynamixel_sdk_examples/bin'
[37.160s] Level 1:colcon.colcon_core.environment:checking '/reconfigurable_quadruped/robotis_ws/install/dynamixel_sdk_examples/lib/pkgconfig/dynamixel_sdk_examples.pc'
[37.161s] Level 1:colcon.colcon_core.environment:checking '/reconfigurable_quadruped/robotis_ws/install/dynamixel_sdk_examples/lib/python3.10/site-packages'
[37.161s] Level 1:colcon.colcon_core.environment:checking '/reconfigurable_quadruped/robotis_ws/install/dynamixel_sdk_examples/bin'
[37.161s] INFO:colcon.colcon_core.shell:Creating package script '/reconfigurable_quadruped/robotis_ws/install/dynamixel_sdk_examples/share/dynamixel_sdk_examples/package.ps1'
[37.164s] INFO:colcon.colcon_core.shell:Creating package descriptor '/reconfigurable_quadruped/robotis_ws/install/dynamixel_sdk_examples/share/dynamixel_sdk_examples/package.dsv'
[37.164s] INFO:colcon.colcon_core.shell:Creating package script '/reconfigurable_quadruped/robotis_ws/install/dynamixel_sdk_examples/share/dynamixel_sdk_examples/package.sh'
[37.165s] INFO:colcon.colcon_core.shell:Creating package script '/reconfigurable_quadruped/robotis_ws/install/dynamixel_sdk_examples/share/dynamixel_sdk_examples/package.bash'
[37.166s] INFO:colcon.colcon_core.shell:Creating package script '/reconfigurable_quadruped/robotis_ws/install/dynamixel_sdk_examples/share/dynamixel_sdk_examples/package.zsh'
[37.167s] Level 1:colcon.colcon_core.environment:create_file_with_runtime_dependencies(/reconfigurable_quadruped/robotis_ws/install/dynamixel_sdk_examples/share/colcon-core/packages/dynamixel_sdk_examples)
[37.168s] DEBUG:colcon.colcon_parallel_executor.executor.parallel:closing loop
[37.170s] DEBUG:colcon.colcon_parallel_executor.executor.parallel:loop closed
[37.172s] DEBUG:colcon.colcon_parallel_executor.executor.parallel:run_until_complete finished with '0'
[37.174s] DEBUG:colcon.colcon_core.event_reactor:joining thread
[37.181s] INFO:colcon.colcon_core.plugin_system:Skipping extension 'colcon_notification.desktop_notification.notify2': 'notify2' not found
[37.183s] INFO:colcon.colcon_core.plugin_system:Skipping extension 'colcon_notification.desktop_notification.notify_send': Could not find 'notify-send'
[37.183s] INFO:colcon.colcon_core.plugin_system:Skipping extension 'colcon_notification.desktop_notification.terminal_notifier': Not used on non-Darwin systems
[37.184s] INFO:colcon.colcon_core.plugin_system:Skipping extension 'colcon_notification.desktop_notification.win32': Not used on non-Windows systems
[37.184s] DEBUG:colcon.colcon_core.event_reactor:joined thread
[37.185s] INFO:colcon.colcon_core.shell:Creating prefix script '/reconfigurable_quadruped/robotis_ws/install/local_setup.ps1'
[37.189s] INFO:colcon.colcon_core.shell:Creating prefix util module '/reconfigurable_quadruped/robotis_ws/install/_local_setup_util_ps1.py'
[37.194s] INFO:colcon.colcon_core.shell:Creating prefix chain script '/reconfigurable_quadruped/robotis_ws/install/setup.ps1'
[37.203s] INFO:colcon.colcon_core.shell:Creating prefix script '/reconfigurable_quadruped/robotis_ws/install/local_setup.sh'
[37.205s] INFO:colcon.colcon_core.shell:Creating prefix util module '/reconfigurable_quadruped/robotis_ws/install/_local_setup_util_sh.py'
[37.206s] INFO:colcon.colcon_core.shell:Creating prefix chain script '/reconfigurable_quadruped/robotis_ws/install/setup.sh'
[37.213s] INFO:colcon.colcon_core.shell:Creating prefix script '/reconfigurable_quadruped/robotis_ws/install/local_setup.bash'
[37.216s] INFO:colcon.colcon_core.shell:Creating prefix chain script '/reconfigurable_quadruped/robotis_ws/install/setup.bash'
[37.220s] INFO:colcon.colcon_core.shell:Creating prefix script '/reconfigurable_quadruped/robotis_ws/install/local_setup.zsh'
[37.221s] INFO:colcon.colcon_core.shell:Creating prefix chain script '/reconfigurable_quadruped/robotis_ws/install/setup.zsh'
