[0.148s] DEBUG:colcon:Command line arguments: ['/usr/bin/colcon', 'build']
[0.148s] DEBUG:colcon:Parsed command line arguments: Namespace(log_base=None, log_level=None, verb_name='build', build_base='build', install_base='install', merge_install=False, symlink_install=False, test_result_base=None, continue_on_error=False, executor='parallel', parallel_workers=4, event_handlers=None, ignore_user_meta=False, metas=['./colcon.meta'], base_paths=['.'], packages_ignore=None, packages_ignore_regex=None, paths=None, packages_up_to=None, packages_up_to_regex=None, packages_above=None, packages_above_and_dependencies=None, packages_above_depth=None, packages_select_by_dep=None, packages_skip_by_dep=None, packages_skip_up_to=None, packages_select_build_failed=False, packages_skip_build_finished=False, packages_select_test_failures=False, packages_skip_test_passed=False, packages_select=None, packages_skip=None, packages_select_regex=None, packages_skip_regex=None, packages_start=None, packages_end=None, allow_overriding=[], cmake_args=None, cmake_target=None, cmake_target_skip_unavailable=False, cmake_clean_cache=False, cmake_clean_first=False, cmake_force_configure=False, ament_cmake_args=None, catkin_cmake_args=None, catkin_skip_building_tests=False, mixin_files=None, mixin=None, verb_parser=<colcon_mixin.mixin.mixin_argument.MixinArgumentDecorator object at 0xffff7f4eae70>, verb_extension=<colcon_core.verb.build.BuildVerb object at 0xffff7f69af00>, main=<bound method BuildVerb.main of <colcon_core.verb.build.BuildVerb object at 0xffff7f69af00>>, mixin_verb=('build',))
[0.206s] Level 1:colcon.colcon_core.package_discovery:discover_packages(colcon_meta) check parameters
[0.206s] Level 1:colcon.colcon_core.package_discovery:discover_packages(recursive) check parameters
[0.206s] Level 1:colcon.colcon_core.package_discovery:discover_packages(ignore) check parameters
[0.207s] Level 1:colcon.colcon_core.package_discovery:discover_packages(path) check parameters
[0.207s] Level 1:colcon.colcon_core.package_discovery:discover_packages(colcon_meta) discover
[0.207s] Level 1:colcon.colcon_core.package_discovery:discover_packages(recursive) discover
[0.207s] INFO:colcon.colcon_core.package_discovery:Crawling recursively for packages in '/home/an/reconfigurable_quadruped/ros2_ws'
[0.207s] Level 1:colcon.colcon_core.package_identification:_identify(.) by extensions ['ignore', 'ignore_ament_install']
[0.207s] Level 1:colcon.colcon_core.package_identification:_identify(.) by extension 'ignore'
[0.207s] Level 1:colcon.colcon_core.package_identification:_identify(.) by extension 'ignore_ament_install'
[0.207s] Level 1:colcon.colcon_core.package_identification:_identify(.) by extensions ['colcon_pkg']
[0.207s] Level 1:colcon.colcon_core.package_identification:_identify(.) by extension 'colcon_pkg'
[0.207s] Level 1:colcon.colcon_core.package_identification:_identify(.) by extensions ['colcon_meta']
[0.207s] Level 1:colcon.colcon_core.package_identification:_identify(.) by extension 'colcon_meta'
[0.207s] Level 1:colcon.colcon_core.package_identification:_identify(.) by extensions ['ros']
[0.207s] Level 1:colcon.colcon_core.package_identification:_identify(.) by extension 'ros'
[0.249s] Level 1:colcon.colcon_core.package_identification:_identify(.) by extensions ['cmake', 'python']
[0.249s] Level 1:colcon.colcon_core.package_identification:_identify(.) by extension 'cmake'
[0.249s] Level 1:colcon.colcon_core.package_identification:_identify(.) by extension 'python'
[0.249s] Level 1:colcon.colcon_core.package_identification:_identify(.) by extensions ['python_setup_py']
[0.249s] Level 1:colcon.colcon_core.package_identification:_identify(.) by extension 'python_setup_py'
[0.249s] Level 1:colcon.colcon_core.package_identification:_identify(build) by extensions ['ignore', 'ignore_ament_install']
[0.249s] Level 1:colcon.colcon_core.package_identification:_identify(build) by extension 'ignore'
[0.249s] Level 1:colcon.colcon_core.package_identification:_identify(build) ignored
[0.250s] Level 1:colcon.colcon_core.package_identification:_identify(install) by extensions ['ignore', 'ignore_ament_install']
[0.250s] Level 1:colcon.colcon_core.package_identification:_identify(install) by extension 'ignore'
[0.250s] Level 1:colcon.colcon_core.package_identification:_identify(install) ignored
[0.250s] Level 1:colcon.colcon_core.package_identification:_identify(log) by extensions ['ignore', 'ignore_ament_install']
[0.250s] Level 1:colcon.colcon_core.package_identification:_identify(log) by extension 'ignore'
[0.250s] Level 1:colcon.colcon_core.package_identification:_identify(log) ignored
[0.250s] Level 1:colcon.colcon_core.package_identification:_identify(src) by extensions ['ignore', 'ignore_ament_install']
[0.250s] Level 1:colcon.colcon_core.package_identification:_identify(src) by extension 'ignore'
[0.250s] Level 1:colcon.colcon_core.package_identification:_identify(src) by extension 'ignore_ament_install'
[0.250s] Level 1:colcon.colcon_core.package_identification:_identify(src) by extensions ['colcon_pkg']
[0.250s] Level 1:colcon.colcon_core.package_identification:_identify(src) by extension 'colcon_pkg'
[0.250s] Level 1:colcon.colcon_core.package_identification:_identify(src) by extensions ['colcon_meta']
[0.250s] Level 1:colcon.colcon_core.package_identification:_identify(src) by extension 'colcon_meta'
[0.250s] Level 1:colcon.colcon_core.package_identification:_identify(src) by extensions ['ros']
[0.251s] Level 1:colcon.colcon_core.package_identification:_identify(src) by extension 'ros'
[0.251s] Level 1:colcon.colcon_core.package_identification:_identify(src) by extensions ['cmake', 'python']
[0.251s] Level 1:colcon.colcon_core.package_identification:_identify(src) by extension 'cmake'
[0.251s] Level 1:colcon.colcon_core.package_identification:_identify(src) by extension 'python'
[0.251s] Level 1:colcon.colcon_core.package_identification:_identify(src) by extensions ['python_setup_py']
[0.251s] Level 1:colcon.colcon_core.package_identification:_identify(src) by extension 'python_setup_py'
[0.251s] Level 1:colcon.colcon_core.package_identification:_identify(src/quad_control) by extensions ['ignore', 'ignore_ament_install']
[0.251s] Level 1:colcon.colcon_core.package_identification:_identify(src/quad_control) by extension 'ignore'
[0.251s] Level 1:colcon.colcon_core.package_identification:_identify(src/quad_control) by extension 'ignore_ament_install'
[0.251s] Level 1:colcon.colcon_core.package_identification:_identify(src/quad_control) by extensions ['colcon_pkg']
[0.251s] Level 1:colcon.colcon_core.package_identification:_identify(src/quad_control) by extension 'colcon_pkg'
[0.251s] Level 1:colcon.colcon_core.package_identification:_identify(src/quad_control) by extensions ['colcon_meta']
[0.251s] Level 1:colcon.colcon_core.package_identification:_identify(src/quad_control) by extension 'colcon_meta'
[0.251s] Level 1:colcon.colcon_core.package_identification:_identify(src/quad_control) by extensions ['ros']
[0.251s] Level 1:colcon.colcon_core.package_identification:_identify(src/quad_control) by extension 'ros'
[0.255s] DEBUG:colcon.colcon_core.package_identification:Package 'src/quad_control' with type 'ros.ament_cmake' and name 'quad_control'
[0.255s] Level 1:colcon.colcon_core.package_identification:_identify(src/quad_interfaces) by extensions ['ignore', 'ignore_ament_install']
[0.255s] Level 1:colcon.colcon_core.package_identification:_identify(src/quad_interfaces) by extension 'ignore'
[0.255s] Level 1:colcon.colcon_core.package_identification:_identify(src/quad_interfaces) by extension 'ignore_ament_install'
[0.255s] Level 1:colcon.colcon_core.package_identification:_identify(src/quad_interfaces) by extensions ['colcon_pkg']
[0.255s] Level 1:colcon.colcon_core.package_identification:_identify(src/quad_interfaces) by extension 'colcon_pkg'
[0.255s] Level 1:colcon.colcon_core.package_identification:_identify(src/quad_interfaces) by extensions ['colcon_meta']
[0.255s] Level 1:colcon.colcon_core.package_identification:_identify(src/quad_interfaces) by extension 'colcon_meta'
[0.255s] Level 1:colcon.colcon_core.package_identification:_identify(src/quad_interfaces) by extensions ['ros']
[0.255s] Level 1:colcon.colcon_core.package_identification:_identify(src/quad_interfaces) by extension 'ros'
[0.256s] DEBUG:colcon.colcon_core.package_identification:Package 'src/quad_interfaces' with type 'ros.ament_cmake' and name 'quad_interfaces'
[0.256s] Level 1:colcon.colcon_core.package_discovery:discover_packages(recursive) using defaults
[0.256s] Level 1:colcon.colcon_core.package_discovery:discover_packages(ignore) discover
[0.256s] Level 1:colcon.colcon_core.package_discovery:discover_packages(ignore) using defaults
[0.256s] Level 1:colcon.colcon_core.package_discovery:discover_packages(path) discover
[0.256s] Level 1:colcon.colcon_core.package_discovery:discover_packages(path) using defaults
[0.280s] Level 1:colcon.colcon_core.package_discovery:discover_packages(prefix_path) check parameters
[0.280s] Level 1:colcon.colcon_core.package_discovery:discover_packages(prefix_path) discover
[0.282s] DEBUG:colcon.colcon_installed_package_information.package_discovery:Found 1 installed packages in /home/an/reconfigurable_quadruped/ros2_ws/install
[0.284s] DEBUG:colcon.colcon_installed_package_information.package_discovery:Found 287 installed packages in /opt/ros/jazzy
[0.285s] Level 1:colcon.colcon_core.package_discovery:discover_packages(prefix_path) using defaults
[0.346s] Level 5:colcon.colcon_core.verb:set package 'quad_control' build argument 'cmake_args' from command line to 'None'
[0.346s] Level 5:colcon.colcon_core.verb:set package 'quad_control' build argument 'cmake_target' from command line to 'None'
[0.346s] Level 5:colcon.colcon_core.verb:set package 'quad_control' build argument 'cmake_target_skip_unavailable' from command line to 'False'
[0.346s] Level 5:colcon.colcon_core.verb:set package 'quad_control' build argument 'cmake_clean_cache' from command line to 'False'
[0.346s] Level 5:colcon.colcon_core.verb:set package 'quad_control' build argument 'cmake_clean_first' from command line to 'False'
[0.346s] Level 5:colcon.colcon_core.verb:set package 'quad_control' build argument 'cmake_force_configure' from command line to 'False'
[0.346s] Level 5:colcon.colcon_core.verb:set package 'quad_control' build argument 'ament_cmake_args' from command line to 'None'
[0.346s] Level 5:colcon.colcon_core.verb:set package 'quad_control' build argument 'catkin_cmake_args' from command line to 'None'
[0.346s] Level 5:colcon.colcon_core.verb:set package 'quad_control' build argument 'catkin_skip_building_tests' from command line to 'False'
[0.346s] DEBUG:colcon.colcon_core.verb:Building package 'quad_control' with the following arguments: {'ament_cmake_args': None, 'build_base': '/home/an/reconfigurable_quadruped/ros2_ws/build/quad_control', 'catkin_cmake_args': None, 'catkin_skip_building_tests': False, 'cmake_args': None, 'cmake_clean_cache': False, 'cmake_clean_first': False, 'cmake_force_configure': False, 'cmake_target': None, 'cmake_target_skip_unavailable': False, 'install_base': '/home/an/reconfigurable_quadruped/ros2_ws/install/quad_control', 'merge_install': False, 'path': '/home/an/reconfigurable_quadruped/ros2_ws/src/quad_control', 'symlink_install': False, 'test_result_base': None}
[0.347s] Level 5:colcon.colcon_core.verb:set package 'quad_interfaces' build argument 'cmake_args' from command line to 'None'
[0.347s] Level 5:colcon.colcon_core.verb:set package 'quad_interfaces' build argument 'cmake_target' from command line to 'None'
[0.347s] Level 5:colcon.colcon_core.verb:set package 'quad_interfaces' build argument 'cmake_target_skip_unavailable' from command line to 'False'
[0.347s] Level 5:colcon.colcon_core.verb:set package 'quad_interfaces' build argument 'cmake_clean_cache' from command line to 'False'
[0.347s] Level 5:colcon.colcon_core.verb:set package 'quad_interfaces' build argument 'cmake_clean_first' from command line to 'False'
[0.347s] Level 5:colcon.colcon_core.verb:set package 'quad_interfaces' build argument 'cmake_force_configure' from command line to 'False'
[0.347s] Level 5:colcon.colcon_core.verb:set package 'quad_interfaces' build argument 'ament_cmake_args' from command line to 'None'
[0.347s] Level 5:colcon.colcon_core.verb:set package 'quad_interfaces' build argument 'catkin_cmake_args' from command line to 'None'
[0.347s] Level 5:colcon.colcon_core.verb:set package 'quad_interfaces' build argument 'catkin_skip_building_tests' from command line to 'False'
[0.347s] DEBUG:colcon.colcon_core.verb:Building package 'quad_interfaces' with the following arguments: {'ament_cmake_args': None, 'build_base': '/home/an/reconfigurable_quadruped/ros2_ws/build/quad_interfaces', 'catkin_cmake_args': None, 'catkin_skip_building_tests': False, 'cmake_args': None, 'cmake_clean_cache': False, 'cmake_clean_first': False, 'cmake_force_configure': False, 'cmake_target': None, 'cmake_target_skip_unavailable': False, 'install_base': '/home/an/reconfigurable_quadruped/ros2_ws/install/quad_interfaces', 'merge_install': False, 'path': '/home/an/reconfigurable_quadruped/ros2_ws/src/quad_interfaces', 'symlink_install': False, 'test_result_base': None}
[0.347s] INFO:colcon.colcon_core.executor:Executing jobs using 'parallel' executor
[0.349s] DEBUG:colcon.colcon_parallel_executor.executor.parallel:run_until_complete
[0.349s] INFO:colcon.colcon_ros.task.ament_cmake.build:Building ROS package in '/home/an/reconfigurable_quadruped/ros2_ws/src/quad_control' with build type 'ament_cmake'
[0.351s] INFO:colcon.colcon_cmake.task.cmake.build:Building CMake package in '/home/an/reconfigurable_quadruped/ros2_ws/src/quad_control'
[0.359s] INFO:colcon.colcon_core.plugin_system:Skipping extension 'colcon_core.shell.bat': Not used on non-Windows systems
[0.360s] INFO:colcon.colcon_core.shell:Skip shell extension 'powershell' for command environment: Not usable outside of PowerShell
[0.360s] DEBUG:colcon.colcon_core.shell:Skip shell extension 'dsv' for command environment
[0.374s] INFO:colcon.colcon_ros.task.ament_cmake.build:Building ROS package in '/home/an/reconfigurable_quadruped/ros2_ws/src/quad_interfaces' with build type 'ament_cmake'
[0.376s] INFO:colcon.colcon_cmake.task.cmake.build:Building CMake package in '/home/an/reconfigurable_quadruped/ros2_ws/src/quad_interfaces'
[0.378s] INFO:colcon.colcon_core.shell:Skip shell extension 'powershell' for command environment: Not usable outside of PowerShell
[0.378s] DEBUG:colcon.colcon_core.shell:Skip shell extension 'dsv' for command environment
[0.406s] DEBUG:colcon.colcon_core.event_handler.log_command:Invoking command in '/home/an/reconfigurable_quadruped/ros2_ws/build/quad_control': CMAKE_PREFIX_PATH=${CMAKE_PREFIX_PATH}:/opt/ros/jazzy DEBUGINFOD_URLS=https://debuginfod.ubuntu.com /usr/bin/cmake /home/an/reconfigurable_quadruped/ros2_ws/src/quad_control -DCMAKE_INSTALL_PREFIX=/home/an/reconfigurable_quadruped/ros2_ws/install/quad_control
[0.426s] DEBUG:colcon.colcon_core.event_handler.log_command:Invoking command in '/home/an/reconfigurable_quadruped/ros2_ws/build/quad_interfaces': CMAKE_PREFIX_PATH=${CMAKE_PREFIX_PATH}:/opt/ros/jazzy DEBUGINFOD_URLS=https://debuginfod.ubuntu.com /usr/bin/cmake /home/an/reconfigurable_quadruped/ros2_ws/src/quad_interfaces -DCMAKE_INSTALL_PREFIX=/home/an/reconfigurable_quadruped/ros2_ws/install/quad_interfaces
[2.153s] DEBUG:colcon.colcon_core.event_handler.log_command:Invoked command in '/home/an/reconfigurable_quadruped/ros2_ws/build/quad_interfaces' returned '0': CMAKE_PREFIX_PATH=${CMAKE_PREFIX_PATH}:/opt/ros/jazzy DEBUGINFOD_URLS=https://debuginfod.ubuntu.com /usr/bin/cmake /home/an/reconfigurable_quadruped/ros2_ws/src/quad_interfaces -DCMAKE_INSTALL_PREFIX=/home/an/reconfigurable_quadruped/ros2_ws/install/quad_interfaces
[2.155s] DEBUG:colcon.colcon_core.event_handler.log_command:Invoking command in '/home/an/reconfigurable_quadruped/ros2_ws/build/quad_interfaces': CMAKE_PREFIX_PATH=${CMAKE_PREFIX_PATH}:/opt/ros/jazzy DEBUGINFOD_URLS=https://debuginfod.ubuntu.com /usr/bin/cmake --build /home/an/reconfigurable_quadruped/ros2_ws/build/quad_interfaces -- -j4 -l4
[2.165s] DEBUG:colcon.colcon_core.event_handler.log_command:Invoked command in '/home/an/reconfigurable_quadruped/ros2_ws/build/quad_control' returned '0': CMAKE_PREFIX_PATH=${CMAKE_PREFIX_PATH}:/opt/ros/jazzy DEBUGINFOD_URLS=https://debuginfod.ubuntu.com /usr/bin/cmake /home/an/reconfigurable_quadruped/ros2_ws/src/quad_control -DCMAKE_INSTALL_PREFIX=/home/an/reconfigurable_quadruped/ros2_ws/install/quad_control
[2.168s] DEBUG:colcon.colcon_core.event_handler.log_command:Invoking command in '/home/an/reconfigurable_quadruped/ros2_ws/build/quad_control': CMAKE_PREFIX_PATH=${CMAKE_PREFIX_PATH}:/opt/ros/jazzy DEBUGINFOD_URLS=https://debuginfod.ubuntu.com /usr/bin/cmake --build /home/an/reconfigurable_quadruped/ros2_ws/build/quad_control -- -j4 -l4
[2.247s] DEBUG:colcon.colcon_core.event_handler.log_command:Invoked command in '/home/an/reconfigurable_quadruped/ros2_ws/build/quad_interfaces' returned '0': CMAKE_PREFIX_PATH=${CMAKE_PREFIX_PATH}:/opt/ros/jazzy DEBUGINFOD_URLS=https://debuginfod.ubuntu.com /usr/bin/cmake --build /home/an/reconfigurable_quadruped/ros2_ws/build/quad_interfaces -- -j4 -l4
[2.281s] DEBUG:colcon.colcon_core.event_handler.log_command:Invoking command in '/home/an/reconfigurable_quadruped/ros2_ws/build/quad_interfaces': CMAKE_PREFIX_PATH=${CMAKE_PREFIX_PATH}:/opt/ros/jazzy DEBUGINFOD_URLS=https://debuginfod.ubuntu.com /usr/bin/cmake --install /home/an/reconfigurable_quadruped/ros2_ws/build/quad_interfaces
[2.347s] Level 1:colcon.colcon_core.environment:create_environment_scripts_only(quad_interfaces)
[2.349s] DEBUG:colcon.colcon_core.event_handler.log_command:Invoked command in '/home/an/reconfigurable_quadruped/ros2_ws/build/quad_interfaces' returned '0': CMAKE_PREFIX_PATH=${CMAKE_PREFIX_PATH}:/opt/ros/jazzy DEBUGINFOD_URLS=https://debuginfod.ubuntu.com /usr/bin/cmake --install /home/an/reconfigurable_quadruped/ros2_ws/build/quad_interfaces
[2.351s] Level 1:colcon.colcon_core.environment:checking '/home/an/reconfigurable_quadruped/ros2_ws/install/quad_interfaces' for CMake module files
[2.352s] Level 1:colcon.colcon_core.environment:checking '/home/an/reconfigurable_quadruped/ros2_ws/install/quad_interfaces' for CMake config files
[2.352s] Level 1:colcon.colcon_core.shell:create_environment_hook('quad_interfaces', 'cmake_prefix_path')
[2.353s] INFO:colcon.colcon_core.shell:Creating environment hook '/home/an/reconfigurable_quadruped/ros2_ws/install/quad_interfaces/share/quad_interfaces/hook/cmake_prefix_path.ps1'
[2.354s] INFO:colcon.colcon_core.shell:Creating environment descriptor '/home/an/reconfigurable_quadruped/ros2_ws/install/quad_interfaces/share/quad_interfaces/hook/cmake_prefix_path.dsv'
[2.354s] INFO:colcon.colcon_core.shell:Creating environment hook '/home/an/reconfigurable_quadruped/ros2_ws/install/quad_interfaces/share/quad_interfaces/hook/cmake_prefix_path.sh'
[2.355s] Level 1:colcon.colcon_core.environment:checking '/home/an/reconfigurable_quadruped/ros2_ws/install/quad_interfaces/bin'
[2.356s] Level 1:colcon.colcon_core.environment:checking '/home/an/reconfigurable_quadruped/ros2_ws/install/quad_interfaces/lib/pkgconfig/quad_interfaces.pc'
[2.356s] Level 1:colcon.colcon_core.environment:checking '/home/an/reconfigurable_quadruped/ros2_ws/install/quad_interfaces/lib/python3.12/site-packages'
[2.356s] Level 1:colcon.colcon_core.environment:checking '/home/an/reconfigurable_quadruped/ros2_ws/install/quad_interfaces/bin'
[2.357s] INFO:colcon.colcon_core.shell:Creating package script '/home/an/reconfigurable_quadruped/ros2_ws/install/quad_interfaces/share/quad_interfaces/package.ps1'
[2.367s] INFO:colcon.colcon_core.shell:Creating package descriptor '/home/an/reconfigurable_quadruped/ros2_ws/install/quad_interfaces/share/quad_interfaces/package.dsv'
[2.368s] INFO:colcon.colcon_core.shell:Creating package script '/home/an/reconfigurable_quadruped/ros2_ws/install/quad_interfaces/share/quad_interfaces/package.sh'
[2.370s] INFO:colcon.colcon_core.shell:Creating package script '/home/an/reconfigurable_quadruped/ros2_ws/install/quad_interfaces/share/quad_interfaces/package.bash'
[2.374s] INFO:colcon.colcon_core.shell:Creating package script '/home/an/reconfigurable_quadruped/ros2_ws/install/quad_interfaces/share/quad_interfaces/package.zsh'
[2.375s] Level 1:colcon.colcon_core.environment:create_file_with_runtime_dependencies(/home/an/reconfigurable_quadruped/ros2_ws/install/quad_interfaces/share/colcon-core/packages/quad_interfaces)
[2.381s] Level 1:colcon.colcon_core.environment:create_environment_scripts_only(quad_interfaces)
[2.384s] Level 1:colcon.colcon_core.environment:checking '/home/an/reconfigurable_quadruped/ros2_ws/install/quad_interfaces' for CMake module files
[2.387s] Level 1:colcon.colcon_core.environment:checking '/home/an/reconfigurable_quadruped/ros2_ws/install/quad_interfaces' for CMake config files
[2.388s] Level 1:colcon.colcon_core.shell:create_environment_hook('quad_interfaces', 'cmake_prefix_path')
[2.389s] INFO:colcon.colcon_core.shell:Creating environment hook '/home/an/reconfigurable_quadruped/ros2_ws/install/quad_interfaces/share/quad_interfaces/hook/cmake_prefix_path.ps1'
[2.390s] INFO:colcon.colcon_core.shell:Creating environment descriptor '/home/an/reconfigurable_quadruped/ros2_ws/install/quad_interfaces/share/quad_interfaces/hook/cmake_prefix_path.dsv'
[2.392s] INFO:colcon.colcon_core.shell:Creating environment hook '/home/an/reconfigurable_quadruped/ros2_ws/install/quad_interfaces/share/quad_interfaces/hook/cmake_prefix_path.sh'
[2.397s] Level 1:colcon.colcon_core.environment:checking '/home/an/reconfigurable_quadruped/ros2_ws/install/quad_interfaces/bin'
[2.398s] Level 1:colcon.colcon_core.environment:checking '/home/an/reconfigurable_quadruped/ros2_ws/install/quad_interfaces/lib/pkgconfig/quad_interfaces.pc'
[2.398s] Level 1:colcon.colcon_core.environment:checking '/home/an/reconfigurable_quadruped/ros2_ws/install/quad_interfaces/lib/python3.12/site-packages'
[2.399s] Level 1:colcon.colcon_core.environment:checking '/home/an/reconfigurable_quadruped/ros2_ws/install/quad_interfaces/bin'
[2.400s] INFO:colcon.colcon_core.shell:Creating package script '/home/an/reconfigurable_quadruped/ros2_ws/install/quad_interfaces/share/quad_interfaces/package.ps1'
[2.401s] INFO:colcon.colcon_core.shell:Creating package descriptor '/home/an/reconfigurable_quadruped/ros2_ws/install/quad_interfaces/share/quad_interfaces/package.dsv'
[2.403s] INFO:colcon.colcon_core.shell:Creating package script '/home/an/reconfigurable_quadruped/ros2_ws/install/quad_interfaces/share/quad_interfaces/package.sh'
[2.404s] INFO:colcon.colcon_core.shell:Creating package script '/home/an/reconfigurable_quadruped/ros2_ws/install/quad_interfaces/share/quad_interfaces/package.bash'
[2.405s] INFO:colcon.colcon_core.shell:Creating package script '/home/an/reconfigurable_quadruped/ros2_ws/install/quad_interfaces/share/quad_interfaces/package.zsh'
[2.406s] Level 1:colcon.colcon_core.environment:create_file_with_runtime_dependencies(/home/an/reconfigurable_quadruped/ros2_ws/install/quad_interfaces/share/colcon-core/packages/quad_interfaces)
[2.532s] DEBUG:colcon.colcon_core.event_handler.log_command:Invoked command in '/home/an/reconfigurable_quadruped/ros2_ws/build/quad_control' returned '0': CMAKE_PREFIX_PATH=${CMAKE_PREFIX_PATH}:/opt/ros/jazzy DEBUGINFOD_URLS=https://debuginfod.ubuntu.com /usr/bin/cmake --build /home/an/reconfigurable_quadruped/ros2_ws/build/quad_control -- -j4 -l4
[2.534s] DEBUG:colcon.colcon_core.event_handler.log_command:Invoking command in '/home/an/reconfigurable_quadruped/ros2_ws/build/quad_control': CMAKE_PREFIX_PATH=${CMAKE_PREFIX_PATH}:/opt/ros/jazzy DEBUGINFOD_URLS=https://debuginfod.ubuntu.com /usr/bin/cmake --install /home/an/reconfigurable_quadruped/ros2_ws/build/quad_control
[2.557s] Level 1:colcon.colcon_core.environment:create_environment_scripts_only(quad_control)
[2.557s] Level 1:colcon.colcon_core.environment:checking '/home/an/reconfigurable_quadruped/ros2_ws/install/quad_control' for CMake module files
[2.559s] DEBUG:colcon.colcon_core.event_handler.log_command:Invoked command in '/home/an/reconfigurable_quadruped/ros2_ws/build/quad_control' returned '0': CMAKE_PREFIX_PATH=${CMAKE_PREFIX_PATH}:/opt/ros/jazzy DEBUGINFOD_URLS=https://debuginfod.ubuntu.com /usr/bin/cmake --install /home/an/reconfigurable_quadruped/ros2_ws/build/quad_control
[2.560s] Level 1:colcon.colcon_core.environment:checking '/home/an/reconfigurable_quadruped/ros2_ws/install/quad_control' for CMake config files
[2.560s] Level 1:colcon.colcon_core.shell:create_environment_hook('quad_control', 'cmake_prefix_path')
[2.562s] INFO:colcon.colcon_core.shell:Creating environment hook '/home/an/reconfigurable_quadruped/ros2_ws/install/quad_control/share/quad_control/hook/cmake_prefix_path.ps1'
[2.566s] INFO:colcon.colcon_core.shell:Creating environment descriptor '/home/an/reconfigurable_quadruped/ros2_ws/install/quad_control/share/quad_control/hook/cmake_prefix_path.dsv'
[2.567s] INFO:colcon.colcon_core.shell:Creating environment hook '/home/an/reconfigurable_quadruped/ros2_ws/install/quad_control/share/quad_control/hook/cmake_prefix_path.sh'
[2.568s] Level 1:colcon.colcon_core.environment:checking '/home/an/reconfigurable_quadruped/ros2_ws/install/quad_control/lib'
[2.568s] Level 1:colcon.colcon_core.environment:checking '/home/an/reconfigurable_quadruped/ros2_ws/install/quad_control/bin'
[2.569s] Level 1:colcon.colcon_core.environment:checking '/home/an/reconfigurable_quadruped/ros2_ws/install/quad_control/lib/pkgconfig/quad_control.pc'
[2.569s] Level 1:colcon.colcon_core.environment:checking '/home/an/reconfigurable_quadruped/ros2_ws/install/quad_control/lib/python3.12/site-packages'
[2.570s] Level 1:colcon.colcon_core.environment:checking '/home/an/reconfigurable_quadruped/ros2_ws/install/quad_control/bin'
[2.572s] INFO:colcon.colcon_core.shell:Creating package script '/home/an/reconfigurable_quadruped/ros2_ws/install/quad_control/share/quad_control/package.ps1'
[2.574s] INFO:colcon.colcon_core.shell:Creating package descriptor '/home/an/reconfigurable_quadruped/ros2_ws/install/quad_control/share/quad_control/package.dsv'
[2.575s] INFO:colcon.colcon_core.shell:Creating package script '/home/an/reconfigurable_quadruped/ros2_ws/install/quad_control/share/quad_control/package.sh'
[2.576s] INFO:colcon.colcon_core.shell:Creating package script '/home/an/reconfigurable_quadruped/ros2_ws/install/quad_control/share/quad_control/package.bash'
[2.577s] INFO:colcon.colcon_core.shell:Creating package script '/home/an/reconfigurable_quadruped/ros2_ws/install/quad_control/share/quad_control/package.zsh'
[2.580s] Level 1:colcon.colcon_core.environment:create_file_with_runtime_dependencies(/home/an/reconfigurable_quadruped/ros2_ws/install/quad_control/share/colcon-core/packages/quad_control)
[2.586s] Level 1:colcon.colcon_core.environment:create_environment_scripts_only(quad_control)
[2.587s] Level 1:colcon.colcon_core.environment:checking '/home/an/reconfigurable_quadruped/ros2_ws/install/quad_control' for CMake module files
[2.588s] Level 1:colcon.colcon_core.environment:checking '/home/an/reconfigurable_quadruped/ros2_ws/install/quad_control' for CMake config files
[2.589s] Level 1:colcon.colcon_core.shell:create_environment_hook('quad_control', 'cmake_prefix_path')
[2.589s] INFO:colcon.colcon_core.shell:Creating environment hook '/home/an/reconfigurable_quadruped/ros2_ws/install/quad_control/share/quad_control/hook/cmake_prefix_path.ps1'
[2.590s] INFO:colcon.colcon_core.shell:Creating environment descriptor '/home/an/reconfigurable_quadruped/ros2_ws/install/quad_control/share/quad_control/hook/cmake_prefix_path.dsv'
[2.593s] INFO:colcon.colcon_core.shell:Creating environment hook '/home/an/reconfigurable_quadruped/ros2_ws/install/quad_control/share/quad_control/hook/cmake_prefix_path.sh'
[2.597s] Level 1:colcon.colcon_core.environment:checking '/home/an/reconfigurable_quadruped/ros2_ws/install/quad_control/lib'
[2.597s] Level 1:colcon.colcon_core.environment:checking '/home/an/reconfigurable_quadruped/ros2_ws/install/quad_control/bin'
[2.598s] Level 1:colcon.colcon_core.environment:checking '/home/an/reconfigurable_quadruped/ros2_ws/install/quad_control/lib/pkgconfig/quad_control.pc'
[2.598s] Level 1:colcon.colcon_core.environment:checking '/home/an/reconfigurable_quadruped/ros2_ws/install/quad_control/lib/python3.12/site-packages'
[2.599s] Level 1:colcon.colcon_core.environment:checking '/home/an/reconfigurable_quadruped/ros2_ws/install/quad_control/bin'
[2.599s] INFO:colcon.colcon_core.shell:Creating package script '/home/an/reconfigurable_quadruped/ros2_ws/install/quad_control/share/quad_control/package.ps1'
[2.601s] INFO:colcon.colcon_core.shell:Creating package descriptor '/home/an/reconfigurable_quadruped/ros2_ws/install/quad_control/share/quad_control/package.dsv'
[2.602s] INFO:colcon.colcon_core.shell:Creating package script '/home/an/reconfigurable_quadruped/ros2_ws/install/quad_control/share/quad_control/package.sh'
[2.604s] INFO:colcon.colcon_core.shell:Creating package script '/home/an/reconfigurable_quadruped/ros2_ws/install/quad_control/share/quad_control/package.bash'
[2.608s] INFO:colcon.colcon_core.shell:Creating package script '/home/an/reconfigurable_quadruped/ros2_ws/install/quad_control/share/quad_control/package.zsh'
[2.608s] Level 1:colcon.colcon_core.environment:create_file_with_runtime_dependencies(/home/an/reconfigurable_quadruped/ros2_ws/install/quad_control/share/colcon-core/packages/quad_control)
[2.609s] DEBUG:colcon.colcon_parallel_executor.executor.parallel:closing loop
[2.610s] DEBUG:colcon.colcon_parallel_executor.executor.parallel:loop closed
[2.610s] DEBUG:colcon.colcon_parallel_executor.executor.parallel:run_until_complete finished with '0'
[2.610s] DEBUG:colcon.colcon_core.event_reactor:joining thread
[2.622s] INFO:colcon.colcon_core.plugin_system:Skipping extension 'colcon_notification.desktop_notification.terminal_notifier': Not used on non-Darwin systems
[2.623s] INFO:colcon.colcon_core.plugin_system:Skipping extension 'colcon_notification.desktop_notification.win32': Not used on non-Windows systems
[2.623s] INFO:colcon.colcon_notification.desktop_notification:Sending desktop notification using 'notify2'
[2.665s] DEBUG:colcon.colcon_core.event_reactor:joined thread
[2.666s] INFO:colcon.colcon_core.shell:Creating prefix script '/home/an/reconfigurable_quadruped/ros2_ws/install/local_setup.ps1'
[2.671s] INFO:colcon.colcon_core.shell:Creating prefix util module '/home/an/reconfigurable_quadruped/ros2_ws/install/_local_setup_util_ps1.py'
[2.674s] INFO:colcon.colcon_core.shell:Creating prefix chain script '/home/an/reconfigurable_quadruped/ros2_ws/install/setup.ps1'
[2.677s] INFO:colcon.colcon_core.shell:Creating prefix script '/home/an/reconfigurable_quadruped/ros2_ws/install/local_setup.sh'
[2.678s] INFO:colcon.colcon_core.shell:Creating prefix util module '/home/an/reconfigurable_quadruped/ros2_ws/install/_local_setup_util_sh.py'
[2.680s] INFO:colcon.colcon_core.shell:Creating prefix chain script '/home/an/reconfigurable_quadruped/ros2_ws/install/setup.sh'
[2.682s] INFO:colcon.colcon_core.shell:Creating prefix script '/home/an/reconfigurable_quadruped/ros2_ws/install/local_setup.bash'
[2.683s] INFO:colcon.colcon_core.shell:Creating prefix chain script '/home/an/reconfigurable_quadruped/ros2_ws/install/setup.bash'
[2.686s] INFO:colcon.colcon_core.shell:Creating prefix script '/home/an/reconfigurable_quadruped/ros2_ws/install/local_setup.zsh'
[2.687s] INFO:colcon.colcon_core.shell:Creating prefix chain script '/home/an/reconfigurable_quadruped/ros2_ws/install/setup.zsh'
