[0.048s] Invoking command in '/reconfigurable_quadruped/robotis_ws/build/dynamixel_sdk_examples': CMAKE_PREFIX_PATH=/reconfigurable_quadruped/robotis_ws/install/dynamixel_sdk_custom_interfaces:/reconfigurable_quadruped/robotis_ws/install/dynamixel_sdk:/reconfigurable_quadruped/robotis_ws/install/dynamixel_sdk_examples:/robotis_ws2/install/dynamixel_sdk_examples:/robotis_ws2/install/dynamixel_sdk_custom_interfaces:/robotis_ws2/install/dynamixel_sdk:/robotis_ws/install/dynamixel_sdk_examples:/robotis_ws/install/dynamixel_sdk_custom_interfaces:/robotis_ws/install/dynamixel_sdk:/opt/ros/humble /usr/bin/cmake /reconfigurable_quadruped/robotis_ws/src/DynamixelSDK/dynamixel_sdk_examples -DAMENT_CMAKE_SYMLINK_INSTALL=1 -DCMAKE_INSTALL_PREFIX=/reconfigurable_quadruped/robotis_ws/install/dynamixel_sdk_examples
[0.194s] -- The C compiler identification is GNU 11.4.0
[0.313s] -- The CXX compiler identification is GNU 11.4.0
[0.324s] -- Detecting C compiler ABI info
[0.525s] -- Detecting C compiler ABI info - done
[0.537s] -- Check for working C compiler: /usr/bin/cc - skipped
[0.537s] -- Detecting C compile features
[0.538s] -- Detecting C compile features - done
[0.542s] -- Detecting CXX compiler ABI info
[0.712s] -- Detecting CXX compiler ABI info - done
[0.725s] -- Check for working CXX compiler: /usr/bin/c++ - skipped
[0.725s] -- Detecting CXX compile features
[0.726s] -- Detecting CXX compile features - done
[0.730s] -- Found ament_cmake: 1.3.11 (/opt/ros/humble/share/ament_cmake/cmake)
[0.980s] -- Found Python3: /usr/bin/python3 (found version "3.10.12") found components: Interpreter 
[1.099s] -- Override CMake install command with custom implementation using symlinks instead of copying resources
[1.152s] -- Found dynamixel_sdk: 3.7.60 (/reconfigurable_quadruped/robotis_ws/install/dynamixel_sdk/share/dynamixel_sdk/cmake)
[1.160s] -- Found dynamixel_sdk_custom_interfaces: 3.7.60 (/reconfigurable_quadruped/robotis_ws/install/dynamixel_sdk_custom_interfaces/share/dynamixel_sdk_custom_interfaces/cmake)
[1.219s] -- Found rosidl_generator_c: 3.1.6 (/opt/ros/humble/share/rosidl_generator_c/cmake)
[1.228s] -- Found rosidl_adapter: 3.1.6 (/opt/ros/humble/share/rosidl_adapter/cmake)
[1.242s] -- Found rosidl_generator_cpp: 3.1.6 (/opt/ros/humble/share/rosidl_generator_cpp/cmake)
[1.271s] -- Using all available rosidl_typesupport_c: rosidl_typesupport_fastrtps_c;rosidl_typesupport_introspection_c
[1.298s] -- Using all available rosidl_typesupport_cpp: rosidl_typesupport_fastrtps_cpp;rosidl_typesupport_introspection_cpp
[1.340s] -- Found rclcpp: 16.0.11 (/opt/ros/humble/share/rclcpp/cmake)
[1.414s] -- Found rmw_implementation_cmake: 6.1.2 (/opt/ros/humble/share/rmw_implementation_cmake/cmake)
[1.419s] -- Found rmw_fastrtps_cpp: 6.2.7 (/opt/ros/humble/share/rmw_fastrtps_cpp/cmake)
[1.484s] -- Found OpenSSL: /usr/lib/aarch64-linux-gnu/libcrypto.so (found version "3.0.2")  
[1.504s] -- Found FastRTPS: /opt/ros/humble/include  
[1.538s] -- Using RMW implementation 'rmw_fastrtps_cpp' as default
[1.559s] -- Looking for pthread.h
[1.714s] -- Looking for pthread.h - found
[1.714s] -- Performing Test CMAKE_HAVE_LIBC_PTHREAD
[1.879s] -- Performing Test CMAKE_HAVE_LIBC_PTHREAD - Success
[1.880s] -- Found Threads: TRUE  
[1.974s] -- Found ament_lint_auto: 0.12.11 (/opt/ros/humble/share/ament_lint_auto/cmake)
[2.132s] -- Added test 'copyright' to check source files copyright and LICENSE
[2.134s] -- Added test 'cppcheck' to perform static code analysis on C / C++ code
[2.134s] -- Configured cppcheck include dirs: /reconfigurable_quadruped/robotis_ws/src/DynamixelSDK/dynamixel_sdk_examples/include
[2.134s] -- Configured cppcheck exclude dirs and/or files: 
[2.135s] -- Added test 'cpplint' to check C / C++ code against the Google style
[2.135s] -- Configured cpplint exclude dirs and/or files: 
[2.136s] -- Added test 'lint_cmake' to check CMake code style
[2.138s] -- Added test 'uncrustify' to check C / C++ code style
[2.138s] -- Configured uncrustify additional arguments: 
[2.139s] -- Added test 'xmllint' to check XML markup files
[2.141s] -- Configuring done
[2.164s] -- Generating done
[2.175s] -- Build files have been written to: /reconfigurable_quadruped/robotis_ws/build/dynamixel_sdk_examples
[2.194s] Invoked command in '/reconfigurable_quadruped/robotis_ws/build/dynamixel_sdk_examples' returned '0': CMAKE_PREFIX_PATH=/reconfigurable_quadruped/robotis_ws/install/dynamixel_sdk_custom_interfaces:/reconfigurable_quadruped/robotis_ws/install/dynamixel_sdk:/reconfigurable_quadruped/robotis_ws/install/dynamixel_sdk_examples:/robotis_ws2/install/dynamixel_sdk_examples:/robotis_ws2/install/dynamixel_sdk_custom_interfaces:/robotis_ws2/install/dynamixel_sdk:/robotis_ws/install/dynamixel_sdk_examples:/robotis_ws/install/dynamixel_sdk_custom_interfaces:/robotis_ws/install/dynamixel_sdk:/opt/ros/humble /usr/bin/cmake /reconfigurable_quadruped/robotis_ws/src/DynamixelSDK/dynamixel_sdk_examples -DAMENT_CMAKE_SYMLINK_INSTALL=1 -DCMAKE_INSTALL_PREFIX=/reconfigurable_quadruped/robotis_ws/install/dynamixel_sdk_examples
[2.196s] Invoking command in '/reconfigurable_quadruped/robotis_ws/build/dynamixel_sdk_examples': CMAKE_PREFIX_PATH=/reconfigurable_quadruped/robotis_ws/install/dynamixel_sdk_custom_interfaces:/reconfigurable_quadruped/robotis_ws/install/dynamixel_sdk:/reconfigurable_quadruped/robotis_ws/install/dynamixel_sdk_examples:/robotis_ws2/install/dynamixel_sdk_examples:/robotis_ws2/install/dynamixel_sdk_custom_interfaces:/robotis_ws2/install/dynamixel_sdk:/robotis_ws/install/dynamixel_sdk_examples:/robotis_ws/install/dynamixel_sdk_custom_interfaces:/robotis_ws/install/dynamixel_sdk:/opt/ros/humble /usr/bin/cmake --build /reconfigurable_quadruped/robotis_ws/build/dynamixel_sdk_examples -- -j4 -l4
[2.304s] [ 50%] [32mBuilding CXX object CMakeFiles/read_write_node.dir/src/read_write_node.cpp.o[0m
[17.698s] [100%] [32m[1mLinking CXX executable read_write_node[0m
[18.785s] [100%] Built target read_write_node
[18.806s] Invoked command in '/reconfigurable_quadruped/robotis_ws/build/dynamixel_sdk_examples' returned '0': CMAKE_PREFIX_PATH=/reconfigurable_quadruped/robotis_ws/install/dynamixel_sdk_custom_interfaces:/reconfigurable_quadruped/robotis_ws/install/dynamixel_sdk:/reconfigurable_quadruped/robotis_ws/install/dynamixel_sdk_examples:/robotis_ws2/install/dynamixel_sdk_examples:/robotis_ws2/install/dynamixel_sdk_custom_interfaces:/robotis_ws2/install/dynamixel_sdk:/robotis_ws/install/dynamixel_sdk_examples:/robotis_ws/install/dynamixel_sdk_custom_interfaces:/robotis_ws/install/dynamixel_sdk:/opt/ros/humble /usr/bin/cmake --build /reconfigurable_quadruped/robotis_ws/build/dynamixel_sdk_examples -- -j4 -l4
[18.810s] Invoking command in '/reconfigurable_quadruped/robotis_ws/build/dynamixel_sdk_examples': CMAKE_PREFIX_PATH=/reconfigurable_quadruped/robotis_ws/install/dynamixel_sdk_custom_interfaces:/reconfigurable_quadruped/robotis_ws/install/dynamixel_sdk:/reconfigurable_quadruped/robotis_ws/install/dynamixel_sdk_examples:/robotis_ws2/install/dynamixel_sdk_examples:/robotis_ws2/install/dynamixel_sdk_custom_interfaces:/robotis_ws2/install/dynamixel_sdk:/robotis_ws/install/dynamixel_sdk_examples:/robotis_ws/install/dynamixel_sdk_custom_interfaces:/robotis_ws/install/dynamixel_sdk:/opt/ros/humble /usr/bin/cmake --install /reconfigurable_quadruped/robotis_ws/build/dynamixel_sdk_examples
[18.824s] -- Install configuration: ""
[18.825s] -- Execute custom install script
[18.825s] -- Symlinking: /reconfigurable_quadruped/robotis_ws/install/dynamixel_sdk_examples/lib/dynamixel_sdk_examples/read_write_node
[18.856s] -- Symlinking: /reconfigurable_quadruped/robotis_ws/install/dynamixel_sdk_examples/share/ament_index/resource_index/package_run_dependencies/dynamixel_sdk_examples
[18.873s] -- Symlinking: /reconfigurable_quadruped/robotis_ws/install/dynamixel_sdk_examples/share/ament_index/resource_index/parent_prefix_path/dynamixel_sdk_examples
[18.889s] -- Symlinking: /reconfigurable_quadruped/robotis_ws/install/dynamixel_sdk_examples/share/dynamixel_sdk_examples/environment/ament_prefix_path.sh
[18.907s] -- Symlinking: /reconfigurable_quadruped/robotis_ws/install/dynamixel_sdk_examples/share/dynamixel_sdk_examples/environment/ament_prefix_path.dsv
[18.924s] -- Symlinking: /reconfigurable_quadruped/robotis_ws/install/dynamixel_sdk_examples/share/dynamixel_sdk_examples/environment/path.sh
[18.953s] -- Symlinking: /reconfigurable_quadruped/robotis_ws/install/dynamixel_sdk_examples/share/dynamixel_sdk_examples/environment/path.dsv
[18.971s] -- Symlinking: /reconfigurable_quadruped/robotis_ws/install/dynamixel_sdk_examples/share/dynamixel_sdk_examples/local_setup.bash
[18.989s] -- Symlinking: /reconfigurable_quadruped/robotis_ws/install/dynamixel_sdk_examples/share/dynamixel_sdk_examples/local_setup.sh
[19.007s] -- Symlinking: /reconfigurable_quadruped/robotis_ws/install/dynamixel_sdk_examples/share/dynamixel_sdk_examples/local_setup.zsh
[19.023s] -- Symlinking: /reconfigurable_quadruped/robotis_ws/install/dynamixel_sdk_examples/share/dynamixel_sdk_examples/local_setup.dsv
[19.053s] -- Symlinking: /reconfigurable_quadruped/robotis_ws/install/dynamixel_sdk_examples/share/dynamixel_sdk_examples/package.dsv
[19.071s] -- Symlinking: /reconfigurable_quadruped/robotis_ws/install/dynamixel_sdk_examples/share/ament_index/resource_index/packages/dynamixel_sdk_examples
[19.088s] -- Symlinking: /reconfigurable_quadruped/robotis_ws/install/dynamixel_sdk_examples/share/dynamixel_sdk_examples/cmake/dynamixel_sdk_examplesConfig.cmake
[19.105s] -- Symlinking: /reconfigurable_quadruped/robotis_ws/install/dynamixel_sdk_examples/share/dynamixel_sdk_examples/cmake/dynamixel_sdk_examplesConfig-version.cmake
[19.122s] -- Symlinking: /reconfigurable_quadruped/robotis_ws/install/dynamixel_sdk_examples/share/dynamixel_sdk_examples/package.xml
[19.155s] Invoked command in '/reconfigurable_quadruped/robotis_ws/build/dynamixel_sdk_examples' returned '0': CMAKE_PREFIX_PATH=/reconfigurable_quadruped/robotis_ws/install/dynamixel_sdk_custom_interfaces:/reconfigurable_quadruped/robotis_ws/install/dynamixel_sdk:/reconfigurable_quadruped/robotis_ws/install/dynamixel_sdk_examples:/robotis_ws2/install/dynamixel_sdk_examples:/robotis_ws2/install/dynamixel_sdk_custom_interfaces:/robotis_ws2/install/dynamixel_sdk:/robotis_ws/install/dynamixel_sdk_examples:/robotis_ws/install/dynamixel_sdk_custom_interfaces:/robotis_ws/install/dynamixel_sdk:/opt/ros/humble /usr/bin/cmake --install /reconfigurable_quadruped/robotis_ws/build/dynamixel_sdk_examples
