[0.065s] Invoking command in '/robotis_ws/build/dynamixel_sdk': CMAKE_PREFIX_PATH=${CMAKE_PREFIX_PATH}:/opt/ros/humble /usr/bin/cmake /robotis_ws/src/DynamixelSDK/dynamixel_sdk -DCMAKE_INSTALL_PREFIX=/robotis_ws/install/dynamixel_sdk
[0.100s] -- Found ament_cmake: 1.3.11 (/opt/ros/humble/share/ament_cmake/cmake)
[0.409s] -- Override CMake install command with custom implementation using symlinks instead of copying resources
[0.576s] -- Configuring done
[0.609s] -- Generating done
[0.615s] -- Build files have been written to: /robotis_ws/build/dynamixel_sdk
[0.625s] Invoked command in '/robotis_ws/build/dynamixel_sdk' returned '0': CMAKE_PREFIX_PATH=${CMAKE_PREFIX_PATH}:/opt/ros/humble /usr/bin/cmake /robotis_ws/src/DynamixelSDK/dynamixel_sdk -DCMAKE_INSTALL_PREFIX=/robotis_ws/install/dynamixel_sdk
[0.628s] Invoking command in '/robotis_ws/build/dynamixel_sdk': CMAKE_PREFIX_PATH=${CMAKE_PREFIX_PATH}:/opt/ros/humble /usr/bin/cmake --build /robotis_ws/build/dynamixel_sdk -- -j4 -l4
[0.715s] [35m[1mConsolidate compiler generated dependencies of target dynamixel_sdk[0m
[0.750s] [100%] Built target dynamixel_sdk
[0.772s] Invoked command in '/robotis_ws/build/dynamixel_sdk' returned '0': CMAKE_PREFIX_PATH=${CMAKE_PREFIX_PATH}:/opt/ros/humble /usr/bin/cmake --build /robotis_ws/build/dynamixel_sdk -- -j4 -l4
[0.794s] Invoking command in '/robotis_ws/build/dynamixel_sdk': CMAKE_PREFIX_PATH=${CMAKE_PREFIX_PATH}:/opt/ros/humble /usr/bin/cmake --install /robotis_ws/build/dynamixel_sdk
[0.820s] -- Install configuration: ""
[0.823s] -- Execute custom install script
[0.825s] -- Up-to-date symlink: /robotis_ws/install/dynamixel_sdk/include//dynamixel_sdk/dynamixel_sdk.h
[0.825s] -- Up-to-date symlink: /robotis_ws/install/dynamixel_sdk/include//dynamixel_sdk/group_bulk_read.h
[0.825s] -- Up-to-date symlink: /robotis_ws/install/dynamixel_sdk/include//dynamixel_sdk/group_bulk_write.h
[0.825s] -- Up-to-date symlink: /robotis_ws/install/dynamixel_sdk/include//dynamixel_sdk/group_sync_read.h
[0.825s] -- Up-to-date symlink: /robotis_ws/install/dynamixel_sdk/include//dynamixel_sdk/group_sync_write.h
[0.825s] -- Up-to-date symlink: /robotis_ws/install/dynamixel_sdk/include//dynamixel_sdk/packet_handler.h
[0.825s] -- Up-to-date symlink: /robotis_ws/install/dynamixel_sdk/include//dynamixel_sdk/port_handler.h
[0.825s] -- Up-to-date symlink: /robotis_ws/install/dynamixel_sdk/include//dynamixel_sdk/port_handler_arduino.h
[0.825s] -- Up-to-date symlink: /robotis_ws/install/dynamixel_sdk/include//dynamixel_sdk/port_handler_linux.h
[0.826s] -- Up-to-date symlink: /robotis_ws/install/dynamixel_sdk/include//dynamixel_sdk/port_handler_mac.h
[0.826s] -- Up-to-date symlink: /robotis_ws/install/dynamixel_sdk/include//dynamixel_sdk/port_handler_windows.h
[0.826s] -- Up-to-date symlink: /robotis_ws/install/dynamixel_sdk/include//dynamixel_sdk/protocol1_packet_handler.h
[0.826s] -- Up-to-date symlink: /robotis_ws/install/dynamixel_sdk/include//dynamixel_sdk/protocol2_packet_handler.h
[0.826s] -- Up-to-date symlink: /robotis_ws/install/dynamixel_sdk/lib/libdynamixel_sdk.so
[0.828s] -- Up-to-date symlink: /robotis_ws/install/dynamixel_sdk/share/dynamixel_sdk/environment/library_path.sh
[0.828s] -- Up-to-date symlink: /robotis_ws/install/dynamixel_sdk/share/dynamixel_sdk/environment/library_path.dsv
[0.829s] -- Up-to-date symlink: /robotis_ws/install/dynamixel_sdk/share/ament_index/resource_index/package_run_dependencies/dynamixel_sdk
[0.830s] -- Up-to-date symlink: /robotis_ws/install/dynamixel_sdk/share/ament_index/resource_index/parent_prefix_path/dynamixel_sdk
[0.830s] -- Up-to-date symlink: /robotis_ws/install/dynamixel_sdk/share/dynamixel_sdk/environment/ament_prefix_path.sh
[0.831s] -- Up-to-date symlink: /robotis_ws/install/dynamixel_sdk/share/dynamixel_sdk/environment/ament_prefix_path.dsv
[0.831s] -- Up-to-date symlink: /robotis_ws/install/dynamixel_sdk/share/dynamixel_sdk/environment/path.sh
[0.832s] -- Up-to-date symlink: /robotis_ws/install/dynamixel_sdk/share/dynamixel_sdk/environment/path.dsv
[0.832s] -- Up-to-date symlink: /robotis_ws/install/dynamixel_sdk/share/dynamixel_sdk/local_setup.bash
[0.832s] -- Up-to-date symlink: /robotis_ws/install/dynamixel_sdk/share/dynamixel_sdk/local_setup.sh
[0.832s] -- Up-to-date symlink: /robotis_ws/install/dynamixel_sdk/share/dynamixel_sdk/local_setup.zsh
[0.832s] -- Up-to-date symlink: /robotis_ws/install/dynamixel_sdk/share/dynamixel_sdk/local_setup.dsv
[0.833s] -- Symlinking: /robotis_ws/install/dynamixel_sdk/share/dynamixel_sdk/package.dsv
[0.854s] -- Up-to-date symlink: /robotis_ws/install/dynamixel_sdk/share/ament_index/resource_index/packages/dynamixel_sdk
[0.855s] -- Up-to-date symlink: /robotis_ws/install/dynamixel_sdk/share/dynamixel_sdk/cmake/ament_cmake_export_include_directories-extras.cmake
[0.855s] -- Up-to-date symlink: /robotis_ws/install/dynamixel_sdk/share/dynamixel_sdk/cmake/ament_cmake_export_libraries-extras.cmake
[0.855s] -- Up-to-date symlink: /robotis_ws/install/dynamixel_sdk/share/dynamixel_sdk/cmake/dynamixel_sdkConfig.cmake
[0.855s] -- Up-to-date symlink: /robotis_ws/install/dynamixel_sdk/share/dynamixel_sdk/cmake/dynamixel_sdkConfig-version.cmake
[0.855s] -- Up-to-date symlink: /robotis_ws/install/dynamixel_sdk/share/dynamixel_sdk/package.xml
[0.860s] Invoked command in '/robotis_ws/build/dynamixel_sdk' returned '0': CMAKE_PREFIX_PATH=${CMAKE_PREFIX_PATH}:/opt/ros/humble /usr/bin/cmake --install /robotis_ws/build/dynamixel_sdk
