[0.044s] Invoking command in '/robotis_ws/build/dynamixel_sdk_examples': CMAKE_PREFIX_PATH=/robotis_ws/install/dynamixel_sdk_custom_interfaces:/robotis_ws/install/dynamixel_sdk:/robotis_ws2/install/dynamixel_sdk_examples:/robotis_ws2/install/dynamixel_sdk_custom_interfaces:/robotis_ws2/install/dynamixel_sdk:/robotis_ws/install/dynamixel_sdk_examples:/opt/ros/humble LD_LIBRARY_PATH=/robotis_ws/install/dynamixel_sdk_custom_interfaces/lib:/robotis_ws/install/dynamixel_sdk/lib:/robotis_ws2/install/dynamixel_sdk_custom_interfaces/lib:/robotis_ws2/install/dynamixel_sdk/lib:/opt/ros/humble/lib/aarch64-linux-gnu:/opt/ros/humble/lib /usr/bin/cmake /robotis_ws/src/DynamixelSDK/dynamixel_sdk_examples -DCMAKE_INSTALL_PREFIX=/robotis_ws/install/dynamixel_sdk_examples
[0.070s] -- Found ament_cmake: 1.3.11 (/opt/ros/humble/share/ament_cmake/cmake)
[0.339s] -- Override CMake install command with custom implementation using symlinks instead of copying resources
[0.352s] -- Found dynamixel_sdk: 3.7.60 (/robotis_ws/install/dynamixel_sdk/share/dynamixel_sdk/cmake)
[0.354s] -- Found dynamixel_sdk_custom_interfaces: 3.7.60 (/robotis_ws/install/dynamixel_sdk_custom_interfaces/share/dynamixel_sdk_custom_interfaces/cmake)
[0.381s] -- Found rosidl_generator_c: 3.1.6 (/opt/ros/humble/share/rosidl_generator_c/cmake)
[0.391s] -- Found rosidl_adapter: 3.1.6 (/opt/ros/humble/share/rosidl_adapter/cmake)
[0.404s] -- Found rosidl_generator_cpp: 3.1.6 (/opt/ros/humble/share/rosidl_generator_cpp/cmake)
[0.418s] -- Using all available rosidl_typesupport_c: rosidl_typesupport_fastrtps_c;rosidl_typesupport_introspection_c
[0.436s] -- Using all available rosidl_typesupport_cpp: rosidl_typesupport_fastrtps_cpp;rosidl_typesupport_introspection_cpp
[0.469s] -- Found rclcpp: 16.0.11 (/opt/ros/humble/share/rclcpp/cmake)
[0.517s] -- Found rmw_implementation_cmake: 6.1.2 (/opt/ros/humble/share/rmw_implementation_cmake/cmake)
[0.519s] -- Found rmw_fastrtps_cpp: 6.2.7 (/opt/ros/humble/share/rmw_fastrtps_cpp/cmake)
[0.629s] -- Using RMW implementation 'rmw_fastrtps_cpp' as default
[0.700s] -- Found ament_lint_auto: 0.12.11 (/opt/ros/humble/share/ament_lint_auto/cmake)
[0.893s] -- Added test 'copyright' to check source files copyright and LICENSE
[0.911s] -- Added test 'cppcheck' to perform static code analysis on C / C++ code
[0.911s] -- Configured cppcheck include dirs: /robotis_ws/src/DynamixelSDK/dynamixel_sdk_examples/include
[0.911s] -- Configured cppcheck exclude dirs and/or files: 
[0.912s] -- Added test 'cpplint' to check C / C++ code against the Google style
[0.912s] -- Configured cpplint exclude dirs and/or files: 
[0.913s] -- Added test 'lint_cmake' to check CMake code style
[0.914s] -- Added test 'uncrustify' to check C / C++ code style
[0.914s] -- Configured uncrustify additional arguments: 
[0.915s] -- Added test 'xmllint' to check XML markup files
[0.937s] -- Configuring done
[1.138s] -- Generating done
[1.154s] -- Build files have been written to: /robotis_ws/build/dynamixel_sdk_examples
[1.168s] Invoked command in '/robotis_ws/build/dynamixel_sdk_examples' returned '0': CMAKE_PREFIX_PATH=/robotis_ws/install/dynamixel_sdk_custom_interfaces:/robotis_ws/install/dynamixel_sdk:/robotis_ws2/install/dynamixel_sdk_examples:/robotis_ws2/install/dynamixel_sdk_custom_interfaces:/robotis_ws2/install/dynamixel_sdk:/robotis_ws/install/dynamixel_sdk_examples:/opt/ros/humble LD_LIBRARY_PATH=/robotis_ws/install/dynamixel_sdk_custom_interfaces/lib:/robotis_ws/install/dynamixel_sdk/lib:/robotis_ws2/install/dynamixel_sdk_custom_interfaces/lib:/robotis_ws2/install/dynamixel_sdk/lib:/opt/ros/humble/lib/aarch64-linux-gnu:/opt/ros/humble/lib /usr/bin/cmake /robotis_ws/src/DynamixelSDK/dynamixel_sdk_examples -DCMAKE_INSTALL_PREFIX=/robotis_ws/install/dynamixel_sdk_examples
[1.170s] Invoking command in '/robotis_ws/build/dynamixel_sdk_examples': CMAKE_PREFIX_PATH=/robotis_ws/install/dynamixel_sdk_custom_interfaces:/robotis_ws/install/dynamixel_sdk:/robotis_ws2/install/dynamixel_sdk_examples:/robotis_ws2/install/dynamixel_sdk_custom_interfaces:/robotis_ws2/install/dynamixel_sdk:/robotis_ws/install/dynamixel_sdk_examples:/opt/ros/humble LD_LIBRARY_PATH=/robotis_ws/install/dynamixel_sdk_custom_interfaces/lib:/robotis_ws/install/dynamixel_sdk/lib:/robotis_ws2/install/dynamixel_sdk_custom_interfaces/lib:/robotis_ws2/install/dynamixel_sdk/lib:/opt/ros/humble/lib/aarch64-linux-gnu:/opt/ros/humble/lib /usr/bin/cmake --build /robotis_ws/build/dynamixel_sdk_examples -- -j4 -l4
[1.270s] [35m[1mConsolidate compiler generated dependencies of target read_write_node[0m
[1.317s] [100%] Built target read_write_node
[1.344s] Invoked command in '/robotis_ws/build/dynamixel_sdk_examples' returned '0': CMAKE_PREFIX_PATH=/robotis_ws/install/dynamixel_sdk_custom_interfaces:/robotis_ws/install/dynamixel_sdk:/robotis_ws2/install/dynamixel_sdk_examples:/robotis_ws2/install/dynamixel_sdk_custom_interfaces:/robotis_ws2/install/dynamixel_sdk:/robotis_ws/install/dynamixel_sdk_examples:/opt/ros/humble LD_LIBRARY_PATH=/robotis_ws/install/dynamixel_sdk_custom_interfaces/lib:/robotis_ws/install/dynamixel_sdk/lib:/robotis_ws2/install/dynamixel_sdk_custom_interfaces/lib:/robotis_ws2/install/dynamixel_sdk/lib:/opt/ros/humble/lib/aarch64-linux-gnu:/opt/ros/humble/lib /usr/bin/cmake --build /robotis_ws/build/dynamixel_sdk_examples -- -j4 -l4
[1.352s] Invoking command in '/robotis_ws/build/dynamixel_sdk_examples': CMAKE_PREFIX_PATH=/robotis_ws/install/dynamixel_sdk_custom_interfaces:/robotis_ws/install/dynamixel_sdk:/robotis_ws2/install/dynamixel_sdk_examples:/robotis_ws2/install/dynamixel_sdk_custom_interfaces:/robotis_ws2/install/dynamixel_sdk:/robotis_ws/install/dynamixel_sdk_examples:/opt/ros/humble LD_LIBRARY_PATH=/robotis_ws/install/dynamixel_sdk_custom_interfaces/lib:/robotis_ws/install/dynamixel_sdk/lib:/robotis_ws2/install/dynamixel_sdk_custom_interfaces/lib:/robotis_ws2/install/dynamixel_sdk/lib:/opt/ros/humble/lib/aarch64-linux-gnu:/opt/ros/humble/lib /usr/bin/cmake --install /robotis_ws/build/dynamixel_sdk_examples
[1.367s] -- Install configuration: ""
[1.368s] -- Execute custom install script
[1.371s] -- Up-to-date symlink: /robotis_ws/install/dynamixel_sdk_examples/lib/dynamixel_sdk_examples/read_write_node
[1.382s] -- Up-to-date symlink: /robotis_ws/install/dynamixel_sdk_examples/share/ament_index/resource_index/package_run_dependencies/dynamixel_sdk_examples
[1.391s] -- Up-to-date symlink: /robotis_ws/install/dynamixel_sdk_examples/share/ament_index/resource_index/parent_prefix_path/dynamixel_sdk_examples
[1.394s] -- Up-to-date symlink: /robotis_ws/install/dynamixel_sdk_examples/share/dynamixel_sdk_examples/environment/ament_prefix_path.sh
[1.394s] -- Up-to-date symlink: /robotis_ws/install/dynamixel_sdk_examples/share/dynamixel_sdk_examples/environment/ament_prefix_path.dsv
[1.395s] -- Up-to-date symlink: /robotis_ws/install/dynamixel_sdk_examples/share/dynamixel_sdk_examples/environment/path.sh
[1.396s] -- Up-to-date symlink: /robotis_ws/install/dynamixel_sdk_examples/share/dynamixel_sdk_examples/environment/path.dsv
[1.396s] -- Up-to-date symlink: /robotis_ws/install/dynamixel_sdk_examples/share/dynamixel_sdk_examples/local_setup.bash
[1.397s] -- Up-to-date symlink: /robotis_ws/install/dynamixel_sdk_examples/share/dynamixel_sdk_examples/local_setup.sh
[1.397s] -- Up-to-date symlink: /robotis_ws/install/dynamixel_sdk_examples/share/dynamixel_sdk_examples/local_setup.zsh
[1.398s] -- Up-to-date symlink: /robotis_ws/install/dynamixel_sdk_examples/share/dynamixel_sdk_examples/local_setup.dsv
[1.398s] -- Symlinking: /robotis_ws/install/dynamixel_sdk_examples/share/dynamixel_sdk_examples/package.dsv
[1.426s] -- Up-to-date symlink: /robotis_ws/install/dynamixel_sdk_examples/share/ament_index/resource_index/packages/dynamixel_sdk_examples
[1.427s] -- Up-to-date symlink: /robotis_ws/install/dynamixel_sdk_examples/share/dynamixel_sdk_examples/cmake/dynamixel_sdk_examplesConfig.cmake
[1.427s] -- Up-to-date symlink: /robotis_ws/install/dynamixel_sdk_examples/share/dynamixel_sdk_examples/cmake/dynamixel_sdk_examplesConfig-version.cmake
[1.427s] -- Up-to-date symlink: /robotis_ws/install/dynamixel_sdk_examples/share/dynamixel_sdk_examples/package.xml
[1.434s] Invoked command in '/robotis_ws/build/dynamixel_sdk_examples' returned '0': CMAKE_PREFIX_PATH=/robotis_ws/install/dynamixel_sdk_custom_interfaces:/robotis_ws/install/dynamixel_sdk:/robotis_ws2/install/dynamixel_sdk_examples:/robotis_ws2/install/dynamixel_sdk_custom_interfaces:/robotis_ws2/install/dynamixel_sdk:/robotis_ws/install/dynamixel_sdk_examples:/opt/ros/humble LD_LIBRARY_PATH=/robotis_ws/install/dynamixel_sdk_custom_interfaces/lib:/robotis_ws/install/dynamixel_sdk/lib:/robotis_ws2/install/dynamixel_sdk_custom_interfaces/lib:/robotis_ws2/install/dynamixel_sdk/lib:/opt/ros/humble/lib/aarch64-linux-gnu:/opt/ros/humble/lib /usr/bin/cmake --install /robotis_ws/build/dynamixel_sdk_examples
