[0.048s] Invoking command in '/reconfigurable_quadruped/robotis_ws/build/dynamixel_sdk': CMAKE_PREFIX_PATH=${CMAKE_PREFIX_PATH}:/opt/ros/humble /usr/bin/cmake /reconfigurable_quadruped/robotis_ws/src/DynamixelSDK/dynamixel_sdk -DAMENT_CMAKE_SYMLINK_INSTALL=1 -DCMAKE_INSTALL_PREFIX=/reconfigurable_quadruped/robotis_ws/install/dynamixel_sdk
[0.251s] -- The C compiler identification is GNU 11.4.0
[0.405s] -- The CXX compiler identification is GNU 11.4.0
[0.425s] -- Detecting C compiler ABI info
[0.585s] -- Detecting C compiler ABI info - done
[0.596s] -- Check for working C compiler: /usr/bin/cc - skipped
[0.596s] -- Detecting C compile features
[0.596s] -- Detecting C compile features - done
[0.606s] -- Detecting CXX compiler ABI info
[0.796s] -- Detecting CXX compiler ABI info - done
[0.811s] -- Check for working CXX compiler: /usr/bin/c++ - skipped
[0.812s] -- Detecting CXX compile features
[0.812s] -- Detecting CXX compile features - done
[0.819s] -- Found ament_cmake: 1.3.11 (/opt/ros/humble/share/ament_cmake/cmake)
[1.099s] -- Found Python3: /usr/bin/python3 (found version "3.10.12") found components: Interpreter 
[1.266s] -- Override CMake install command with custom implementation using symlinks instead of copying resources
[1.482s] -- Configuring done
[1.490s] -- Generating done
[1.494s] -- Build files have been written to: /reconfigurable_quadruped/robotis_ws/build/dynamixel_sdk
[1.506s] Invoked command in '/reconfigurable_quadruped/robotis_ws/build/dynamixel_sdk' returned '0': CMAKE_PREFIX_PATH=${CMAKE_PREFIX_PATH}:/opt/ros/humble /usr/bin/cmake /reconfigurable_quadruped/robotis_ws/src/DynamixelSDK/dynamixel_sdk -DAMENT_CMAKE_SYMLINK_INSTALL=1 -DCMAKE_INSTALL_PREFIX=/reconfigurable_quadruped/robotis_ws/install/dynamixel_sdk
[1.515s] Invoking command in '/reconfigurable_quadruped/robotis_ws/build/dynamixel_sdk': CMAKE_PREFIX_PATH=${CMAKE_PREFIX_PATH}:/opt/ros/humble /usr/bin/cmake --build /reconfigurable_quadruped/robotis_ws/build/dynamixel_sdk -- -j4 -l4
[1.648s] [ 20%] [32mBuilding CXX object CMakeFiles/dynamixel_sdk.dir/src/dynamixel_sdk/packet_handler.cpp.o[0m
[1.649s] [ 20%] [32mBuilding CXX object CMakeFiles/dynamixel_sdk.dir/src/dynamixel_sdk/protocol1_packet_handler.cpp.o[0m
[1.669s] [ 30%] [32mBuilding CXX object CMakeFiles/dynamixel_sdk.dir/src/dynamixel_sdk/protocol2_packet_handler.cpp.o[0m
[1.670s] [ 40%] [32mBuilding CXX object CMakeFiles/dynamixel_sdk.dir/src/dynamixel_sdk/group_sync_read.cpp.o[0m
[1.937s] [ 50%] [32mBuilding CXX object CMakeFiles/dynamixel_sdk.dir/src/dynamixel_sdk/group_sync_write.cpp.o[0m
[2.124s] [ 60%] [32mBuilding CXX object CMakeFiles/dynamixel_sdk.dir/src/dynamixel_sdk/group_bulk_read.cpp.o[0m
[2.337s] [ 70%] [32mBuilding CXX object CMakeFiles/dynamixel_sdk.dir/src/dynamixel_sdk/group_bulk_write.cpp.o[0m
[2.952s] [ 80%] [32mBuilding CXX object CMakeFiles/dynamixel_sdk.dir/src/dynamixel_sdk/port_handler.cpp.o[0m
[3.183s] [ 90%] [32mBuilding CXX object CMakeFiles/dynamixel_sdk.dir/src/dynamixel_sdk/port_handler_linux.cpp.o[0m
[3.889s] [100%] [32m[1mLinking CXX shared library libdynamixel_sdk.so[0m
[4.109s] [100%] Built target dynamixel_sdk
[4.131s] Invoked command in '/reconfigurable_quadruped/robotis_ws/build/dynamixel_sdk' returned '0': CMAKE_PREFIX_PATH=${CMAKE_PREFIX_PATH}:/opt/ros/humble /usr/bin/cmake --build /reconfigurable_quadruped/robotis_ws/build/dynamixel_sdk -- -j4 -l4
[4.163s] Invoking command in '/reconfigurable_quadruped/robotis_ws/build/dynamixel_sdk': CMAKE_PREFIX_PATH=${CMAKE_PREFIX_PATH}:/opt/ros/humble /usr/bin/cmake --install /reconfigurable_quadruped/robotis_ws/build/dynamixel_sdk
[4.176s] -- Install configuration: ""
[4.177s] -- Execute custom install script
[4.177s] -- Symlinking: /reconfigurable_quadruped/robotis_ws/install/dynamixel_sdk/include//dynamixel_sdk/dynamixel_sdk.h
[4.196s] -- Symlinking: /reconfigurable_quadruped/robotis_ws/install/dynamixel_sdk/include//dynamixel_sdk/group_bulk_read.h
[4.214s] -- Symlinking: /reconfigurable_quadruped/robotis_ws/install/dynamixel_sdk/include//dynamixel_sdk/group_bulk_write.h
[4.232s] -- Symlinking: /reconfigurable_quadruped/robotis_ws/install/dynamixel_sdk/include//dynamixel_sdk/group_sync_read.h
[4.263s] -- Symlinking: /reconfigurable_quadruped/robotis_ws/install/dynamixel_sdk/include//dynamixel_sdk/group_sync_write.h
[4.281s] -- Symlinking: /reconfigurable_quadruped/robotis_ws/install/dynamixel_sdk/include//dynamixel_sdk/packet_handler.h
[4.302s] -- Symlinking: /reconfigurable_quadruped/robotis_ws/install/dynamixel_sdk/include//dynamixel_sdk/port_handler.h
[4.323s] -- Symlinking: /reconfigurable_quadruped/robotis_ws/install/dynamixel_sdk/include//dynamixel_sdk/port_handler_arduino.h
[4.354s] -- Symlinking: /reconfigurable_quadruped/robotis_ws/install/dynamixel_sdk/include//dynamixel_sdk/port_handler_linux.h
[4.391s] -- Symlinking: /reconfigurable_quadruped/robotis_ws/install/dynamixel_sdk/include//dynamixel_sdk/port_handler_mac.h
[4.414s] -- Symlinking: /reconfigurable_quadruped/robotis_ws/install/dynamixel_sdk/include//dynamixel_sdk/port_handler_windows.h
[4.450s] -- Symlinking: /reconfigurable_quadruped/robotis_ws/install/dynamixel_sdk/include//dynamixel_sdk/protocol1_packet_handler.h
[4.488s] -- Symlinking: /reconfigurable_quadruped/robotis_ws/install/dynamixel_sdk/include//dynamixel_sdk/protocol2_packet_handler.h
[4.508s] -- Symlinking: /reconfigurable_quadruped/robotis_ws/install/dynamixel_sdk/lib/libdynamixel_sdk.so
[4.532s] -- Symlinking: /reconfigurable_quadruped/robotis_ws/install/dynamixel_sdk/share/dynamixel_sdk/environment/library_path.sh
[4.576s] -- Symlinking: /reconfigurable_quadruped/robotis_ws/install/dynamixel_sdk/share/dynamixel_sdk/environment/library_path.dsv
[4.597s] -- Symlinking: /reconfigurable_quadruped/robotis_ws/install/dynamixel_sdk/share/ament_index/resource_index/package_run_dependencies/dynamixel_sdk
[4.619s] -- Symlinking: /reconfigurable_quadruped/robotis_ws/install/dynamixel_sdk/share/ament_index/resource_index/parent_prefix_path/dynamixel_sdk
[4.656s] -- Symlinking: /reconfigurable_quadruped/robotis_ws/install/dynamixel_sdk/share/dynamixel_sdk/environment/ament_prefix_path.sh
[4.680s] -- Symlinking: /reconfigurable_quadruped/robotis_ws/install/dynamixel_sdk/share/dynamixel_sdk/environment/ament_prefix_path.dsv
[4.699s] -- Symlinking: /reconfigurable_quadruped/robotis_ws/install/dynamixel_sdk/share/dynamixel_sdk/environment/path.sh
[4.718s] -- Symlinking: /reconfigurable_quadruped/robotis_ws/install/dynamixel_sdk/share/dynamixel_sdk/environment/path.dsv
[4.744s] -- Symlinking: /reconfigurable_quadruped/robotis_ws/install/dynamixel_sdk/share/dynamixel_sdk/local_setup.bash
[4.787s] -- Symlinking: /reconfigurable_quadruped/robotis_ws/install/dynamixel_sdk/share/dynamixel_sdk/local_setup.sh
[4.808s] -- Symlinking: /reconfigurable_quadruped/robotis_ws/install/dynamixel_sdk/share/dynamixel_sdk/local_setup.zsh
[4.828s] -- Symlinking: /reconfigurable_quadruped/robotis_ws/install/dynamixel_sdk/share/dynamixel_sdk/local_setup.dsv
[4.865s] -- Symlinking: /reconfigurable_quadruped/robotis_ws/install/dynamixel_sdk/share/dynamixel_sdk/package.dsv
[4.886s] -- Symlinking: /reconfigurable_quadruped/robotis_ws/install/dynamixel_sdk/share/ament_index/resource_index/packages/dynamixel_sdk
[4.913s] -- Symlinking: /reconfigurable_quadruped/robotis_ws/install/dynamixel_sdk/share/dynamixel_sdk/cmake/ament_cmake_export_include_directories-extras.cmake
[4.934s] -- Symlinking: /reconfigurable_quadruped/robotis_ws/install/dynamixel_sdk/share/dynamixel_sdk/cmake/ament_cmake_export_libraries-extras.cmake
[4.992s] -- Symlinking: /reconfigurable_quadruped/robotis_ws/install/dynamixel_sdk/share/dynamixel_sdk/cmake/dynamixel_sdkConfig.cmake
[5.012s] -- Symlinking: /reconfigurable_quadruped/robotis_ws/install/dynamixel_sdk/share/dynamixel_sdk/cmake/dynamixel_sdkConfig-version.cmake
[5.041s] -- Symlinking: /reconfigurable_quadruped/robotis_ws/install/dynamixel_sdk/share/dynamixel_sdk/package.xml
[5.087s] Invoked command in '/reconfigurable_quadruped/robotis_ws/build/dynamixel_sdk' returned '0': CMAKE_PREFIX_PATH=${CMAKE_PREFIX_PATH}:/opt/ros/humble /usr/bin/cmake --install /reconfigurable_quadruped/robotis_ws/build/dynamixel_sdk
