-- The C compiler identification is GNU 13.3.0
-- The CXX compiler identification is GNU 13.3.0
-- Detecting C compiler ABI info
-- Detecting C compiler ABI info - done
-- Check for working C compiler: /usr/bin/cc - skipped
-- Detecting C compile features
-- Detecting C compile features - done
-- Detecting CXX compiler ABI info
-- Detecting CXX compiler ABI info - done
-- Check for working CXX compiler: /usr/bin/c++ - skipped
-- Detecting CXX compile features
-- Detecting CXX compile features - done
-- Found ament_cmake: 2.5.3 (/opt/ros/jazzy/share/ament_cmake/cmake)
-- Found Python3: /usr/bin/python3 (found version "3.12.3") found components: Interpreter 
-- Found ament_lint_auto: 0.17.1 (/opt/ros/jazzy/share/ament_lint_auto/cmake)
-- Added test 'cppcheck' to perform static code analysis on C / C++ code
-- Configured cppcheck include dirs: $<BUILD_INTERFACE:/home/an/reconfigurable_quadruped/ros2_ws/src/quad_control/include>
-- Configured cppcheck exclude dirs and/or files: 
-- Added test 'lint_cmake' to check CMake code style
-- Added test 'uncrustify' to check C / C++ code style
-- Configured uncrustify additional arguments: 
-- Added test 'xmllint' to check XML markup files
-- Configuring done (1.7s)
-- Generating done (0.0s)
-- Build files have been written to: /home/an/reconfigurable_quadruped/ros2_ws/build/quad_control
[ 50%] [32mBuilding CXX object CMakeFiles/control.dir/src/control.cpp.o[0m
[100%] [32m[1mLinking CXX executable control[0m
[100%] Built target control
-- Install configuration: ""
-- Installing: /home/an/reconfigurable_quadruped/ros2_ws/install/quad_control/lib/quad_control/control
-- Installing: /home/an/reconfigurable_quadruped/ros2_ws/install/quad_control/share/ament_index/resource_index/package_run_dependencies/quad_control
-- Installing: /home/an/reconfigurable_quadruped/ros2_ws/install/quad_control/share/ament_index/resource_index/parent_prefix_path/quad_control
-- Installing: /home/an/reconfigurable_quadruped/ros2_ws/install/quad_control/share/quad_control/environment/ament_prefix_path.sh
-- Installing: /home/an/reconfigurable_quadruped/ros2_ws/install/quad_control/share/quad_control/environment/ament_prefix_path.dsv
-- Installing: /home/an/reconfigurable_quadruped/ros2_ws/install/quad_control/share/quad_control/environment/path.sh
-- Installing: /home/an/reconfigurable_quadruped/ros2_ws/install/quad_control/share/quad_control/environment/path.dsv
-- Installing: /home/an/reconfigurable_quadruped/ros2_ws/install/quad_control/share/quad_control/local_setup.bash
-- Installing: /home/an/reconfigurable_quadruped/ros2_ws/install/quad_control/share/quad_control/local_setup.sh
-- Installing: /home/an/reconfigurable_quadruped/ros2_ws/install/quad_control/share/quad_control/local_setup.zsh
-- Installing: /home/an/reconfigurable_quadruped/ros2_ws/install/quad_control/share/quad_control/local_setup.dsv
-- Installing: /home/an/reconfigurable_quadruped/ros2_ws/install/quad_control/share/quad_control/package.dsv
-- Installing: /home/an/reconfigurable_quadruped/ros2_ws/install/quad_control/share/ament_index/resource_index/packages/quad_control
-- Installing: /home/an/reconfigurable_quadruped/ros2_ws/install/quad_control/share/quad_control/cmake/quad_controlConfig.cmake
-- Installing: /home/an/reconfigurable_quadruped/ros2_ws/install/quad_control/share/quad_control/cmake/quad_controlConfig-version.cmake
-- Installing: /home/an/reconfigurable_quadruped/ros2_ws/install/quad_control/share/quad_control/package.xml
