[0.056s] Invoking command in '/home/an/reconfigurable_quadruped/ros2_ws/build/quad_control': CMAKE_PREFIX_PATH=${CMAKE_PREFIX_PATH}:/opt/ros/jazzy DEBUGINFOD_URLS=https://debuginfod.ubuntu.com /usr/bin/cmake /home/an/reconfigurable_quadruped/ros2_ws/src/quad_control -DCMAKE_INSTALL_PREFIX=/home/an/reconfigurable_quadruped/ros2_ws/install/quad_control
[0.252s] -- The C compiler identification is GNU 13.3.0
[0.409s] -- The CXX compiler identification is GNU 13.3.0
[0.443s] -- Detecting C compiler ABI info
[0.663s] -- Detecting C compiler ABI info - done
[0.679s] -- Check for working C compiler: /usr/bin/cc - skipped
[0.679s] -- Detecting C compile features
[0.681s] -- Detecting C compile features - done
[0.695s] -- Detecting CXX compiler ABI info
[0.956s] -- Detecting CXX compiler ABI info - done
[0.969s] -- Check for working CXX compiler: /usr/bin/c++ - skipped
[0.969s] -- Detecting CXX compile features
[0.969s] -- Detecting CXX compile features - done
[0.972s] -- Found ament_cmake: 2.5.3 (/opt/ros/jazzy/share/ament_cmake/cmake)
[1.293s] -- Found Python3: /usr/bin/python3 (found version "3.12.3") found components: Interpreter 
[1.529s] -- Found ament_lint_auto: 0.17.1 (/opt/ros/jazzy/share/ament_lint_auto/cmake)
[1.779s] -- Added test 'cppcheck' to perform static code analysis on C / C++ code
[1.779s] -- Configured cppcheck include dirs: $<BUILD_INTERFACE:/home/an/reconfigurable_quadruped/ros2_ws/src/quad_control/include>
[1.780s] -- Configured cppcheck exclude dirs and/or files: 
[1.781s] -- Added test 'lint_cmake' to check CMake code style
[1.782s] -- Added test 'uncrustify' to check C / C++ code style
[1.782s] -- Configured uncrustify additional arguments: 
[1.782s] -- Added test 'xmllint' to check XML markup files
[1.785s] -- Configuring done (1.7s)
[1.791s] -- Generating done (0.0s)
[1.796s] -- Build files have been written to: /home/an/reconfigurable_quadruped/ros2_ws/build/quad_control
[1.815s] Invoked command in '/home/an/reconfigurable_quadruped/ros2_ws/build/quad_control' returned '0': CMAKE_PREFIX_PATH=${CMAKE_PREFIX_PATH}:/opt/ros/jazzy DEBUGINFOD_URLS=https://debuginfod.ubuntu.com /usr/bin/cmake /home/an/reconfigurable_quadruped/ros2_ws/src/quad_control -DCMAKE_INSTALL_PREFIX=/home/an/reconfigurable_quadruped/ros2_ws/install/quad_control
[1.818s] Invoking command in '/home/an/reconfigurable_quadruped/ros2_ws/build/quad_control': CMAKE_PREFIX_PATH=${CMAKE_PREFIX_PATH}:/opt/ros/jazzy DEBUGINFOD_URLS=https://debuginfod.ubuntu.com /usr/bin/cmake --build /home/an/reconfigurable_quadruped/ros2_ws/build/quad_control -- -j4 -l4
[1.933s] [ 50%] [32mBuilding CXX object CMakeFiles/control.dir/src/control.cpp.o[0m
[2.016s] [100%] [32m[1mLinking CXX executable control[0m
[2.154s] [100%] Built target control
[2.182s] Invoked command in '/home/an/reconfigurable_quadruped/ros2_ws/build/quad_control' returned '0': CMAKE_PREFIX_PATH=${CMAKE_PREFIX_PATH}:/opt/ros/jazzy DEBUGINFOD_URLS=https://debuginfod.ubuntu.com /usr/bin/cmake --build /home/an/reconfigurable_quadruped/ros2_ws/build/quad_control -- -j4 -l4
[2.184s] Invoking command in '/home/an/reconfigurable_quadruped/ros2_ws/build/quad_control': CMAKE_PREFIX_PATH=${CMAKE_PREFIX_PATH}:/opt/ros/jazzy DEBUGINFOD_URLS=https://debuginfod.ubuntu.com /usr/bin/cmake --install /home/an/reconfigurable_quadruped/ros2_ws/build/quad_control
[2.200s] -- Install configuration: ""
[2.200s] -- Installing: /home/an/reconfigurable_quadruped/ros2_ws/install/quad_control/lib/quad_control/control
[2.201s] -- Installing: /home/an/reconfigurable_quadruped/ros2_ws/install/quad_control/share/ament_index/resource_index/package_run_dependencies/quad_control
[2.201s] -- Installing: /home/an/reconfigurable_quadruped/ros2_ws/install/quad_control/share/ament_index/resource_index/parent_prefix_path/quad_control
[2.202s] -- Installing: /home/an/reconfigurable_quadruped/ros2_ws/install/quad_control/share/quad_control/environment/ament_prefix_path.sh
[2.202s] -- Installing: /home/an/reconfigurable_quadruped/ros2_ws/install/quad_control/share/quad_control/environment/ament_prefix_path.dsv
[2.202s] -- Installing: /home/an/reconfigurable_quadruped/ros2_ws/install/quad_control/share/quad_control/environment/path.sh
[2.202s] -- Installing: /home/an/reconfigurable_quadruped/ros2_ws/install/quad_control/share/quad_control/environment/path.dsv
[2.202s] -- Installing: /home/an/reconfigurable_quadruped/ros2_ws/install/quad_control/share/quad_control/local_setup.bash
[2.202s] -- Installing: /home/an/reconfigurable_quadruped/ros2_ws/install/quad_control/share/quad_control/local_setup.sh
[2.203s] -- Installing: /home/an/reconfigurable_quadruped/ros2_ws/install/quad_control/share/quad_control/local_setup.zsh
[2.203s] -- Installing: /home/an/reconfigurable_quadruped/ros2_ws/install/quad_control/share/quad_control/local_setup.dsv
[2.203s] -- Installing: /home/an/reconfigurable_quadruped/ros2_ws/install/quad_control/share/quad_control/package.dsv
[2.203s] -- Installing: /home/an/reconfigurable_quadruped/ros2_ws/install/quad_control/share/ament_index/resource_index/packages/quad_control
[2.203s] -- Installing: /home/an/reconfigurable_quadruped/ros2_ws/install/quad_control/share/quad_control/cmake/quad_controlConfig.cmake
[2.204s] -- Installing: /home/an/reconfigurable_quadruped/ros2_ws/install/quad_control/share/quad_control/cmake/quad_controlConfig-version.cmake
[2.204s] -- Installing: /home/an/reconfigurable_quadruped/ros2_ws/install/quad_control/share/quad_control/package.xml
[2.209s] Invoked command in '/home/an/reconfigurable_quadruped/ros2_ws/build/quad_control' returned '0': CMAKE_PREFIX_PATH=${CMAKE_PREFIX_PATH}:/opt/ros/jazzy DEBUGINFOD_URLS=https://debuginfod.ubuntu.com /usr/bin/cmake --install /home/an/reconfigurable_quadruped/ros2_ws/build/quad_control
