[0.073s] Invoking command in '/reconfigurable_quadruped/robotis_ws/build/dynamixel_sdk': CMAKE_PREFIX_PATH=${CMAKE_PREFIX_PATH}:/opt/ros/humble /usr/bin/cmake /reconfigurable_quadruped/robotis_ws/src/DynamixelSDK/dynamixel_sdk -DAMENT_CMAKE_SYMLINK_INSTALL=1 -DCMAKE_INSTALL_PREFIX=/reconfigurable_quadruped/robotis_ws/install/dynamixel_sdk
[0.249s] -- The C compiler identification is GNU 11.4.0
[0.396s] -- The CXX compiler identification is GNU 11.4.0
[0.418s] -- Detecting C compiler ABI info
[0.581s] -- Detecting C compiler ABI info - done
[0.592s] -- Check for working C compiler: /usr/bin/cc - skipped
[0.593s] -- Detecting C compile features
[0.593s] -- Detecting C compile features - done
[0.598s] -- Detecting CXX compiler ABI info
[0.792s] -- Detecting CXX compiler ABI info - done
[0.809s] -- Check for working CXX compiler: /usr/bin/c++ - skipped
[0.810s] -- Detecting CXX compile features
[0.810s] -- Detecting CXX compile features - done
[0.818s] -- Found ament_cmake: 1.3.11 (/opt/ros/humble/share/ament_cmake/cmake)
[1.093s] -- Found Python3: /usr/bin/python3 (found version "3.10.12") found components: Interpreter 
[1.250s] -- Override CMake install command with custom implementation using symlinks instead of copying resources
[1.453s] -- Configuring done
[1.461s] -- Generating done
[1.464s] -- Build files have been written to: /reconfigurable_quadruped/robotis_ws/build/dynamixel_sdk
[1.473s] Invoked command in '/reconfigurable_quadruped/robotis_ws/build/dynamixel_sdk' returned '0': CMAKE_PREFIX_PATH=${CMAKE_PREFIX_PATH}:/opt/ros/humble /usr/bin/cmake /reconfigurable_quadruped/robotis_ws/src/DynamixelSDK/dynamixel_sdk -DAMENT_CMAKE_SYMLINK_INSTALL=1 -DCMAKE_INSTALL_PREFIX=/reconfigurable_quadruped/robotis_ws/install/dynamixel_sdk
[1.476s] Invoking command in '/reconfigurable_quadruped/robotis_ws/build/dynamixel_sdk': CMAKE_PREFIX_PATH=${CMAKE_PREFIX_PATH}:/opt/ros/humble /usr/bin/cmake --build /reconfigurable_quadruped/robotis_ws/build/dynamixel_sdk -- -j4 -l4
[1.596s] [ 10%] [32mBuilding CXX object CMakeFiles/dynamixel_sdk.dir/src/dynamixel_sdk/packet_handler.cpp.o[0m
[1.597s] [ 20%] [32mBuilding CXX object CMakeFiles/dynamixel_sdk.dir/src/dynamixel_sdk/protocol2_packet_handler.cpp.o[0m
[1.597s] [ 30%] [32mBuilding CXX object CMakeFiles/dynamixel_sdk.dir/src/dynamixel_sdk/protocol1_packet_handler.cpp.o[0m
[1.603s] [ 40%] [32mBuilding CXX object CMakeFiles/dynamixel_sdk.dir/src/dynamixel_sdk/group_sync_read.cpp.o[0m
[2.019s] [ 50%] [32mBuilding CXX object CMakeFiles/dynamixel_sdk.dir/src/dynamixel_sdk/group_sync_write.cpp.o[0m
[2.163s] [ 60%] [32mBuilding CXX object CMakeFiles/dynamixel_sdk.dir/src/dynamixel_sdk/group_bulk_read.cpp.o[0m
[2.216s] [ 70%] [32mBuilding CXX object CMakeFiles/dynamixel_sdk.dir/src/dynamixel_sdk/group_bulk_write.cpp.o[0m
[3.379s] [ 80%] [32mBuilding CXX object CMakeFiles/dynamixel_sdk.dir/src/dynamixel_sdk/port_handler.cpp.o[0m
[3.514s] [ 90%] [32mBuilding CXX object CMakeFiles/dynamixel_sdk.dir/src/dynamixel_sdk/port_handler_linux.cpp.o[0m
[3.849s] [100%] [32m[1mLinking CXX shared library libdynamixel_sdk.so[0m
[4.084s] [100%] Built target dynamixel_sdk
[4.105s] Invoked command in '/reconfigurable_quadruped/robotis_ws/build/dynamixel_sdk' returned '0': CMAKE_PREFIX_PATH=${CMAKE_PREFIX_PATH}:/opt/ros/humble /usr/bin/cmake --build /reconfigurable_quadruped/robotis_ws/build/dynamixel_sdk -- -j4 -l4
[4.125s] Invoking command in '/reconfigurable_quadruped/robotis_ws/build/dynamixel_sdk': CMAKE_PREFIX_PATH=${CMAKE_PREFIX_PATH}:/opt/ros/humble /usr/bin/cmake --install /reconfigurable_quadruped/robotis_ws/build/dynamixel_sdk
[4.138s] -- Install configuration: ""
[4.139s] -- Execute custom install script
[4.140s] -- Symlinking: /reconfigurable_quadruped/robotis_ws/install/dynamixel_sdk/include//dynamixel_sdk/dynamixel_sdk.h
[4.164s] -- Symlinking: /reconfigurable_quadruped/robotis_ws/install/dynamixel_sdk/include//dynamixel_sdk/group_bulk_read.h
[4.187s] -- Symlinking: /reconfigurable_quadruped/robotis_ws/install/dynamixel_sdk/include//dynamixel_sdk/group_bulk_write.h
[4.203s] -- Symlinking: /reconfigurable_quadruped/robotis_ws/install/dynamixel_sdk/include//dynamixel_sdk/group_sync_read.h
[4.224s] -- Symlinking: /reconfigurable_quadruped/robotis_ws/install/dynamixel_sdk/include//dynamixel_sdk/group_sync_write.h
[4.240s] -- Symlinking: /reconfigurable_quadruped/robotis_ws/install/dynamixel_sdk/include//dynamixel_sdk/packet_handler.h
[4.267s] -- Symlinking: /reconfigurable_quadruped/robotis_ws/install/dynamixel_sdk/include//dynamixel_sdk/port_handler.h
[4.290s] -- Symlinking: /reconfigurable_quadruped/robotis_ws/install/dynamixel_sdk/include//dynamixel_sdk/port_handler_arduino.h
[4.315s] -- Symlinking: /reconfigurable_quadruped/robotis_ws/install/dynamixel_sdk/include//dynamixel_sdk/port_handler_linux.h
[4.335s] -- Symlinking: /reconfigurable_quadruped/robotis_ws/install/dynamixel_sdk/include//dynamixel_sdk/port_handler_mac.h
[4.361s] -- Symlinking: /reconfigurable_quadruped/robotis_ws/install/dynamixel_sdk/include//dynamixel_sdk/port_handler_windows.h
[4.414s] -- Symlinking: /reconfigurable_quadruped/robotis_ws/install/dynamixel_sdk/include//dynamixel_sdk/protocol1_packet_handler.h
[4.438s] -- Symlinking: /reconfigurable_quadruped/robotis_ws/install/dynamixel_sdk/include//dynamixel_sdk/protocol2_packet_handler.h
[4.465s] -- Symlinking: /reconfigurable_quadruped/robotis_ws/install/dynamixel_sdk/lib/libdynamixel_sdk.so
[4.498s] -- Symlinking: /reconfigurable_quadruped/robotis_ws/install/dynamixel_sdk/share/dynamixel_sdk/environment/library_path.sh
[4.520s] -- Symlinking: /reconfigurable_quadruped/robotis_ws/install/dynamixel_sdk/share/dynamixel_sdk/environment/library_path.dsv
[4.542s] -- Symlinking: /reconfigurable_quadruped/robotis_ws/install/dynamixel_sdk/share/ament_index/resource_index/package_run_dependencies/dynamixel_sdk
[4.572s] -- Symlinking: /reconfigurable_quadruped/robotis_ws/install/dynamixel_sdk/share/ament_index/resource_index/parent_prefix_path/dynamixel_sdk
[4.599s] -- Symlinking: /reconfigurable_quadruped/robotis_ws/install/dynamixel_sdk/share/dynamixel_sdk/environment/ament_prefix_path.sh
[4.620s] -- Symlinking: /reconfigurable_quadruped/robotis_ws/install/dynamixel_sdk/share/dynamixel_sdk/environment/ament_prefix_path.dsv
[4.642s] -- Symlinking: /reconfigurable_quadruped/robotis_ws/install/dynamixel_sdk/share/dynamixel_sdk/environment/path.sh
[4.670s] -- Symlinking: /reconfigurable_quadruped/robotis_ws/install/dynamixel_sdk/share/dynamixel_sdk/environment/path.dsv
[4.708s] -- Symlinking: /reconfigurable_quadruped/robotis_ws/install/dynamixel_sdk/share/dynamixel_sdk/local_setup.bash
[4.731s] -- Symlinking: /reconfigurable_quadruped/robotis_ws/install/dynamixel_sdk/share/dynamixel_sdk/local_setup.sh
[4.751s] -- Symlinking: /reconfigurable_quadruped/robotis_ws/install/dynamixel_sdk/share/dynamixel_sdk/local_setup.zsh
[4.827s] -- Symlinking: /reconfigurable_quadruped/robotis_ws/install/dynamixel_sdk/share/dynamixel_sdk/local_setup.dsv
[4.853s] -- Symlinking: /reconfigurable_quadruped/robotis_ws/install/dynamixel_sdk/share/dynamixel_sdk/package.dsv
[4.915s] -- Symlinking: /reconfigurable_quadruped/robotis_ws/install/dynamixel_sdk/share/ament_index/resource_index/packages/dynamixel_sdk
[4.937s] -- Symlinking: /reconfigurable_quadruped/robotis_ws/install/dynamixel_sdk/share/dynamixel_sdk/cmake/ament_cmake_export_include_directories-extras.cmake
[4.964s] -- Symlinking: /reconfigurable_quadruped/robotis_ws/install/dynamixel_sdk/share/dynamixel_sdk/cmake/ament_cmake_export_libraries-extras.cmake
[4.991s] -- Symlinking: /reconfigurable_quadruped/robotis_ws/install/dynamixel_sdk/share/dynamixel_sdk/cmake/dynamixel_sdkConfig.cmake
[5.012s] -- Symlinking: /reconfigurable_quadruped/robotis_ws/install/dynamixel_sdk/share/dynamixel_sdk/cmake/dynamixel_sdkConfig-version.cmake
[5.030s] -- Symlinking: /reconfigurable_quadruped/robotis_ws/install/dynamixel_sdk/share/dynamixel_sdk/package.xml
[5.051s] Invoked command in '/reconfigurable_quadruped/robotis_ws/build/dynamixel_sdk' returned '0': CMAKE_PREFIX_PATH=${CMAKE_PREFIX_PATH}:/opt/ros/humble /usr/bin/cmake --install /reconfigurable_quadruped/robotis_ws/build/dynamixel_sdk
