[0.048s] Invoking command in '/reconfigurable_quadruped/robotis_ws/build/dynamixel_sdk': CMAKE_PREFIX_PATH=${CMAKE_PREFIX_PATH}:/opt/ros/humble /usr/bin/cmake /reconfigurable_quadruped/robotis_ws/src/DynamixelSDK/dynamixel_sdk -DAMENT_CMAKE_SYMLINK_INSTALL=1 -DCMAKE_INSTALL_PREFIX=/reconfigurable_quadruped/robotis_ws/install/dynamixel_sdk
[0.238s] -- The C compiler identification is GNU 11.4.0
[0.385s] -- The CXX compiler identification is GNU 11.4.0
[0.397s] -- Detecting C compiler ABI info
[0.574s] -- Detecting C compiler ABI info - done
[0.585s] -- Check for working C compiler: /usr/bin/cc - skipped
[0.585s] -- Detecting C compile features
[0.586s] -- Detecting C compile features - done
[0.590s] -- Detecting CXX compiler ABI info
[0.784s] -- Detecting CXX compiler ABI info - done
[0.810s] -- Check for working CXX compiler: /usr/bin/c++ - skipped
[0.810s] -- Detecting CXX compile features
[0.811s] -- Detecting CXX compile features - done
[0.819s] -- Found ament_cmake: 1.3.11 (/opt/ros/humble/share/ament_cmake/cmake)
[1.097s] -- Found Python3: /usr/bin/python3 (found version "3.10.12") found components: Interpreter 
[1.253s] -- Override CMake install command with custom implementation using symlinks instead of copying resources
[1.449s] -- Configuring done
[1.457s] -- Generating done
[1.461s] -- Build files have been written to: /reconfigurable_quadruped/robotis_ws/build/dynamixel_sdk
[1.469s] Invoked command in '/reconfigurable_quadruped/robotis_ws/build/dynamixel_sdk' returned '0': CMAKE_PREFIX_PATH=${CMAKE_PREFIX_PATH}:/opt/ros/humble /usr/bin/cmake /reconfigurable_quadruped/robotis_ws/src/DynamixelSDK/dynamixel_sdk -DAMENT_CMAKE_SYMLINK_INSTALL=1 -DCMAKE_INSTALL_PREFIX=/reconfigurable_quadruped/robotis_ws/install/dynamixel_sdk
[1.472s] Invoking command in '/reconfigurable_quadruped/robotis_ws/build/dynamixel_sdk': CMAKE_PREFIX_PATH=${CMAKE_PREFIX_PATH}:/opt/ros/humble /usr/bin/cmake --build /reconfigurable_quadruped/robotis_ws/build/dynamixel_sdk -- -j4 -l4
[1.586s] [ 20%] [32mBuilding CXX object CMakeFiles/dynamixel_sdk.dir/src/dynamixel_sdk/packet_handler.cpp.o[0m
[1.586s] [ 20%] [32mBuilding CXX object CMakeFiles/dynamixel_sdk.dir/src/dynamixel_sdk/protocol2_packet_handler.cpp.o[0m
[1.588s] [ 30%] [32mBuilding CXX object CMakeFiles/dynamixel_sdk.dir/src/dynamixel_sdk/protocol1_packet_handler.cpp.o[0m
[1.602s] [ 40%] [32mBuilding CXX object CMakeFiles/dynamixel_sdk.dir/src/dynamixel_sdk/group_sync_read.cpp.o[0m
[1.874s] [ 50%] [32mBuilding CXX object CMakeFiles/dynamixel_sdk.dir/src/dynamixel_sdk/group_sync_write.cpp.o[0m
[2.107s] [ 60%] [32mBuilding CXX object CMakeFiles/dynamixel_sdk.dir/src/dynamixel_sdk/group_bulk_read.cpp.o[0m
[2.265s] [ 70%] [32mBuilding CXX object CMakeFiles/dynamixel_sdk.dir/src/dynamixel_sdk/group_bulk_write.cpp.o[0m
[3.178s] [ 80%] [32mBuilding CXX object CMakeFiles/dynamixel_sdk.dir/src/dynamixel_sdk/port_handler.cpp.o[0m
[3.258s] [ 90%] [32mBuilding CXX object CMakeFiles/dynamixel_sdk.dir/src/dynamixel_sdk/port_handler_linux.cpp.o[0m
[3.734s] [100%] [32m[1mLinking CXX shared library libdynamixel_sdk.so[0m
[3.979s] [100%] Built target dynamixel_sdk
[4.002s] Invoked command in '/reconfigurable_quadruped/robotis_ws/build/dynamixel_sdk' returned '0': CMAKE_PREFIX_PATH=${CMAKE_PREFIX_PATH}:/opt/ros/humble /usr/bin/cmake --build /reconfigurable_quadruped/robotis_ws/build/dynamixel_sdk -- -j4 -l4
[4.022s] Invoking command in '/reconfigurable_quadruped/robotis_ws/build/dynamixel_sdk': CMAKE_PREFIX_PATH=${CMAKE_PREFIX_PATH}:/opt/ros/humble /usr/bin/cmake --install /reconfigurable_quadruped/robotis_ws/build/dynamixel_sdk
[4.036s] -- Install configuration: ""
[4.039s] -- Execute custom install script
[4.045s] -- Symlinking: /reconfigurable_quadruped/robotis_ws/install/dynamixel_sdk/include//dynamixel_sdk/dynamixel_sdk.h
[4.070s] -- Symlinking: /reconfigurable_quadruped/robotis_ws/install/dynamixel_sdk/include//dynamixel_sdk/group_bulk_read.h
[4.088s] -- Symlinking: /reconfigurable_quadruped/robotis_ws/install/dynamixel_sdk/include//dynamixel_sdk/group_bulk_write.h
[4.105s] -- Symlinking: /reconfigurable_quadruped/robotis_ws/install/dynamixel_sdk/include//dynamixel_sdk/group_sync_read.h
[4.122s] -- Symlinking: /reconfigurable_quadruped/robotis_ws/install/dynamixel_sdk/include//dynamixel_sdk/group_sync_write.h
[4.146s] -- Symlinking: /reconfigurable_quadruped/robotis_ws/install/dynamixel_sdk/include//dynamixel_sdk/packet_handler.h
[4.170s] -- Symlinking: /reconfigurable_quadruped/robotis_ws/install/dynamixel_sdk/include//dynamixel_sdk/port_handler.h
[4.187s] -- Symlinking: /reconfigurable_quadruped/robotis_ws/install/dynamixel_sdk/include//dynamixel_sdk/port_handler_arduino.h
[4.204s] -- Symlinking: /reconfigurable_quadruped/robotis_ws/install/dynamixel_sdk/include//dynamixel_sdk/port_handler_linux.h
[4.222s] -- Symlinking: /reconfigurable_quadruped/robotis_ws/install/dynamixel_sdk/include//dynamixel_sdk/port_handler_mac.h
[4.248s] -- Symlinking: /reconfigurable_quadruped/robotis_ws/install/dynamixel_sdk/include//dynamixel_sdk/port_handler_windows.h
[4.272s] -- Symlinking: /reconfigurable_quadruped/robotis_ws/install/dynamixel_sdk/include//dynamixel_sdk/protocol1_packet_handler.h
[4.290s] -- Symlinking: /reconfigurable_quadruped/robotis_ws/install/dynamixel_sdk/include//dynamixel_sdk/protocol2_packet_handler.h
[4.310s] -- Symlinking: /reconfigurable_quadruped/robotis_ws/install/dynamixel_sdk/lib/libdynamixel_sdk.so
[4.335s] -- Symlinking: /reconfigurable_quadruped/robotis_ws/install/dynamixel_sdk/share/dynamixel_sdk/environment/library_path.sh
[4.372s] -- Symlinking: /reconfigurable_quadruped/robotis_ws/install/dynamixel_sdk/share/dynamixel_sdk/environment/library_path.dsv
[4.399s] -- Symlinking: /reconfigurable_quadruped/robotis_ws/install/dynamixel_sdk/share/ament_index/resource_index/package_run_dependencies/dynamixel_sdk
[4.425s] -- Symlinking: /reconfigurable_quadruped/robotis_ws/install/dynamixel_sdk/share/ament_index/resource_index/parent_prefix_path/dynamixel_sdk
[4.460s] -- Symlinking: /reconfigurable_quadruped/robotis_ws/install/dynamixel_sdk/share/dynamixel_sdk/environment/ament_prefix_path.sh
[4.499s] -- Symlinking: /reconfigurable_quadruped/robotis_ws/install/dynamixel_sdk/share/dynamixel_sdk/environment/ament_prefix_path.dsv
[4.525s] -- Symlinking: /reconfigurable_quadruped/robotis_ws/install/dynamixel_sdk/share/dynamixel_sdk/environment/path.sh
[4.555s] -- Symlinking: /reconfigurable_quadruped/robotis_ws/install/dynamixel_sdk/share/dynamixel_sdk/environment/path.dsv
[4.596s] -- Symlinking: /reconfigurable_quadruped/robotis_ws/install/dynamixel_sdk/share/dynamixel_sdk/local_setup.bash
[4.620s] -- Symlinking: /reconfigurable_quadruped/robotis_ws/install/dynamixel_sdk/share/dynamixel_sdk/local_setup.sh
[4.647s] -- Symlinking: /reconfigurable_quadruped/robotis_ws/install/dynamixel_sdk/share/dynamixel_sdk/local_setup.zsh
[4.689s] -- Symlinking: /reconfigurable_quadruped/robotis_ws/install/dynamixel_sdk/share/dynamixel_sdk/local_setup.dsv
[4.718s] -- Symlinking: /reconfigurable_quadruped/robotis_ws/install/dynamixel_sdk/share/dynamixel_sdk/package.dsv
[4.735s] -- Symlinking: /reconfigurable_quadruped/robotis_ws/install/dynamixel_sdk/share/ament_index/resource_index/packages/dynamixel_sdk
[4.787s] -- Symlinking: /reconfigurable_quadruped/robotis_ws/install/dynamixel_sdk/share/dynamixel_sdk/cmake/ament_cmake_export_include_directories-extras.cmake
[4.816s] -- Symlinking: /reconfigurable_quadruped/robotis_ws/install/dynamixel_sdk/share/dynamixel_sdk/cmake/ament_cmake_export_libraries-extras.cmake
[4.837s] -- Symlinking: /reconfigurable_quadruped/robotis_ws/install/dynamixel_sdk/share/dynamixel_sdk/cmake/dynamixel_sdkConfig.cmake
[4.871s] -- Symlinking: /reconfigurable_quadruped/robotis_ws/install/dynamixel_sdk/share/dynamixel_sdk/cmake/dynamixel_sdkConfig-version.cmake
[4.907s] -- Symlinking: /reconfigurable_quadruped/robotis_ws/install/dynamixel_sdk/share/dynamixel_sdk/package.xml
[4.934s] Invoked command in '/reconfigurable_quadruped/robotis_ws/build/dynamixel_sdk' returned '0': CMAKE_PREFIX_PATH=${CMAKE_PREFIX_PATH}:/opt/ros/humble /usr/bin/cmake --install /reconfigurable_quadruped/robotis_ws/build/dynamixel_sdk
