[0.322s] DEBUG:colcon:Command line arguments: ['/usr/bin/colcon', 'build']
[0.323s] DEBUG:colcon:Parsed command line arguments: Namespace(log_base=None, log_level=None, verb_name='build', build_base='build', install_base='install', merge_install=False, symlink_install=False, test_result_base=None, continue_on_error=False, executor='parallel', parallel_workers=4, event_handlers=None, ignore_user_meta=False, metas=['./colcon.meta'], base_paths=['.'], packages_ignore=None, packages_ignore_regex=None, paths=None, packages_up_to=None, packages_up_to_regex=None, packages_above=None, packages_above_and_dependencies=None, packages_above_depth=None, packages_select_by_dep=None, packages_skip_by_dep=None, packages_skip_up_to=None, packages_select_build_failed=False, packages_skip_build_finished=False, packages_select_test_failures=False, packages_skip_test_passed=False, packages_select=None, packages_skip=None, packages_select_regex=None, packages_skip_regex=None, packages_start=None, packages_end=None, allow_overriding=[], cmake_args=None, cmake_target=None, cmake_target_skip_unavailable=False, cmake_clean_cache=False, cmake_clean_first=False, cmake_force_configure=False, ament_cmake_args=None, catkin_cmake_args=None, catkin_skip_building_tests=False, mixin_files=None, mixin=None, verb_parser=<colcon_mixin.mixin.mixin_argument.MixinArgumentDecorator object at 0xffffa0abb080>, verb_extension=<colcon_core.verb.build.BuildVerb object at 0xffffa0c6f980>, main=<bound method BuildVerb.main of <colcon_core.verb.build.BuildVerb object at 0xffffa0c6f980>>, mixin_verb=('build',))
[0.440s] Level 1:colcon.colcon_core.package_discovery:discover_packages(colcon_meta) check parameters
[0.440s] Level 1:colcon.colcon_core.package_discovery:discover_packages(recursive) check parameters
[0.441s] Level 1:colcon.colcon_core.package_discovery:discover_packages(ignore) check parameters
[0.441s] Level 1:colcon.colcon_core.package_discovery:discover_packages(path) check parameters
[0.441s] Level 1:colcon.colcon_core.package_discovery:discover_packages(colcon_meta) discover
[0.441s] Level 1:colcon.colcon_core.package_discovery:discover_packages(recursive) discover
[0.441s] INFO:colcon.colcon_core.package_discovery:Crawling recursively for packages in '/home/an/reconfigurable_quadruped/ros2_ws'
[0.441s] Level 1:colcon.colcon_core.package_identification:_identify(.) by extensions ['ignore', 'ignore_ament_install']
[0.441s] Level 1:colcon.colcon_core.package_identification:_identify(.) by extension 'ignore'
[0.441s] Level 1:colcon.colcon_core.package_identification:_identify(.) by extension 'ignore_ament_install'
[0.441s] Level 1:colcon.colcon_core.package_identification:_identify(.) by extensions ['colcon_pkg']
[0.441s] Level 1:colcon.colcon_core.package_identification:_identify(.) by extension 'colcon_pkg'
[0.441s] Level 1:colcon.colcon_core.package_identification:_identify(.) by extensions ['colcon_meta']
[0.441s] Level 1:colcon.colcon_core.package_identification:_identify(.) by extension 'colcon_meta'
[0.441s] Level 1:colcon.colcon_core.package_identification:_identify(.) by extensions ['ros']
[0.441s] Level 1:colcon.colcon_core.package_identification:_identify(.) by extension 'ros'
[0.491s] Level 1:colcon.colcon_core.package_identification:_identify(.) by extensions ['cmake', 'python']
[0.491s] Level 1:colcon.colcon_core.package_identification:_identify(.) by extension 'cmake'
[0.491s] Level 1:colcon.colcon_core.package_identification:_identify(.) by extension 'python'
[0.491s] Level 1:colcon.colcon_core.package_identification:_identify(.) by extensions ['python_setup_py']
[0.491s] Level 1:colcon.colcon_core.package_identification:_identify(.) by extension 'python_setup_py'
[0.491s] Level 1:colcon.colcon_core.package_identification:_identify(build) by extensions ['ignore', 'ignore_ament_install']
[0.492s] Level 1:colcon.colcon_core.package_identification:_identify(build) by extension 'ignore'
[0.492s] Level 1:colcon.colcon_core.package_identification:_identify(build) ignored
[0.492s] Level 1:colcon.colcon_core.package_identification:_identify(install) by extensions ['ignore', 'ignore_ament_install']
[0.492s] Level 1:colcon.colcon_core.package_identification:_identify(install) by extension 'ignore'
[0.492s] Level 1:colcon.colcon_core.package_identification:_identify(install) ignored
[0.492s] Level 1:colcon.colcon_core.package_identification:_identify(log) by extensions ['ignore', 'ignore_ament_install']
[0.492s] Level 1:colcon.colcon_core.package_identification:_identify(log) by extension 'ignore'
[0.492s] Level 1:colcon.colcon_core.package_identification:_identify(log) ignored
[0.492s] Level 1:colcon.colcon_core.package_identification:_identify(src) by extensions ['ignore', 'ignore_ament_install']
[0.492s] Level 1:colcon.colcon_core.package_identification:_identify(src) by extension 'ignore'
[0.492s] Level 1:colcon.colcon_core.package_identification:_identify(src) by extension 'ignore_ament_install'
[0.493s] Level 1:colcon.colcon_core.package_identification:_identify(src) by extensions ['colcon_pkg']
[0.493s] Level 1:colcon.colcon_core.package_identification:_identify(src) by extension 'colcon_pkg'
[0.493s] Level 1:colcon.colcon_core.package_identification:_identify(src) by extensions ['colcon_meta']
[0.493s] Level 1:colcon.colcon_core.package_identification:_identify(src) by extension 'colcon_meta'
[0.493s] Level 1:colcon.colcon_core.package_identification:_identify(src) by extensions ['ros']
[0.493s] Level 1:colcon.colcon_core.package_identification:_identify(src) by extension 'ros'
[0.493s] Level 1:colcon.colcon_core.package_identification:_identify(src) by extensions ['cmake', 'python']
[0.493s] Level 1:colcon.colcon_core.package_identification:_identify(src) by extension 'cmake'
[0.493s] Level 1:colcon.colcon_core.package_identification:_identify(src) by extension 'python'
[0.493s] Level 1:colcon.colcon_core.package_identification:_identify(src) by extensions ['python_setup_py']
[0.493s] Level 1:colcon.colcon_core.package_identification:_identify(src) by extension 'python_setup_py'
[0.493s] Level 1:colcon.colcon_core.package_identification:_identify(src/my_package) by extensions ['ignore', 'ignore_ament_install']
[0.493s] Level 1:colcon.colcon_core.package_identification:_identify(src/my_package) by extension 'ignore'
[0.493s] Level 1:colcon.colcon_core.package_identification:_identify(src/my_package) by extension 'ignore_ament_install'
[0.493s] Level 1:colcon.colcon_core.package_identification:_identify(src/my_package) by extensions ['colcon_pkg']
[0.493s] Level 1:colcon.colcon_core.package_identification:_identify(src/my_package) by extension 'colcon_pkg'
[0.493s] Level 1:colcon.colcon_core.package_identification:_identify(src/my_package) by extensions ['colcon_meta']
[0.493s] Level 1:colcon.colcon_core.package_identification:_identify(src/my_package) by extension 'colcon_meta'
[0.494s] Level 1:colcon.colcon_core.package_identification:_identify(src/my_package) by extensions ['ros']
[0.494s] Level 1:colcon.colcon_core.package_identification:_identify(src/my_package) by extension 'ros'
[0.499s] DEBUG:colcon.colcon_core.package_identification:Package 'src/my_package' with type 'ros.ament_cmake' and name 'my_package'
[0.499s] Level 1:colcon.colcon_core.package_discovery:discover_packages(recursive) using defaults
[0.499s] Level 1:colcon.colcon_core.package_discovery:discover_packages(ignore) discover
[0.499s] Level 1:colcon.colcon_core.package_discovery:discover_packages(ignore) using defaults
[0.499s] Level 1:colcon.colcon_core.package_discovery:discover_packages(path) discover
[0.499s] Level 1:colcon.colcon_core.package_discovery:discover_packages(path) using defaults
[0.540s] Level 1:colcon.colcon_core.package_discovery:discover_packages(prefix_path) check parameters
[0.540s] Level 1:colcon.colcon_core.package_discovery:discover_packages(prefix_path) discover
[0.546s] DEBUG:colcon.colcon_installed_package_information.package_discovery:Found 287 installed packages in /opt/ros/jazzy
[0.547s] Level 1:colcon.colcon_core.package_discovery:discover_packages(prefix_path) using defaults
[0.613s] Level 5:colcon.colcon_core.verb:set package 'my_package' build argument 'cmake_args' from command line to 'None'
[0.613s] Level 5:colcon.colcon_core.verb:set package 'my_package' build argument 'cmake_target' from command line to 'None'
[0.613s] Level 5:colcon.colcon_core.verb:set package 'my_package' build argument 'cmake_target_skip_unavailable' from command line to 'False'
[0.613s] Level 5:colcon.colcon_core.verb:set package 'my_package' build argument 'cmake_clean_cache' from command line to 'False'
[0.613s] Level 5:colcon.colcon_core.verb:set package 'my_package' build argument 'cmake_clean_first' from command line to 'False'
[0.613s] Level 5:colcon.colcon_core.verb:set package 'my_package' build argument 'cmake_force_configure' from command line to 'False'
[0.613s] Level 5:colcon.colcon_core.verb:set package 'my_package' build argument 'ament_cmake_args' from command line to 'None'
[0.613s] Level 5:colcon.colcon_core.verb:set package 'my_package' build argument 'catkin_cmake_args' from command line to 'None'
[0.613s] Level 5:colcon.colcon_core.verb:set package 'my_package' build argument 'catkin_skip_building_tests' from command line to 'False'
[0.614s] DEBUG:colcon.colcon_core.verb:Building package 'my_package' with the following arguments: {'ament_cmake_args': None, 'build_base': '/home/an/reconfigurable_quadruped/ros2_ws/build/my_package', 'catkin_cmake_args': None, 'catkin_skip_building_tests': False, 'cmake_args': None, 'cmake_clean_cache': False, 'cmake_clean_first': False, 'cmake_force_configure': False, 'cmake_target': None, 'cmake_target_skip_unavailable': False, 'install_base': '/home/an/reconfigurable_quadruped/ros2_ws/install/my_package', 'merge_install': False, 'path': '/home/an/reconfigurable_quadruped/ros2_ws/src/my_package', 'symlink_install': False, 'test_result_base': None}
[0.614s] INFO:colcon.colcon_core.executor:Executing jobs using 'parallel' executor
[0.615s] DEBUG:colcon.colcon_parallel_executor.executor.parallel:run_until_complete
[0.615s] INFO:colcon.colcon_ros.task.ament_cmake.build:Building ROS package in '/home/an/reconfigurable_quadruped/ros2_ws/src/my_package' with build type 'ament_cmake'
[0.616s] INFO:colcon.colcon_cmake.task.cmake.build:Building CMake package in '/home/an/reconfigurable_quadruped/ros2_ws/src/my_package'
[0.635s] INFO:colcon.colcon_core.plugin_system:Skipping extension 'colcon_core.shell.bat': Not used on non-Windows systems
[0.636s] INFO:colcon.colcon_core.shell:Skip shell extension 'powershell' for command environment: Not usable outside of PowerShell
[0.636s] DEBUG:colcon.colcon_core.shell:Skip shell extension 'dsv' for command environment
[0.664s] DEBUG:colcon.colcon_core.event_handler.log_command:Invoking command in '/home/an/reconfigurable_quadruped/ros2_ws/build/my_package': CMAKE_PREFIX_PATH=${CMAKE_PREFIX_PATH}:/opt/ros/jazzy DEBUGINFOD_URLS=https://debuginfod.ubuntu.com /usr/bin/cmake /home/an/reconfigurable_quadruped/ros2_ws/src/my_package -DCMAKE_INSTALL_PREFIX=/home/an/reconfigurable_quadruped/ros2_ws/install/my_package
[3.412s] DEBUG:colcon.colcon_core.event_handler.log_command:Invoked command in '/home/an/reconfigurable_quadruped/ros2_ws/build/my_package' returned '0': CMAKE_PREFIX_PATH=${CMAKE_PREFIX_PATH}:/opt/ros/jazzy DEBUGINFOD_URLS=https://debuginfod.ubuntu.com /usr/bin/cmake /home/an/reconfigurable_quadruped/ros2_ws/src/my_package -DCMAKE_INSTALL_PREFIX=/home/an/reconfigurable_quadruped/ros2_ws/install/my_package
[3.415s] DEBUG:colcon.colcon_core.event_handler.log_command:Invoking command in '/home/an/reconfigurable_quadruped/ros2_ws/build/my_package': CMAKE_PREFIX_PATH=${CMAKE_PREFIX_PATH}:/opt/ros/jazzy DEBUGINFOD_URLS=https://debuginfod.ubuntu.com /usr/bin/cmake --build /home/an/reconfigurable_quadruped/ros2_ws/build/my_package -- -j4 -l4
[3.782s] DEBUG:colcon.colcon_core.event_handler.log_command:Invoked command in '/home/an/reconfigurable_quadruped/ros2_ws/build/my_package' returned '0': CMAKE_PREFIX_PATH=${CMAKE_PREFIX_PATH}:/opt/ros/jazzy DEBUGINFOD_URLS=https://debuginfod.ubuntu.com /usr/bin/cmake --build /home/an/reconfigurable_quadruped/ros2_ws/build/my_package -- -j4 -l4
[3.802s] DEBUG:colcon.colcon_core.event_handler.log_command:Invoking command in '/home/an/reconfigurable_quadruped/ros2_ws/build/my_package': CMAKE_PREFIX_PATH=${CMAKE_PREFIX_PATH}:/opt/ros/jazzy DEBUGINFOD_URLS=https://debuginfod.ubuntu.com /usr/bin/cmake --install /home/an/reconfigurable_quadruped/ros2_ws/build/my_package
[3.824s] Level 1:colcon.colcon_core.environment:create_environment_scripts_only(my_package)
[3.825s] DEBUG:colcon.colcon_core.event_handler.log_command:Invoked command in '/home/an/reconfigurable_quadruped/ros2_ws/build/my_package' returned '0': CMAKE_PREFIX_PATH=${CMAKE_PREFIX_PATH}:/opt/ros/jazzy DEBUGINFOD_URLS=https://debuginfod.ubuntu.com /usr/bin/cmake --install /home/an/reconfigurable_quadruped/ros2_ws/build/my_package
[3.847s] Level 1:colcon.colcon_core.environment:checking '/home/an/reconfigurable_quadruped/ros2_ws/install/my_package' for CMake module files
[3.848s] Level 1:colcon.colcon_core.environment:checking '/home/an/reconfigurable_quadruped/ros2_ws/install/my_package' for CMake config files
[3.848s] Level 1:colcon.colcon_core.shell:create_environment_hook('my_package', 'cmake_prefix_path')
[3.849s] INFO:colcon.colcon_core.shell:Creating environment hook '/home/an/reconfigurable_quadruped/ros2_ws/install/my_package/share/my_package/hook/cmake_prefix_path.ps1'
[3.850s] INFO:colcon.colcon_core.shell:Creating environment descriptor '/home/an/reconfigurable_quadruped/ros2_ws/install/my_package/share/my_package/hook/cmake_prefix_path.dsv'
[3.852s] INFO:colcon.colcon_core.shell:Creating environment hook '/home/an/reconfigurable_quadruped/ros2_ws/install/my_package/share/my_package/hook/cmake_prefix_path.sh'
[3.853s] Level 1:colcon.colcon_core.environment:checking '/home/an/reconfigurable_quadruped/ros2_ws/install/my_package/lib'
[3.854s] Level 1:colcon.colcon_core.environment:checking '/home/an/reconfigurable_quadruped/ros2_ws/install/my_package/bin'
[3.854s] Level 1:colcon.colcon_core.environment:checking '/home/an/reconfigurable_quadruped/ros2_ws/install/my_package/lib/pkgconfig/my_package.pc'
[3.854s] Level 1:colcon.colcon_core.environment:checking '/home/an/reconfigurable_quadruped/ros2_ws/install/my_package/lib/python3.12/site-packages'
[3.855s] Level 1:colcon.colcon_core.environment:checking '/home/an/reconfigurable_quadruped/ros2_ws/install/my_package/bin'
[3.855s] INFO:colcon.colcon_core.shell:Creating package script '/home/an/reconfigurable_quadruped/ros2_ws/install/my_package/share/my_package/package.ps1'
[3.856s] INFO:colcon.colcon_core.shell:Creating package descriptor '/home/an/reconfigurable_quadruped/ros2_ws/install/my_package/share/my_package/package.dsv'
[3.857s] INFO:colcon.colcon_core.shell:Creating package script '/home/an/reconfigurable_quadruped/ros2_ws/install/my_package/share/my_package/package.sh'
[3.860s] INFO:colcon.colcon_core.shell:Creating package script '/home/an/reconfigurable_quadruped/ros2_ws/install/my_package/share/my_package/package.bash'
[3.861s] INFO:colcon.colcon_core.shell:Creating package script '/home/an/reconfigurable_quadruped/ros2_ws/install/my_package/share/my_package/package.zsh'
[3.863s] Level 1:colcon.colcon_core.environment:create_file_with_runtime_dependencies(/home/an/reconfigurable_quadruped/ros2_ws/install/my_package/share/colcon-core/packages/my_package)
[3.864s] Level 1:colcon.colcon_core.environment:create_environment_scripts_only(my_package)
[3.864s] Level 1:colcon.colcon_core.environment:checking '/home/an/reconfigurable_quadruped/ros2_ws/install/my_package' for CMake module files
[3.865s] Level 1:colcon.colcon_core.environment:checking '/home/an/reconfigurable_quadruped/ros2_ws/install/my_package' for CMake config files
[3.865s] Level 1:colcon.colcon_core.shell:create_environment_hook('my_package', 'cmake_prefix_path')
[3.865s] INFO:colcon.colcon_core.shell:Creating environment hook '/home/an/reconfigurable_quadruped/ros2_ws/install/my_package/share/my_package/hook/cmake_prefix_path.ps1'
[3.866s] INFO:colcon.colcon_core.shell:Creating environment descriptor '/home/an/reconfigurable_quadruped/ros2_ws/install/my_package/share/my_package/hook/cmake_prefix_path.dsv'
[3.868s] INFO:colcon.colcon_core.shell:Creating environment hook '/home/an/reconfigurable_quadruped/ros2_ws/install/my_package/share/my_package/hook/cmake_prefix_path.sh'
[3.869s] Level 1:colcon.colcon_core.environment:checking '/home/an/reconfigurable_quadruped/ros2_ws/install/my_package/lib'
[3.870s] Level 1:colcon.colcon_core.environment:checking '/home/an/reconfigurable_quadruped/ros2_ws/install/my_package/bin'
[3.870s] Level 1:colcon.colcon_core.environment:checking '/home/an/reconfigurable_quadruped/ros2_ws/install/my_package/lib/pkgconfig/my_package.pc'
[3.870s] Level 1:colcon.colcon_core.environment:checking '/home/an/reconfigurable_quadruped/ros2_ws/install/my_package/lib/python3.12/site-packages'
[3.870s] Level 1:colcon.colcon_core.environment:checking '/home/an/reconfigurable_quadruped/ros2_ws/install/my_package/bin'
[3.871s] INFO:colcon.colcon_core.shell:Creating package script '/home/an/reconfigurable_quadruped/ros2_ws/install/my_package/share/my_package/package.ps1'
[3.873s] INFO:colcon.colcon_core.shell:Creating package descriptor '/home/an/reconfigurable_quadruped/ros2_ws/install/my_package/share/my_package/package.dsv'
[3.874s] INFO:colcon.colcon_core.shell:Creating package script '/home/an/reconfigurable_quadruped/ros2_ws/install/my_package/share/my_package/package.sh'
[3.875s] INFO:colcon.colcon_core.shell:Creating package script '/home/an/reconfigurable_quadruped/ros2_ws/install/my_package/share/my_package/package.bash'
[3.875s] INFO:colcon.colcon_core.shell:Creating package script '/home/an/reconfigurable_quadruped/ros2_ws/install/my_package/share/my_package/package.zsh'
[3.876s] Level 1:colcon.colcon_core.environment:create_file_with_runtime_dependencies(/home/an/reconfigurable_quadruped/ros2_ws/install/my_package/share/colcon-core/packages/my_package)
[3.876s] DEBUG:colcon.colcon_parallel_executor.executor.parallel:closing loop
[3.877s] DEBUG:colcon.colcon_parallel_executor.executor.parallel:loop closed
[3.877s] DEBUG:colcon.colcon_parallel_executor.executor.parallel:run_until_complete finished with '0'
[3.877s] DEBUG:colcon.colcon_core.event_reactor:joining thread
[3.910s] INFO:colcon.colcon_core.plugin_system:Skipping extension 'colcon_notification.desktop_notification.terminal_notifier': Not used on non-Darwin systems
[3.910s] INFO:colcon.colcon_core.plugin_system:Skipping extension 'colcon_notification.desktop_notification.win32': Not used on non-Windows systems
[3.910s] INFO:colcon.colcon_notification.desktop_notification:Sending desktop notification using 'notify2'
[3.970s] DEBUG:colcon.colcon_core.event_reactor:joined thread
[3.970s] INFO:colcon.colcon_core.shell:Creating prefix script '/home/an/reconfigurable_quadruped/ros2_ws/install/local_setup.ps1'
[3.972s] INFO:colcon.colcon_core.shell:Creating prefix util module '/home/an/reconfigurable_quadruped/ros2_ws/install/_local_setup_util_ps1.py'
[3.975s] INFO:colcon.colcon_core.shell:Creating prefix chain script '/home/an/reconfigurable_quadruped/ros2_ws/install/setup.ps1'
[3.976s] INFO:colcon.colcon_core.shell:Creating prefix script '/home/an/reconfigurable_quadruped/ros2_ws/install/local_setup.sh'
[3.978s] INFO:colcon.colcon_core.shell:Creating prefix util module '/home/an/reconfigurable_quadruped/ros2_ws/install/_local_setup_util_sh.py'
[3.979s] INFO:colcon.colcon_core.shell:Creating prefix chain script '/home/an/reconfigurable_quadruped/ros2_ws/install/setup.sh'
[3.980s] INFO:colcon.colcon_core.shell:Creating prefix script '/home/an/reconfigurable_quadruped/ros2_ws/install/local_setup.bash'
[3.981s] INFO:colcon.colcon_core.shell:Creating prefix chain script '/home/an/reconfigurable_quadruped/ros2_ws/install/setup.bash'
[3.983s] INFO:colcon.colcon_core.shell:Creating prefix script '/home/an/reconfigurable_quadruped/ros2_ws/install/local_setup.zsh'
[3.984s] INFO:colcon.colcon_core.shell:Creating prefix chain script '/home/an/reconfigurable_quadruped/ros2_ws/install/setup.zsh'
