[0.173s] DEBUG:colcon:Command line arguments: ['/usr/local/bin/colcon', 'build']
[0.173s] DEBUG:colcon:Parsed command line arguments: Namespace(log_base=None, log_level=None, verb_name='build', build_base='build', install_base='install', merge_install=False, symlink_install=False, test_result_base=None, continue_on_error=False, executor='parallel', parallel_workers=4, event_handlers=None, ignore_user_meta=False, metas=['./colcon.meta'], base_paths=['.'], packages_ignore=None, packages_ignore_regex=None, paths=None, packages_up_to=None, packages_up_to_regex=None, packages_above=None, packages_above_and_dependencies=None, packages_above_depth=None, packages_select_by_dep=None, packages_skip_by_dep=None, packages_skip_up_to=None, packages_select_build_failed=False, packages_skip_build_finished=False, packages_select_test_failures=False, packages_skip_test_passed=False, packages_select=None, packages_skip=None, packages_select_regex=None, packages_skip_regex=None, packages_start=None, packages_end=None, cmake_args=None, cmake_target=None, cmake_target_skip_unavailable=False, cmake_clean_cache=False, cmake_clean_first=False, cmake_force_configure=False, ament_cmake_args=None, catkin_cmake_args=None, catkin_skip_building_tests=False, verb_parser=<colcon_defaults.argument_parser.defaults.DefaultArgumentsDecorator object at 0xffffaf4f3040>, verb_extension=<colcon_core.verb.build.BuildVerb object at 0xffffaf4f1f90>, main=<bound method BuildVerb.main of <colcon_core.verb.build.BuildVerb object at 0xffffaf4f1f90>>)
[0.295s] Level 1:colcon.colcon_core.package_discovery:discover_packages(colcon_meta) check parameters
[0.295s] Level 1:colcon.colcon_core.package_discovery:discover_packages(recursive) check parameters
[0.296s] Level 1:colcon.colcon_core.package_discovery:discover_packages(ignore) check parameters
[0.296s] Level 1:colcon.colcon_core.package_discovery:discover_packages(path) check parameters
[0.296s] Level 1:colcon.colcon_core.package_discovery:discover_packages(colcon_meta) discover
[0.296s] Level 1:colcon.colcon_core.package_discovery:discover_packages(recursive) discover
[0.296s] INFO:colcon.colcon_core.package_discovery:Crawling recursively for packages in '/robotis_ws'
[0.296s] Level 1:colcon.colcon_core.package_identification:_identify(.) by extensions ['ignore', 'ignore_ament_install']
[0.296s] Level 1:colcon.colcon_core.package_identification:_identify(.) by extension 'ignore'
[0.296s] Level 1:colcon.colcon_core.package_identification:_identify(.) by extension 'ignore_ament_install'
[0.296s] Level 1:colcon.colcon_core.package_identification:_identify(.) by extensions ['colcon_pkg']
[0.296s] Level 1:colcon.colcon_core.package_identification:_identify(.) by extension 'colcon_pkg'
[0.296s] Level 1:colcon.colcon_core.package_identification:_identify(.) by extensions ['colcon_meta']
[0.296s] Level 1:colcon.colcon_core.package_identification:_identify(.) by extension 'colcon_meta'
[0.296s] Level 1:colcon.colcon_core.package_identification:_identify(.) by extensions ['ros']
[0.296s] Level 1:colcon.colcon_core.package_identification:_identify(.) by extension 'ros'
[0.312s] Level 1:colcon.colcon_core.package_identification:_identify(.) by extensions ['cmake', 'python']
[0.312s] Level 1:colcon.colcon_core.package_identification:_identify(.) by extension 'cmake'
[0.312s] Level 1:colcon.colcon_core.package_identification:_identify(.) by extension 'python'
[0.312s] Level 1:colcon.colcon_core.package_identification:_identify(.) by extensions ['python_setup_py']
[0.312s] Level 1:colcon.colcon_core.package_identification:_identify(.) by extension 'python_setup_py'
[0.313s] Level 1:colcon.colcon_core.package_identification:_identify(build) by extensions ['ignore', 'ignore_ament_install']
[0.313s] Level 1:colcon.colcon_core.package_identification:_identify(build) by extension 'ignore'
[0.313s] Level 1:colcon.colcon_core.package_identification:_identify(build) ignored
[0.313s] Level 1:colcon.colcon_core.package_identification:_identify(install) by extensions ['ignore', 'ignore_ament_install']
[0.313s] Level 1:colcon.colcon_core.package_identification:_identify(install) by extension 'ignore'
[0.313s] Level 1:colcon.colcon_core.package_identification:_identify(install) ignored
[0.313s] Level 1:colcon.colcon_core.package_identification:_identify(log) by extensions ['ignore', 'ignore_ament_install']
[0.313s] Level 1:colcon.colcon_core.package_identification:_identify(log) by extension 'ignore'
[0.313s] Level 1:colcon.colcon_core.package_identification:_identify(log) ignored
[0.314s] Level 1:colcon.colcon_core.package_identification:_identify(src) by extensions ['ignore', 'ignore_ament_install']
[0.314s] Level 1:colcon.colcon_core.package_identification:_identify(src) by extension 'ignore'
[0.314s] Level 1:colcon.colcon_core.package_identification:_identify(src) by extension 'ignore_ament_install'
[0.314s] Level 1:colcon.colcon_core.package_identification:_identify(src) by extensions ['colcon_pkg']
[0.314s] Level 1:colcon.colcon_core.package_identification:_identify(src) by extension 'colcon_pkg'
[0.314s] Level 1:colcon.colcon_core.package_identification:_identify(src) by extensions ['colcon_meta']
[0.314s] Level 1:colcon.colcon_core.package_identification:_identify(src) by extension 'colcon_meta'
[0.314s] Level 1:colcon.colcon_core.package_identification:_identify(src) by extensions ['ros']
[0.314s] Level 1:colcon.colcon_core.package_identification:_identify(src) by extension 'ros'
[0.314s] Level 1:colcon.colcon_core.package_identification:_identify(src) by extensions ['cmake', 'python']
[0.314s] Level 1:colcon.colcon_core.package_identification:_identify(src) by extension 'cmake'
[0.314s] Level 1:colcon.colcon_core.package_identification:_identify(src) by extension 'python'
[0.314s] Level 1:colcon.colcon_core.package_identification:_identify(src) by extensions ['python_setup_py']
[0.314s] Level 1:colcon.colcon_core.package_identification:_identify(src) by extension 'python_setup_py'
[0.314s] Level 1:colcon.colcon_core.package_identification:_identify(src/DynamixelSDK) by extensions ['ignore', 'ignore_ament_install']
[0.314s] Level 1:colcon.colcon_core.package_identification:_identify(src/DynamixelSDK) by extension 'ignore'
[0.314s] Level 1:colcon.colcon_core.package_identification:_identify(src/DynamixelSDK) by extension 'ignore_ament_install'
[0.314s] Level 1:colcon.colcon_core.package_identification:_identify(src/DynamixelSDK) by extensions ['colcon_pkg']
[0.314s] Level 1:colcon.colcon_core.package_identification:_identify(src/DynamixelSDK) by extension 'colcon_pkg'
[0.315s] Level 1:colcon.colcon_core.package_identification:_identify(src/DynamixelSDK) by extensions ['colcon_meta']
[0.315s] Level 1:colcon.colcon_core.package_identification:_identify(src/DynamixelSDK) by extension 'colcon_meta'
[0.315s] Level 1:colcon.colcon_core.package_identification:_identify(src/DynamixelSDK) by extensions ['ros']
[0.315s] Level 1:colcon.colcon_core.package_identification:_identify(src/DynamixelSDK) by extension 'ros'
[0.315s] Level 1:colcon.colcon_core.package_identification:_identify(src/DynamixelSDK) by extensions ['cmake', 'python']
[0.315s] Level 1:colcon.colcon_core.package_identification:_identify(src/DynamixelSDK) by extension 'cmake'
[0.315s] Level 1:colcon.colcon_core.package_identification:_identify(src/DynamixelSDK) by extension 'python'
[0.315s] Level 1:colcon.colcon_core.package_identification:_identify(src/DynamixelSDK) by extensions ['python_setup_py']
[0.315s] Level 1:colcon.colcon_core.package_identification:_identify(src/DynamixelSDK) by extension 'python_setup_py'
[0.315s] Level 1:colcon.colcon_core.package_identification:_identify(src/dynamixel_sdk) by extensions ['ignore', 'ignore_ament_install']
[0.315s] Level 1:colcon.colcon_core.package_identification:_identify(src/dynamixel_sdk) by extension 'ignore'
[0.315s] Level 1:colcon.colcon_core.package_identification:_identify(src/dynamixel_sdk) by extension 'ignore_ament_install'
[0.315s] Level 1:colcon.colcon_core.package_identification:_identify(src/dynamixel_sdk) by extensions ['colcon_pkg']
[0.315s] Level 1:colcon.colcon_core.package_identification:_identify(src/dynamixel_sdk) by extension 'colcon_pkg'
[0.315s] Level 1:colcon.colcon_core.package_identification:_identify(src/dynamixel_sdk) by extensions ['colcon_meta']
[0.315s] Level 1:colcon.colcon_core.package_identification:_identify(src/dynamixel_sdk) by extension 'colcon_meta'
[0.315s] Level 1:colcon.colcon_core.package_identification:_identify(src/dynamixel_sdk) by extensions ['ros']
[0.315s] Level 1:colcon.colcon_core.package_identification:_identify(src/dynamixel_sdk) by extension 'ros'
[0.321s] DEBUG:colcon.colcon_core.package_identification:Package 'src/dynamixel_sdk' with type 'ros.ament_cmake' and name 'dynamixel_sdk'
[0.322s] Level 1:colcon.colcon_core.package_identification:_identify(src/dynamixel_sdk_custom_interfaces) by extensions ['ignore', 'ignore_ament_install']
[0.322s] Level 1:colcon.colcon_core.package_identification:_identify(src/dynamixel_sdk_custom_interfaces) by extension 'ignore'
[0.322s] Level 1:colcon.colcon_core.package_identification:_identify(src/dynamixel_sdk_custom_interfaces) by extension 'ignore_ament_install'
[0.322s] Level 1:colcon.colcon_core.package_identification:_identify(src/dynamixel_sdk_custom_interfaces) by extensions ['colcon_pkg']
[0.322s] Level 1:colcon.colcon_core.package_identification:_identify(src/dynamixel_sdk_custom_interfaces) by extension 'colcon_pkg'
[0.322s] Level 1:colcon.colcon_core.package_identification:_identify(src/dynamixel_sdk_custom_interfaces) by extensions ['colcon_meta']
[0.322s] Level 1:colcon.colcon_core.package_identification:_identify(src/dynamixel_sdk_custom_interfaces) by extension 'colcon_meta'
[0.322s] Level 1:colcon.colcon_core.package_identification:_identify(src/dynamixel_sdk_custom_interfaces) by extensions ['ros']
[0.322s] Level 1:colcon.colcon_core.package_identification:_identify(src/dynamixel_sdk_custom_interfaces) by extension 'ros'
[0.323s] DEBUG:colcon.colcon_core.package_identification:Package 'src/dynamixel_sdk_custom_interfaces' with type 'ros.ament_cmake' and name 'dynamixel_sdk_custom_interfaces'
[0.323s] Level 1:colcon.colcon_core.package_identification:_identify(src/dynamixel_sdk_examples) by extensions ['ignore', 'ignore_ament_install']
[0.323s] Level 1:colcon.colcon_core.package_identification:_identify(src/dynamixel_sdk_examples) by extension 'ignore'
[0.323s] Level 1:colcon.colcon_core.package_identification:_identify(src/dynamixel_sdk_examples) by extension 'ignore_ament_install'
[0.323s] Level 1:colcon.colcon_core.package_identification:_identify(src/dynamixel_sdk_examples) by extensions ['colcon_pkg']
[0.323s] Level 1:colcon.colcon_core.package_identification:_identify(src/dynamixel_sdk_examples) by extension 'colcon_pkg'
[0.324s] Level 1:colcon.colcon_core.package_identification:_identify(src/dynamixel_sdk_examples) by extensions ['colcon_meta']
[0.324s] Level 1:colcon.colcon_core.package_identification:_identify(src/dynamixel_sdk_examples) by extension 'colcon_meta'
[0.324s] Level 1:colcon.colcon_core.package_identification:_identify(src/dynamixel_sdk_examples) by extensions ['ros']
[0.324s] Level 1:colcon.colcon_core.package_identification:_identify(src/dynamixel_sdk_examples) by extension 'ros'
[0.325s] DEBUG:colcon.colcon_core.package_identification:Package 'src/dynamixel_sdk_examples' with type 'ros.ament_cmake' and name 'dynamixel_sdk_examples'
[0.325s] Level 1:colcon.colcon_core.package_discovery:discover_packages(recursive) using defaults
[0.325s] Level 1:colcon.colcon_core.package_discovery:discover_packages(ignore) discover
[0.325s] Level 1:colcon.colcon_core.package_discovery:discover_packages(ignore) using defaults
[0.325s] Level 1:colcon.colcon_core.package_discovery:discover_packages(path) discover
[0.325s] Level 1:colcon.colcon_core.package_discovery:discover_packages(path) using defaults
[0.352s] Level 5:colcon.colcon_core.verb:set package 'dynamixel_sdk' build argument 'cmake_args' from command line to 'None'
[0.352s] Level 5:colcon.colcon_core.verb:set package 'dynamixel_sdk' build argument 'cmake_target' from command line to 'None'
[0.352s] Level 5:colcon.colcon_core.verb:set package 'dynamixel_sdk' build argument 'cmake_target_skip_unavailable' from command line to 'False'
[0.352s] Level 5:colcon.colcon_core.verb:set package 'dynamixel_sdk' build argument 'cmake_clean_cache' from command line to 'False'
[0.352s] Level 5:colcon.colcon_core.verb:set package 'dynamixel_sdk' build argument 'cmake_clean_first' from command line to 'False'
[0.352s] Level 5:colcon.colcon_core.verb:set package 'dynamixel_sdk' build argument 'cmake_force_configure' from command line to 'False'
[0.352s] Level 5:colcon.colcon_core.verb:set package 'dynamixel_sdk' build argument 'ament_cmake_args' from command line to 'None'
[0.352s] Level 5:colcon.colcon_core.verb:set package 'dynamixel_sdk' build argument 'catkin_cmake_args' from command line to 'None'
[0.352s] Level 5:colcon.colcon_core.verb:set package 'dynamixel_sdk' build argument 'catkin_skip_building_tests' from command line to 'False'
[0.352s] DEBUG:colcon.colcon_core.verb:Building package 'dynamixel_sdk' with the following arguments: {'ament_cmake_args': None, 'build_base': '/robotis_ws/build/dynamixel_sdk', 'catkin_cmake_args': None, 'catkin_skip_building_tests': False, 'cmake_args': None, 'cmake_clean_cache': False, 'cmake_clean_first': False, 'cmake_force_configure': False, 'cmake_target': None, 'cmake_target_skip_unavailable': False, 'install_base': '/robotis_ws/install/dynamixel_sdk', 'merge_install': False, 'path': '/robotis_ws/src/dynamixel_sdk', 'symlink_install': False, 'test_result_base': None}
[0.352s] Level 5:colcon.colcon_core.verb:set package 'dynamixel_sdk_custom_interfaces' build argument 'cmake_args' from command line to 'None'
[0.352s] Level 5:colcon.colcon_core.verb:set package 'dynamixel_sdk_custom_interfaces' build argument 'cmake_target' from command line to 'None'
[0.352s] Level 5:colcon.colcon_core.verb:set package 'dynamixel_sdk_custom_interfaces' build argument 'cmake_target_skip_unavailable' from command line to 'False'
[0.352s] Level 5:colcon.colcon_core.verb:set package 'dynamixel_sdk_custom_interfaces' build argument 'cmake_clean_cache' from command line to 'False'
[0.353s] Level 5:colcon.colcon_core.verb:set package 'dynamixel_sdk_custom_interfaces' build argument 'cmake_clean_first' from command line to 'False'
[0.353s] Level 5:colcon.colcon_core.verb:set package 'dynamixel_sdk_custom_interfaces' build argument 'cmake_force_configure' from command line to 'False'
[0.353s] Level 5:colcon.colcon_core.verb:set package 'dynamixel_sdk_custom_interfaces' build argument 'ament_cmake_args' from command line to 'None'
[0.353s] Level 5:colcon.colcon_core.verb:set package 'dynamixel_sdk_custom_interfaces' build argument 'catkin_cmake_args' from command line to 'None'
[0.353s] Level 5:colcon.colcon_core.verb:set package 'dynamixel_sdk_custom_interfaces' build argument 'catkin_skip_building_tests' from command line to 'False'
[0.353s] DEBUG:colcon.colcon_core.verb:Building package 'dynamixel_sdk_custom_interfaces' with the following arguments: {'ament_cmake_args': None, 'build_base': '/robotis_ws/build/dynamixel_sdk_custom_interfaces', 'catkin_cmake_args': None, 'catkin_skip_building_tests': False, 'cmake_args': None, 'cmake_clean_cache': False, 'cmake_clean_first': False, 'cmake_force_configure': False, 'cmake_target': None, 'cmake_target_skip_unavailable': False, 'install_base': '/robotis_ws/install/dynamixel_sdk_custom_interfaces', 'merge_install': False, 'path': '/robotis_ws/src/dynamixel_sdk_custom_interfaces', 'symlink_install': False, 'test_result_base': None}
[0.353s] Level 5:colcon.colcon_core.verb:set package 'dynamixel_sdk_examples' build argument 'cmake_args' from command line to 'None'
[0.353s] Level 5:colcon.colcon_core.verb:set package 'dynamixel_sdk_examples' build argument 'cmake_target' from command line to 'None'
[0.353s] Level 5:colcon.colcon_core.verb:set package 'dynamixel_sdk_examples' build argument 'cmake_target_skip_unavailable' from command line to 'False'
[0.353s] Level 5:colcon.colcon_core.verb:set package 'dynamixel_sdk_examples' build argument 'cmake_clean_cache' from command line to 'False'
[0.353s] Level 5:colcon.colcon_core.verb:set package 'dynamixel_sdk_examples' build argument 'cmake_clean_first' from command line to 'False'
[0.353s] Level 5:colcon.colcon_core.verb:set package 'dynamixel_sdk_examples' build argument 'cmake_force_configure' from command line to 'False'
[0.353s] Level 5:colcon.colcon_core.verb:set package 'dynamixel_sdk_examples' build argument 'ament_cmake_args' from command line to 'None'
[0.353s] Level 5:colcon.colcon_core.verb:set package 'dynamixel_sdk_examples' build argument 'catkin_cmake_args' from command line to 'None'
[0.353s] Level 5:colcon.colcon_core.verb:set package 'dynamixel_sdk_examples' build argument 'catkin_skip_building_tests' from command line to 'False'
[0.353s] DEBUG:colcon.colcon_core.verb:Building package 'dynamixel_sdk_examples' with the following arguments: {'ament_cmake_args': None, 'build_base': '/robotis_ws/build/dynamixel_sdk_examples', 'catkin_cmake_args': None, 'catkin_skip_building_tests': False, 'cmake_args': None, 'cmake_clean_cache': False, 'cmake_clean_first': False, 'cmake_force_configure': False, 'cmake_target': None, 'cmake_target_skip_unavailable': False, 'install_base': '/robotis_ws/install/dynamixel_sdk_examples', 'merge_install': False, 'path': '/robotis_ws/src/dynamixel_sdk_examples', 'symlink_install': False, 'test_result_base': None}
[0.353s] INFO:colcon.colcon_core.executor:Executing jobs using 'parallel' executor
[0.355s] DEBUG:colcon.colcon_parallel_executor.executor.parallel:run_until_complete
[0.356s] INFO:colcon.colcon_ros.task.ament_cmake.build:Building ROS package in '/robotis_ws/src/dynamixel_sdk' with build type 'ament_cmake'
[0.356s] INFO:colcon.colcon_cmake.task.cmake.build:Building CMake package in '/robotis_ws/src/dynamixel_sdk'
[0.366s] INFO:colcon.colcon_core.plugin_system:Skipping extension 'colcon_core.shell.bat': Not used on non-Windows systems
[0.366s] INFO:colcon.colcon_core.shell:Skip shell extension 'powershell' for command environment: Not usable outside of PowerShell
[0.366s] DEBUG:colcon.colcon_core.shell:Skip shell extension 'dsv' for command environment
[0.382s] INFO:colcon.colcon_ros.task.ament_cmake.build:Building ROS package in '/robotis_ws/src/dynamixel_sdk_custom_interfaces' with build type 'ament_cmake'
[0.384s] INFO:colcon.colcon_cmake.task.cmake.build:Building CMake package in '/robotis_ws/src/dynamixel_sdk_custom_interfaces'
[0.385s] INFO:colcon.colcon_core.shell:Skip shell extension 'powershell' for command environment: Not usable outside of PowerShell
[0.385s] DEBUG:colcon.colcon_core.shell:Skip shell extension 'dsv' for command environment
[0.415s] DEBUG:colcon.colcon_core.event_handler.log_command:Invoking command in '/robotis_ws/build/dynamixel_sdk': CMAKE_PREFIX_PATH=/opt/ros/humble /usr/bin/cmake /robotis_ws/src/dynamixel_sdk -DCMAKE_INSTALL_PREFIX=/robotis_ws/install/dynamixel_sdk
[0.432s] DEBUG:colcon.colcon_core.event_handler.log_command:Invoking command in '/robotis_ws/build/dynamixel_sdk_custom_interfaces': CMAKE_PREFIX_PATH=/opt/ros/humble /usr/bin/cmake /robotis_ws/src/dynamixel_sdk_custom_interfaces -DCMAKE_INSTALL_PREFIX=/robotis_ws/install/dynamixel_sdk_custom_interfaces
[1.795s] DEBUG:colcon.colcon_core.event_handler.log_command:Invoked command in '/robotis_ws/build/dynamixel_sdk' returned '0': CMAKE_PREFIX_PATH=/opt/ros/humble /usr/bin/cmake /robotis_ws/src/dynamixel_sdk -DCMAKE_INSTALL_PREFIX=/robotis_ws/install/dynamixel_sdk
[1.798s] DEBUG:colcon.colcon_core.event_handler.log_command:Invoking command in '/robotis_ws/build/dynamixel_sdk': CMAKE_PREFIX_PATH=/opt/ros/humble /usr/bin/cmake --build /robotis_ws/build/dynamixel_sdk -- -j4 -l4
[4.309s] DEBUG:colcon.colcon_core.event_handler.log_command:Invoked command in '/robotis_ws/build/dynamixel_sdk_custom_interfaces' returned '0': CMAKE_PREFIX_PATH=/opt/ros/humble /usr/bin/cmake /robotis_ws/src/dynamixel_sdk_custom_interfaces -DCMAKE_INSTALL_PREFIX=/robotis_ws/install/dynamixel_sdk_custom_interfaces
[4.315s] DEBUG:colcon.colcon_core.event_handler.log_command:Invoking command in '/robotis_ws/build/dynamixel_sdk_custom_interfaces': CMAKE_PREFIX_PATH=/opt/ros/humble /usr/bin/cmake --build /robotis_ws/build/dynamixel_sdk_custom_interfaces -- -j4 -l4
[4.507s] DEBUG:colcon.colcon_core.event_handler.log_command:Invoked command in '/robotis_ws/build/dynamixel_sdk' returned '0': CMAKE_PREFIX_PATH=/opt/ros/humble /usr/bin/cmake --build /robotis_ws/build/dynamixel_sdk -- -j4 -l4
[4.548s] DEBUG:colcon.colcon_core.event_handler.log_command:Invoking command in '/robotis_ws/build/dynamixel_sdk': CMAKE_PREFIX_PATH=/opt/ros/humble /usr/bin/cmake --install /robotis_ws/build/dynamixel_sdk
[4.587s] Level 1:colcon.colcon_core.environment:create_environment_scripts_only(dynamixel_sdk)
[4.590s] DEBUG:colcon.colcon_core.event_handler.log_command:Invoked command in '/robotis_ws/build/dynamixel_sdk' returned '0': CMAKE_PREFIX_PATH=/opt/ros/humble /usr/bin/cmake --install /robotis_ws/build/dynamixel_sdk
[4.596s] Level 1:colcon.colcon_core.environment:checking '/robotis_ws/install/dynamixel_sdk' for CMake module files
[4.602s] Level 1:colcon.colcon_core.environment:checking '/robotis_ws/install/dynamixel_sdk' for CMake config files
[4.603s] Level 1:colcon.colcon_core.shell:create_environment_hook('dynamixel_sdk', 'cmake_prefix_path')
[4.604s] INFO:colcon.colcon_core.shell:Creating environment hook '/robotis_ws/install/dynamixel_sdk/share/dynamixel_sdk/hook/cmake_prefix_path.ps1'
[4.605s] INFO:colcon.colcon_core.shell:Creating environment descriptor '/robotis_ws/install/dynamixel_sdk/share/dynamixel_sdk/hook/cmake_prefix_path.dsv'
[4.606s] INFO:colcon.colcon_core.shell:Creating environment hook '/robotis_ws/install/dynamixel_sdk/share/dynamixel_sdk/hook/cmake_prefix_path.sh'
[4.609s] Level 1:colcon.colcon_core.environment:checking '/robotis_ws/install/dynamixel_sdk/lib'
[4.612s] Level 1:colcon.colcon_core.shell:create_environment_hook('dynamixel_sdk', 'ld_library_path_lib')
[4.614s] INFO:colcon.colcon_core.shell:Creating environment hook '/robotis_ws/install/dynamixel_sdk/share/dynamixel_sdk/hook/ld_library_path_lib.ps1'
[4.615s] INFO:colcon.colcon_core.shell:Creating environment descriptor '/robotis_ws/install/dynamixel_sdk/share/dynamixel_sdk/hook/ld_library_path_lib.dsv'
[4.616s] INFO:colcon.colcon_core.shell:Creating environment hook '/robotis_ws/install/dynamixel_sdk/share/dynamixel_sdk/hook/ld_library_path_lib.sh'
[4.618s] Level 1:colcon.colcon_core.environment:checking '/robotis_ws/install/dynamixel_sdk/bin'
[4.618s] Level 1:colcon.colcon_core.environment:checking '/robotis_ws/install/dynamixel_sdk/lib/pkgconfig/dynamixel_sdk.pc'
[4.623s] Level 1:colcon.colcon_core.environment:checking '/robotis_ws/install/dynamixel_sdk/lib/python3.10/site-packages'
[4.623s] Level 1:colcon.colcon_core.environment:checking '/robotis_ws/install/dynamixel_sdk/bin'
[4.625s] INFO:colcon.colcon_core.shell:Creating package script '/robotis_ws/install/dynamixel_sdk/share/dynamixel_sdk/package.ps1'
[4.627s] INFO:colcon.colcon_core.shell:Creating package descriptor '/robotis_ws/install/dynamixel_sdk/share/dynamixel_sdk/package.dsv'
[4.630s] INFO:colcon.colcon_core.shell:Creating package script '/robotis_ws/install/dynamixel_sdk/share/dynamixel_sdk/package.sh'
[4.631s] INFO:colcon.colcon_core.shell:Creating package script '/robotis_ws/install/dynamixel_sdk/share/dynamixel_sdk/package.bash'
[4.633s] INFO:colcon.colcon_core.shell:Creating package script '/robotis_ws/install/dynamixel_sdk/share/dynamixel_sdk/package.zsh'
[4.635s] Level 1:colcon.colcon_core.environment:create_file_with_runtime_dependencies(/robotis_ws/install/dynamixel_sdk/share/colcon-core/packages/dynamixel_sdk)
[4.636s] Level 1:colcon.colcon_core.environment:create_environment_scripts_only(dynamixel_sdk)
[4.637s] Level 1:colcon.colcon_core.environment:checking '/robotis_ws/install/dynamixel_sdk' for CMake module files
[4.638s] Level 1:colcon.colcon_core.environment:checking '/robotis_ws/install/dynamixel_sdk' for CMake config files
[4.638s] Level 1:colcon.colcon_core.shell:create_environment_hook('dynamixel_sdk', 'cmake_prefix_path')
[4.639s] INFO:colcon.colcon_core.shell:Creating environment hook '/robotis_ws/install/dynamixel_sdk/share/dynamixel_sdk/hook/cmake_prefix_path.ps1'
[4.640s] INFO:colcon.colcon_core.shell:Creating environment descriptor '/robotis_ws/install/dynamixel_sdk/share/dynamixel_sdk/hook/cmake_prefix_path.dsv'
[4.641s] INFO:colcon.colcon_core.shell:Creating environment hook '/robotis_ws/install/dynamixel_sdk/share/dynamixel_sdk/hook/cmake_prefix_path.sh'
[4.643s] Level 1:colcon.colcon_core.environment:checking '/robotis_ws/install/dynamixel_sdk/lib'
[4.643s] Level 1:colcon.colcon_core.shell:create_environment_hook('dynamixel_sdk', 'ld_library_path_lib')
[4.644s] INFO:colcon.colcon_core.shell:Creating environment hook '/robotis_ws/install/dynamixel_sdk/share/dynamixel_sdk/hook/ld_library_path_lib.ps1'
[4.645s] INFO:colcon.colcon_core.shell:Creating environment descriptor '/robotis_ws/install/dynamixel_sdk/share/dynamixel_sdk/hook/ld_library_path_lib.dsv'
[4.647s] INFO:colcon.colcon_core.shell:Creating environment hook '/robotis_ws/install/dynamixel_sdk/share/dynamixel_sdk/hook/ld_library_path_lib.sh'
[4.651s] Level 1:colcon.colcon_core.environment:checking '/robotis_ws/install/dynamixel_sdk/bin'
[4.652s] Level 1:colcon.colcon_core.environment:checking '/robotis_ws/install/dynamixel_sdk/lib/pkgconfig/dynamixel_sdk.pc'
[4.652s] Level 1:colcon.colcon_core.environment:checking '/robotis_ws/install/dynamixel_sdk/lib/python3.10/site-packages'
[4.652s] Level 1:colcon.colcon_core.environment:checking '/robotis_ws/install/dynamixel_sdk/bin'
[4.653s] INFO:colcon.colcon_core.shell:Creating package script '/robotis_ws/install/dynamixel_sdk/share/dynamixel_sdk/package.ps1'
[4.654s] INFO:colcon.colcon_core.shell:Creating package descriptor '/robotis_ws/install/dynamixel_sdk/share/dynamixel_sdk/package.dsv'
[4.656s] INFO:colcon.colcon_core.shell:Creating package script '/robotis_ws/install/dynamixel_sdk/share/dynamixel_sdk/package.sh'
[4.657s] INFO:colcon.colcon_core.shell:Creating package script '/robotis_ws/install/dynamixel_sdk/share/dynamixel_sdk/package.bash'
[4.659s] INFO:colcon.colcon_core.shell:Creating package script '/robotis_ws/install/dynamixel_sdk/share/dynamixel_sdk/package.zsh'
[4.660s] Level 1:colcon.colcon_core.environment:create_file_with_runtime_dependencies(/robotis_ws/install/dynamixel_sdk/share/colcon-core/packages/dynamixel_sdk)
[12.368s] DEBUG:colcon.colcon_core.event_handler.log_command:Invoked command in '/robotis_ws/build/dynamixel_sdk_custom_interfaces' returned '0': CMAKE_PREFIX_PATH=/opt/ros/humble /usr/bin/cmake --build /robotis_ws/build/dynamixel_sdk_custom_interfaces -- -j4 -l4
[12.371s] DEBUG:colcon.colcon_core.event_handler.log_command:Invoking command in '/robotis_ws/build/dynamixel_sdk_custom_interfaces': CMAKE_PREFIX_PATH=/opt/ros/humble /usr/bin/cmake --install /robotis_ws/build/dynamixel_sdk_custom_interfaces
[12.519s] Level 1:colcon.colcon_core.environment:create_environment_scripts_only(dynamixel_sdk_custom_interfaces)
[12.520s] Level 1:colcon.colcon_core.environment:checking '/robotis_ws/install/dynamixel_sdk_custom_interfaces' for CMake module files
[12.520s] DEBUG:colcon.colcon_core.event_handler.log_command:Invoked command in '/robotis_ws/build/dynamixel_sdk_custom_interfaces' returned '0': CMAKE_PREFIX_PATH=/opt/ros/humble /usr/bin/cmake --install /robotis_ws/build/dynamixel_sdk_custom_interfaces
[12.521s] Level 1:colcon.colcon_core.environment:checking '/robotis_ws/install/dynamixel_sdk_custom_interfaces' for CMake config files
[12.522s] Level 1:colcon.colcon_core.shell:create_environment_hook('dynamixel_sdk_custom_interfaces', 'cmake_prefix_path')
[12.522s] INFO:colcon.colcon_core.shell:Creating environment hook '/robotis_ws/install/dynamixel_sdk_custom_interfaces/share/dynamixel_sdk_custom_interfaces/hook/cmake_prefix_path.ps1'
[12.523s] INFO:colcon.colcon_core.shell:Creating environment descriptor '/robotis_ws/install/dynamixel_sdk_custom_interfaces/share/dynamixel_sdk_custom_interfaces/hook/cmake_prefix_path.dsv'
[12.523s] INFO:colcon.colcon_core.shell:Creating environment hook '/robotis_ws/install/dynamixel_sdk_custom_interfaces/share/dynamixel_sdk_custom_interfaces/hook/cmake_prefix_path.sh'
[12.524s] Level 1:colcon.colcon_core.environment:checking '/robotis_ws/install/dynamixel_sdk_custom_interfaces/lib'
[12.524s] Level 1:colcon.colcon_core.shell:create_environment_hook('dynamixel_sdk_custom_interfaces', 'ld_library_path_lib')
[12.525s] INFO:colcon.colcon_core.shell:Creating environment hook '/robotis_ws/install/dynamixel_sdk_custom_interfaces/share/dynamixel_sdk_custom_interfaces/hook/ld_library_path_lib.ps1'
[12.525s] INFO:colcon.colcon_core.shell:Creating environment descriptor '/robotis_ws/install/dynamixel_sdk_custom_interfaces/share/dynamixel_sdk_custom_interfaces/hook/ld_library_path_lib.dsv'
[12.526s] INFO:colcon.colcon_core.shell:Creating environment hook '/robotis_ws/install/dynamixel_sdk_custom_interfaces/share/dynamixel_sdk_custom_interfaces/hook/ld_library_path_lib.sh'
[12.526s] Level 1:colcon.colcon_core.environment:checking '/robotis_ws/install/dynamixel_sdk_custom_interfaces/bin'
[12.526s] Level 1:colcon.colcon_core.environment:checking '/robotis_ws/install/dynamixel_sdk_custom_interfaces/lib/pkgconfig/dynamixel_sdk_custom_interfaces.pc'
[12.527s] Level 1:colcon.colcon_core.environment:checking '/robotis_ws/install/dynamixel_sdk_custom_interfaces/lib/python3.10/site-packages'
[12.527s] Level 1:colcon.colcon_core.environment:checking '/robotis_ws/install/dynamixel_sdk_custom_interfaces/bin'
[12.527s] INFO:colcon.colcon_core.shell:Creating package script '/robotis_ws/install/dynamixel_sdk_custom_interfaces/share/dynamixel_sdk_custom_interfaces/package.ps1'
[12.528s] INFO:colcon.colcon_core.shell:Creating package descriptor '/robotis_ws/install/dynamixel_sdk_custom_interfaces/share/dynamixel_sdk_custom_interfaces/package.dsv'
[12.529s] INFO:colcon.colcon_core.shell:Creating package script '/robotis_ws/install/dynamixel_sdk_custom_interfaces/share/dynamixel_sdk_custom_interfaces/package.sh'
[12.529s] INFO:colcon.colcon_core.shell:Creating package script '/robotis_ws/install/dynamixel_sdk_custom_interfaces/share/dynamixel_sdk_custom_interfaces/package.bash'
[12.530s] INFO:colcon.colcon_core.shell:Creating package script '/robotis_ws/install/dynamixel_sdk_custom_interfaces/share/dynamixel_sdk_custom_interfaces/package.zsh'
[12.530s] Level 1:colcon.colcon_core.environment:create_file_with_runtime_dependencies(/robotis_ws/install/dynamixel_sdk_custom_interfaces/share/colcon-core/packages/dynamixel_sdk_custom_interfaces)
[12.531s] Level 1:colcon.colcon_core.environment:create_environment_scripts_only(dynamixel_sdk_custom_interfaces)
[12.531s] Level 1:colcon.colcon_core.environment:checking '/robotis_ws/install/dynamixel_sdk_custom_interfaces' for CMake module files
[12.532s] Level 1:colcon.colcon_core.environment:checking '/robotis_ws/install/dynamixel_sdk_custom_interfaces' for CMake config files
[12.533s] Level 1:colcon.colcon_core.shell:create_environment_hook('dynamixel_sdk_custom_interfaces', 'cmake_prefix_path')
[12.533s] INFO:colcon.colcon_core.shell:Creating environment hook '/robotis_ws/install/dynamixel_sdk_custom_interfaces/share/dynamixel_sdk_custom_interfaces/hook/cmake_prefix_path.ps1'
[12.534s] INFO:colcon.colcon_core.shell:Creating environment descriptor '/robotis_ws/install/dynamixel_sdk_custom_interfaces/share/dynamixel_sdk_custom_interfaces/hook/cmake_prefix_path.dsv'
[12.534s] INFO:colcon.colcon_core.shell:Creating environment hook '/robotis_ws/install/dynamixel_sdk_custom_interfaces/share/dynamixel_sdk_custom_interfaces/hook/cmake_prefix_path.sh'
[12.535s] Level 1:colcon.colcon_core.environment:checking '/robotis_ws/install/dynamixel_sdk_custom_interfaces/lib'
[12.536s] Level 1:colcon.colcon_core.shell:create_environment_hook('dynamixel_sdk_custom_interfaces', 'ld_library_path_lib')
[12.536s] INFO:colcon.colcon_core.shell:Creating environment hook '/robotis_ws/install/dynamixel_sdk_custom_interfaces/share/dynamixel_sdk_custom_interfaces/hook/ld_library_path_lib.ps1'
[12.536s] INFO:colcon.colcon_core.shell:Creating environment descriptor '/robotis_ws/install/dynamixel_sdk_custom_interfaces/share/dynamixel_sdk_custom_interfaces/hook/ld_library_path_lib.dsv'
[12.537s] INFO:colcon.colcon_core.shell:Creating environment hook '/robotis_ws/install/dynamixel_sdk_custom_interfaces/share/dynamixel_sdk_custom_interfaces/hook/ld_library_path_lib.sh'
[12.539s] Level 1:colcon.colcon_core.environment:checking '/robotis_ws/install/dynamixel_sdk_custom_interfaces/bin'
[12.539s] Level 1:colcon.colcon_core.environment:checking '/robotis_ws/install/dynamixel_sdk_custom_interfaces/lib/pkgconfig/dynamixel_sdk_custom_interfaces.pc'
[12.539s] Level 1:colcon.colcon_core.environment:checking '/robotis_ws/install/dynamixel_sdk_custom_interfaces/lib/python3.10/site-packages'
[12.539s] Level 1:colcon.colcon_core.environment:checking '/robotis_ws/install/dynamixel_sdk_custom_interfaces/bin'
[12.540s] INFO:colcon.colcon_core.shell:Creating package script '/robotis_ws/install/dynamixel_sdk_custom_interfaces/share/dynamixel_sdk_custom_interfaces/package.ps1'
[12.541s] INFO:colcon.colcon_core.shell:Creating package descriptor '/robotis_ws/install/dynamixel_sdk_custom_interfaces/share/dynamixel_sdk_custom_interfaces/package.dsv'
[12.542s] INFO:colcon.colcon_core.shell:Creating package script '/robotis_ws/install/dynamixel_sdk_custom_interfaces/share/dynamixel_sdk_custom_interfaces/package.sh'
[12.543s] INFO:colcon.colcon_core.shell:Creating package script '/robotis_ws/install/dynamixel_sdk_custom_interfaces/share/dynamixel_sdk_custom_interfaces/package.bash'
[12.544s] INFO:colcon.colcon_core.shell:Creating package script '/robotis_ws/install/dynamixel_sdk_custom_interfaces/share/dynamixel_sdk_custom_interfaces/package.zsh'
[12.545s] Level 1:colcon.colcon_core.environment:create_file_with_runtime_dependencies(/robotis_ws/install/dynamixel_sdk_custom_interfaces/share/colcon-core/packages/dynamixel_sdk_custom_interfaces)
[12.547s] INFO:colcon.colcon_ros.task.ament_cmake.build:Building ROS package in '/robotis_ws/src/dynamixel_sdk_examples' with build type 'ament_cmake'
[12.547s] INFO:colcon.colcon_cmake.task.cmake.build:Building CMake package in '/robotis_ws/src/dynamixel_sdk_examples'
[12.547s] INFO:colcon.colcon_core.shell:Skip shell extension 'powershell' for command environment: Not usable outside of PowerShell
[12.548s] DEBUG:colcon.colcon_core.shell:Skip shell extension 'dsv' for command environment
[12.591s] DEBUG:colcon.colcon_core.event_handler.log_command:Invoking command in '/robotis_ws/build/dynamixel_sdk_examples': AMENT_PREFIX_PATH=/robotis_ws/install/dynamixel_sdk_custom_interfaces:/robotis_ws/install/dynamixel_sdk:${AMENT_PREFIX_PATH} CMAKE_PREFIX_PATH=/robotis_ws/install/dynamixel_sdk_custom_interfaces:/robotis_ws/install/dynamixel_sdk:/opt/ros/humble LD_LIBRARY_PATH=/robotis_ws/install/dynamixel_sdk_custom_interfaces/lib:/robotis_ws/install/dynamixel_sdk/lib:${LD_LIBRARY_PATH} PYTHONPATH=/robotis_ws/install/dynamixel_sdk_custom_interfaces/local/lib/python3.10/dist-packages:${PYTHONPATH} /usr/bin/cmake /robotis_ws/src/dynamixel_sdk_examples -DCMAKE_INSTALL_PREFIX=/robotis_ws/install/dynamixel_sdk_examples
[14.552s] DEBUG:colcon.colcon_core.event_handler.log_command:Invoked command in '/robotis_ws/build/dynamixel_sdk_examples' returned '0': AMENT_PREFIX_PATH=/robotis_ws/install/dynamixel_sdk_custom_interfaces:/robotis_ws/install/dynamixel_sdk:${AMENT_PREFIX_PATH} CMAKE_PREFIX_PATH=/robotis_ws/install/dynamixel_sdk_custom_interfaces:/robotis_ws/install/dynamixel_sdk:/opt/ros/humble LD_LIBRARY_PATH=/robotis_ws/install/dynamixel_sdk_custom_interfaces/lib:/robotis_ws/install/dynamixel_sdk/lib:${LD_LIBRARY_PATH} PYTHONPATH=/robotis_ws/install/dynamixel_sdk_custom_interfaces/local/lib/python3.10/dist-packages:${PYTHONPATH} /usr/bin/cmake /robotis_ws/src/dynamixel_sdk_examples -DCMAKE_INSTALL_PREFIX=/robotis_ws/install/dynamixel_sdk_examples
[14.555s] DEBUG:colcon.colcon_core.event_handler.log_command:Invoking command in '/robotis_ws/build/dynamixel_sdk_examples': AMENT_PREFIX_PATH=/robotis_ws/install/dynamixel_sdk_custom_interfaces:/robotis_ws/install/dynamixel_sdk:${AMENT_PREFIX_PATH} CMAKE_PREFIX_PATH=/robotis_ws/install/dynamixel_sdk_custom_interfaces:/robotis_ws/install/dynamixel_sdk:/opt/ros/humble LD_LIBRARY_PATH=/robotis_ws/install/dynamixel_sdk_custom_interfaces/lib:/robotis_ws/install/dynamixel_sdk/lib:${LD_LIBRARY_PATH} PYTHONPATH=/robotis_ws/install/dynamixel_sdk_custom_interfaces/local/lib/python3.10/dist-packages:${PYTHONPATH} /usr/bin/cmake --build /robotis_ws/build/dynamixel_sdk_examples -- -j4 -l4
[24.618s] DEBUG:colcon.colcon_core.event_handler.log_command:Invoked command in '/robotis_ws/build/dynamixel_sdk_examples' returned '2': AMENT_PREFIX_PATH=/robotis_ws/install/dynamixel_sdk_custom_interfaces:/robotis_ws/install/dynamixel_sdk:${AMENT_PREFIX_PATH} CMAKE_PREFIX_PATH=/robotis_ws/install/dynamixel_sdk_custom_interfaces:/robotis_ws/install/dynamixel_sdk:/opt/ros/humble LD_LIBRARY_PATH=/robotis_ws/install/dynamixel_sdk_custom_interfaces/lib:/robotis_ws/install/dynamixel_sdk/lib:${LD_LIBRARY_PATH} PYTHONPATH=/robotis_ws/install/dynamixel_sdk_custom_interfaces/local/lib/python3.10/dist-packages:${PYTHONPATH} /usr/bin/cmake --build /robotis_ws/build/dynamixel_sdk_examples -- -j4 -l4
[24.618s] Level 1:colcon.colcon_core.environment:create_environment_scripts_only(dynamixel_sdk_examples)
[24.619s] Level 1:colcon.colcon_core.environment:checking '/robotis_ws/install/dynamixel_sdk_examples' for CMake module files
[24.619s] Level 1:colcon.colcon_core.environment:checking '/robotis_ws/install/dynamixel_sdk_examples' for CMake config files
[24.620s] Level 1:colcon.colcon_core.environment:checking '/robotis_ws/install/dynamixel_sdk_examples/bin'
[24.620s] Level 1:colcon.colcon_core.environment:checking '/robotis_ws/install/dynamixel_sdk_examples/lib/pkgconfig/dynamixel_sdk_examples.pc'
[24.620s] Level 1:colcon.colcon_core.environment:checking '/robotis_ws/install/dynamixel_sdk_examples/lib/python3.10/site-packages'
[24.620s] Level 1:colcon.colcon_core.environment:checking '/robotis_ws/install/dynamixel_sdk_examples/bin'
[24.620s] INFO:colcon.colcon_core.shell:Creating package script '/robotis_ws/install/dynamixel_sdk_examples/share/dynamixel_sdk_examples/package.ps1'
[24.621s] INFO:colcon.colcon_core.shell:Creating package descriptor '/robotis_ws/install/dynamixel_sdk_examples/share/dynamixel_sdk_examples/package.dsv'
[24.622s] INFO:colcon.colcon_core.shell:Creating package script '/robotis_ws/install/dynamixel_sdk_examples/share/dynamixel_sdk_examples/package.sh'
[24.623s] INFO:colcon.colcon_core.shell:Creating package script '/robotis_ws/install/dynamixel_sdk_examples/share/dynamixel_sdk_examples/package.bash'
[24.623s] INFO:colcon.colcon_core.shell:Creating package script '/robotis_ws/install/dynamixel_sdk_examples/share/dynamixel_sdk_examples/package.zsh'
[24.624s] Level 1:colcon.colcon_core.environment:create_file_with_runtime_dependencies(/robotis_ws/install/dynamixel_sdk_examples/share/colcon-core/packages/dynamixel_sdk_examples)
[24.634s] DEBUG:colcon.colcon_parallel_executor.executor.parallel:closing loop
[24.635s] DEBUG:colcon.colcon_parallel_executor.executor.parallel:loop closed
[24.635s] DEBUG:colcon.colcon_parallel_executor.executor.parallel:run_until_complete finished with '2'
[24.635s] DEBUG:colcon.colcon_core.event_reactor:joining thread
[24.642s] INFO:colcon.colcon_core.plugin_system:Skipping extension 'colcon_notification.desktop_notification.notify2': 'notify2' not found
[24.642s] INFO:colcon.colcon_core.plugin_system:Skipping extension 'colcon_notification.desktop_notification.notify_send': Could not find 'notify-send'
[24.643s] INFO:colcon.colcon_core.plugin_system:Skipping extension 'colcon_notification.desktop_notification.terminal_notifier': Not used on non-Darwin systems
[24.643s] INFO:colcon.colcon_core.plugin_system:Skipping extension 'colcon_notification.desktop_notification.win32': Not used on non-Windows systems
[24.643s] DEBUG:colcon.colcon_core.event_reactor:joined thread
[24.644s] INFO:colcon.colcon_core.shell:Creating prefix script '/robotis_ws/install/local_setup.ps1'
[24.646s] INFO:colcon.colcon_core.shell:Creating prefix util module '/robotis_ws/install/_local_setup_util_ps1.py'
[24.651s] INFO:colcon.colcon_core.shell:Creating prefix chain script '/robotis_ws/install/setup.ps1'
[24.657s] INFO:colcon.colcon_core.shell:Creating prefix script '/robotis_ws/install/local_setup.sh'
[24.659s] INFO:colcon.colcon_core.shell:Creating prefix util module '/robotis_ws/install/_local_setup_util_sh.py'
[24.660s] INFO:colcon.colcon_core.shell:Creating prefix chain script '/robotis_ws/install/setup.sh'
[24.666s] INFO:colcon.colcon_core.shell:Creating prefix script '/robotis_ws/install/local_setup.bash'
[24.668s] INFO:colcon.colcon_core.shell:Creating prefix chain script '/robotis_ws/install/setup.bash'
[24.670s] INFO:colcon.colcon_core.shell:Creating prefix script '/robotis_ws/install/local_setup.zsh'
[24.671s] INFO:colcon.colcon_core.shell:Creating prefix chain script '/robotis_ws/install/setup.zsh'
