[0.060s] Invoking command in '/reconfigurable_quadruped/robotis_ws/build/dynamixel_sdk': CMAKE_PREFIX_PATH=${CMAKE_PREFIX_PATH}:/opt/ros/humble /usr/bin/cmake /reconfigurable_quadruped/robotis_ws/src/DynamixelSDK/dynamixel_sdk -DCMAKE_INSTALL_PREFIX=/reconfigurable_quadruped/robotis_ws/install/dynamixel_sdk
[0.256s] -- The C compiler identification is GNU 11.4.0
[0.411s] -- The CXX compiler identification is GNU 11.4.0
[0.427s] -- Detecting C compiler ABI info
[0.588s] -- Detecting C compiler ABI info - done
[0.599s] -- Check for working C compiler: /usr/bin/cc - skipped
[0.599s] -- Detecting C compile features
[0.601s] -- Detecting C compile features - done
[0.611s] -- Detecting CXX compiler ABI info
[0.799s] -- Detecting CXX compiler ABI info - done
[0.817s] -- Check for working CXX compiler: /usr/bin/c++ - skipped
[0.819s] -- Detecting CXX compile features
[0.819s] -- Detecting CXX compile features - done
[0.825s] -- Found ament_cmake: 1.3.11 (/opt/ros/humble/share/ament_cmake/cmake)
[1.108s] -- Found Python3: /usr/bin/python3 (found version "3.10.12") found components: Interpreter 
[1.454s] -- Configuring done
[1.462s] -- Generating done
[1.466s] -- Build files have been written to: /reconfigurable_quadruped/robotis_ws/build/dynamixel_sdk
[1.474s] Invoked command in '/reconfigurable_quadruped/robotis_ws/build/dynamixel_sdk' returned '0': CMAKE_PREFIX_PATH=${CMAKE_PREFIX_PATH}:/opt/ros/humble /usr/bin/cmake /reconfigurable_quadruped/robotis_ws/src/DynamixelSDK/dynamixel_sdk -DCMAKE_INSTALL_PREFIX=/reconfigurable_quadruped/robotis_ws/install/dynamixel_sdk
[1.478s] Invoking command in '/reconfigurable_quadruped/robotis_ws/build/dynamixel_sdk': CMAKE_PREFIX_PATH=${CMAKE_PREFIX_PATH}:/opt/ros/humble /usr/bin/cmake --build /reconfigurable_quadruped/robotis_ws/build/dynamixel_sdk -- -j4 -l4
[1.592s] [ 10%] [32mBuilding CXX object CMakeFiles/dynamixel_sdk.dir/src/dynamixel_sdk/packet_handler.cpp.o[0m
[1.592s] [ 20%] [32mBuilding CXX object CMakeFiles/dynamixel_sdk.dir/src/dynamixel_sdk/protocol2_packet_handler.cpp.o[0m
[1.614s] [ 30%] [32mBuilding CXX object CMakeFiles/dynamixel_sdk.dir/src/dynamixel_sdk/protocol1_packet_handler.cpp.o[0m
[1.615s] [ 40%] [32mBuilding CXX object CMakeFiles/dynamixel_sdk.dir/src/dynamixel_sdk/group_sync_read.cpp.o[0m
[1.986s] [ 50%] [32mBuilding CXX object CMakeFiles/dynamixel_sdk.dir/src/dynamixel_sdk/group_sync_write.cpp.o[0m
[2.106s] [ 60%] [32mBuilding CXX object CMakeFiles/dynamixel_sdk.dir/src/dynamixel_sdk/group_bulk_read.cpp.o[0m
[2.165s] [ 70%] [32mBuilding CXX object CMakeFiles/dynamixel_sdk.dir/src/dynamixel_sdk/group_bulk_write.cpp.o[0m
[3.149s] [ 80%] [32mBuilding CXX object CMakeFiles/dynamixel_sdk.dir/src/dynamixel_sdk/port_handler.cpp.o[0m
[3.305s] [ 90%] [32mBuilding CXX object CMakeFiles/dynamixel_sdk.dir/src/dynamixel_sdk/port_handler_linux.cpp.o[0m
[3.764s] [100%] [32m[1mLinking CXX shared library libdynamixel_sdk.so[0m
[3.995s] [100%] Built target dynamixel_sdk
[4.019s] Invoked command in '/reconfigurable_quadruped/robotis_ws/build/dynamixel_sdk' returned '0': CMAKE_PREFIX_PATH=${CMAKE_PREFIX_PATH}:/opt/ros/humble /usr/bin/cmake --build /reconfigurable_quadruped/robotis_ws/build/dynamixel_sdk -- -j4 -l4
[4.051s] Invoking command in '/reconfigurable_quadruped/robotis_ws/build/dynamixel_sdk': CMAKE_PREFIX_PATH=${CMAKE_PREFIX_PATH}:/opt/ros/humble /usr/bin/cmake --install /reconfigurable_quadruped/robotis_ws/build/dynamixel_sdk
[4.066s] -- Install configuration: ""
[4.066s] -- Installing: /reconfigurable_quadruped/robotis_ws/install/dynamixel_sdk/include/
[4.066s] -- Installing: /reconfigurable_quadruped/robotis_ws/install/dynamixel_sdk/include//dynamixel_sdk
[4.066s] -- Installing: /reconfigurable_quadruped/robotis_ws/install/dynamixel_sdk/include//dynamixel_sdk/port_handler_linux.h
[4.066s] -- Installing: /reconfigurable_quadruped/robotis_ws/install/dynamixel_sdk/include//dynamixel_sdk/port_handler_mac.h
[4.066s] -- Installing: /reconfigurable_quadruped/robotis_ws/install/dynamixel_sdk/include//dynamixel_sdk/port_handler.h
[4.067s] -- Installing: /reconfigurable_quadruped/robotis_ws/install/dynamixel_sdk/include//dynamixel_sdk/port_handler_windows.h
[4.067s] -- Installing: /reconfigurable_quadruped/robotis_ws/install/dynamixel_sdk/include//dynamixel_sdk/group_bulk_write.h
[4.067s] -- Installing: /reconfigurable_quadruped/robotis_ws/install/dynamixel_sdk/include//dynamixel_sdk/protocol2_packet_handler.h
[4.067s] -- Installing: /reconfigurable_quadruped/robotis_ws/install/dynamixel_sdk/include//dynamixel_sdk/protocol1_packet_handler.h
[4.068s] -- Installing: /reconfigurable_quadruped/robotis_ws/install/dynamixel_sdk/include//dynamixel_sdk/port_handler_arduino.h
[4.068s] -- Installing: /reconfigurable_quadruped/robotis_ws/install/dynamixel_sdk/include//dynamixel_sdk/dynamixel_sdk.h
[4.068s] -- Installing: /reconfigurable_quadruped/robotis_ws/install/dynamixel_sdk/include//dynamixel_sdk/packet_handler.h
[4.068s] -- Installing: /reconfigurable_quadruped/robotis_ws/install/dynamixel_sdk/include//dynamixel_sdk/group_sync_read.h
[4.068s] -- Installing: /reconfigurable_quadruped/robotis_ws/install/dynamixel_sdk/include//dynamixel_sdk/group_bulk_read.h
[4.069s] -- Installing: /reconfigurable_quadruped/robotis_ws/install/dynamixel_sdk/include//dynamixel_sdk/group_sync_write.h
[4.069s] -- Installing: /reconfigurable_quadruped/robotis_ws/install/dynamixel_sdk/lib/libdynamixel_sdk.so
[4.070s] -- Installing: /reconfigurable_quadruped/robotis_ws/install/dynamixel_sdk/share/dynamixel_sdk/environment/library_path.sh
[4.070s] -- Installing: /reconfigurable_quadruped/robotis_ws/install/dynamixel_sdk/share/dynamixel_sdk/environment/library_path.dsv
[4.071s] -- Installing: /reconfigurable_quadruped/robotis_ws/install/dynamixel_sdk/share/ament_index/resource_index/package_run_dependencies/dynamixel_sdk
[4.071s] -- Installing: /reconfigurable_quadruped/robotis_ws/install/dynamixel_sdk/share/ament_index/resource_index/parent_prefix_path/dynamixel_sdk
[4.071s] -- Installing: /reconfigurable_quadruped/robotis_ws/install/dynamixel_sdk/share/dynamixel_sdk/environment/ament_prefix_path.sh
[4.071s] -- Installing: /reconfigurable_quadruped/robotis_ws/install/dynamixel_sdk/share/dynamixel_sdk/environment/ament_prefix_path.dsv
[4.072s] -- Installing: /reconfigurable_quadruped/robotis_ws/install/dynamixel_sdk/share/dynamixel_sdk/environment/path.sh
[4.072s] -- Installing: /reconfigurable_quadruped/robotis_ws/install/dynamixel_sdk/share/dynamixel_sdk/environment/path.dsv
[4.072s] -- Installing: /reconfigurable_quadruped/robotis_ws/install/dynamixel_sdk/share/dynamixel_sdk/local_setup.bash
[4.072s] -- Installing: /reconfigurable_quadruped/robotis_ws/install/dynamixel_sdk/share/dynamixel_sdk/local_setup.sh
[4.073s] -- Installing: /reconfigurable_quadruped/robotis_ws/install/dynamixel_sdk/share/dynamixel_sdk/local_setup.zsh
[4.073s] -- Installing: /reconfigurable_quadruped/robotis_ws/install/dynamixel_sdk/share/dynamixel_sdk/local_setup.dsv
[4.073s] -- Installing: /reconfigurable_quadruped/robotis_ws/install/dynamixel_sdk/share/dynamixel_sdk/package.dsv
[4.073s] -- Installing: /reconfigurable_quadruped/robotis_ws/install/dynamixel_sdk/share/ament_index/resource_index/packages/dynamixel_sdk
[4.074s] -- Installing: /reconfigurable_quadruped/robotis_ws/install/dynamixel_sdk/share/dynamixel_sdk/cmake/ament_cmake_export_include_directories-extras.cmake
[4.074s] -- Installing: /reconfigurable_quadruped/robotis_ws/install/dynamixel_sdk/share/dynamixel_sdk/cmake/ament_cmake_export_libraries-extras.cmake
[4.074s] -- Installing: /reconfigurable_quadruped/robotis_ws/install/dynamixel_sdk/share/dynamixel_sdk/cmake/dynamixel_sdkConfig.cmake
[4.074s] -- Installing: /reconfigurable_quadruped/robotis_ws/install/dynamixel_sdk/share/dynamixel_sdk/cmake/dynamixel_sdkConfig-version.cmake
[4.075s] -- Installing: /reconfigurable_quadruped/robotis_ws/install/dynamixel_sdk/share/dynamixel_sdk/package.xml
[4.078s] Invoked command in '/reconfigurable_quadruped/robotis_ws/build/dynamixel_sdk' returned '0': CMAKE_PREFIX_PATH=${CMAKE_PREFIX_PATH}:/opt/ros/humble /usr/bin/cmake --install /reconfigurable_quadruped/robotis_ws/build/dynamixel_sdk
