[0.049s] Invoking command in '/home/an/reconfigurable_quadruped/ros2_ws/build/quad_interfaces': CMAKE_PREFIX_PATH=${CMAKE_PREFIX_PATH}:/opt/ros/jazzy DEBUGINFOD_URLS=https://debuginfod.ubuntu.com /usr/bin/cmake /home/an/reconfigurable_quadruped/ros2_ws/src/quad_interfaces -DCMAKE_INSTALL_PREFIX=/home/an/reconfigurable_quadruped/ros2_ws/install/quad_interfaces
[0.235s] -- The C compiler identification is GNU 13.3.0
[0.391s] -- The CXX compiler identification is GNU 13.3.0
[0.421s] -- Detecting C compiler ABI info
[0.640s] -- Detecting C compiler ABI info - done
[0.655s] -- Check for working C compiler: /usr/bin/cc - skipped
[0.655s] -- Detecting C compile features
[0.657s] -- Detecting C compile features - done
[0.671s] -- Detecting CXX compiler ABI info
[0.929s] -- Detecting CXX compiler ABI info - done
[0.943s] -- Check for working CXX compiler: /usr/bin/c++ - skipped
[0.943s] -- Detecting CXX compile features
[0.943s] -- Detecting CXX compile features - done
[0.946s] -- Found ament_cmake: 2.5.3 (/opt/ros/jazzy/share/ament_cmake/cmake)
[1.266s] -- Found Python3: /usr/bin/python3 (found version "3.12.3") found components: Interpreter 
[1.501s] -- Found ament_lint_auto: 0.17.1 (/opt/ros/jazzy/share/ament_lint_auto/cmake)
[1.754s] -- Added test 'lint_cmake' to check CMake code style
[1.754s] -- Added test 'xmllint' to check XML markup files
[1.756s] -- Configuring done (1.7s)
[1.761s] -- Generating done (0.0s)
[1.764s] -- Build files have been written to: /home/an/reconfigurable_quadruped/ros2_ws/build/quad_interfaces
[1.777s] Invoked command in '/home/an/reconfigurable_quadruped/ros2_ws/build/quad_interfaces' returned '0': CMAKE_PREFIX_PATH=${CMAKE_PREFIX_PATH}:/opt/ros/jazzy DEBUGINFOD_URLS=https://debuginfod.ubuntu.com /usr/bin/cmake /home/an/reconfigurable_quadruped/ros2_ws/src/quad_interfaces -DCMAKE_INSTALL_PREFIX=/home/an/reconfigurable_quadruped/ros2_ws/install/quad_interfaces
[1.779s] Invoking command in '/home/an/reconfigurable_quadruped/ros2_ws/build/quad_interfaces': CMAKE_PREFIX_PATH=${CMAKE_PREFIX_PATH}:/opt/ros/jazzy DEBUGINFOD_URLS=https://debuginfod.ubuntu.com /usr/bin/cmake --build /home/an/reconfigurable_quadruped/ros2_ws/build/quad_interfaces -- -j4 -l4
[1.871s] Invoked command in '/home/an/reconfigurable_quadruped/ros2_ws/build/quad_interfaces' returned '0': CMAKE_PREFIX_PATH=${CMAKE_PREFIX_PATH}:/opt/ros/jazzy DEBUGINFOD_URLS=https://debuginfod.ubuntu.com /usr/bin/cmake --build /home/an/reconfigurable_quadruped/ros2_ws/build/quad_interfaces -- -j4 -l4
[1.905s] Invoking command in '/home/an/reconfigurable_quadruped/ros2_ws/build/quad_interfaces': CMAKE_PREFIX_PATH=${CMAKE_PREFIX_PATH}:/opt/ros/jazzy DEBUGINFOD_URLS=https://debuginfod.ubuntu.com /usr/bin/cmake --install /home/an/reconfigurable_quadruped/ros2_ws/build/quad_interfaces
[1.922s] -- Install configuration: ""
[1.963s] -- Installing: /home/an/reconfigurable_quadruped/ros2_ws/install/quad_interfaces/share/ament_index/resource_index/package_run_dependencies/quad_interfaces
[1.964s] -- Installing: /home/an/reconfigurable_quadruped/ros2_ws/install/quad_interfaces/share/ament_index/resource_index/parent_prefix_path/quad_interfaces
[1.964s] -- Installing: /home/an/reconfigurable_quadruped/ros2_ws/install/quad_interfaces/share/quad_interfaces/environment/ament_prefix_path.sh
[1.965s] -- Installing: /home/an/reconfigurable_quadruped/ros2_ws/install/quad_interfaces/share/quad_interfaces/environment/ament_prefix_path.dsv
[1.965s] -- Installing: /home/an/reconfigurable_quadruped/ros2_ws/install/quad_interfaces/share/quad_interfaces/environment/path.sh
[1.966s] -- Installing: /home/an/reconfigurable_quadruped/ros2_ws/install/quad_interfaces/share/quad_interfaces/environment/path.dsv
[1.966s] -- Installing: /home/an/reconfigurable_quadruped/ros2_ws/install/quad_interfaces/share/quad_interfaces/local_setup.bash
[1.966s] -- Installing: /home/an/reconfigurable_quadruped/ros2_ws/install/quad_interfaces/share/quad_interfaces/local_setup.sh
[1.966s] -- Installing: /home/an/reconfigurable_quadruped/ros2_ws/install/quad_interfaces/share/quad_interfaces/local_setup.zsh
[1.966s] -- Installing: /home/an/reconfigurable_quadruped/ros2_ws/install/quad_interfaces/share/quad_interfaces/local_setup.dsv
[1.966s] -- Installing: /home/an/reconfigurable_quadruped/ros2_ws/install/quad_interfaces/share/quad_interfaces/package.dsv
[1.969s] -- Installing: /home/an/reconfigurable_quadruped/ros2_ws/install/quad_interfaces/share/ament_index/resource_index/packages/quad_interfaces
[1.970s] -- Installing: /home/an/reconfigurable_quadruped/ros2_ws/install/quad_interfaces/share/quad_interfaces/cmake/quad_interfacesConfig.cmake
[1.970s] -- Installing: /home/an/reconfigurable_quadruped/ros2_ws/install/quad_interfaces/share/quad_interfaces/cmake/quad_interfacesConfig-version.cmake
[1.971s] -- Installing: /home/an/reconfigurable_quadruped/ros2_ws/install/quad_interfaces/share/quad_interfaces/package.xml
[1.972s] Invoked command in '/home/an/reconfigurable_quadruped/ros2_ws/build/quad_interfaces' returned '0': CMAKE_PREFIX_PATH=${CMAKE_PREFIX_PATH}:/opt/ros/jazzy DEBUGINFOD_URLS=https://debuginfod.ubuntu.com /usr/bin/cmake --install /home/an/reconfigurable_quadruped/ros2_ws/build/quad_interfaces
