[0.049s] Invoking command in '/reconfigurable_quadruped/robotis_ws/build/dynamixel_sdk_examples': CMAKE_PREFIX_PATH=/reconfigurable_quadruped/robotis_ws/install/dynamixel_sdk_custom_interfaces:/reconfigurable_quadruped/robotis_ws/install/dynamixel_sdk:/reconfigurable_quadruped/robotis_ws/install/dynamixel_sdk_examples:/robotis_ws2/install/dynamixel_sdk_examples:/robotis_ws2/install/dynamixel_sdk_custom_interfaces:/robotis_ws2/install/dynamixel_sdk:/robotis_ws/install/dynamixel_sdk_examples:/robotis_ws/install/dynamixel_sdk_custom_interfaces:/robotis_ws/install/dynamixel_sdk:/opt/ros/humble /usr/bin/cmake /reconfigurable_quadruped/robotis_ws/src/DynamixelSDK/dynamixel_sdk_examples -DAMENT_CMAKE_SYMLINK_INSTALL=1 -DCMAKE_INSTALL_PREFIX=/reconfigurable_quadruped/robotis_ws/install/dynamixel_sdk_examples
[0.204s] -- The C compiler identification is GNU 11.4.0
[0.321s] -- The CXX compiler identification is GNU 11.4.0
[0.339s] -- Detecting C compiler ABI info
[0.493s] -- Detecting C compiler ABI info - done
[0.505s] -- Check for working C compiler: /usr/bin/cc - skipped
[0.505s] -- Detecting C compile features
[0.505s] -- Detecting C compile features - done
[0.510s] -- Detecting CXX compiler ABI info
[0.682s] -- Detecting CXX compiler ABI info - done
[0.692s] -- Check for working CXX compiler: /usr/bin/c++ - skipped
[0.693s] -- Detecting CXX compile features
[0.693s] -- Detecting CXX compile features - done
[0.698s] -- Found ament_cmake: 1.3.11 (/opt/ros/humble/share/ament_cmake/cmake)
[0.948s] -- Found Python3: /usr/bin/python3 (found version "3.10.12") found components: Interpreter 
[1.071s] -- Override CMake install command with custom implementation using symlinks instead of copying resources
[1.123s] -- Found dynamixel_sdk: 3.7.60 (/reconfigurable_quadruped/robotis_ws/install/dynamixel_sdk/share/dynamixel_sdk/cmake)
[1.125s] -- Found dynamixel_sdk_custom_interfaces: 3.7.60 (/reconfigurable_quadruped/robotis_ws/install/dynamixel_sdk_custom_interfaces/share/dynamixel_sdk_custom_interfaces/cmake)
[1.189s] -- Found rosidl_generator_c: 3.1.6 (/opt/ros/humble/share/rosidl_generator_c/cmake)
[1.199s] -- Found rosidl_adapter: 3.1.6 (/opt/ros/humble/share/rosidl_adapter/cmake)
[1.214s] -- Found rosidl_generator_cpp: 3.1.6 (/opt/ros/humble/share/rosidl_generator_cpp/cmake)
[1.240s] -- Using all available rosidl_typesupport_c: rosidl_typesupport_fastrtps_c;rosidl_typesupport_introspection_c
[1.271s] -- Using all available rosidl_typesupport_cpp: rosidl_typesupport_fastrtps_cpp;rosidl_typesupport_introspection_cpp
[1.313s] -- Found rclcpp: 16.0.11 (/opt/ros/humble/share/rclcpp/cmake)
[1.389s] -- Found rmw_implementation_cmake: 6.1.2 (/opt/ros/humble/share/rmw_implementation_cmake/cmake)
[1.394s] -- Found rmw_fastrtps_cpp: 6.2.7 (/opt/ros/humble/share/rmw_fastrtps_cpp/cmake)
[1.460s] -- Found OpenSSL: /usr/lib/aarch64-linux-gnu/libcrypto.so (found version "3.0.2")  
[1.480s] -- Found FastRTPS: /opt/ros/humble/include  
[1.514s] -- Using RMW implementation 'rmw_fastrtps_cpp' as default
[1.529s] -- Looking for pthread.h
[1.692s] -- Looking for pthread.h - found
[1.692s] -- Performing Test CMAKE_HAVE_LIBC_PTHREAD
[1.858s] -- Performing Test CMAKE_HAVE_LIBC_PTHREAD - Success
[1.860s] -- Found Threads: TRUE  
[1.955s] -- Found ament_lint_auto: 0.12.11 (/opt/ros/humble/share/ament_lint_auto/cmake)
[2.113s] -- Added test 'copyright' to check source files copyright and LICENSE
[2.114s] -- Added test 'cppcheck' to perform static code analysis on C / C++ code
[2.115s] -- Configured cppcheck include dirs: /reconfigurable_quadruped/robotis_ws/src/DynamixelSDK/dynamixel_sdk_examples/include
[2.115s] -- Configured cppcheck exclude dirs and/or files: 
[2.116s] -- Added test 'cpplint' to check C / C++ code against the Google style
[2.116s] -- Configured cpplint exclude dirs and/or files: 
[2.117s] -- Added test 'lint_cmake' to check CMake code style
[2.118s] -- Added test 'uncrustify' to check C / C++ code style
[2.119s] -- Configured uncrustify additional arguments: 
[2.119s] -- Added test 'xmllint' to check XML markup files
[2.122s] -- Configuring done
[2.150s] -- Generating done
[2.157s] -- Build files have been written to: /reconfigurable_quadruped/robotis_ws/build/dynamixel_sdk_examples
[2.175s] Invoked command in '/reconfigurable_quadruped/robotis_ws/build/dynamixel_sdk_examples' returned '0': CMAKE_PREFIX_PATH=/reconfigurable_quadruped/robotis_ws/install/dynamixel_sdk_custom_interfaces:/reconfigurable_quadruped/robotis_ws/install/dynamixel_sdk:/reconfigurable_quadruped/robotis_ws/install/dynamixel_sdk_examples:/robotis_ws2/install/dynamixel_sdk_examples:/robotis_ws2/install/dynamixel_sdk_custom_interfaces:/robotis_ws2/install/dynamixel_sdk:/robotis_ws/install/dynamixel_sdk_examples:/robotis_ws/install/dynamixel_sdk_custom_interfaces:/robotis_ws/install/dynamixel_sdk:/opt/ros/humble /usr/bin/cmake /reconfigurable_quadruped/robotis_ws/src/DynamixelSDK/dynamixel_sdk_examples -DAMENT_CMAKE_SYMLINK_INSTALL=1 -DCMAKE_INSTALL_PREFIX=/reconfigurable_quadruped/robotis_ws/install/dynamixel_sdk_examples
[2.177s] Invoking command in '/reconfigurable_quadruped/robotis_ws/build/dynamixel_sdk_examples': CMAKE_PREFIX_PATH=/reconfigurable_quadruped/robotis_ws/install/dynamixel_sdk_custom_interfaces:/reconfigurable_quadruped/robotis_ws/install/dynamixel_sdk:/reconfigurable_quadruped/robotis_ws/install/dynamixel_sdk_examples:/robotis_ws2/install/dynamixel_sdk_examples:/robotis_ws2/install/dynamixel_sdk_custom_interfaces:/robotis_ws2/install/dynamixel_sdk:/robotis_ws/install/dynamixel_sdk_examples:/robotis_ws/install/dynamixel_sdk_custom_interfaces:/robotis_ws/install/dynamixel_sdk:/opt/ros/humble /usr/bin/cmake --build /reconfigurable_quadruped/robotis_ws/build/dynamixel_sdk_examples -- -j4 -l4
[2.285s] [ 50%] [32mBuilding CXX object CMakeFiles/read_write_node.dir/src/read_write_node.cpp.o[0m
[17.570s] [100%] [32m[1mLinking CXX executable read_write_node[0m
[18.657s] [100%] Built target read_write_node
[18.678s] Invoked command in '/reconfigurable_quadruped/robotis_ws/build/dynamixel_sdk_examples' returned '0': CMAKE_PREFIX_PATH=/reconfigurable_quadruped/robotis_ws/install/dynamixel_sdk_custom_interfaces:/reconfigurable_quadruped/robotis_ws/install/dynamixel_sdk:/reconfigurable_quadruped/robotis_ws/install/dynamixel_sdk_examples:/robotis_ws2/install/dynamixel_sdk_examples:/robotis_ws2/install/dynamixel_sdk_custom_interfaces:/robotis_ws2/install/dynamixel_sdk:/robotis_ws/install/dynamixel_sdk_examples:/robotis_ws/install/dynamixel_sdk_custom_interfaces:/robotis_ws/install/dynamixel_sdk:/opt/ros/humble /usr/bin/cmake --build /reconfigurable_quadruped/robotis_ws/build/dynamixel_sdk_examples -- -j4 -l4
[18.681s] Invoking command in '/reconfigurable_quadruped/robotis_ws/build/dynamixel_sdk_examples': CMAKE_PREFIX_PATH=/reconfigurable_quadruped/robotis_ws/install/dynamixel_sdk_custom_interfaces:/reconfigurable_quadruped/robotis_ws/install/dynamixel_sdk:/reconfigurable_quadruped/robotis_ws/install/dynamixel_sdk_examples:/robotis_ws2/install/dynamixel_sdk_examples:/robotis_ws2/install/dynamixel_sdk_custom_interfaces:/robotis_ws2/install/dynamixel_sdk:/robotis_ws/install/dynamixel_sdk_examples:/robotis_ws/install/dynamixel_sdk_custom_interfaces:/robotis_ws/install/dynamixel_sdk:/opt/ros/humble /usr/bin/cmake --install /reconfigurable_quadruped/robotis_ws/build/dynamixel_sdk_examples
[18.695s] -- Install configuration: ""
[18.695s] -- Execute custom install script
[18.696s] -- Symlinking: /reconfigurable_quadruped/robotis_ws/install/dynamixel_sdk_examples/lib/dynamixel_sdk_examples/read_write_node
[18.725s] -- Symlinking: /reconfigurable_quadruped/robotis_ws/install/dynamixel_sdk_examples/share/ament_index/resource_index/package_run_dependencies/dynamixel_sdk_examples
[18.745s] -- Symlinking: /reconfigurable_quadruped/robotis_ws/install/dynamixel_sdk_examples/share/ament_index/resource_index/parent_prefix_path/dynamixel_sdk_examples
[18.764s] -- Symlinking: /reconfigurable_quadruped/robotis_ws/install/dynamixel_sdk_examples/share/dynamixel_sdk_examples/environment/ament_prefix_path.sh
[18.781s] -- Symlinking: /reconfigurable_quadruped/robotis_ws/install/dynamixel_sdk_examples/share/dynamixel_sdk_examples/environment/ament_prefix_path.dsv
[18.798s] -- Symlinking: /reconfigurable_quadruped/robotis_ws/install/dynamixel_sdk_examples/share/dynamixel_sdk_examples/environment/path.sh
[18.827s] -- Symlinking: /reconfigurable_quadruped/robotis_ws/install/dynamixel_sdk_examples/share/dynamixel_sdk_examples/environment/path.dsv
[18.846s] -- Symlinking: /reconfigurable_quadruped/robotis_ws/install/dynamixel_sdk_examples/share/dynamixel_sdk_examples/local_setup.bash
[18.863s] -- Symlinking: /reconfigurable_quadruped/robotis_ws/install/dynamixel_sdk_examples/share/dynamixel_sdk_examples/local_setup.sh
[18.880s] -- Symlinking: /reconfigurable_quadruped/robotis_ws/install/dynamixel_sdk_examples/share/dynamixel_sdk_examples/local_setup.zsh
[18.897s] -- Symlinking: /reconfigurable_quadruped/robotis_ws/install/dynamixel_sdk_examples/share/dynamixel_sdk_examples/local_setup.dsv
[18.926s] -- Symlinking: /reconfigurable_quadruped/robotis_ws/install/dynamixel_sdk_examples/share/dynamixel_sdk_examples/package.dsv
[18.945s] -- Symlinking: /reconfigurable_quadruped/robotis_ws/install/dynamixel_sdk_examples/share/ament_index/resource_index/packages/dynamixel_sdk_examples
[18.962s] -- Symlinking: /reconfigurable_quadruped/robotis_ws/install/dynamixel_sdk_examples/share/dynamixel_sdk_examples/cmake/dynamixel_sdk_examplesConfig.cmake
[18.979s] -- Symlinking: /reconfigurable_quadruped/robotis_ws/install/dynamixel_sdk_examples/share/dynamixel_sdk_examples/cmake/dynamixel_sdk_examplesConfig-version.cmake
[18.996s] -- Symlinking: /reconfigurable_quadruped/robotis_ws/install/dynamixel_sdk_examples/share/dynamixel_sdk_examples/package.xml
[19.030s] Invoked command in '/reconfigurable_quadruped/robotis_ws/build/dynamixel_sdk_examples' returned '0': CMAKE_PREFIX_PATH=/reconfigurable_quadruped/robotis_ws/install/dynamixel_sdk_custom_interfaces:/reconfigurable_quadruped/robotis_ws/install/dynamixel_sdk:/reconfigurable_quadruped/robotis_ws/install/dynamixel_sdk_examples:/robotis_ws2/install/dynamixel_sdk_examples:/robotis_ws2/install/dynamixel_sdk_custom_interfaces:/robotis_ws2/install/dynamixel_sdk:/robotis_ws/install/dynamixel_sdk_examples:/robotis_ws/install/dynamixel_sdk_custom_interfaces:/robotis_ws/install/dynamixel_sdk:/opt/ros/humble /usr/bin/cmake --install /reconfigurable_quadruped/robotis_ws/build/dynamixel_sdk_examples
