[0.043s] Invoking command in '/robotis_ws/build/dynamixel_sdk_examples': AMENT_PREFIX_PATH=/robotis_ws/install/dynamixel_sdk_custom_interfaces:/robotis_ws/install/dynamixel_sdk:${AMENT_PREFIX_PATH} CMAKE_PREFIX_PATH=/robotis_ws/install/dynamixel_sdk_custom_interfaces:/robotis_ws/install/dynamixel_sdk:/opt/ros/humble LD_LIBRARY_PATH=/robotis_ws/install/dynamixel_sdk_custom_interfaces/lib:/robotis_ws/install/dynamixel_sdk/lib:${LD_LIBRARY_PATH} PYTHONPATH=/robotis_ws/install/dynamixel_sdk_custom_interfaces/local/lib/python3.10/dist-packages:${PYTHONPATH} /usr/bin/cmake /robotis_ws/src/DynamixelSDK/dynamixel_sdk_examples -DAMENT_CMAKE_SYMLINK_INSTALL=1 -DCMAKE_INSTALL_PREFIX=/robotis_ws/install/dynamixel_sdk_examples
[0.205s] -- The C compiler identification is GNU 11.4.0
[0.329s] -- The CXX compiler identification is GNU 11.4.0
[0.341s] -- Detecting C compiler ABI info
[0.507s] -- Detecting C compiler ABI info - done
[0.517s] -- Check for working C compiler: /usr/bin/cc - skipped
[0.518s] -- Detecting C compile features
[0.518s] -- Detecting C compile features - done
[0.523s] -- Detecting CXX compiler ABI info
[0.698s] -- Detecting CXX compiler ABI info - done
[0.709s] -- Check for working CXX compiler: /usr/bin/c++ - skipped
[0.709s] -- Detecting CXX compile features
[0.710s] -- Detecting CXX compile features - done
[0.714s] -- Found ament_cmake: 1.3.11 (/opt/ros/humble/share/ament_cmake/cmake)
[0.957s] -- Found Python3: /usr/bin/python3 (found version "3.10.12") found components: Interpreter 
[1.089s] -- Override CMake install command with custom implementation using symlinks instead of copying resources
[1.133s] -- Found dynamixel_sdk: 3.7.60 (/robotis_ws/install/dynamixel_sdk/share/dynamixel_sdk/cmake)
[1.135s] -- Found dynamixel_sdk_custom_interfaces: 3.7.60 (/robotis_ws/install/dynamixel_sdk_custom_interfaces/share/dynamixel_sdk_custom_interfaces/cmake)
[1.197s] -- Found rosidl_generator_c: 3.1.6 (/opt/ros/humble/share/rosidl_generator_c/cmake)
[1.207s] -- Found rosidl_adapter: 3.1.6 (/opt/ros/humble/share/rosidl_adapter/cmake)
[1.220s] -- Found rosidl_generator_cpp: 3.1.6 (/opt/ros/humble/share/rosidl_generator_cpp/cmake)
[1.239s] -- Using all available rosidl_typesupport_c: rosidl_typesupport_fastrtps_c;rosidl_typesupport_introspection_c
[1.273s] -- Using all available rosidl_typesupport_cpp: rosidl_typesupport_fastrtps_cpp;rosidl_typesupport_introspection_cpp
[1.320s] -- Found rclcpp: 16.0.11 (/opt/ros/humble/share/rclcpp/cmake)
[1.397s] -- Found rmw_implementation_cmake: 6.1.2 (/opt/ros/humble/share/rmw_implementation_cmake/cmake)
[1.402s] -- Found rmw_fastrtps_cpp: 6.2.7 (/opt/ros/humble/share/rmw_fastrtps_cpp/cmake)
[1.459s] -- Found OpenSSL: /usr/lib/aarch64-linux-gnu/libcrypto.so (found version "3.0.2")  
[1.493s] -- Found FastRTPS: /opt/ros/humble/include  
[1.527s] -- Using RMW implementation 'rmw_fastrtps_cpp' as default
[1.544s] -- Looking for pthread.h
[1.708s] -- Looking for pthread.h - found
[1.708s] -- Performing Test CMAKE_HAVE_LIBC_PTHREAD
[1.866s] -- Performing Test CMAKE_HAVE_LIBC_PTHREAD - Success
[1.872s] -- Found Threads: TRUE  
[1.970s] -- Found ament_lint_auto: 0.12.11 (/opt/ros/humble/share/ament_lint_auto/cmake)
[2.134s] -- Added test 'copyright' to check source files copyright and LICENSE
[2.136s] -- Added test 'cppcheck' to perform static code analysis on C / C++ code
[2.136s] -- Configured cppcheck include dirs: /robotis_ws/src/DynamixelSDK/dynamixel_sdk_examples/include
[2.136s] -- Configured cppcheck exclude dirs and/or files: 
[2.137s] -- Added test 'cpplint' to check C / C++ code against the Google style
[2.137s] -- Configured cpplint exclude dirs and/or files: 
[2.138s] -- Added test 'lint_cmake' to check CMake code style
[2.139s] -- Added test 'uncrustify' to check C / C++ code style
[2.139s] -- Configured uncrustify additional arguments: 
[2.140s] -- Added test 'xmllint' to check XML markup files
[2.142s] -- Configuring done
[2.158s] -- Generating done
[2.168s] -- Build files have been written to: /robotis_ws/build/dynamixel_sdk_examples
[2.198s] Invoked command in '/robotis_ws/build/dynamixel_sdk_examples' returned '0': AMENT_PREFIX_PATH=/robotis_ws/install/dynamixel_sdk_custom_interfaces:/robotis_ws/install/dynamixel_sdk:${AMENT_PREFIX_PATH} CMAKE_PREFIX_PATH=/robotis_ws/install/dynamixel_sdk_custom_interfaces:/robotis_ws/install/dynamixel_sdk:/opt/ros/humble LD_LIBRARY_PATH=/robotis_ws/install/dynamixel_sdk_custom_interfaces/lib:/robotis_ws/install/dynamixel_sdk/lib:${LD_LIBRARY_PATH} PYTHONPATH=/robotis_ws/install/dynamixel_sdk_custom_interfaces/local/lib/python3.10/dist-packages:${PYTHONPATH} /usr/bin/cmake /robotis_ws/src/DynamixelSDK/dynamixel_sdk_examples -DAMENT_CMAKE_SYMLINK_INSTALL=1 -DCMAKE_INSTALL_PREFIX=/robotis_ws/install/dynamixel_sdk_examples
[2.201s] Invoking command in '/robotis_ws/build/dynamixel_sdk_examples': AMENT_PREFIX_PATH=/robotis_ws/install/dynamixel_sdk_custom_interfaces:/robotis_ws/install/dynamixel_sdk:${AMENT_PREFIX_PATH} CMAKE_PREFIX_PATH=/robotis_ws/install/dynamixel_sdk_custom_interfaces:/robotis_ws/install/dynamixel_sdk:/opt/ros/humble LD_LIBRARY_PATH=/robotis_ws/install/dynamixel_sdk_custom_interfaces/lib:/robotis_ws/install/dynamixel_sdk/lib:${LD_LIBRARY_PATH} PYTHONPATH=/robotis_ws/install/dynamixel_sdk_custom_interfaces/local/lib/python3.10/dist-packages:${PYTHONPATH} /usr/bin/cmake --build /robotis_ws/build/dynamixel_sdk_examples -- -j4 -l4
[2.309s] [ 50%] [32mBuilding CXX object CMakeFiles/read_write_node.dir/src/read_write_node.cpp.o[0m
[18.011s] [100%] [32m[1mLinking CXX executable read_write_node[0m
[19.119s] [100%] Built target read_write_node
[19.140s] Invoked command in '/robotis_ws/build/dynamixel_sdk_examples' returned '0': AMENT_PREFIX_PATH=/robotis_ws/install/dynamixel_sdk_custom_interfaces:/robotis_ws/install/dynamixel_sdk:${AMENT_PREFIX_PATH} CMAKE_PREFIX_PATH=/robotis_ws/install/dynamixel_sdk_custom_interfaces:/robotis_ws/install/dynamixel_sdk:/opt/ros/humble LD_LIBRARY_PATH=/robotis_ws/install/dynamixel_sdk_custom_interfaces/lib:/robotis_ws/install/dynamixel_sdk/lib:${LD_LIBRARY_PATH} PYTHONPATH=/robotis_ws/install/dynamixel_sdk_custom_interfaces/local/lib/python3.10/dist-packages:${PYTHONPATH} /usr/bin/cmake --build /robotis_ws/build/dynamixel_sdk_examples -- -j4 -l4
[19.142s] Invoking command in '/robotis_ws/build/dynamixel_sdk_examples': AMENT_PREFIX_PATH=/robotis_ws/install/dynamixel_sdk_custom_interfaces:/robotis_ws/install/dynamixel_sdk:${AMENT_PREFIX_PATH} CMAKE_PREFIX_PATH=/robotis_ws/install/dynamixel_sdk_custom_interfaces:/robotis_ws/install/dynamixel_sdk:/opt/ros/humble LD_LIBRARY_PATH=/robotis_ws/install/dynamixel_sdk_custom_interfaces/lib:/robotis_ws/install/dynamixel_sdk/lib:${LD_LIBRARY_PATH} PYTHONPATH=/robotis_ws/install/dynamixel_sdk_custom_interfaces/local/lib/python3.10/dist-packages:${PYTHONPATH} /usr/bin/cmake --install /robotis_ws/build/dynamixel_sdk_examples
[19.158s] -- Install configuration: ""
[19.158s] -- Execute custom install script
[19.159s] -- Symlinking: /robotis_ws/install/dynamixel_sdk_examples/lib/dynamixel_sdk_examples/read_write_node
[19.193s] -- Symlinking: /robotis_ws/install/dynamixel_sdk_examples/share/ament_index/resource_index/package_run_dependencies/dynamixel_sdk_examples
[19.211s] -- Symlinking: /robotis_ws/install/dynamixel_sdk_examples/share/ament_index/resource_index/parent_prefix_path/dynamixel_sdk_examples
[19.228s] -- Symlinking: /robotis_ws/install/dynamixel_sdk_examples/share/dynamixel_sdk_examples/environment/ament_prefix_path.sh
[19.245s] -- Symlinking: /robotis_ws/install/dynamixel_sdk_examples/share/dynamixel_sdk_examples/environment/ament_prefix_path.dsv
[19.272s] -- Symlinking: /robotis_ws/install/dynamixel_sdk_examples/share/dynamixel_sdk_examples/environment/path.sh
[19.295s] -- Symlinking: /robotis_ws/install/dynamixel_sdk_examples/share/dynamixel_sdk_examples/environment/path.dsv
[19.313s] -- Symlinking: /robotis_ws/install/dynamixel_sdk_examples/share/dynamixel_sdk_examples/local_setup.bash
[19.331s] -- Symlinking: /robotis_ws/install/dynamixel_sdk_examples/share/dynamixel_sdk_examples/local_setup.sh
[19.349s] -- Symlinking: /robotis_ws/install/dynamixel_sdk_examples/share/dynamixel_sdk_examples/local_setup.zsh
[19.379s] -- Symlinking: /robotis_ws/install/dynamixel_sdk_examples/share/dynamixel_sdk_examples/local_setup.dsv
[19.399s] -- Symlinking: /robotis_ws/install/dynamixel_sdk_examples/share/dynamixel_sdk_examples/package.dsv
[19.417s] -- Symlinking: /robotis_ws/install/dynamixel_sdk_examples/share/ament_index/resource_index/packages/dynamixel_sdk_examples
[19.434s] -- Symlinking: /robotis_ws/install/dynamixel_sdk_examples/share/dynamixel_sdk_examples/cmake/dynamixel_sdk_examplesConfig.cmake
[19.451s] -- Symlinking: /robotis_ws/install/dynamixel_sdk_examples/share/dynamixel_sdk_examples/cmake/dynamixel_sdk_examplesConfig-version.cmake
[19.482s] -- Symlinking: /robotis_ws/install/dynamixel_sdk_examples/share/dynamixel_sdk_examples/package.xml
[19.505s] Invoked command in '/robotis_ws/build/dynamixel_sdk_examples' returned '0': AMENT_PREFIX_PATH=/robotis_ws/install/dynamixel_sdk_custom_interfaces:/robotis_ws/install/dynamixel_sdk:${AMENT_PREFIX_PATH} CMAKE_PREFIX_PATH=/robotis_ws/install/dynamixel_sdk_custom_interfaces:/robotis_ws/install/dynamixel_sdk:/opt/ros/humble LD_LIBRARY_PATH=/robotis_ws/install/dynamixel_sdk_custom_interfaces/lib:/robotis_ws/install/dynamixel_sdk/lib:${LD_LIBRARY_PATH} PYTHONPATH=/robotis_ws/install/dynamixel_sdk_custom_interfaces/local/lib/python3.10/dist-packages:${PYTHONPATH} /usr/bin/cmake --install /robotis_ws/build/dynamixel_sdk_examples
