[0.055s] Invoking command in '/reconfigurable_quadruped/robotis_ws/build/dynamixel_sdk': CMAKE_PREFIX_PATH=${CMAKE_PREFIX_PATH}:/opt/ros/humble /usr/bin/cmake /reconfigurable_quadruped/robotis_ws/src/DynamixelSDK/dynamixel_sdk -DAMENT_CMAKE_SYMLINK_INSTALL=1 -DCMAKE_INSTALL_PREFIX=/reconfigurable_quadruped/robotis_ws/install/dynamixel_sdk
[0.247s] -- The C compiler identification is GNU 11.4.0
[0.393s] -- The CXX compiler identification is GNU 11.4.0
[0.410s] -- Detecting C compiler ABI info
[0.581s] -- Detecting C compiler ABI info - done
[0.593s] -- Check for working C compiler: /usr/bin/cc - skipped
[0.593s] -- Detecting C compile features
[0.593s] -- Detecting C compile features - done
[0.598s] -- Detecting CXX compiler ABI info
[0.785s] -- Detecting CXX compiler ABI info - done
[0.797s] -- Check for working CXX compiler: /usr/bin/c++ - skipped
[0.797s] -- Detecting CXX compile features
[0.798s] -- Detecting CXX compile features - done
[0.809s] -- Found ament_cmake: 1.3.11 (/opt/ros/humble/share/ament_cmake/cmake)
[1.088s] -- Found Python3: /usr/bin/python3 (found version "3.10.12") found components: Interpreter 
[1.247s] -- Override CMake install command with custom implementation using symlinks instead of copying resources
[1.447s] -- Configuring done
[1.456s] -- Generating done
[1.459s] -- Build files have been written to: /reconfigurable_quadruped/robotis_ws/build/dynamixel_sdk
[1.467s] Invoked command in '/reconfigurable_quadruped/robotis_ws/build/dynamixel_sdk' returned '0': CMAKE_PREFIX_PATH=${CMAKE_PREFIX_PATH}:/opt/ros/humble /usr/bin/cmake /reconfigurable_quadruped/robotis_ws/src/DynamixelSDK/dynamixel_sdk -DAMENT_CMAKE_SYMLINK_INSTALL=1 -DCMAKE_INSTALL_PREFIX=/reconfigurable_quadruped/robotis_ws/install/dynamixel_sdk
[1.471s] Invoking command in '/reconfigurable_quadruped/robotis_ws/build/dynamixel_sdk': CMAKE_PREFIX_PATH=${CMAKE_PREFIX_PATH}:/opt/ros/humble /usr/bin/cmake --build /reconfigurable_quadruped/robotis_ws/build/dynamixel_sdk -- -j4 -l4
[1.582s] [ 10%] [32mBuilding CXX object CMakeFiles/dynamixel_sdk.dir/src/dynamixel_sdk/protocol1_packet_handler.cpp.o[0m
[1.587s] [ 20%] [32mBuilding CXX object CMakeFiles/dynamixel_sdk.dir/src/dynamixel_sdk/packet_handler.cpp.o[0m
[1.589s] [ 30%] [32mBuilding CXX object CMakeFiles/dynamixel_sdk.dir/src/dynamixel_sdk/protocol2_packet_handler.cpp.o[0m
[1.595s] [ 40%] [32mBuilding CXX object CMakeFiles/dynamixel_sdk.dir/src/dynamixel_sdk/group_sync_read.cpp.o[0m
[1.902s] [ 50%] [32mBuilding CXX object CMakeFiles/dynamixel_sdk.dir/src/dynamixel_sdk/group_sync_write.cpp.o[0m
[2.189s] [ 60%] [32mBuilding CXX object CMakeFiles/dynamixel_sdk.dir/src/dynamixel_sdk/group_bulk_read.cpp.o[0m
[2.300s] [ 70%] [32mBuilding CXX object CMakeFiles/dynamixel_sdk.dir/src/dynamixel_sdk/group_bulk_write.cpp.o[0m
[3.100s] [ 80%] [32mBuilding CXX object CMakeFiles/dynamixel_sdk.dir/src/dynamixel_sdk/port_handler.cpp.o[0m
[3.136s] [ 90%] [32mBuilding CXX object CMakeFiles/dynamixel_sdk.dir/src/dynamixel_sdk/port_handler_linux.cpp.o[0m
[3.695s] [100%] [32m[1mLinking CXX shared library libdynamixel_sdk.so[0m
[3.920s] [100%] Built target dynamixel_sdk
[3.955s] Invoked command in '/reconfigurable_quadruped/robotis_ws/build/dynamixel_sdk' returned '0': CMAKE_PREFIX_PATH=${CMAKE_PREFIX_PATH}:/opt/ros/humble /usr/bin/cmake --build /reconfigurable_quadruped/robotis_ws/build/dynamixel_sdk -- -j4 -l4
[3.975s] Invoking command in '/reconfigurable_quadruped/robotis_ws/build/dynamixel_sdk': CMAKE_PREFIX_PATH=${CMAKE_PREFIX_PATH}:/opt/ros/humble /usr/bin/cmake --install /reconfigurable_quadruped/robotis_ws/build/dynamixel_sdk
[3.991s] -- Install configuration: ""
[3.992s] -- Execute custom install script
[3.992s] -- Symlinking: /reconfigurable_quadruped/robotis_ws/install/dynamixel_sdk/include//dynamixel_sdk/dynamixel_sdk.h
[4.010s] -- Symlinking: /reconfigurable_quadruped/robotis_ws/install/dynamixel_sdk/include//dynamixel_sdk/group_bulk_read.h
[4.027s] -- Symlinking: /reconfigurable_quadruped/robotis_ws/install/dynamixel_sdk/include//dynamixel_sdk/group_bulk_write.h
[4.056s] -- Symlinking: /reconfigurable_quadruped/robotis_ws/install/dynamixel_sdk/include//dynamixel_sdk/group_sync_read.h
[4.079s] -- Symlinking: /reconfigurable_quadruped/robotis_ws/install/dynamixel_sdk/include//dynamixel_sdk/group_sync_write.h
[4.106s] -- Symlinking: /reconfigurable_quadruped/robotis_ws/install/dynamixel_sdk/include//dynamixel_sdk/packet_handler.h
[4.128s] -- Symlinking: /reconfigurable_quadruped/robotis_ws/install/dynamixel_sdk/include//dynamixel_sdk/port_handler.h
[4.161s] -- Symlinking: /reconfigurable_quadruped/robotis_ws/install/dynamixel_sdk/include//dynamixel_sdk/port_handler_arduino.h
[4.188s] -- Symlinking: /reconfigurable_quadruped/robotis_ws/install/dynamixel_sdk/include//dynamixel_sdk/port_handler_linux.h
[4.214s] -- Symlinking: /reconfigurable_quadruped/robotis_ws/install/dynamixel_sdk/include//dynamixel_sdk/port_handler_mac.h
[4.235s] -- Symlinking: /reconfigurable_quadruped/robotis_ws/install/dynamixel_sdk/include//dynamixel_sdk/port_handler_windows.h
[4.268s] -- Symlinking: /reconfigurable_quadruped/robotis_ws/install/dynamixel_sdk/include//dynamixel_sdk/protocol1_packet_handler.h
[4.290s] -- Symlinking: /reconfigurable_quadruped/robotis_ws/install/dynamixel_sdk/include//dynamixel_sdk/protocol2_packet_handler.h
[4.315s] -- Symlinking: /reconfigurable_quadruped/robotis_ws/install/dynamixel_sdk/lib/libdynamixel_sdk.so
[4.333s] -- Symlinking: /reconfigurable_quadruped/robotis_ws/install/dynamixel_sdk/share/dynamixel_sdk/environment/library_path.sh
[4.373s] -- Symlinking: /reconfigurable_quadruped/robotis_ws/install/dynamixel_sdk/share/dynamixel_sdk/environment/library_path.dsv
[4.403s] -- Symlinking: /reconfigurable_quadruped/robotis_ws/install/dynamixel_sdk/share/ament_index/resource_index/package_run_dependencies/dynamixel_sdk
[4.426s] -- Symlinking: /reconfigurable_quadruped/robotis_ws/install/dynamixel_sdk/share/ament_index/resource_index/parent_prefix_path/dynamixel_sdk
[4.458s] -- Symlinking: /reconfigurable_quadruped/robotis_ws/install/dynamixel_sdk/share/dynamixel_sdk/environment/ament_prefix_path.sh
[4.481s] -- Symlinking: /reconfigurable_quadruped/robotis_ws/install/dynamixel_sdk/share/dynamixel_sdk/environment/ament_prefix_path.dsv
[4.504s] -- Symlinking: /reconfigurable_quadruped/robotis_ws/install/dynamixel_sdk/share/dynamixel_sdk/environment/path.sh
[4.520s] -- Symlinking: /reconfigurable_quadruped/robotis_ws/install/dynamixel_sdk/share/dynamixel_sdk/environment/path.dsv
[4.547s] -- Symlinking: /reconfigurable_quadruped/robotis_ws/install/dynamixel_sdk/share/dynamixel_sdk/local_setup.bash
[4.576s] -- Symlinking: /reconfigurable_quadruped/robotis_ws/install/dynamixel_sdk/share/dynamixel_sdk/local_setup.sh
[4.594s] -- Symlinking: /reconfigurable_quadruped/robotis_ws/install/dynamixel_sdk/share/dynamixel_sdk/local_setup.zsh
[4.614s] -- Symlinking: /reconfigurable_quadruped/robotis_ws/install/dynamixel_sdk/share/dynamixel_sdk/local_setup.dsv
[4.647s] -- Symlinking: /reconfigurable_quadruped/robotis_ws/install/dynamixel_sdk/share/dynamixel_sdk/package.dsv
[4.686s] -- Symlinking: /reconfigurable_quadruped/robotis_ws/install/dynamixel_sdk/share/ament_index/resource_index/packages/dynamixel_sdk
[4.715s] -- Symlinking: /reconfigurable_quadruped/robotis_ws/install/dynamixel_sdk/share/dynamixel_sdk/cmake/ament_cmake_export_include_directories-extras.cmake
[4.733s] -- Symlinking: /reconfigurable_quadruped/robotis_ws/install/dynamixel_sdk/share/dynamixel_sdk/cmake/ament_cmake_export_libraries-extras.cmake
[4.773s] -- Symlinking: /reconfigurable_quadruped/robotis_ws/install/dynamixel_sdk/share/dynamixel_sdk/cmake/dynamixel_sdkConfig.cmake
[4.798s] -- Symlinking: /reconfigurable_quadruped/robotis_ws/install/dynamixel_sdk/share/dynamixel_sdk/cmake/dynamixel_sdkConfig-version.cmake
[4.820s] -- Symlinking: /reconfigurable_quadruped/robotis_ws/install/dynamixel_sdk/share/dynamixel_sdk/package.xml
[4.867s] Invoked command in '/reconfigurable_quadruped/robotis_ws/build/dynamixel_sdk' returned '0': CMAKE_PREFIX_PATH=${CMAKE_PREFIX_PATH}:/opt/ros/humble /usr/bin/cmake --install /reconfigurable_quadruped/robotis_ws/build/dynamixel_sdk
